<?xml version="1.0" encoding="UTF-8"?>
<coverage generated="1761679219406" clover="3.2.0">
  <project timestamp="1761679219406" name="All files">
    <metrics statements="1972" coveredstatements="985" conditionals="1769" coveredconditionals="490" methods="761" coveredmethods="367" elements="4502" coveredelements="1842" complexity="0" loc="1972" ncloc="1972" packages="11" files="25" classes="25"/>
    <package name="src">
      <metrics statements="78" coveredstatements="67" conditionals="32" coveredconditionals="22" methods="14" coveredmethods="13"/>
      <file name="App.js" path="C:\Source\iu_quiz_community\src\App.js">
        <metrics statements="74" coveredstatements="63" conditionals="32" coveredconditionals="22" methods="14" coveredmethods="13"/>
        <line num="44" count="29" type="stmt"/>
        <line num="45" count="210" type="stmt"/>
        <line num="46" count="188" type="stmt"/>
        <line num="47" count="188" type="stmt"/>
        <line num="52" count="188" type="stmt"/>
        <line num="53" count="72" type="stmt"/>
        <line num="56" count="72" type="stmt"/>
        <line num="57" count="72" type="cond" truecount="1" falsecount="1"/>
        <line num="58" count="26" type="stmt"/>
        <line num="59" count="26" type="stmt"/>
        <line num="60" count="26" type="stmt"/>
        <line num="61" count="26" type="stmt"/>
        <line num="62" count="26" type="stmt"/>
        <line num="63" count="198" type="cond" truecount="1" falsecount="1"/>
        <line num="64" count="188" type="stmt"/>
        <line num="65" count="0" type="stmt"/>
        <line num="66" count="72" type="stmt"/>
        <line num="67" count="188" type="stmt"/>
        <line num="68" count="188" type="stmt"/>
        <line num="70" count="188" type="stmt"/>
        <line num="71" count="188" type="stmt"/>
        <line num="72" count="82" type="stmt"/>
        <line num="73" count="98" type="stmt"/>
        <line num="75" count="98" type="cond" truecount="3" falsecount="1"/>
        <line num="76" count="82" type="stmt"/>
        <line num="77" count="82" type="stmt"/>
        <line num="78" count="198" type="stmt"/>
        <line num="79" count="10" type="stmt"/>
        <line num="81" count="10" type="cond" truecount="3" falsecount="1"/>
        <line num="82" count="0" type="stmt"/>
        <line num="83" count="0" type="stmt"/>
        <line num="85" count="188" type="stmt"/>
        <line num="86" count="29" type="stmt"/>
        <line num="87" count="29" type="stmt"/>
        <line num="88" count="29" type="stmt"/>
        <line num="91" count="29" type="stmt"/>
        <line num="97" count="188" type="stmt"/>
        <line num="98" count="214" type="stmt"/>
        <line num="99" count="192" type="stmt"/>
        <line num="100" count="26" type="stmt"/>
        <line num="101" count="192" type="stmt"/>
        <line num="104" count="192" type="stmt"/>
        <line num="110" count="188" type="stmt"/>
        <line num="111" count="0" type="stmt"/>
        <line num="117" count="214" type="stmt"/>
        <line num="118" count="26" type="stmt"/>
        <line num="119" count="0" type="stmt"/>
        <line num="120" count="0" type="stmt"/>
        <line num="121" count="0" type="stmt"/>
        <line num="124" count="0" type="stmt"/>
        <line num="129" count="188" type="stmt"/>
        <line num="130" count="142" type="cond" truecount="3" falsecount="3"/>
        <line num="131" count="116" type="stmt"/>
        <line num="132" count="58" type="stmt"/>
        <line num="134" count="44" type="stmt"/>
        <line num="136" count="14" type="stmt"/>
        <line num="137" count="40" type="stmt"/>
        <line num="138" count="14" type="stmt"/>
        <line num="144" count="0" type="stmt"/>
        <line num="146" count="0" type="stmt"/>
        <line num="148" count="0" type="stmt"/>
        <line num="149" count="26" type="stmt"/>
        <line num="150" count="16" type="cond" truecount="3" falsecount="3"/>
        <line num="152" count="8" type="stmt"/>
        <line num="153" count="204" type="cond" truecount="4" falsecount="0"/>
        <line num="154" count="88" type="stmt"/>
        <line num="156" count="2" type="stmt"/>
        <line num="158" count="116" type="stmt"/>
        <line num="164" count="116" type="stmt"/>
        <line num="166" count="116" type="stmt"/>
        <line num="168" count="116" type="stmt"/>
        <line num="173" count="142" type="cond" truecount="4" falsecount="0"/>
        <line num="174" count="126" type="stmt"/>
        <line num="178" count="16" type="stmt"/>
      </file>
      <file name="index.js" path="C:\Source\iu_quiz_community\src\index.js">
        <metrics statements="4" coveredstatements="4" conditionals="0" coveredconditionals="0" methods="0" coveredmethods="0"/>
        <line num="26" count="36" type="stmt"/>
        <line num="27" count="36" type="stmt"/>
        <line num="49" count="5" type="stmt"/>
        <line num="60" count="5" type="stmt"/>
      </file>
      <file name="reportWebVitals.js" path="C:/Source/iu_quiz_community/src/reportWebVitals.js">
        <metrics statements="0" coveredstatements="0" conditionals="0" coveredconditionals="0" methods="0" coveredmethods="0"/>
      </file>
      <file name="setupTests.js" path="C:/Source/iu_quiz_community/src/setupTests.js">
        <metrics statements="0" coveredstatements="0" conditionals="0" coveredconditionals="0" methods="0" coveredmethods="0"/>
      </file>
    </package>
    <package name="src.components.admin">
      <metrics statements="528" coveredstatements="239" conditionals="660" coveredconditionals="140" methods="216" coveredmethods="91"/>
      <file name="CardManager.js" path="C:\Source\iu_quiz_community\src\components\admin\CardManager.js">
        <metrics statements="528" coveredstatements="239" conditionals="660" coveredconditionals="140" methods="216" coveredmethods="91"/>
        <line num="32" count="42" type="stmt"/>
        <line num="33" count="42" type="stmt"/>
        <line num="34" count="42" type="stmt"/>
        <line num="35" count="42" type="stmt"/>
        <line num="36" count="42" type="stmt"/>
        <line num="37" count="42" type="stmt"/>
        <line num="38" count="42" type="stmt"/>
        <line num="39" count="42" type="stmt"/>
        <line num="40" count="42" type="stmt"/>
        <line num="43" count="42" type="stmt"/>
        <line num="46" count="42" type="stmt"/>
        <line num="47" count="42" type="stmt"/>
        <line num="51" count="6" type="stmt"/>
        <line num="52" count="6" type="stmt"/>
        <line num="53" count="42" type="stmt"/>
        <line num="54" count="6" type="stmt"/>
        <line num="55" count="6" type="stmt"/>
        <line num="56" count="48" type="stmt"/>
        <line num="57" count="48" type="stmt"/>
        <line num="58" count="48" type="stmt"/>
        <line num="59" count="48" type="stmt"/>
        <line num="62" count="48" type="stmt"/>
        <line num="65" count="6" type="stmt"/>
        <line num="66" count="6" type="stmt"/>
        <line num="72" count="6" type="stmt"/>
        <line num="75" count="6" type="stmt"/>
        <line num="81" count="42" type="stmt"/>
        <line num="92" count="42" type="stmt"/>
        <line num="95" count="42" type="stmt"/>
        <line num="100" count="6" type="stmt"/>
        <line num="110" count="42" type="stmt"/>
        <line num="111" count="48" type="stmt"/>
        <line num="114" count="6" type="stmt"/>
        <line num="122" count="48" type="stmt"/>
        <line num="123" count="20" type="stmt"/>
        <line num="129" count="6" type="stmt"/>
        <line num="131" count="42" type="stmt"/>
        <line num="132" count="27" type="stmt"/>
        <line num="135" count="21" type="cond" truecount="1" falsecount="1"/>
        <line num="136" count="0" type="stmt"/>
        <line num="140" count="21" type="cond" truecount="1" falsecount="1"/>
        <line num="141" count="27" type="stmt"/>
        <line num="142" count="2" type="cond" truecount="0" falsecount="4"/>
        <line num="144" count="0" type="cond" truecount="0" falsecount="2"/>
        <line num="150" count="27" type="cond" truecount="1" falsecount="1"/>
        <line num="151" count="6" type="stmt"/>
        <line num="154" count="45" type="cond" truecount="1" falsecount="1"/>
        <line num="155" count="27" type="cond" truecount="1" falsecount="1"/>
        <line num="156" count="6" type="stmt"/>
        <line num="159" count="45" type="cond" truecount="1" falsecount="1"/>
        <line num="160" count="27" type="cond" truecount="1" falsecount="1"/>
        <line num="161" count="21" type="cond" truecount="1" falsecount="5"/>
        <line num="162" count="6" type="cond" truecount="0" falsecount="2"/>
        <line num="163" count="0" type="cond" truecount="0" falsecount="2"/>
        <line num="164" count="6" type="cond" truecount="0" falsecount="2"/>
        <line num="165" count="3" type="stmt"/>
        <line num="169" count="45" type="cond" truecount="1" falsecount="1"/>
        <line num="170" count="27" type="cond" truecount="1" falsecount="1"/>
        <line num="171" count="6" type="stmt"/>
        <line num="172" count="6" type="stmt"/>
        <line num="173" count="6" type="stmt"/>
        <line num="174" count="45" type="cond" truecount="1" falsecount="1"/>
        <line num="175" count="42" type="stmt"/>
        <line num="177" count="27" type="stmt"/>
        <line num="179" count="3" type="cond" truecount="1" falsecount="1"/>
        <line num="180" count="0" type="cond" truecount="0" falsecount="2"/>
        <line num="181" count="0" type="cond" truecount="0" falsecount="2"/>
        <line num="182" count="0" type="stmt"/>
        <line num="183" count="42" type="cond" truecount="0" falsecount="2"/>
        <line num="184" count="42" type="stmt"/>
        <line num="185" count="17" type="stmt"/>
        <line num="186" count="20" type="stmt"/>
        <line num="189" count="45" type="cond" truecount="6" falsecount="2"/>
        <line num="190" count="42" type="cond" truecount="2" falsecount="0"/>
        <line num="191" count="14" type="cond" truecount="2" falsecount="0"/>
        <line num="192" count="14" type="stmt"/>
        <line num="196" count="45" type="stmt"/>
        <line num="197" count="20" type="stmt"/>
        <line num="199" count="14" type="stmt"/>
        <line num="200" count="14" type="stmt"/>
        <line num="202" count="6" type="stmt"/>
        <line num="204" count="2" type="stmt"/>
        <line num="205" count="2" type="stmt"/>
        <line num="206" count="48" type="stmt"/>
        <line num="207" count="6" type="stmt"/>
        <line num="208" count="2" type="cond" truecount="5" falsecount="1"/>
        <line num="209" count="2" type="cond" truecount="1" falsecount="1"/>
        <line num="211" count="0" type="stmt"/>
        <line num="215" count="48" type="stmt"/>
        <line num="216" count="44" type="stmt"/>
        <line num="217" count="6" type="stmt"/>
        <line num="218" count="44" type="stmt"/>
        <line num="219" count="2" type="stmt"/>
        <line num="224" count="42" type="stmt"/>
        <line num="225" count="168" type="cond" truecount="3" falsecount="1"/>
        <line num="226" count="14454" type="cond" truecount="2" falsecount="0"/>
        <line num="227" count="0" type="stmt"/>
        <line num="228" count="0" type="stmt"/>
        <line num="232" count="42" type="stmt"/>
        <line num="233" count="0" type="stmt"/>
        <line num="234" count="48" type="stmt"/>
        <line num="235" count="42" type="stmt"/>
        <line num="236" count="0" type="cond" truecount="0" falsecount="5"/>
        <line num="237" count="6" type="stmt"/>
        <line num="241" count="0" type="cond" truecount="0" falsecount="6"/>
        <line num="242" count="0" type="cond" truecount="0" falsecount="3"/>
        <line num="243" count="48" type="stmt"/>
        <line num="244" count="24" type="cond" truecount="3" falsecount="1"/>
        <line num="245" count="2106" type="cond" truecount="2" falsecount="0"/>
        <line num="248" count="0" type="cond" truecount="0" falsecount="5"/>
        <line num="249" count="0" type="stmt"/>
        <line num="251" count="6" type="stmt"/>
        <line num="252" count="6" type="stmt"/>
        <line num="253" count="6" type="stmt"/>
        <line num="255" count="0" type="cond" truecount="0" falsecount="5"/>
        <line num="256" count="0" type="stmt"/>
        <line num="259" count="42" type="stmt"/>
        <line num="260" count="42" type="cond" truecount="0" falsecount="6"/>
        <line num="261" count="42" type="cond" truecount="0" falsecount="3"/>
        <line num="263" count="6" type="cond" truecount="0" falsecount="5"/>
        <line num="264" count="6" type="stmt"/>
        <line num="267" count="42" type="cond" truecount="0" falsecount="5"/>
        <line num="268" count="6" type="cond" truecount="0" falsecount="4"/>
        <line num="269" count="6" type="stmt"/>
        <line num="271" count="42" type="stmt"/>
        <line num="272" count="42" type="stmt"/>
        <line num="273" count="0" type="cond" truecount="0" falsecount="4"/>
        <line num="274" count="0" type="stmt"/>
        <line num="275" count="0" type="cond" truecount="0" falsecount="2"/>
        <line num="277" count="0" type="cond" truecount="0" falsecount="2"/>
        <line num="278" count="6" type="stmt"/>
        <line num="279" count="0" type="stmt"/>
        <line num="281" count="6" type="stmt"/>
        <line num="282" count="42" type="cond" truecount="0" falsecount="5"/>
        <line num="283" count="42" type="stmt"/>
        <line num="285" count="6" type="cond" truecount="0" falsecount="5"/>
        <line num="286" count="6" type="stmt"/>
        <line num="287" count="42" type="cond" truecount="0" falsecount="4"/>
        <line num="288" count="42" type="stmt"/>
        <line num="289" count="6" type="stmt"/>
        <line num="290" count="6" type="stmt"/>
        <line num="292" count="0" type="cond" truecount="0" falsecount="4"/>
        <line num="293" count="0" type="stmt"/>
        <line num="294" count="0" type="cond" truecount="0" falsecount="2"/>
        <line num="296" count="42" type="cond" truecount="0" falsecount="2"/>
        <line num="297" count="42" type="cond" truecount="0" falsecount="2"/>
        <line num="300" count="42" type="stmt"/>
        <line num="304" count="42" type="cond" truecount="0" falsecount="5"/>
        <line num="305" count="42" type="stmt"/>
        <line num="306" count="6" type="stmt"/>
        <line num="308" count="42" type="stmt"/>
        <line num="309" count="42" type="stmt"/>
        <line num="312" count="0" type="cond" truecount="0" falsecount="2"/>
        <line num="313" count="0" type="stmt"/>
        <line num="315" count="6" type="stmt"/>
        <line num="316" count="42" type="cond" truecount="0" falsecount="2"/>
        <line num="317" count="6" type="stmt"/>
        <line num="319" count="0" type="stmt"/>
        <line num="325" count="42" type="stmt"/>
        <line num="326" count="6" type="stmt"/>
        <line num="327" count="6" type="stmt"/>
        <line num="328" count="42" type="stmt"/>
        <line num="329" count="6" type="stmt"/>
        <line num="331" count="0" type="cond" truecount="0" falsecount="2"/>
        <line num="332" count="0" type="stmt"/>
        <line num="335" count="42" type="stmt"/>
        <line num="336" count="42" type="cond" truecount="0" falsecount="2"/>
        <line num="339" count="0" type="stmt"/>
        <line num="345" count="42" type="stmt"/>
        <line num="346" count="42" type="stmt"/>
        <line num="348" count="42" type="stmt"/>
        <line num="351" count="0" type="cond" truecount="0" falsecount="2"/>
        <line num="352" count="0" type="stmt"/>
        <line num="354" count="6" type="stmt"/>
        <line num="355" count="42" type="cond" truecount="0" falsecount="2"/>
        <line num="356" count="6" type="stmt"/>
        <line num="358" count="0" type="stmt"/>
        <line num="364" count="0" type="stmt"/>
        <line num="367" count="6" type="stmt"/>
        <line num="368" count="6" type="stmt"/>
        <line num="370" count="0" type="cond" truecount="0" falsecount="2"/>
        <line num="371" count="0" type="stmt"/>
        <line num="375" count="0" type="stmt"/>
        <line num="376" count="42" type="stmt"/>
        <line num="377" count="0" type="cond" truecount="0" falsecount="2"/>
        <line num="378" count="0" type="stmt"/>
        <line num="379" count="0" type="stmt"/>
        <line num="380" count="0" type="stmt"/>
        <line num="386" count="0" type="stmt"/>
        <line num="387" count="42" type="stmt"/>
        <line num="388" count="0" type="stmt"/>
        <line num="389" count="0" type="cond" truecount="0" falsecount="2"/>
        <line num="390" count="0" type="stmt"/>
        <line num="391" count="0" type="stmt"/>
        <line num="392" count="0" type="stmt"/>
        <line num="395" count="6" type="stmt"/>
        <line num="396" count="0" type="cond" truecount="0" falsecount="2"/>
        <line num="397" count="0" type="stmt"/>
        <line num="398" count="0" type="stmt"/>
        <line num="399" count="0" type="stmt"/>
        <line num="402" count="42" type="stmt"/>
        <line num="403" count="0" type="stmt"/>
        <line num="406" count="6" type="stmt"/>
        <line num="407" count="0" type="cond" truecount="0" falsecount="2"/>
        <line num="408" count="42" type="cond" truecount="0" falsecount="4"/>
        <line num="409" count="0" type="cond" truecount="0" falsecount="2"/>
        <line num="410" count="0" type="cond" truecount="0" falsecount="2"/>
        <line num="411" count="42" type="stmt"/>
        <line num="412" count="0" type="stmt"/>
        <line num="414" count="0" type="stmt"/>
        <line num="418" count="42" type="stmt"/>
        <line num="419" count="0" type="cond" truecount="0" falsecount="2"/>
        <line num="421" count="48" type="stmt"/>
        <line num="422" count="42" type="stmt"/>
        <line num="427" count="0" type="cond" truecount="0" falsecount="2"/>
        <line num="428" count="0" type="cond" truecount="0" falsecount="2"/>
        <line num="431" count="0" type="stmt"/>
        <line num="437" count="6" type="stmt"/>
        <line num="438" count="42" type="cond" truecount="0" falsecount="2"/>
        <line num="440" count="6" type="stmt"/>
        <line num="441" count="0" type="stmt"/>
        <line num="442" count="0" type="stmt"/>
        <line num="446" count="0" type="stmt"/>
        <line num="447" count="0" type="stmt"/>
        <line num="448" count="48" type="stmt"/>
        <line num="449" count="6" type="stmt"/>
        <line num="450" count="0" type="stmt"/>
        <line num="453" count="0" type="stmt"/>
        <line num="459" count="42" type="stmt"/>
        <line num="460" count="0" type="cond" truecount="0" falsecount="2"/>
        <line num="461" count="0" type="stmt"/>
        <line num="462" count="0" type="stmt"/>
        <line num="466" count="0" type="stmt"/>
        <line num="467" count="48" type="stmt"/>
        <line num="468" count="42" type="cond" truecount="0" falsecount="2"/>
        <line num="469" count="0" type="stmt"/>
        <line num="472" count="42" type="stmt"/>
        <line num="473" count="0" type="stmt"/>
        <line num="474" count="0" type="stmt"/>
        <line num="475" count="0" type="stmt"/>
        <line num="476" count="0" type="stmt"/>
        <line num="477" count="0" type="stmt"/>
        <line num="478" count="6" type="stmt"/>
        <line num="479" count="0" type="cond" truecount="0" falsecount="2"/>
        <line num="480" count="0" type="stmt"/>
        <line num="481" count="0" type="stmt"/>
        <line num="483" count="48" type="stmt"/>
        <line num="484" count="6" type="cond" truecount="0" falsecount="4"/>
        <line num="485" count="42" type="stmt"/>
        <line num="486" count="0" type="stmt"/>
        <line num="487" count="0" type="cond" truecount="0" falsecount="4"/>
        <line num="488" count="42" type="stmt"/>
        <line num="490" count="6" type="stmt"/>
        <line num="492" count="0" type="stmt"/>
        <line num="493" count="42" type="stmt"/>
        <line num="494" count="0" type="stmt"/>
        <line num="495" count="0" type="stmt"/>
        <line num="496" count="0" type="stmt"/>
        <line num="499" count="42" type="stmt"/>
        <line num="500" count="0" type="cond" truecount="0" falsecount="4"/>
        <line num="502" count="6" type="stmt"/>
        <line num="503" count="42" type="cond" truecount="0" falsecount="6"/>
        <line num="505" count="42" type="stmt"/>
        <line num="506" count="6" type="cond" truecount="0" falsecount="2"/>
        <line num="509" count="0" type="stmt"/>
        <line num="515" count="42" type="stmt"/>
        <line num="516" count="0" type="stmt"/>
        <line num="517" count="0" type="stmt"/>
        <line num="518" count="6" type="cond" truecount="0" falsecount="2"/>
        <line num="519" count="0" type="cond" truecount="0" falsecount="4"/>
        <line num="520" count="6" type="stmt"/>
        <line num="521" count="6" type="stmt"/>
        <line num="522" count="42" type="cond" truecount="0" falsecount="2"/>
        <line num="525" count="0" type="stmt"/>
        <line num="529" count="42" type="stmt"/>
        <line num="530" count="0" type="stmt"/>
        <line num="531" count="0" type="stmt"/>
        <line num="532" count="0" type="stmt"/>
        <line num="534" count="6" type="stmt"/>
        <line num="535" count="0" type="stmt"/>
        <line num="536" count="0" type="stmt"/>
        <line num="537" count="0" type="cond" truecount="0" falsecount="2"/>
        <line num="538" count="42" type="stmt"/>
        <line num="539" count="42" type="stmt"/>
        <line num="540" count="42" type="stmt"/>
        <line num="548" count="48" type="stmt"/>
        <line num="549" count="42" type="stmt"/>
        <line num="550" count="42" type="stmt"/>
        <line num="551" count="42" type="stmt"/>
        <line num="552" count="0" type="stmt"/>
        <line num="557" count="6" type="stmt"/>
        <line num="558" count="6" type="stmt"/>
        <line num="561" count="6" type="stmt"/>
        <line num="570" count="42" type="stmt"/>
        <line num="571" count="42" type="stmt"/>
        <line num="580" count="42" type="stmt"/>
        <line num="590" count="174" type="cond" truecount="4" falsecount="0"/>
        <line num="595" count="6" type="cond" truecount="0" falsecount="2"/>
        <line num="607" count="6" type="stmt"/>
        <line num="608" count="6" type="stmt"/>
        <line num="609" count="24" type="cond" truecount="6" falsecount="0"/>
        <line num="610" count="24" type="cond" truecount="1" falsecount="1"/>
        <line num="611" count="24" type="cond" truecount="2" falsecount="0"/>
        <line num="612" count="24" type="cond" truecount="3" falsecount="1"/>
        <line num="614" count="168" type="cond" truecount="2" falsecount="0"/>
        <line num="626" count="168" type="cond" truecount="4" falsecount="0"/>
        <line num="627" count="168" type="stmt"/>
        <line num="628" count="168" type="cond" truecount="2" falsecount="0"/>
        <line num="629" count="168" type="stmt"/>
        <line num="630" count="168" type="cond" truecount="5" falsecount="1"/>
        <line num="631" count="168" type="stmt"/>
        <line num="643" count="24" type="stmt"/>
        <line num="644" count="24" type="cond" truecount="2" falsecount="0"/>
        <line num="645" count="24" type="cond" truecount="3" falsecount="1"/>
        <line num="655" count="24" type="stmt"/>
        <line num="656" count="24" type="cond" truecount="7" falsecount="1"/>
        <line num="658" count="24" type="stmt"/>
        <line num="662" count="24" type="stmt"/>
        <line num="663" count="168" type="cond" truecount="2" falsecount="0"/>
        <line num="664" count="168" type="stmt"/>
        <line num="674" count="42" type="stmt"/>
        <line num="675" count="0" type="cond" truecount="0" falsecount="4"/>
        <line num="677" count="0" type="stmt"/>
        <line num="681" count="0" type="stmt"/>
        <line num="685" count="42" type="stmt"/>
        <line num="686" count="0" type="stmt"/>
        <line num="704" count="6" type="stmt"/>
        <line num="705" count="0" type="stmt"/>
        <line num="708" count="0" type="cond" truecount="0" falsecount="4"/>
        <line num="710" count="0" type="stmt"/>
        <line num="714" count="0" type="cond" truecount="0" falsecount="4"/>
        <line num="727" count="0" type="cond" truecount="0" falsecount="4"/>
        <line num="729" count="0" type="stmt"/>
        <line num="733" count="0" type="stmt"/>
        <line num="751" count="0" type="stmt"/>
        <line num="754" count="0" type="stmt"/>
        <line num="770" count="0" type="stmt"/>
        <line num="773" count="0" type="stmt"/>
        <line num="782" count="0" type="stmt"/>
        <line num="794" count="0" type="stmt"/>
        <line num="798" count="0" type="stmt"/>
        <line num="801" count="0" type="stmt"/>
        <line num="812" count="0" type="stmt"/>
        <line num="813" count="0" type="stmt"/>
        <line num="817" count="0" type="stmt"/>
        <line num="828" count="0" type="stmt"/>
        <line num="831" count="0" type="stmt"/>
        <line num="847" count="0" type="stmt"/>
        <line num="848" count="0" type="stmt"/>
        <line num="867" count="0" type="cond" truecount="0" falsecount="2"/>
        <line num="868" count="0" type="stmt"/>
        <line num="869" count="0" type="cond" truecount="0" falsecount="3"/>
        <line num="872" count="0" type="cond" truecount="0" falsecount="2"/>
        <line num="886" count="0" type="cond" truecount="0" falsecount="2"/>
        <line num="887" count="0" type="stmt"/>
        <line num="888" count="0" type="cond" truecount="0" falsecount="7"/>
        <line num="891" count="0" type="cond" truecount="0" falsecount="2"/>
        <line num="899" count="0" type="cond" truecount="0" falsecount="4"/>
        <line num="908" count="0" type="cond" truecount="0" falsecount="2"/>
        <line num="909" count="0" type="cond" truecount="0" falsecount="2"/>
        <line num="917" count="0" type="stmt"/>
        <line num="918" count="0" type="cond" truecount="0" falsecount="6"/>
        <line num="919" count="0" type="cond" truecount="0" falsecount="2"/>
        <line num="925" count="0" type="cond" truecount="0" falsecount="4"/>
        <line num="926" count="0" type="stmt"/>
        <line num="927" count="0" type="cond" truecount="0" falsecount="2"/>
        <line num="928" count="0" type="cond" truecount="0" falsecount="2"/>
        <line num="933" count="0" type="stmt"/>
        <line num="936" count="0" type="stmt"/>
        <line num="937" count="0" type="cond" truecount="0" falsecount="2"/>
        <line num="938" count="0" type="cond" truecount="0" falsecount="5"/>
        <line num="944" count="0" type="cond" truecount="0" falsecount="5"/>
        <line num="945" count="0" type="stmt"/>
        <line num="948" count="0" type="stmt"/>
        <line num="949" count="0" type="stmt"/>
        <line num="952" count="0" type="stmt"/>
        <line num="960" count="0" type="stmt"/>
        <line num="961" count="0" type="stmt"/>
        <line num="967" count="0" type="stmt"/>
        <line num="968" count="0" type="stmt"/>
        <line num="971" count="0" type="stmt"/>
        <line num="972" count="0" type="cond" truecount="0" falsecount="2"/>
        <line num="973" count="0" type="cond" truecount="0" falsecount="2"/>
        <line num="974" count="0" type="cond" truecount="0" falsecount="2"/>
        <line num="975" count="0" type="cond" truecount="0" falsecount="3"/>
        <line num="976" count="0" type="stmt"/>
        <line num="977" count="0" type="stmt"/>
        <line num="978" count="0" type="stmt"/>
        <line num="979" count="0" type="stmt"/>
        <line num="980" count="0" type="stmt"/>
        <line num="981" count="0" type="stmt"/>
        <line num="990" count="0" type="stmt"/>
        <line num="991" count="0" type="cond" truecount="0" falsecount="2"/>
        <line num="992" count="0" type="cond" truecount="0" falsecount="2"/>
        <line num="993" count="0" type="cond" truecount="0" falsecount="7"/>
        <line num="994" count="0" type="stmt"/>
        <line num="995" count="0" type="cond" truecount="0" falsecount="2"/>
        <line num="996" count="0" type="stmt"/>
        <line num="997" count="0" type="stmt"/>
        <line num="1000" count="0" type="stmt"/>
        <line num="1014" count="0" type="cond" truecount="0" falsecount="4"/>
        <line num="1040" count="0" type="stmt"/>
        <line num="1041" count="0" type="stmt"/>
        <line num="1046" count="0" type="stmt"/>
        <line num="1047" count="0" type="stmt"/>
        <line num="1057" count="0" type="stmt"/>
        <line num="1058" count="0" type="cond" truecount="0" falsecount="2"/>
        <line num="1059" count="0" type="stmt"/>
        <line num="1060" count="42" type="stmt"/>
        <line num="1065" count="0" type="stmt"/>
        <line num="1066" count="0" type="stmt"/>
        <line num="1069" count="0" type="stmt"/>
        <line num="1070" count="0" type="cond" truecount="0" falsecount="2"/>
        <line num="1071" count="0" type="stmt"/>
        <line num="1076" count="0" type="stmt"/>
        <line num="1077" count="0" type="cond" truecount="0" falsecount="2"/>
        <line num="1078" count="0" type="stmt"/>
        <line num="1088" count="0" type="stmt"/>
        <line num="1089" count="0" type="cond" truecount="0" falsecount="2"/>
        <line num="1090" count="0" type="stmt"/>
        <line num="1104" count="42" type="stmt"/>
        <line num="1105" count="0" type="stmt"/>
        <line num="1117" count="6" type="stmt"/>
        <line num="1123" count="6" type="stmt"/>
        <line num="1124" count="0" type="stmt"/>
        <line num="1135" count="0" type="stmt"/>
        <line num="1136" count="0" type="stmt"/>
        <line num="1154" count="0" type="stmt"/>
        <line num="1173" count="0" type="stmt"/>
        <line num="1174" count="0" type="stmt"/>
        <line num="1177" count="0" type="stmt"/>
        <line num="1193" count="0" type="stmt"/>
        <line num="1196" count="0" type="stmt"/>
        <line num="1211" count="0" type="stmt"/>
        <line num="1212" count="0" type="stmt"/>
        <line num="1215" count="0" type="stmt"/>
        <line num="1222" count="0" type="stmt"/>
        <line num="1230" count="0" type="stmt"/>
        <line num="1241" count="0" type="stmt"/>
        <line num="1246" count="42" type="stmt"/>
        <line num="1247" count="0" type="stmt"/>
        <line num="1260" count="0" type="stmt"/>
        <line num="1265" count="6" type="stmt"/>
        <line num="1266" count="0" type="stmt"/>
        <line num="1268" count="0" type="stmt"/>
        <line num="1279" count="0" type="stmt"/>
        <line num="1287" count="0" type="stmt"/>
        <line num="1306" count="0" type="stmt"/>
        <line num="1325" count="0" type="stmt"/>
        <line num="1326" count="0" type="stmt"/>
        <line num="1329" count="0" type="stmt"/>
        <line num="1345" count="0" type="stmt"/>
        <line num="1348" count="0" type="stmt"/>
        <line num="1363" count="0" type="stmt"/>
        <line num="1364" count="0" type="stmt"/>
        <line num="1367" count="0" type="stmt"/>
        <line num="1375" count="0" type="stmt"/>
        <line num="1382" count="0" type="stmt"/>
        <line num="1383" count="0" type="stmt"/>
        <line num="1394" count="0" type="stmt"/>
        <line num="1402" count="42" type="stmt"/>
        <line num="1408" count="42" type="stmt"/>
        <line num="1409" count="0" type="stmt"/>
        <line num="1421" count="6" type="stmt"/>
        <line num="1427" count="6" type="stmt"/>
        <line num="1428" count="0" type="stmt"/>
        <line num="1438" count="0" type="stmt"/>
        <line num="1440" count="0" type="stmt"/>
        <line num="1442" count="0" type="stmt"/>
        <line num="1457" count="0" type="stmt"/>
        <line num="1461" count="0" type="stmt"/>
        <line num="1463" count="0" type="stmt"/>
        <line num="1478" count="0" type="stmt"/>
        <line num="1482" count="0" type="stmt"/>
        <line num="1486" count="0" type="stmt"/>
        <line num="1497" count="0" type="stmt"/>
        <line num="1505" count="0" type="stmt"/>
        <line num="1516" count="0" type="stmt"/>
        <line num="1524" count="0" type="stmt"/>
        <line num="1542" count="0" type="stmt"/>
        <line num="1543" count="0" type="stmt"/>
        <line num="1558" count="0" type="stmt"/>
        <line num="1561" count="0" type="stmt"/>
        <line num="1569" count="0" type="stmt"/>
        <line num="1577" count="0" type="stmt"/>
        <line num="1580" count="0" type="stmt"/>
        <line num="1588" count="0" type="stmt"/>
        <line num="1599" count="0" type="stmt"/>
        <line num="1604" count="42" type="stmt"/>
        <line num="1605" count="0" type="stmt"/>
        <line num="1618" count="0" type="stmt"/>
        <line num="1619" count="0" type="stmt"/>
        <line num="1623" count="6" type="stmt"/>
        <line num="1624" count="0" type="stmt"/>
        <line num="1637" count="0" type="stmt"/>
        <line num="1638" count="0" type="stmt"/>
        <line num="1639" count="0" type="stmt"/>
        <line num="1648" count="0" type="stmt"/>
        <line num="1657" count="0" type="stmt"/>
        <line num="1658" count="0" type="stmt"/>
        <line num="1661" count="0" type="stmt"/>
        <line num="1667" count="0" type="stmt"/>
        <line num="1669" count="0" type="stmt"/>
        <line num="1676" count="0" type="stmt"/>
        <line num="1680" count="0" type="stmt"/>
        <line num="1685" count="0" type="stmt"/>
        <line num="1688" count="0" type="stmt"/>
        <line num="1703" count="0" type="stmt"/>
        <line num="1704" count="0" type="stmt"/>
        <line num="1718" count="0" type="stmt"/>
        <line num="1722" count="0" type="stmt"/>
        <line num="1727" count="0" type="stmt"/>
        <line num="1728" count="0" type="stmt"/>
        <line num="1737" count="0" type="stmt"/>
        <line num="1746" count="0" type="stmt"/>
        <line num="1747" count="0" type="stmt"/>
        <line num="1752" count="42" type="cond" truecount="1" falsecount="4"/>
        <line num="1754" count="0" type="stmt"/>
        <line num="1756" count="0" type="stmt"/>
        <line num="1758" count="0" type="stmt"/>
        <line num="1760" count="0" type="stmt"/>
        <line num="1762" count="42" type="cond" truecount="1" falsecount="1"/>
        <line num="1771" count="6" type="cond" truecount="1" falsecount="4"/>
        <line num="1773" count="0" type="stmt"/>
        <line num="1775" count="0" type="stmt"/>
        <line num="1777" count="0" type="stmt"/>
        <line num="1779" count="0" type="stmt"/>
        <line num="1781" count="6" type="cond" truecount="1" falsecount="1"/>
      </file>
      <file name="QuestionEditor.js" path="C:/Source/iu_quiz_community/src/components/admin/QuestionEditor.js">
        <metrics statements="0" coveredstatements="0" conditionals="0" coveredconditionals="0" methods="0" coveredmethods="0"/>
      </file>
    </package>
    <package name="src.components.auth">
      <metrics statements="102" coveredstatements="92" conditionals="78" coveredconditionals="46" methods="32" coveredmethods="29"/>
      <file name="LoginForm.js" path="C:\Source\iu_quiz_community\src\components\auth\LoginForm.js">
        <metrics statements="102" coveredstatements="92" conditionals="78" coveredconditionals="46" methods="32" coveredmethods="29"/>
        <line num="15" count="5" type="stmt"/>
        <line num="28" count="36" type="stmt"/>
        <line num="61" count="5" type="stmt"/>
        <line num="73" count="156" type="cond" truecount="3" falsecount="1"/>
        <line num="74" count="36" type="stmt"/>
        <line num="76" count="192" type="stmt"/>
        <line num="79" count="192" type="stmt"/>
        <line num="85" count="1136" type="cond" truecount="3" falsecount="1"/>
        <line num="88" count="1136" type="stmt"/>
        <line num="91" count="1136" type="stmt"/>
        <line num="92" count="1135" type="cond" truecount="2" falsecount="0"/>
        <line num="101" count="36" type="stmt"/>
        <line num="103" count="29" type="stmt"/>
        <line num="104" count="29" type="cond" truecount="2" falsecount="0"/>
        <line num="113" count="0" type="stmt"/>
        <line num="127" count="2392" type="stmt"/>
        <line num="131" count="2392" type="stmt"/>
        <line num="132" count="2722" type="stmt"/>
        <line num="133" count="2722" type="stmt"/>
        <line num="136" count="330" type="stmt"/>
        <line num="137" count="330" type="stmt"/>
        <line num="138" count="2722" type="stmt"/>
        <line num="139" count="1131" type="stmt"/>
        <line num="140" count="1131" type="stmt"/>
        <line num="142" count="2233" type="stmt"/>
        <line num="143" count="330" type="stmt"/>
        <line num="144" count="1287" type="stmt"/>
        <line num="145" count="2548" type="stmt"/>
        <line num="147" count="2700" type="stmt"/>
        <line num="148" count="1461" type="cond" truecount="1" falsecount="1"/>
        <line num="149" count="330" type="stmt"/>
        <line num="153" count="156" type="cond" truecount="1" falsecount="1"/>
        <line num="154" count="0" type="stmt"/>
        <line num="159" count="2392" type="stmt"/>
        <line num="160" count="29" type="stmt"/>
        <line num="163" count="29" type="cond" truecount="1" falsecount="1"/>
        <line num="164" count="330" type="stmt"/>
        <line num="165" count="359" type="cond" truecount="1" falsecount="1"/>
        <line num="166" count="330" type="stmt"/>
        <line num="168" count="2396" type="cond" truecount="1" falsecount="1"/>
        <line num="169" count="2392" type="stmt"/>
        <line num="170" count="359" type="cond" truecount="2" falsecount="2"/>
        <line num="171" count="29" type="stmt"/>
        <line num="172" count="359" type="cond" truecount="1" falsecount="1"/>
        <line num="173" count="330" type="stmt"/>
        <line num="175" count="4" type="cond" truecount="1" falsecount="1"/>
        <line num="176" count="2392" type="stmt"/>
        <line num="177" count="33" type="cond" truecount="1" falsecount="1"/>
        <line num="178" count="0" type="stmt"/>
        <line num="181" count="4" type="stmt"/>
        <line num="182" count="4" type="stmt"/>
        <line num="183" count="2392" type="stmt"/>
        <line num="185" count="29" type="stmt"/>
        <line num="187" count="29" type="stmt"/>
        <line num="188" count="330" type="cond" truecount="2" falsecount="0"/>
        <line num="190" count="2396" type="stmt"/>
        <line num="192" count="359" type="cond" truecount="1" falsecount="1"/>
        <line num="193" count="37" type="cond" truecount="2" falsecount="0"/>
        <line num="194" count="33" type="stmt"/>
        <line num="195" count="359" type="stmt"/>
        <line num="197" count="2396" type="cond" truecount="1" falsecount="1"/>
        <line num="199" count="2396" type="stmt"/>
        <line num="200" count="2396" type="stmt"/>
        <line num="201" count="330" type="stmt"/>
        <line num="206" count="0" type="stmt"/>
        <line num="210" count="2392" type="stmt"/>
        <line num="211" count="29" type="stmt"/>
        <line num="213" count="29" type="cond" truecount="1" falsecount="1"/>
        <line num="215" count="330" type="stmt"/>
        <line num="216" count="2396" type="stmt"/>
        <line num="218" count="359" type="cond" truecount="1" falsecount="1"/>
        <line num="219" count="359" type="stmt"/>
        <line num="220" count="33" type="stmt"/>
        <line num="221" count="359" type="cond" truecount="1" falsecount="1"/>
        <line num="222" count="359" type="stmt"/>
        <line num="223" count="33" type="stmt"/>
        <line num="224" count="33" type="stmt"/>
        <line num="225" count="4" type="stmt"/>
        <line num="226" count="33" type="cond" truecount="1" falsecount="1"/>
        <line num="227" count="33" type="stmt"/>
        <line num="228" count="4" type="stmt"/>
        <line num="229" count="4" type="stmt"/>
        <line num="230" count="29" type="stmt"/>
        <line num="231" count="33" type="stmt"/>
        <line num="233" count="0" type="stmt"/>
        <line num="234" count="0" type="stmt"/>
        <line num="236" count="4" type="stmt"/>
        <line num="238" count="2392" type="cond" truecount="0" falsecount="1"/>
        <line num="239" count="0" type="stmt"/>
        <line num="240" count="0" type="stmt"/>
        <line num="243" count="330" type="cond" truecount="0" falsecount="1"/>
        <line num="244" count="2392" type="stmt"/>
        <line num="245" count="0" type="stmt"/>
        <line num="247" count="2392" type="stmt"/>
        <line num="249" count="2392" type="stmt"/>
        <line num="252" count="330" type="stmt"/>
        <line num="343" count="330" type="stmt"/>
        <line num="348" count="2392" type="stmt"/>
        <line num="354" count="330" type="cond" truecount="1" falsecount="1"/>
        <line num="358" count="330" type="stmt"/>
        <line num="359" count="2392" type="stmt"/>
        <line num="363" count="0" type="stmt"/>
      </file>
    </package>
    <package name="src.components.common">
      <metrics statements="43" coveredstatements="43" conditionals="52" coveredconditionals="32" methods="36" coveredmethods="36"/>
      <file name="Footer.js" path="C:\Source\iu_quiz_community\src\components\common\Footer.js">
        <metrics statements="25" coveredstatements="25" conditionals="32" coveredconditionals="16" methods="18" coveredmethods="18"/>
        <line num="25" count="116" type="stmt"/>
        <line num="26" count="116" type="stmt"/>
        <line num="27" count="116" type="stmt"/>
        <line num="28" count="116" type="stmt"/>
        <line num="31" count="16" type="stmt"/>
        <line num="32" count="16" type="stmt"/>
        <line num="33" count="116" type="stmt"/>
        <line num="34" count="16" type="stmt"/>
        <line num="38" count="116" type="stmt"/>
        <line num="39" count="16" type="stmt"/>
        <line num="43" count="116" type="stmt"/>
        <line num="44" count="16" type="stmt"/>
        <line num="48" count="116" type="stmt"/>
        <line num="49" count="16" type="stmt"/>
        <line num="53" count="116" type="stmt"/>
        <line num="54" count="16" type="stmt"/>
        <line num="58" count="116" type="stmt"/>
        <line num="59" count="16" type="stmt"/>
        <line num="63" count="116" type="stmt"/>
        <line num="64" count="16" type="stmt"/>
        <line num="68" count="116" type="stmt"/>
        <line num="69" count="16" type="stmt"/>
        <line num="70" count="116" type="stmt"/>
        <line num="74" count="132" type="stmt"/>
        <line num="76" count="16" type="stmt"/>
      </file>
      <file name="Header.js" path="C:\Source\iu_quiz_community\src\components\common\Header.js">
        <metrics statements="14" coveredstatements="14" conditionals="20" coveredconditionals="16" methods="14" coveredmethods="14"/>
        <line num="34" count="116" type="stmt"/>
        <line num="40" count="16" type="stmt"/>
        <line num="42" count="16" type="stmt"/>
        <line num="48" count="116" type="stmt"/>
        <line num="70" count="16" type="stmt"/>
        <line num="76" count="116" type="stmt"/>
        <line num="79" count="16" type="stmt"/>
        <line num="85" count="116" type="stmt"/>
        <line num="88" count="16" type="stmt"/>
        <line num="94" count="116" type="stmt"/>
        <line num="97" count="16" type="stmt"/>
        <line num="103" count="116" type="stmt"/>
        <line num="106" count="16" type="stmt"/>
        <line num="112" count="116" type="stmt"/>
      </file>
      <file name="Imprint.js" path="C:\Source\iu_quiz_community\src\components\common\Imprint.js">
        <metrics statements="2" coveredstatements="2" conditionals="0" coveredconditionals="0" methods="2" coveredmethods="2"/>
        <line num="23" count="116" type="stmt"/>
        <line num="24" count="16" type="stmt"/>
      </file>
      <file name="PrivacyPolicy.js" path="C:\Source\iu_quiz_community\src\components\common\PrivacyPolicy.js">
        <metrics statements="2" coveredstatements="2" conditionals="0" coveredconditionals="0" methods="2" coveredmethods="2"/>
        <line num="23" count="116" type="stmt"/>
        <line num="28" count="16" type="stmt"/>
      </file>
    </package>
    <package name="src.components.community">
      <metrics statements="42" coveredstatements="0" conditionals="8" coveredconditionals="0" methods="18" coveredmethods="0"/>
      <file name="Community.js" path="C:\Source\iu_quiz_community\src\components\community\Community.js">
        <metrics statements="42" coveredstatements="0" conditionals="8" coveredconditionals="0" methods="18" coveredmethods="0"/>
        <line num="29" count="0" type="stmt"/>
        <line num="34" count="0" type="stmt"/>
        <line num="64" count="0" type="stmt"/>
        <line num="65" count="0" type="stmt"/>
        <line num="69" count="0" type="stmt"/>
        <line num="70" count="0" type="stmt"/>
        <line num="72" count="0" type="stmt"/>
        <line num="73" count="0" type="stmt"/>
        <line num="74" count="0" type="stmt"/>
        <line num="77" count="0" type="stmt"/>
        <line num="78" count="0" type="stmt"/>
        <line num="79" count="0" type="stmt"/>
        <line num="87" count="0" type="stmt"/>
        <line num="88" count="0" type="stmt"/>
        <line num="92" count="0" type="stmt"/>
        <line num="93" count="0" type="stmt"/>
        <line num="94" count="0" type="stmt"/>
        <line num="95" count="0" type="cond" truecount="0" falsecount="2"/>
        <line num="96" count="0" type="stmt"/>
        <line num="97" count="0" type="stmt"/>
        <line num="99" count="0" type="stmt"/>
        <line num="100" count="0" type="cond" truecount="0" falsecount="2"/>
        <line num="101" count="0" type="stmt"/>
        <line num="102" count="0" type="stmt"/>
        <line num="104" count="0" type="stmt"/>
        <line num="105" count="0" type="stmt"/>
        <line num="106" count="0" type="stmt"/>
        <line num="109" count="0" type="stmt"/>
        <line num="110" count="0" type="cond" truecount="0" falsecount="2"/>
        <line num="111" count="0" type="stmt"/>
        <line num="115" count="0" type="cond" truecount="0" falsecount="2"/>
        <line num="116" count="0" type="stmt"/>
        <line num="182" count="0" type="stmt"/>
        <line num="187" count="0" type="stmt"/>
        <line num="213" count="0" type="stmt"/>
        <line num="218" count="0" type="stmt"/>
        <line num="247" count="0" type="stmt"/>
        <line num="251" count="0" type="stmt"/>
        <line num="252" count="0" type="stmt"/>
        <line num="256" count="0" type="stmt"/>
        <line num="293" count="0" type="stmt"/>
        <line num="298" count="0" type="stmt"/>
      </file>
    </package>
    <package name="src.components.home">
      <metrics statements="23" coveredstatements="22" conditionals="0" coveredconditionals="0" methods="18" coveredmethods="17"/>
      <file name="HomePage.js" path="C:\Source\iu_quiz_community\src\components\home\HomePage.js">
        <metrics statements="23" coveredstatements="22" conditionals="0" coveredconditionals="0" methods="18" coveredmethods="17"/>
        <line num="29" count="116" type="stmt"/>
        <line num="36" count="132" type="stmt"/>
        <line num="37" count="74" type="stmt"/>
        <line num="38" count="74" type="stmt"/>
        <line num="39" count="5004" type="stmt"/>
        <line num="41" count="58" type="stmt"/>
        <line num="43" count="16" type="stmt"/>
        <line num="44" count="66" type="stmt"/>
        <line num="45" count="124" type="stmt"/>
        <line num="46" count="688" type="stmt"/>
        <line num="48" count="124" type="stmt"/>
        <line num="55" count="16" type="stmt"/>
        <line num="66" count="38" type="stmt"/>
        <line num="73" count="16" type="stmt"/>
        <line num="80" count="116" type="stmt"/>
        <line num="139" count="16" type="stmt"/>
        <line num="146" count="116" type="stmt"/>
        <line num="170" count="23" type="stmt"/>
        <line num="177" count="117" type="stmt"/>
        <line num="201" count="16" type="stmt"/>
        <line num="208" count="116" type="stmt"/>
        <line num="233" count="16" type="stmt"/>
        <line num="327" count="0" type="stmt"/>
      </file>
    </package>
    <package name="src.components.quiz">
      <metrics statements="571" coveredstatements="335" conditionals="589" coveredconditionals="214" methods="181" coveredmethods="118"/>
      <file name="CooperativeLobby.js" path="C:/Source/iu_quiz_community/src/components/quiz/CooperativeLobby.js">
        <metrics statements="0" coveredstatements="0" conditionals="0" coveredconditionals="0" methods="0" coveredmethods="0"/>
      </file>
      <file name="LiveChat.js" path="C:/Source/iu_quiz_community/src/components/quiz/LiveChat.js">
        <metrics statements="0" coveredstatements="0" conditionals="0" coveredconditionals="0" methods="0" coveredmethods="0"/>
      </file>
      <file name="PointsInfo.js" path="C:/Source/iu_quiz_community/src/components/quiz/PointsInfo.js">
        <metrics statements="0" coveredstatements="0" conditionals="0" coveredconditionals="0" methods="0" coveredmethods="0"/>
      </file>
      <file name="QuizCategorySelector.js" path="C:\Source\iu_quiz_community\src\components\quiz\QuizCategorySelector.js">
        <metrics statements="73" coveredstatements="69" conditionals="68" coveredconditionals="52" methods="30" coveredmethods="30"/>
        <line num="47" count="44" type="stmt"/>
        <line num="49" count="44" type="stmt"/>
        <line num="50" count="44" type="stmt"/>
        <line num="51" count="44" type="stmt"/>
        <line num="52" count="22704" type="stmt"/>
        <line num="53" count="264" type="stmt"/>
        <line num="54" count="6" type="stmt"/>
        <line num="55" count="270" type="stmt"/>
        <line num="56" count="6" type="stmt"/>
        <line num="57" count="3140" type="stmt"/>
        <line num="58" count="36" type="stmt"/>
        <line num="61" count="44" type="stmt"/>
        <line num="62" count="50" type="cond" truecount="1" falsecount="1"/>
        <line num="63" count="0" type="stmt"/>
        <line num="64" count="0" type="cond" truecount="0" falsecount="3"/>
        <line num="66" count="6" type="stmt"/>
        <line num="67" count="6" type="cond" truecount="1" falsecount="1"/>
        <line num="68" count="0" type="stmt"/>
        <line num="69" count="44" type="cond" truecount="0" falsecount="3"/>
        <line num="70" count="44" type="cond" truecount="3" falsecount="0"/>
        <line num="71" count="22" type="stmt"/>
        <line num="72" count="14" type="stmt"/>
        <line num="73" count="14" type="stmt"/>
        <line num="74" count="6" type="stmt"/>
        <line num="75" count="6" type="cond" truecount="3" falsecount="0"/>
        <line num="76" count="2" type="stmt"/>
        <line num="77" count="46" type="stmt"/>
        <line num="78" count="46" type="cond" truecount="3" falsecount="0"/>
        <line num="79" count="22" type="stmt"/>
        <line num="80" count="14" type="stmt"/>
        <line num="81" count="14" type="stmt"/>
        <line num="82" count="6" type="stmt"/>
        <line num="83" count="6" type="cond" truecount="3" falsecount="0"/>
        <line num="84" count="2" type="stmt"/>
        <line num="85" count="46" type="stmt"/>
        <line num="86" count="46" type="cond" truecount="3" falsecount="0"/>
        <line num="87" count="22" type="stmt"/>
        <line num="88" count="14" type="stmt"/>
        <line num="89" count="14" type="stmt"/>
        <line num="90" count="6" type="stmt"/>
        <line num="91" count="6" type="cond" truecount="3" falsecount="0"/>
        <line num="92" count="2" type="stmt"/>
        <line num="93" count="44" type="stmt"/>
        <line num="94" count="24" type="cond" truecount="1" falsecount="1"/>
        <line num="95" count="28" type="stmt"/>
        <line num="98" count="6" type="stmt"/>
        <line num="99" count="3" type="cond" truecount="1" falsecount="1"/>
        <line num="100" count="3" type="stmt"/>
        <line num="107" count="44" type="stmt"/>
        <line num="108" count="44" type="cond" truecount="3" falsecount="1"/>
        <line num="109" count="14" type="stmt"/>
        <line num="110" count="16" type="stmt"/>
        <line num="111" count="14" type="stmt"/>
        <line num="112" count="6" type="stmt"/>
        <line num="113" count="6" type="cond" truecount="3" falsecount="1"/>
        <line num="114" count="50" type="stmt"/>
        <line num="115" count="50" type="stmt"/>
        <line num="116" count="2" type="stmt"/>
        <line num="117" count="0" type="stmt"/>
        <line num="119" count="50" type="cond" truecount="1" falsecount="1"/>
        <line num="120" count="50" type="stmt"/>
        <line num="123" count="44" type="stmt"/>
        <line num="124" count="50" type="cond" truecount="1" falsecount="1"/>
        <line num="125" count="50" type="stmt"/>
        <line num="128" count="6" type="stmt"/>
        <line num="149" count="6" type="stmt"/>
        <line num="154" count="44" type="stmt"/>
        <line num="164" count="270" type="stmt"/>
        <line num="168" count="28" type="stmt"/>
        <line num="169" count="80" type="stmt"/>
        <line num="173" count="267" type="stmt"/>
        <line num="193" count="270" type="stmt"/>
        <line num="198" count="80" type="stmt"/>
      </file>
      <file name="QuizMain.js" path="C:\Source\iu_quiz_community\src\components\quiz\QuizMain.js">
        <metrics statements="186" coveredstatements="153" conditionals="108" coveredconditionals="79" methods="74" coveredmethods="65"/>
        <line num="44" count="30" type="stmt"/>
        <line num="45" count="30" type="stmt"/>
        <line num="46" count="30" type="stmt"/>
        <line num="47" count="30" type="stmt"/>
        <line num="48" count="30" type="stmt"/>
        <line num="49" count="30" type="stmt"/>
        <line num="50" count="220" type="stmt"/>
        <line num="51" count="220" type="stmt"/>
        <line num="52" count="220" type="stmt"/>
        <line num="53" count="220" type="stmt"/>
        <line num="54" count="250" type="stmt"/>
        <line num="55" count="250" type="stmt"/>
        <line num="56" count="250" type="stmt"/>
        <line num="57" count="250" type="stmt"/>
        <line num="58" count="220" type="stmt"/>
        <line num="59" count="220" type="stmt"/>
        <line num="60" count="220" type="stmt"/>
        <line num="61" count="30" type="stmt"/>
        <line num="62" count="226" type="stmt"/>
        <line num="63" count="226" type="stmt"/>
        <line num="64" count="6" type="cond" truecount="3" falsecount="1"/>
        <line num="65" count="226" type="stmt"/>
        <line num="67" count="226" type="stmt"/>
        <line num="68" count="44" type="stmt"/>
        <line num="69" count="44" type="stmt"/>
        <line num="70" count="44" type="cond" truecount="3" falsecount="1"/>
        <line num="71" count="30" type="stmt"/>
        <line num="72" count="6" type="cond" truecount="3" falsecount="1"/>
        <line num="73" count="50" type="stmt"/>
        <line num="74" count="2" type="stmt"/>
        <line num="75" count="2" type="stmt"/>
        <line num="76" count="220" type="stmt"/>
        <line num="77" count="74" type="stmt"/>
        <line num="78" count="50" type="cond" truecount="3" falsecount="1"/>
        <line num="79" count="14" type="stmt"/>
        <line num="80" count="16" type="stmt"/>
        <line num="81" count="44" type="stmt"/>
        <line num="82" count="47" type="stmt"/>
        <line num="83" count="3" type="stmt"/>
        <line num="84" count="47" type="stmt"/>
        <line num="87" count="220" type="stmt"/>
        <line num="88" count="22" type="stmt"/>
        <line num="89" count="22" type="stmt"/>
        <line num="90" count="30" type="stmt"/>
        <line num="91" count="25" type="stmt"/>
        <line num="92" count="478" type="stmt"/>
        <line num="93" count="344" type="stmt"/>
        <line num="94" count="3" type="stmt"/>
        <line num="95" count="3" type="stmt"/>
        <line num="96" count="220" type="stmt"/>
        <line num="97" count="52" type="stmt"/>
        <line num="98" count="1922" type="stmt"/>
        <line num="99" count="898" type="cond" truecount="2" falsecount="0"/>
        <line num="100" count="222" type="stmt"/>
        <line num="101" count="222" type="stmt"/>
        <line num="102" count="24" type="stmt"/>
        <line num="103" count="24" type="stmt"/>
        <line num="104" count="25" type="stmt"/>
        <line num="105" count="24" type="cond" truecount="4" falsecount="0"/>
        <line num="106" count="23" type="stmt"/>
        <line num="107" count="15" type="stmt"/>
        <line num="109" count="18" type="stmt"/>
        <line num="111" count="15" type="cond" truecount="2" falsecount="0"/>
        <line num="112" count="30" type="stmt"/>
        <line num="113" count="23" type="stmt"/>
        <line num="114" count="1" type="stmt"/>
        <line num="115" count="23" type="stmt"/>
        <line num="116" count="0" type="stmt"/>
        <line num="117" count="0" type="stmt"/>
        <line num="118" count="220" type="stmt"/>
        <line num="119" count="9" type="stmt"/>
        <line num="120" count="8" type="stmt"/>
        <line num="121" count="24" type="stmt"/>
        <line num="122" count="0" type="stmt"/>
        <line num="123" count="0" type="stmt"/>
        <line num="124" count="30" type="stmt"/>
        <line num="125" count="8" type="cond" truecount="0" falsecount="2"/>
        <line num="126" count="220" type="stmt"/>
        <line num="127" count="8" type="cond" truecount="0" falsecount="4"/>
        <line num="128" count="0" type="stmt"/>
        <line num="129" count="0" type="stmt"/>
        <line num="130" count="220" type="stmt"/>
        <line num="131" count="220" type="cond" truecount="0" falsecount="2"/>
        <line num="132" count="220" type="stmt"/>
        <line num="133" count="0" type="cond" truecount="0" falsecount="4"/>
        <line num="134" count="0" type="stmt"/>
        <line num="135" count="0" type="stmt"/>
        <line num="136" count="0" type="stmt"/>
        <line num="137" count="30" type="stmt"/>
        <line num="138" count="30" type="stmt"/>
        <line num="139" count="0" type="stmt"/>
        <line num="140" count="220" type="stmt"/>
        <line num="141" count="0" type="stmt"/>
        <line num="142" count="0" type="stmt"/>
        <line num="143" count="220" type="stmt"/>
        <line num="144" count="0" type="stmt"/>
        <line num="145" count="0" type="stmt"/>
        <line num="146" count="30" type="stmt"/>
        <line num="147" count="220" type="stmt"/>
        <line num="148" count="30" type="stmt"/>
        <line num="149" count="220" type="stmt"/>
        <line num="150" count="0" type="stmt"/>
        <line num="151" count="0" type="stmt"/>
        <line num="152" count="220" type="stmt"/>
        <line num="153" count="220" type="stmt"/>
        <line num="154" count="0" type="stmt"/>
        <line num="155" count="0" type="stmt"/>
        <line num="156" count="250" type="stmt"/>
        <line num="157" count="220" type="stmt"/>
        <line num="158" count="30" type="stmt"/>
        <line num="159" count="30" type="stmt"/>
        <line num="162" count="250" type="stmt"/>
        <line num="163" count="220" type="stmt"/>
        <line num="164" count="0" type="cond" truecount="0" falsecount="2"/>
        <line num="165" count="220" type="stmt"/>
        <line num="166" count="0" type="stmt"/>
        <line num="168" count="220" type="stmt"/>
        <line num="169" count="0" type="stmt"/>
        <line num="170" count="30" type="cond" truecount="0" falsecount="2"/>
        <line num="171" count="220" type="stmt"/>
        <line num="172" count="220" type="cond" truecount="0" falsecount="2"/>
        <line num="173" count="0" type="stmt"/>
        <line num="175" count="0" type="stmt"/>
        <line num="177" count="0" type="stmt"/>
        <line num="178" count="0" type="cond" truecount="0" falsecount="2"/>
        <line num="179" count="0" type="stmt"/>
        <line num="180" count="30" type="stmt"/>
        <line num="181" count="12" type="cond" truecount="3" falsecount="0"/>
        <line num="182" count="4" type="stmt"/>
        <line num="183" count="224" type="stmt"/>
        <line num="184" count="224" type="stmt"/>
        <line num="186" count="220" type="stmt"/>
        <line num="187" count="88" type="cond" truecount="3" falsecount="0"/>
        <line num="188" count="62" type="stmt"/>
        <line num="189" count="40" type="cond" truecount="3" falsecount="0"/>
        <line num="190" count="92" type="stmt"/>
        <line num="191" count="224" type="stmt"/>
        <line num="192" count="4" type="stmt"/>
        <line num="194" count="220" type="stmt"/>
        <line num="195" count="88" type="cond" truecount="3" falsecount="0"/>
        <line num="196" count="118" type="stmt"/>
        <line num="197" count="118" type="stmt"/>
        <line num="198" count="88" type="cond" truecount="2" falsecount="0"/>
        <line num="202" count="250" type="cond" truecount="1" falsecount="1"/>
        <line num="203" count="220" type="stmt"/>
        <line num="204" count="0" type="cond" truecount="1" falsecount="1"/>
        <line num="208" count="220" type="cond" truecount="1" falsecount="1"/>
        <line num="209" count="0" type="stmt"/>
        <line num="213" count="30" type="cond" truecount="1" falsecount="1"/>
        <line num="214" count="0" type="stmt"/>
        <line num="219" count="220" type="cond" truecount="1" falsecount="1"/>
        <line num="220" count="0" type="stmt"/>
        <line num="230" count="30" type="cond" truecount="4" falsecount="0"/>
        <line num="231" count="6" type="stmt"/>
        <line num="236" count="220" type="cond" truecount="4" falsecount="0"/>
        <line num="237" count="44" type="stmt"/>
        <line num="249" count="24" type="cond" truecount="2" falsecount="0"/>
        <line num="250" count="6" type="stmt"/>
        <line num="254" count="0" type="stmt"/>
        <line num="255" count="176" type="cond" truecount="2" falsecount="0"/>
        <line num="256" count="44" type="stmt"/>
        <line num="260" count="0" type="stmt"/>
        <line num="263" count="18" type="cond" truecount="2" falsecount="0"/>
        <line num="264" count="6" type="stmt"/>
        <line num="269" count="132" type="cond" truecount="2" falsecount="0"/>
        <line num="270" count="44" type="stmt"/>
        <line num="288" count="44" type="stmt"/>
        <line num="294" count="6" type="stmt"/>
        <line num="298" count="44" type="cond" truecount="2" falsecount="0"/>
        <line num="299" count="44" type="cond" truecount="2" falsecount="0"/>
        <line num="300" count="44" type="cond" truecount="2" falsecount="0"/>
        <line num="301" count="44" type="cond" truecount="2" falsecount="0"/>
        <line num="304" count="6" type="cond" truecount="2" falsecount="0"/>
        <line num="305" count="6" type="cond" truecount="2" falsecount="0"/>
        <line num="306" count="6" type="cond" truecount="2" falsecount="0"/>
        <line num="307" count="6" type="cond" truecount="2" falsecount="0"/>
        <line num="319" count="47" type="stmt"/>
        <line num="325" count="28" type="stmt"/>
        <line num="332" count="12" type="stmt"/>
        <line num="338" count="88" type="stmt"/>
        <line num="361" count="89" type="stmt"/>
        <line num="367" count="19" type="stmt"/>
        <line num="383" count="89" type="stmt"/>
        <line num="389" count="20" type="stmt"/>
        <line num="405" count="89" type="stmt"/>
        <line num="411" count="19" type="stmt"/>
      </file>
      <file name="QuizQuestion.js" path="C:\Source\iu_quiz_community\src\components\quiz\QuizQuestion.js">
        <metrics statements="193" coveredstatements="113" conditionals="165" coveredconditionals="83" methods="43" coveredmethods="23"/>
        <line num="77" count="100" type="stmt"/>
        <line num="78" count="100" type="stmt"/>
        <line num="79" count="100" type="stmt"/>
        <line num="80" count="100" type="stmt"/>
        <line num="81" count="100" type="stmt"/>
        <line num="86" count="100" type="stmt"/>
        <line num="87" count="100" type="stmt"/>
        <line num="88" count="100" type="stmt"/>
        <line num="89" count="100" type="stmt"/>
        <line num="92" count="100" type="stmt"/>
        <line num="97" count="100" type="stmt"/>
        <line num="100" count="100" type="stmt"/>
        <line num="101" count="100" type="stmt"/>
        <line num="104" count="100" type="stmt"/>
        <line num="106" count="100" type="stmt"/>
        <line num="112" count="100" type="stmt"/>
        <line num="113" count="68" type="stmt"/>
        <line num="114" count="0" type="cond" truecount="0" falsecount="2"/>
        <line num="115" count="0" type="stmt"/>
        <line num="116" count="0" type="stmt"/>
        <line num="118" count="0" type="stmt"/>
        <line num="126" count="100" type="stmt"/>
        <line num="127" count="136" type="stmt"/>
        <line num="134" count="100" type="stmt"/>
        <line num="135" count="68" type="cond" truecount="1" falsecount="1"/>
        <line num="136" count="0" type="stmt"/>
        <line num="137" count="0" type="stmt"/>
        <line num="144" count="100" type="stmt"/>
        <line num="145" count="68" type="cond" truecount="1" falsecount="1"/>
        <line num="146" count="0" type="stmt"/>
        <line num="147" count="0" type="stmt"/>
        <line num="154" count="100" type="stmt"/>
        <line num="155" count="68" type="stmt"/>
        <line num="156" count="68" type="stmt"/>
        <line num="157" count="68" type="stmt"/>
        <line num="158" count="68" type="stmt"/>
        <line num="160" count="68" type="stmt"/>
        <line num="175" count="68" type="stmt"/>
        <line num="178" count="208" type="stmt"/>
        <line num="186" count="100" type="stmt"/>
        <line num="187" count="272" type="cond" truecount="4" falsecount="0"/>
        <line num="188" count="68" type="stmt"/>
        <line num="189" count="68" type="stmt"/>
        <line num="190" count="68" type="stmt"/>
        <line num="191" count="68" type="stmt"/>
        <line num="206" count="100" type="stmt"/>
        <line num="207" count="0" type="cond" truecount="0" falsecount="4"/>
        <line num="208" count="0" type="stmt"/>
        <line num="209" count="0" type="stmt"/>
        <line num="210" count="0" type="stmt"/>
        <line num="211" count="0" type="stmt"/>
        <line num="216" count="100" type="cond" truecount="1" falsecount="1"/>
        <line num="218" count="100" type="cond" truecount="4" falsecount="2"/>
        <line num="224" count="100" type="stmt"/>
        <line num="225" count="50" type="stmt"/>
        <line num="226" count="0" type="cond" truecount="0" falsecount="2"/>
        <line num="227" count="0" type="cond" truecount="0" falsecount="2"/>
        <line num="228" count="0" type="cond" truecount="0" falsecount="2"/>
        <line num="229" count="0" type="stmt"/>
        <line num="231" count="0" type="stmt"/>
        <line num="233" count="50" type="cond" truecount="1" falsecount="1"/>
        <line num="234" count="0" type="stmt"/>
        <line num="235" count="0" type="stmt"/>
        <line num="236" count="0" type="stmt"/>
        <line num="247" count="100" type="stmt"/>
        <line num="249" count="50" type="cond" truecount="2" falsecount="0"/>
        <line num="250" count="17" type="stmt"/>
        <line num="254" count="50" type="stmt"/>
        <line num="255" count="50" type="stmt"/>
        <line num="256" count="50" type="stmt"/>
        <line num="257" count="50" type="stmt"/>
        <line num="258" count="50" type="stmt"/>
        <line num="259" count="50" type="stmt"/>
        <line num="262" count="50" type="stmt"/>
        <line num="263" count="50" type="stmt"/>
        <line num="264" count="50" type="stmt"/>
        <line num="265" count="50" type="stmt"/>
        <line num="268" count="50" type="stmt"/>
        <line num="269" count="50" type="cond" truecount="2" falsecount="0"/>
        <line num="270" count="16" type="stmt"/>
        <line num="271" count="34" type="cond" truecount="2" falsecount="0"/>
        <line num="272" count="18" type="stmt"/>
        <line num="275" count="50" type="cond" truecount="2" falsecount="0"/>
        <line num="276" count="34" type="stmt"/>
        <line num="279" count="34" type="stmt"/>
        <line num="280" count="0" type="stmt"/>
        <line num="281" count="0" type="cond" truecount="0" falsecount="2"/>
        <line num="282" count="0" type="stmt"/>
        <line num="284" count="0" type="stmt"/>
        <line num="285" count="0" type="stmt"/>
        <line num="286" count="0" type="cond" truecount="0" falsecount="2"/>
        <line num="287" count="0" type="stmt"/>
        <line num="289" count="0" type="stmt"/>
        <line num="290" count="0" type="stmt"/>
        <line num="297" count="0" type="stmt"/>
        <line num="299" count="0" type="stmt"/>
        <line num="302" count="0" type="stmt"/>
        <line num="304" count="0" type="stmt"/>
        <line num="310" count="50" type="stmt"/>
        <line num="311" count="25" type="cond" truecount="2" falsecount="0"/>
        <line num="312" count="17" type="stmt"/>
        <line num="321" count="100" type="stmt"/>
        <line num="322" count="50" type="cond" truecount="3" falsecount="1"/>
        <line num="323" count="0" type="cond" truecount="0" falsecount="2"/>
        <line num="324" count="0" type="stmt"/>
        <line num="328" count="0" type="stmt"/>
        <line num="329" count="0" type="cond" truecount="0" falsecount="2"/>
        <line num="330" count="0" type="stmt"/>
        <line num="333" count="0" type="stmt"/>
        <line num="336" count="0" type="stmt"/>
        <line num="339" count="0" type="stmt"/>
        <line num="343" count="0" type="stmt"/>
        <line num="344" count="0" type="stmt"/>
        <line num="354" count="100" type="stmt"/>
        <line num="355" count="0" type="cond" truecount="0" falsecount="2"/>
        <line num="358" count="0" type="cond" truecount="0" falsecount="2"/>
        <line num="359" count="0" type="stmt"/>
        <line num="362" count="0" type="stmt"/>
        <line num="363" count="0" type="stmt"/>
        <line num="364" count="0" type="stmt"/>
        <line num="366" count="0" type="stmt"/>
        <line num="367" count="0" type="stmt"/>
        <line num="369" count="0" type="stmt"/>
        <line num="384" count="100" type="stmt"/>
        <line num="385" count="0" type="cond" truecount="0" falsecount="4"/>
        <line num="387" count="0" type="stmt"/>
        <line num="389" count="0" type="stmt"/>
        <line num="399" count="0" type="stmt"/>
        <line num="400" count="0" type="stmt"/>
        <line num="410" count="100" type="stmt"/>
        <line num="411" count="0" type="cond" truecount="0" falsecount="2"/>
        <line num="412" count="0" type="stmt"/>
        <line num="422" count="100" type="stmt"/>
        <line num="423" count="400" type="cond" truecount="1" falsecount="1"/>
        <line num="424" count="400" type="cond" truecount="1" falsecount="1"/>
        <line num="425" count="0" type="stmt"/>
        <line num="427" count="400" type="stmt"/>
        <line num="430" count="0" type="cond" truecount="0" falsecount="2"/>
        <line num="431" count="0" type="stmt"/>
        <line num="434" count="0" type="cond" truecount="0" falsecount="4"/>
        <line num="435" count="0" type="stmt"/>
        <line num="438" count="0" type="stmt"/>
        <line num="446" count="100" type="stmt"/>
        <line num="447" count="300" type="stmt"/>
        <line num="455" count="100" type="stmt"/>
        <line num="456" count="304" type="cond" truecount="3" falsecount="0"/>
        <line num="458" count="144" type="stmt"/>
        <line num="460" count="96" type="stmt"/>
        <line num="462" count="64" type="stmt"/>
        <line num="471" count="100" type="stmt"/>
        <line num="472" count="100" type="cond" truecount="3" falsecount="0"/>
        <line num="474" count="36" type="stmt"/>
        <line num="476" count="32" type="stmt"/>
        <line num="478" count="32" type="stmt"/>
        <line num="491" count="100" type="stmt"/>
        <line num="492" count="0" type="stmt"/>
        <line num="494" count="0" type="stmt"/>
        <line num="524" count="0" type="stmt"/>
        <line num="552" count="100" type="cond" truecount="1" falsecount="1"/>
        <line num="553" count="100" type="stmt"/>
        <line num="559" count="100" type="stmt"/>
        <line num="560" count="36" type="cond" truecount="1" falsecount="1"/>
        <line num="562" count="36" type="stmt"/>
        <line num="587" count="36" type="cond" truecount="1" falsecount="1"/>
        <line num="612" count="0" type="stmt"/>
        <line num="633" count="100" type="stmt"/>
        <line num="634" count="68" type="stmt"/>
        <line num="636" count="68" type="stmt"/>
        <line num="657" count="272" type="stmt"/>
        <line num="658" count="272" type="stmt"/>
        <line num="660" count="272" type="stmt"/>
        <line num="718" count="68" type="stmt"/>
        <line num="735" count="100" type="cond" truecount="1" falsecount="1"/>
        <line num="736" count="0" type="stmt"/>
        <line num="747" count="100" type="stmt"/>
        <line num="748" count="100" type="cond" truecount="2" falsecount="0"/>
        <line num="749" count="32" type="stmt"/>
        <line num="752" count="68" type="cond" truecount="2" falsecount="0"/>
        <line num="753" count="36" type="stmt"/>
        <line num="754" count="32" type="cond" truecount="1" falsecount="1"/>
        <line num="755" count="32" type="stmt"/>
        <line num="758" count="0" type="stmt"/>
        <line num="761" count="100" type="stmt"/>
        <line num="763" count="100" type="stmt"/>
        <line num="819" count="0" type="cond" truecount="0" falsecount="2"/>
        <line num="821" count="0" type="cond" truecount="0" falsecount="2"/>
        <line num="822" count="0" type="cond" truecount="0" falsecount="2"/>
        <line num="823" count="0" type="stmt"/>
        <line num="824" count="0" type="stmt"/>
        <line num="825" count="0" type="stmt"/>
        <line num="827" count="0" type="stmt"/>
        <line num="856" count="400" type="stmt"/>
        <line num="859" count="0" type="stmt"/>
      </file>
      <file name="QuizResults.js" path="C:\Source\iu_quiz_community\src\components\quiz\QuizResults.js">
        <metrics statements="119" coveredstatements="0" conditionals="248" coveredconditionals="0" methods="34" coveredmethods="0"/>
        <line num="51" count="0" type="stmt"/>
        <line num="52" count="0" type="stmt"/>
        <line num="53" count="0" type="stmt"/>
        <line num="57" count="0" type="cond" truecount="0" falsecount="2"/>
        <line num="58" count="0" type="stmt"/>
        <line num="59" count="0" type="stmt"/>
        <line num="60" count="0" type="stmt"/>
        <line num="61" count="0" type="cond" truecount="0" falsecount="4"/>
        <line num="62" count="0" type="stmt"/>
        <line num="65" count="0" type="cond" truecount="0" falsecount="2"/>
        <line num="66" count="0" type="cond" truecount="0" falsecount="2"/>
        <line num="67" count="0" type="stmt"/>
        <line num="68" count="0" type="cond" truecount="0" falsecount="4"/>
        <line num="69" count="0" type="cond" truecount="0" falsecount="6"/>
        <line num="70" count="0" type="stmt"/>
        <line num="73" count="0" type="stmt"/>
        <line num="74" count="0" type="cond" truecount="0" falsecount="2"/>
        <line num="75" count="0" type="stmt"/>
        <line num="76" count="0" type="cond" truecount="0" falsecount="4"/>
        <line num="77" count="0" type="cond" truecount="0" falsecount="2"/>
        <line num="78" count="0" type="stmt"/>
        <line num="81" count="0" type="stmt"/>
        <line num="82" count="0" type="stmt"/>
        <line num="85" count="0" type="stmt"/>
        <line num="86" count="0" type="stmt"/>
        <line num="88" count="0" type="stmt"/>
        <line num="89" count="0" type="stmt"/>
        <line num="90" count="0" type="stmt"/>
        <line num="93" count="0" type="stmt"/>
        <line num="94" count="0" type="stmt"/>
        <line num="96" count="0" type="stmt"/>
        <line num="97" count="0" type="stmt"/>
        <line num="98" count="0" type="stmt"/>
        <line num="99" count="0" type="cond" truecount="0" falsecount="2"/>
        <line num="100" count="0" type="stmt"/>
        <line num="101" count="0" type="stmt"/>
        <line num="104" count="0" type="stmt"/>
        <line num="105" count="0" type="cond" truecount="0" falsecount="4"/>
        <line num="108" count="0" type="stmt"/>
        <line num="109" count="0" type="stmt"/>
        <line num="110" count="0" type="stmt"/>
        <line num="111" count="0" type="cond" truecount="0" falsecount="4"/>
        <line num="113" count="0" type="stmt"/>
        <line num="114" count="0" type="stmt"/>
        <line num="115" count="0" type="stmt"/>
        <line num="116" count="0" type="stmt"/>
        <line num="119" count="0" type="stmt"/>
        <line num="120" count="0" type="cond" truecount="0" falsecount="2"/>
        <line num="121" count="0" type="cond" truecount="0" falsecount="2"/>
        <line num="122" count="0" type="stmt"/>
        <line num="123" count="0" type="cond" truecount="0" falsecount="2"/>
        <line num="124" count="0" type="stmt"/>
        <line num="126" count="0" type="cond" truecount="0" falsecount="2"/>
        <line num="127" count="0" type="cond" truecount="0" falsecount="2"/>
        <line num="128" count="0" type="stmt"/>
        <line num="129" count="0" type="cond" truecount="0" falsecount="2"/>
        <line num="130" count="0" type="stmt"/>
        <line num="131" count="0" type="cond" truecount="0" falsecount="2"/>
        <line num="132" count="0" type="stmt"/>
        <line num="133" count="0" type="stmt"/>
        <line num="134" count="0" type="stmt"/>
        <line num="136" count="0" type="stmt"/>
        <line num="137" count="0" type="cond" truecount="0" falsecount="2"/>
        <line num="138" count="0" type="cond" truecount="0" falsecount="2"/>
        <line num="139" count="0" type="stmt"/>
        <line num="140" count="0" type="stmt"/>
        <line num="142" count="0" type="stmt"/>
        <line num="143" count="0" type="stmt"/>
        <line num="144" count="0" type="cond" truecount="0" falsecount="2"/>
        <line num="148" count="0" type="stmt"/>
        <line num="158" count="0" type="stmt"/>
[...]
        <line num="529" count="0" type="stmt"/>
        <line num="531" count="0" type="cond" truecount="0" falsecount="2"/>
        <line num="532" count="0" type="stmt"/>
        <line num="534" count="0" type="stmt"/>
        <line num="545" count="0" type="stmt"/>
        <line num="546" count="0" type="cond" truecount="0" falsecount="2"/>
        <line num="547" count="0" type="stmt"/>
        <line num="548" count="0" type="cond" truecount="0" falsecount="2"/>
        <line num="549" count="0" type="stmt"/>
        <line num="550" count="0" type="stmt"/>
        <line num="551" count="0" type="cond" truecount="0" falsecount="2"/>
        <line num="554" count="0" type="stmt"/>
        <line num="555" count="0" type="stmt"/>
        <line num="556" count="0" type="stmt"/>
        <line num="560" count="0" type="stmt"/>
        <line num="561" count="0" type="cond" truecount="0" falsecount="2"/>
        <line num="563" count="0" type="stmt"/>
        <line num="569" count="0" type="stmt"/>
        <line num="570" count="0" type="stmt"/>
        <line num="573" count="0" type="stmt"/>
        <line num="574" count="0" type="stmt"/>
        <line num="577" count="0" type="stmt"/>
        <line num="578" count="0" type="stmt"/>
        <line num="580" count="0" type="stmt"/>
        <line num="581" count="0" type="stmt"/>
        <line num="582" count="0" type="cond" truecount="0" falsecount="2"/>
        <line num="584" count="0" type="stmt"/>
        <line num="585" count="0" type="stmt"/>
        <line num="586" count="0" type="cond" truecount="0" falsecount="2"/>
        <line num="587" count="0" type="stmt"/>
        <line num="598" count="0" type="stmt"/>
        <line num="599" count="0" type="cond" truecount="0" falsecount="2"/>
        <line num="600" count="0" type="cond" truecount="0" falsecount="2"/>
        <line num="601" count="0" type="stmt"/>
        <line num="602" count="0" type="stmt"/>
        <line num="603" count="0" type="stmt"/>
        <line num="604" count="0" type="stmt"/>
        <line num="611" count="0" type="stmt"/>
        <line num="622" count="0" type="stmt"/>
        <line num="623" count="0" type="stmt"/>
        <line num="624" count="0" type="stmt"/>
        <line num="632" count="0" type="stmt"/>
        <line num="642" count="0" type="stmt"/>
        <line num="643" count="0" type="stmt"/>
        <line num="644" count="0" type="stmt"/>
        <line num="653" count="42" type="stmt"/>
        <line num="654" count="42" type="cond" truecount="2" falsecount="0"/>
        <line num="663" count="0" type="stmt"/>
        <line num="665" count="0" type="stmt"/>
        <line num="666" count="0" type="cond" truecount="0" falsecount="2"/>
        <line num="667" count="0" type="stmt"/>
        <line num="668" count="0" type="stmt"/>
        <line num="670" count="0" type="stmt"/>
        <line num="671" count="0" type="stmt"/>
        <line num="687" count="0" type="stmt"/>
        <line num="689" count="0" type="cond" truecount="0" falsecount="2"/>
        <line num="690" count="0" type="stmt"/>
        <line num="692" count="0" type="cond" truecount="0" falsecount="2"/>
        <line num="693" count="0" type="stmt"/>
        <line num="695" count="0" type="cond" truecount="0" falsecount="2"/>
        <line num="704" count="0" type="stmt"/>
        <line num="709" count="0" type="stmt"/>
        <line num="710" count="0" type="cond" truecount="0" falsecount="2"/>
        <line num="711" count="0" type="stmt"/>
        <line num="712" count="0" type="cond" truecount="0" falsecount="2"/>
        <line num="726" count="0" type="stmt"/>
        <line num="727" count="0" type="cond" truecount="0" falsecount="2"/>
        <line num="729" count="0" type="stmt"/>
        <line num="733" count="0" type="stmt"/>
        <line num="734" count="0" type="cond" truecount="0" falsecount="2"/>
        <line num="735" count="0" type="stmt"/>
        <line num="736" count="0" type="stmt"/>
        <line num="743" count="0" type="stmt"/>
        <line num="744" count="0" type="cond" truecount="0" falsecount="2"/>
        <line num="748" count="0" type="stmt"/>
        <line num="749" count="0" type="stmt"/>
        <line num="750" count="0" type="cond" truecount="0" falsecount="2"/>
        <line num="752" count="0" type="stmt"/>
        <line num="753" count="0" type="stmt"/>
        <line num="754" count="0" type="cond" truecount="0" falsecount="2"/>
        <line num="755" count="0" type="stmt"/>
        <line num="758" count="36" type="stmt"/>
        <line num="768" count="0" type="stmt"/>
        <line num="769" count="0" type="cond" truecount="0" falsecount="2"/>
        <line num="770" count="0" type="cond" truecount="0" falsecount="2"/>
        <line num="783" count="0" type="stmt"/>
        <line num="796" count="0" type="stmt"/>
        <line num="808" count="0" type="stmt"/>
        <line num="832" count="6" type="stmt"/>
        <line num="833" count="6" type="cond" truecount="2" falsecount="0"/>
        <line num="847" count="0" type="stmt"/>
        <line num="848" count="0" type="cond" truecount="0" falsecount="2"/>
        <line num="849" count="0" type="stmt"/>
        <line num="850" count="0" type="stmt"/>
        <line num="852" count="0" type="stmt"/>
        <line num="853" count="0" type="stmt"/>
        <line num="871" count="0" type="stmt"/>
        <line num="873" count="0" type="stmt"/>
        <line num="879" count="0" type="cond" truecount="0" falsecount="2"/>
        <line num="890" count="0" type="stmt"/>
        <line num="921" count="0" type="stmt"/>
        <line num="922" count="0" type="cond" truecount="0" falsecount="2"/>
        <line num="933" count="0" type="stmt"/>
        <line num="934" count="0" type="cond" truecount="0" falsecount="2"/>
        <line num="945" count="0" type="stmt"/>
        <line num="950" count="5" type="stmt"/>
      </file>
      <file name="mockData.js" path="C:\Source\iu_quiz_community\src\data\mockData.js">
        <metrics statements="22" coveredstatements="17" conditionals="0" coveredconditionals="0" methods="18" coveredmethods="0"/>
        <line num="21" count="36" type="stmt"/>
        <line num="35" count="5" type="stmt"/>
        <line num="96" count="36" type="stmt"/>
        <line num="127" count="5" type="stmt"/>
        <line num="1690" count="41" type="stmt"/>
        <line num="1691" count="5" type="stmt"/>
        <line num="1693" count="5" type="stmt"/>
        <line num="1697" count="41" type="stmt"/>
        <line num="1698" count="5" type="stmt"/>
        <line num="1701" count="41" type="stmt"/>
        <line num="1702" count="5" type="stmt"/>
        <line num="1705" count="41" type="stmt"/>
        <line num="1706" count="5" type="stmt"/>
        <line num="1734" count="5" type="stmt"/>
        <line num="1735" count="0" type="stmt"/>
        <line num="1737" count="0" type="stmt"/>
        <line num="1755" count="5" type="stmt"/>
        <line num="1756" count="0" type="stmt"/>
        <line num="1773" count="5" type="stmt"/>
        <line num="1774" count="0" type="stmt"/>
        <line num="1791" count="5" type="stmt"/>
        <line num="1792" count="0" type="stmt"/>
      </file>
    </package>
    <package name="src.services">
      <metrics statements="166" coveredstatements="19" conditionals="128" coveredconditionals="0" methods="60" coveredmethods="10"/>
      <file name="SimulatedPlayersService.js" path="C:\Source\iu_quiz_community\src\services\SimulatedPlayersService.js">
        <metrics statements="166" coveredstatements="19" conditionals="128" coveredconditionals="0" methods="60" coveredmethods="10"/>
        <line num="10" count="5" type="stmt"/>
        <line num="27" count="36" type="stmt"/>
        <line num="106" count="36" type="stmt"/>
        <line num="107" count="41" type="stmt"/>
        <line num="108" count="41" type="stmt"/>
        <line num="109" count="5" type="stmt"/>
        <line num="120" count="15" type="stmt"/>
        <line num="121" count="15" type="stmt"/>
        <line num="124" count="97" type="stmt"/>
        <line num="125" count="45" type="stmt"/>
        <line num="130" count="17" type="stmt"/>
        <line num="131" count="17" type="stmt"/>
        <line num="134" count="15" type="stmt"/>
        <line num="135" count="51" type="stmt"/>
        <line num="136" count="17" type="stmt"/>
        <line num="145" count="6" type="stmt"/>
        <line num="146" count="2" type="stmt"/>
        <line num="147" count="0" type="stmt"/>
        <line num="149" count="0" type="stmt"/>
        <line num="150" count="0" type="stmt"/>
        <line num="151" count="0" type="stmt"/>
        <line num="154" count="0" type="stmt"/>
        <line num="166" count="0" type="stmt"/>
        <line num="167" count="0" type="cond" truecount="0" falsecount="2"/>
        <line num="168" count="0" type="stmt"/>
        <line num="169" count="0" type="stmt"/>
        <line num="170" count="0" type="stmt"/>
        <line num="171" count="0" type="stmt"/>
        <line num="173" count="0" type="stmt"/>
        <line num="174" count="0" type="stmt"/>
        <line num="177" count="0" type="stmt"/>
        <line num="180" count="0" type="cond" truecount="0" falsecount="4"/>
        <line num="181" count="0" type="stmt"/>
        <line num="183" count="0" type="cond" truecount="0" falsecount="4"/>
        <line num="184" count="0" type="stmt"/>
        <line num="188" count="0" type="cond" truecount="0" falsecount="2"/>
        <line num="189" count="0" type="stmt"/>
        <line num="190" count="0" type="cond" truecount="0" falsecount="2"/>
        <line num="191" count="0" type="stmt"/>
        <line num="195" count="0" type="stmt"/>
        <line num="196" count="0" type="cond" truecount="0" falsecount="2"/>
        <line num="198" count="0" type="stmt"/>
        <line num="199" count="0" type="cond" truecount="0" falsecount="2"/>
        <line num="200" count="0" type="stmt"/>
        <line num="203" count="0" type="stmt"/>
        <line num="204" count="0" type="stmt"/>
        <line num="205" count="0" type="stmt"/>
        <line num="206" count="0" type="stmt"/>
        <line num="208" count="0" type="cond" truecount="0" falsecount="2"/>
        <line num="209" count="0" type="cond" truecount="0" falsecount="4"/>
        <line num="210" count="0" type="stmt"/>
        <line num="211" count="0" type="stmt"/>
        <line num="212" count="0" type="cond" truecount="0" falsecount="4"/>
        <line num="213" count="0" type="stmt"/>
        <line num="215" count="0" type="stmt"/>
        <line num="217" count="0" type="cond" truecount="0" falsecount="2"/>
        <line num="218" count="0" type="stmt"/>
        <line num="219" count="0" type="cond" truecount="0" falsecount="2"/>
        <line num="220" count="0" type="stmt"/>
        <line num="224" count="0" type="stmt"/>
        <line num="227" count="0" type="stmt"/>
        <line num="228" count="0" type="cond" truecount="0" falsecount="2"/>
        <line num="233" count="0" type="stmt"/>
        <line num="234" count="0" type="stmt"/>
        <line num="235" count="0" type="stmt"/>
        <line num="236" count="0" type="stmt"/>
        <line num="237" count="0" type="cond" truecount="0" falsecount="2"/>
        <line num="238" count="0" type="stmt"/>
        <line num="240" count="0" type="stmt"/>
        <line num="241" count="0" type="stmt"/>
        <line num="244" count="0" type="stmt"/>
        <line num="248" count="0" type="stmt"/>
        <line num="258" count="0" type="stmt"/>
        <line num="265" count="0" type="stmt"/>
        <line num="266" count="0" type="cond" truecount="0" falsecount="2"/>
        <line num="267" count="0" type="stmt"/>
        <line num="269" count="0" type="stmt"/>
        <line num="272" count="0" type="stmt"/>
        <line num="273" count="0" type="stmt"/>
        <line num="275" count="0" type="stmt"/>
        <line num="281" count="0" type="stmt"/>
        <line num="282" count="0" type="stmt"/>
        <line num="284" count="0" type="stmt"/>
        <line num="285" count="0" type="stmt"/>
        <line num="287" count="0" type="cond" truecount="0" falsecount="4"/>
        <line num="290" count="0" type="cond" truecount="0" falsecount="5"/>
        <line num="294" count="0" type="cond" truecount="0" falsecount="2"/>
        <line num="304" count="0" type="stmt"/>
        <line num="311" count="0" type="stmt"/>
        <line num="312" count="0" type="cond" truecount="0" falsecount="2"/>
        <line num="313" count="0" type="stmt"/>
        <line num="314" count="0" type="stmt"/>
        <line num="315" count="0" type="stmt"/>
        <line num="324" count="0" type="stmt"/>
        <line num="326" count="0" type="stmt"/>
        <line num="327" count="0" type="stmt"/>
        <line num="328" count="0" type="cond" truecount="0" falsecount="2"/>
        <line num="329" count="0" type="stmt"/>
        <line num="336" count="0" type="stmt"/>
        <line num="337" count="0" type="stmt"/>
        <line num="339" count="0" type="cond" truecount="0" falsecount="2"/>
        <line num="340" count="0" type="stmt"/>
        <line num="342" count="0" type="cond" truecount="0" falsecount="4"/>
        <line num="345" count="0" type="cond" truecount="0" falsecount="5"/>
        <line num="348" count="0" type="stmt"/>
        <line num="349" count="0" type="cond" truecount="0" falsecount="2"/>
        <line num="358" count="0" type="stmt"/>
        <line num="359" count="0" type="cond" truecount="0" falsecount="4"/>
        <line num="360" count="0" type="stmt"/>
        <line num="362" count="0" type="cond" truecount="0" falsecount="2"/>
        <line num="363" count="0" type="cond" truecount="0" falsecount="2"/>
        <line num="364" count="0" type="cond" truecount="0" falsecount="2"/>
        <line num="365" count="0" type="stmt"/>
        <line num="369" count="0" type="stmt"/>
        <line num="375" count="0" type="stmt"/>
        <line num="376" count="0" type="stmt"/>
        <line num="378" count="0" type="stmt"/>
        <line num="379" count="0" type="stmt"/>
        <line num="381" count="0" type="cond" truecount="0" falsecount="4"/>
        <line num="382" count="0" type="stmt"/>
        <line num="388" count="0" type="stmt"/>
        <line num="390" count="0" type="stmt"/>
        <line num="391" count="0" type="stmt"/>
        <line num="392" count="0" type="cond" truecount="0" falsecount="2"/>
        <line num="393" count="0" type="stmt"/>
        <line num="401" count="0" type="cond" truecount="0" falsecount="4"/>
        <line num="402" count="0" type="stmt"/>
        <line num="403" count="0" type="cond" truecount="0" falsecount="4"/>
        <line num="404" count="0" type="stmt"/>
        <line num="406" count="0" type="stmt"/>
        <line num="409" count="0" type="stmt"/>
        <line num="410" count="0" type="stmt"/>
        <line num="412" count="0" type="stmt"/>
        <line num="422" count="0" type="stmt"/>
        <line num="430" count="0" type="stmt"/>
        <line num="431" count="0" type="cond" truecount="0" falsecount="4"/>
        <line num="432" count="0" type="stmt"/>
        <line num="433" count="0" type="stmt"/>
        <line num="434" count="0" type="cond" truecount="0" falsecount="2"/>
        <line num="435" count="0" type="cond" truecount="0" falsecount="2"/>
        <line num="436" count="0" type="cond" truecount="0" falsecount="2"/>
        <line num="437" count="0" type="stmt"/>
        <line num="443" count="0" type="stmt"/>
        <line num="456" count="0" type="stmt"/>
        <line num="457" count="0" type="stmt"/>
        <line num="459" count="0" type="stmt"/>
        <line num="460" count="0" type="stmt"/>
        <line num="462" count="0" type="cond" truecount="0" falsecount="4"/>
        <line num="463" count="0" type="stmt"/>
        <line num="475" count="36" type="stmt"/>
        <line num="482" count="0" type="cond" truecount="0" falsecount="4"/>
        <line num="483" count="0" type="stmt"/>
        <line num="484" count="0" type="cond" truecount="0" falsecount="2"/>
        <line num="485" count="0" type="stmt"/>
        <line num="487" count="0" type="stmt"/>
        <line num="490" count="0" type="stmt"/>
        <line num="491" count="0" type="stmt"/>
        <line num="493" count="0" type="stmt"/>
        <line num="503" count="0" type="stmt"/>
        <line num="520" count="0" type="stmt"/>
        <line num="521" count="0" type="stmt"/>
        <line num="522" count="0" type="stmt"/>
        <line num="523" count="0" type="stmt"/>
        <line num="540" count="0" type="stmt"/>
        <line num="567" count="0" type="stmt"/>
        <line num="580" count="5" type="stmt"/>
      </file>
    </package>
    <package name="src.utils">
      <metrics statements="49" coveredstatements="20" conditionals="44" coveredconditionals="6" methods="12" coveredmethods="2"/>
      <file name="xssUtils.js" path="C:\Source\iu_quiz_community\src\utils\xssUtils.js">
        <metrics statements="49" coveredstatements="20" conditionals="44" coveredconditionals="6" methods="12" coveredmethods="2"/>
        <line num="22" count="36" type="stmt"/>
        <line num="23" count="1131" type="cond" truecount="3" falsecount="1"/>
        <line num="26" count="1131" type="stmt"/>
        <line num="33" count="5" type="stmt"/>
        <line num="34" count="156" type="cond" truecount="3" falsecount="1"/>
        <line num="37" count="156" type="stmt"/>
        <line num="44" count="36" type="stmt"/>
        <line num="45" count="0" type="cond" truecount="0" falsecount="4"/>
        <line num="48" count="0" type="stmt"/>
        <line num="60" count="5" type="stmt"/>
        <line num="61" count="0" type="cond" truecount="0" falsecount="4"/>
        <line num="64" count="41" type="stmt"/>
        <line num="65" count="0" type="cond" truecount="0" falsecount="4"/>
        <line num="68" count="5" type="stmt"/>
        <line num="80" count="36" type="stmt"/>
        <line num="81" count="0" type="cond" truecount="0" falsecount="4"/>
        <line num="84" count="0" type="stmt"/>
        <line num="85" count="41" type="stmt"/>
        <line num="86" count="36" type="cond" truecount="0" falsecount="4"/>
        <line num="87" count="5" type="stmt"/>
        <line num="88" count="5" type="stmt"/>
        <line num="89" count="36" type="stmt"/>
        <line num="91" count="0" type="stmt"/>
        <line num="92" count="0" type="cond" truecount="0" falsecount="2"/>
        <line num="95" count="0" type="stmt"/>
        <line num="96" count="0" type="stmt"/>
        <line num="100" count="0" type="stmt"/>
        <line num="101" count="0" type="cond" truecount="0" falsecount="2"/>
        <line num="102" count="0" type="cond" truecount="0" falsecount="2"/>
        <line num="104" count="0" type="stmt"/>
        <line num="105" count="0" type="stmt"/>
        <line num="107" count="5" type="stmt"/>
        <line num="108" count="0" type="cond" truecount="0" falsecount="4"/>
        <line num="111" count="36" type="stmt"/>
        <line num="113" count="5" type="stmt"/>
        <line num="114" count="36" type="stmt"/>
        <line num="115" count="0" type="stmt"/>
        <line num="118" count="0" type="stmt"/>
        <line num="119" count="0" type="cond" truecount="0" falsecount="2"/>
        <line num="122" count="0" type="stmt"/>
        <line num="123" count="0" type="stmt"/>
        <line num="127" count="0" type="stmt"/>
        <line num="128" count="0" type="cond" truecount="0" falsecount="2"/>
        <line num="129" count="0" type="cond" truecount="0" falsecount="2"/>
        <line num="131" count="0" type="stmt"/>
        <line num="132" count="0" type="stmt"/>
        <line num="134" count="0" type="stmt"/>
        <line num="140" count="0" type="stmt"/>
        <line num="141" count="0" type="stmt"/>
      </file>
    </package>
  </project>
</coverage>
