{"C:\\Source\\iu_quiz_community\\src\\App.js": {"path":"C:\\Source\\iu_quiz_community\\src\\App.js","statementMap":{"0":{"start":{"line":45,"column":42},"end":{"line":45,"column":58}},"1":{"start":{"line":46,"column":28},"end":{"line":46,"column":42}},"2":{"start":{"line":47,"column":50},"end":{"line":47,"column":65}},"3":{"start":{"line":52,"column":4},"end":{"line":79,"column":11}},"4":{"start":{"line":53,"column":8},"end":{"line":53,"column":55}},"5":{"start":{"line":56,"column":27},"end":{"line":56,"column":63}},"6":{"start":{"line":57,"column":8},"end":{"line":67,"column":9}},"7":{"start":{"line":58,"column":12},"end":{"line":66,"column":13}},"8":{"start":{"line":59,"column":35},"end":{"line":59,"column":57}},"9":{"start":{"line":60,"column":16},"end":{"line":60,"column":80}},"10":{"start":{"line":61,"column":16},"end":{"line":61,"column":36}},"11":{"start":{"line":62,"column":16},"end":{"line":62,"column":41}},"12":{"start":{"line":64,"column":16},"end":{"line":64,"column":85}},"13":{"start":{"line":65,"column":16},"end":{"line":65,"column":56}},"14":{"start":{"line":70,"column":27},"end":{"line":70,"column":57}},"15":{"start":{"line":71,"column":22},"end":{"line":71,"column":47}},"16":{"start":{"line":72,"column":8},"end":{"line":72,"column":68}},"17":{"start":{"line":73,"column":8},"end":{"line":73,"column":59}},"18":{"start":{"line":75,"column":8},"end":{"line":78,"column":9}},"19":{"start":{"line":76,"column":12},"end":{"line":76,"column":55}},"20":{"start":{"line":77,"column":12},"end":{"line":77,"column":41}},"21":{"start":{"line":85,"column":24},"end":{"line":92,"column":5}},"22":{"start":{"line":86,"column":8},"end":{"line":86,"column":64}},"23":{"start":{"line":87,"column":8},"end":{"line":87,"column":26}},"24":{"start":{"line":88,"column":8},"end":{"line":88,"column":33}},"25":{"start":{"line":91,"column":8},"end":{"line":91,"column":71}},"26":{"start":{"line":97,"column":25},"end":{"line":105,"column":5}},"27":{"start":{"line":98,"column":8},"end":{"line":98,"column":48}},"28":{"start":{"line":99,"column":8},"end":{"line":99,"column":22}},"29":{"start":{"line":100,"column":8},"end":{"line":100,"column":34}},"30":{"start":{"line":101,"column":8},"end":{"line":101,"column":31}},"31":{"start":{"line":104,"column":8},"end":{"line":104,"column":48}},"32":{"start":{"line":110,"column":32},"end":{"line":112,"column":5}},"33":{"start":{"line":111,"column":8},"end":{"line":111,"column":62}},"34":{"start":{"line":117,"column":32},"end":{"line":119,"column":5}},"35":{"start":{"line":118,"column":8},"end":{"line":118,"column":66}},"36":{"start":{"line":129,"column":30},"end":{"line":150,"column":5}},"37":{"start":{"line":130,"column":8},"end":{"line":149,"column":9}},"38":{"start":{"line":132,"column":16},"end":{"line":132,"column":76}},"39":{"start":{"line":134,"column":16},"end":{"line":134,"column":48}},"40":{"start":{"line":136,"column":16},"end":{"line":142,"column":18}},"41":{"start":{"line":144,"column":16},"end":{"line":144,"column":75}},"42":{"start":{"line":146,"column":16},"end":{"line":146,"column":49}},"43":{"start":{"line":148,"column":16},"end":{"line":148,"column":76}},"44":{"start":{"line":153,"column":4},"end":{"line":155,"column":5}},"45":{"start":{"line":154,"column":8},"end":{"line":154,"column":51}},"46":{"start":{"line":158,"column":4},"end":{"line":178,"column":6}},"47":{"start":{"line":44,"column":42},"end":{"line":44,"column":58}},"48":{"start":{"line":45,"column":28},"end":{"line":45,"column":42}},"49":{"start":{"line":46,"column":50},"end":{"line":46,"column":65}},"50":{"start":{"line":58,"column":4},"end":{"line":85,"column":11}},"51":{"start":{"line":59,"column":8},"end":{"line":59,"column":55}},"52":{"start":{"line":62,"column":27},"end":{"line":62,"column":63}},"53":{"start":{"line":63,"column":8},"end":{"line":73,"column":9}},"54":{"start":{"line":64,"column":12},"end":{"line":72,"column":13}},"55":{"start":{"line":65,"column":35},"end":{"line":65,"column":57}},"56":{"start":{"line":66,"column":16},"end":{"line":66,"column":80}},"57":{"start":{"line":67,"column":16},"end":{"line":67,"column":36}},"58":{"start":{"line":68,"column":16},"end":{"line":68,"column":41}},"59":{"start":{"line":70,"column":16},"end":{"line":70,"column":85}},"60":{"start":{"line":71,"column":16},"end":{"line":71,"column":56}},"61":{"start":{"line":76,"column":27},"end":{"line":76,"column":57}},"62":{"start":{"line":77,"column":22},"end":{"line":77,"column":47}},"63":{"start":{"line":78,"column":8},"end":{"line":78,"column":68}},"64":{"start":{"line":79,"column":8},"end":{"line":79,"column":59}},"65":{"start":{"line":81,"column":8},"end":{"line":84,"column":9}},"66":{"start":{"line":82,"column":12},"end":{"line":82,"column":55}},"67":{"start":{"line":83,"column":12},"end":{"line":83,"column":41}},"68":{"start":{"line":98,"column":24},"end":{"line":105,"column":5}},"69":{"start":{"line":99,"column":8},"end":{"line":99,"column":64}},"70":{"start":{"line":100,"column":8},"end":{"line":100,"column":26}},"71":{"start":{"line":101,"column":8},"end":{"line":101,"column":33}},"72":{"start":{"line":104,"column":8},"end":{"line":104,"column":71}},"73":{"start":{"line":117,"column":25},"end":{"line":125,"column":5}},"74":{"start":{"line":118,"column":8},"end":{"line":118,"column":48}},"75":{"start":{"line":119,"column":8},"end":{"line":119,"column":22}},"76":{"start":{"line":120,"column":8},"end":{"line":120,"column":34}},"77":{"start":{"line":121,"column":8},"end":{"line":121,"column":31}},"78":{"start":{"line":124,"column":8},"end":{"line":124,"column":48}},"79":{"start":{"line":130,"column":32},"end":{"line":132,"column":5}},"80":{"start":{"line":131,"column":8},"end":{"line":131,"column":62}},"81":{"start":{"line":137,"column":32},"end":{"line":139,"column":5}},"82":{"start":{"line":138,"column":8},"end":{"line":138,"column":66}},"83":{"start":{"line":149,"column":30},"end":{"line":170,"column":5}},"84":{"start":{"line":150,"column":8},"end":{"line":169,"column":9}},"85":{"start":{"line":152,"column":16},"end":{"line":152,"column":76}},"86":{"start":{"line":154,"column":16},"end":{"line":154,"column":48}},"87":{"start":{"line":156,"column":16},"end":{"line":162,"column":18}},"88":{"start":{"line":164,"column":16},"end":{"line":164,"column":75}},"89":{"start":{"line":166,"column":16},"end":{"line":166,"column":49}},"90":{"start":{"line":168,"column":16},"end":{"line":168,"column":76}},"91":{"start":{"line":173,"column":4},"end":{"line":175,"column":5}},"92":{"start":{"line":174,"column":8},"end":{"line":174,"column":51}},"93":{"start":{"line":178,"column":4},"end":{"line":198,"column":6}}},"fnMap":{"0":{"name":"App","decl":{"start":{"line":44,"column":9},"end":{"line":44,"column":12}},"loc":{"start":{"line":44,"column":15},"end":{"line":179,"column":1}},"line":44},"1":{"name":"(anonymous_1)","decl":{"start":{"line":52,"column":14},"end":{"line":52,"column":15}},"loc":{"start":{"line":52,"column":20},"end":{"line":79,"column":5}},"line":52},"2":{"name":"(anonymous_2)","decl":{"start":{"line":85,"column":24},"end":{"line":85,"column":25}},"loc":{"start":{"line":85,"column":38},"end":{"line":92,"column":5}},"line":85},"3":{"name":"(anonymous_3)","decl":{"start":{"line":97,"column":25},"end":{"line":97,"column":26}},"loc":{"start":{"line":97,"column":31},"end":{"line":105,"column":5}},"line":97},"4":{"name":"(anonymous_4)","decl":{"start":{"line":110,"column":32},"end":{"line":110,"column":33}},"loc":{"start":{"line":110,"column":46},"end":{"line":112,"column":5}},"line":110},"5":{"name":"(anonymous_5)","decl":{"start":{"line":117,"column":32},"end":{"line":117,"column":33}},"loc":{"start":{"line":117,"column":46},"end":{"line":119,"column":5}},"line":117},"6":{"name":"(anonymous_6)","decl":{"start":{"line":129,"column":30},"end":{"line":129,"column":31}},"loc":{"start":{"line":129,"column":36},"end":{"line":150,"column":5}},"line":129},"7":{"name":"App","decl":{"start":{"line":43,"column":9},"end":{"line":43,"column":12}},"loc":{"start":{"line":43,"column":15},"end":{"line":199,"column":1}},"line":43},"8":{"name":"(anonymous_1)","decl":{"start":{"line":58,"column":14},"end":{"line":58,"column":15}},"loc":{"start":{"line":58,"column":20},"end":{"line":85,"column":5}},"line":58},"9":{"name":"(anonymous_2)","decl":{"start":{"line":98,"column":24},"end":{"line":98,"column":25}},"loc":{"start":{"line":98,"column":38},"end":{"line":105,"column":5}},"line":98},"10":{"name":"(anonymous_3)","decl":{"start":{"line":117,"column":25},"end":{"line":117,"column":26}},"loc":{"start":{"line":117,"column":31},"end":{"line":125,"column":5}},"line":117},"11":{"name":"(anonymous_4)","decl":{"start":{"line":130,"column":32},"end":{"line":130,"column":33}},"loc":{"start":{"line":130,"column":46},"end":{"line":132,"column":5}},"line":130},"12":{"name":"(anonymous_5)","decl":{"start":{"line":137,"column":32},"end":{"line":137,"column":33}},"loc":{"start":{"line":137,"column":46},"end":{"line":139,"column":5}},"line":137},"13":{"name":"(anonymous_6)","decl":{"start":{"line":149,"column":30},"end":{"line":149,"column":31}},"loc":{"start":{"line":149,"column":36},"end":{"line":170,"column":5}},"line":149}},"branchMap":{"0":{"loc":{"start":{"line":57,"column":8},"end":{"line":67,"column":9}},"type":"if","locations":[{"start":{"line":57,"column":8},"end":{"line":67,"column":9}},{"start":{"line":57,"column":8},"end":{"line":67,"column":9}}],"line":57},"1":{"loc":{"start":{"line":75,"column":8},"end":{"line":78,"column":9}},"type":"if","locations":[{"start":{"line":75,"column":8},"end":{"line":78,"column":9}},{"start":{"line":75,"column":8},"end":{"line":78,"column":9}}],"line":75},"2":{"loc":{"start":{"line":75,"column":12},"end":{"line":75,"column":57}},"type":"binary-expr","locations":[{"start":{"line":75,"column":12},"end":{"line":75,"column":35}},{"start":{"line":75,"column":39},"end":{"line":75,"column":57}}],"line":75},"3":{"loc":{"start":{"line":130,"column":8},"end":{"line":149,"column":9}},"type":"switch","locations":[{"start":{"line":131,"column":12},"end":{"line":132,"column":76}},{"start":{"line":133,"column":12},"end":{"line":134,"column":48}},{"start":{"line":135,"column":12},"end":{"line":142,"column":18}},{"start":{"line":143,"column":12},"end":{"line":144,"column":75}},{"start":{"line":145,"column":12},"end":{"line":146,"column":49}},{"start":{"line":147,"column":12},"end":{"line":148,"column":76}}],"line":130},"4":{"loc":{"start":{"line":153,"column":4},"end":{"line":155,"column":5}},"type":"if","locations":[{"start":{"line":153,"column":4},"end":{"line":155,"column":5}},{"start":{"line":153,"column":4},"end":{"line":155,"column":5}}],"line":153},"5":{"loc":{"start":{"line":153,"column":8},"end":{"line":153,"column":33}},"type":"binary-expr","locations":[{"start":{"line":153,"column":8},"end":{"line":153,"column":24}},{"start":{"line":153,"column":28},"end":{"line":153,"column":33}}],"line":153},"6":{"loc":{"start":{"line":63,"column":8},"end":{"line":73,"column":9}},"type":"if","locations":[{"start":{"line":63,"column":8},"end":{"line":73,"column":9}},{"start":{"line":63,"column":8},"end":{"line":73,"column":9}}],"line":63},"7":{"loc":{"start":{"line":81,"column":8},"end":{"line":84,"column":9}},"type":"if","locations":[{"start":{"line":81,"column":8},"end":{"line":84,"column":9}},{"start":{"line":81,"column":8},"end":{"line":84,"column":9}}],"line":81},"8":{"loc":{"start":{"line":81,"column":12},"end":{"line":81,"column":57}},"type":"binary-expr","locations":[{"start":{"line":81,"column":12},"end":{"line":81,"column":35}},{"start":{"line":81,"column":39},"end":{"line":81,"column":57}}],"line":81},"9":{"loc":{"start":{"line":150,"column":8},"end":{"line":169,"column":9}},"type":"switch","locations":[{"start":{"line":151,"column":12},"end":{"line":152,"column":76}},{"start":{"line":153,"column":12},"end":{"line":154,"column":48}},{"start":{"line":155,"column":12},"end":{"line":162,"column":18}},{"start":{"line":163,"column":12},"end":{"line":164,"column":75}},{"start":{"line":165,"column":12},"end":{"line":166,"column":49}},{"start":{"line":167,"column":12},"end":{"line":168,"column":76}}],"line":150},"10":{"loc":{"start":{"line":173,"column":4},"end":{"line":175,"column":5}},"type":"if","locations":[{"start":{"line":173,"column":4},"end":{"line":175,"column":5}},{"start":{"line":173,"column":4},"end":{"line":175,"column":5}}],"line":173},"11":{"loc":{"start":{"line":173,"column":8},"end":{"line":173,"column":33}},"type":"binary-expr","locations":[{"start":{"line":173,"column":8},"end":{"line":173,"column":24}},{"start":{"line":173,"column":28},"end":{"line":173,"column":33}}],"line":173}},"s":{"0":210,"1":188,"2":188,"3":188,"4":72,"5":72,"6":72,"7":26,"8":26,"9":26,"10":26,"11":26,"12":0,"13":0,"14":72,"15":72,"16":82,"17":98,"18":98,"19":26,"20":26,"21":188,"22":29,"23":29,"24":29,"25":29,"26":188,"27":0,"28":4,"29":26,"30":4,"31":4,"32":188,"33":0,"34":214,"35":26,"36":188,"37":116,"38":58,"39":44,"40":14,"41":0,"42":0,"43":0,"44":204,"45":88,"46":116,"47":29,"48":26,"49":26,"50":26,"51":10,"52":10,"53":198,"54":188,"55":0,"56":72,"57":188,"58":188,"59":188,"60":188,"61":82,"62":82,"63":198,"64":10,"65":10,"66":0,"67":0,"68":214,"69":192,"70":4,"71":192,"72":192,"73":26,"74":0,"75":0,"76":0,"77":0,"78":0,"79":142,"80":116,"81":40,"82":14,"83":26,"84":16,"85":8,"86":78,"87":2,"88":116,"89":116,"90":116,"91":142,"92":126,"93":16},"f":{"0":239,"1":101,"2":58,"3":29,"4":29,"5":0,"6":145,"7":29,"8":220,"9":4,"10":210,"11":116,"12":116,"13":226},"b":{"0":[0,72],"1":[0,72],"2":[72,72],"3":[58,44,14,0,0,0],"4":[80,122],"5":[196,122],"6":[0,10],"7":[0,10],"8":[10,10],"9":[8,6,2,0,0,0],"10":[10,16],"11":[26,16]},"_coverageSchema":"1a1c01bbd47fc00a2c39e90264f33305004495a9","hash":"8128c59a6aa173ffef38e98e12b335a291e58b54"}
,"C:\\Source\\iu_quiz_community\\src\\index.js": {"path":"C:\\Source\\iu_quiz_community\\src\\index.js","statementMap":{"0":{"start":{"line":26,"column":13},"end":{"line":26,"column":65}},"1":{"start":{"line":27,"column":0},"end":{"line":31,"column":2}},"2":{"start":{"line":49,"column":13},"end":{"line":49,"column":65}},"3":{"start":{"line":60,"column":0},"end":{"line":64,"column":2}}},"fnMap":{},"branchMap":{},"s":{"0":36,"1":36,"2":5,"3":5},"f":{},"b":{},"_coverageSchema":"1a1c01bbd47fc00a2c39e90264f33305004495a9","hash":"a1ae88ae8cd87fca176f35a24edd52e55776bf96"}
,"C:/Source/iu_quiz_community/src/reportWebVitals.js": {"path":"C:/Source/iu_quiz_community/src/reportWebVitals.js","statementMap":{},"fnMap":{},"branchMap":{},"s":{},"f":{},"b":{}}
,"C:/Source/iu_quiz_community/src/setupTests.js": {"path":"C:/Source/iu_quiz_community/src/setupTests.js","statementMap":{},"fnMap":{},"branchMap":{},"s":{},"f":{},"b":{}}
,"C:\\Source\\iu_quiz_community\\src\\components\\admin\\CardManager.js": {"path":"C:\\Source\\iu_quiz_community\\src\\components\\admin\\CardManager.js","statementMap":{"0":{"start":{"line":32,"column":40},"end":{"line":32,"column":52}},"1":{"start":{"line":33,"column":30},"end":{"line":33,"column":42}},"2":{"start":{"line":34,"column":46},"end":{"line":34,"column":58}},"3":{"start":{"line":35,"column":42},"end":{"line":35,"column":62}},"4":{"start":{"line":36,"column":40},"end":{"line":36,"column":52}},"5":{"start":{"line":37,"column":44},"end":{"line":37,"column":59}},"6":{"start":{"line":38,"column":52},"end":{"line":38,"column":67}},"7":{"start":{"line":39,"column":48},"end":{"line":39,"column":63}},"8":{"start":{"line":40,"column":44},"end":{"line":40,"column":59}},"9":{"start":{"line":43,"column":42},"end":{"line":43,"column":84}},"10":{"start":{"line":46,"column":36},"end":{"line":46,"column":58}},"11":{"start":{"line":47,"column":58},"end":{"line":47,"column":72}},"12":{"start":{"line":53,"column":42},"end":{"line":53,"column":56}},"13":{"start":{"line":56,"column":42},"end":{"line":63,"column":6}},"14":{"start":{"line":81,"column":34},"end":{"line":90,"column":6}},"15":{"start":{"line":92,"column":32},"end":{"line":92,"column":44}},"16":{"start":{"line":95,"column":26},"end":{"line":108,"column":5}},"17":{"start":{"line":110,"column":27},"end":{"line":117,"column":5}},"18":{"start":{"line":122,"column":4},"end":{"line":124,"column":11}},"19":{"start":{"line":123,"column":8},"end":{"line":123,"column":19}},"20":{"start":{"line":131,"column":4},"end":{"line":178,"column":111}},"21":{"start":{"line":132,"column":23},"end":{"line":132,"column":28}},"22":{"start":{"line":135,"column":8},"end":{"line":137,"column":9}},"23":{"start":{"line":136,"column":12},"end":{"line":136,"column":91}},"24":{"start":{"line":136,"column":47},"end":{"line":136,"column":89}},"25":{"start":{"line":140,"column":8},"end":{"line":147,"column":9}},"26":{"start":{"line":141,"column":12},"end":{"line":146,"column":14}},"27":{"start":{"line":142,"column":16},"end":{"line":145,"column":18}},"28":{"start":{"line":144,"column":20},"end":{"line":144,"column":99}},"29":{"start":{"line":150,"column":8},"end":{"line":152,"column":9}},"30":{"start":{"line":151,"column":12},"end":{"line":151,"column":77}},"31":{"start":{"line":151,"column":47},"end":{"line":151,"column":75}},"32":{"start":{"line":155,"column":8},"end":{"line":157,"column":9}},"33":{"start":{"line":156,"column":12},"end":{"line":156,"column":85}},"34":{"start":{"line":156,"column":47},"end":{"line":156,"column":83}},"35":{"start":{"line":160,"column":8},"end":{"line":167,"column":9}},"36":{"start":{"line":161,"column":38},"end":{"line":161,"column":100}},"37":{"start":{"line":162,"column":12},"end":{"line":166,"column":13}},"38":{"start":{"line":163,"column":16},"end":{"line":163,"column":88}},"39":{"start":{"line":163,"column":51},"end":{"line":163,"column":86}},"40":{"start":{"line":164,"column":19},"end":{"line":166,"column":13}},"41":{"start":{"line":165,"column":16},"end":{"line":165,"column":89}},"42":{"start":{"line":165,"column":51},"end":{"line":165,"column":87}},"43":{"start":{"line":170,"column":8},"end":{"line":175,"column":9}},"44":{"start":{"line":171,"column":12},"end":{"line":174,"column":15}},"45":{"start":{"line":172,"column":31},"end":{"line":172,"column":65}},"46":{"start":{"line":173,"column":16},"end":{"line":173,"column":47}},"47":{"start":{"line":177,"column":8},"end":{"line":177,"column":35}},"48":{"start":{"line":183,"column":21},"end":{"line":201,"column":5}},"49":{"start":{"line":185,"column":35},"end":{"line":185,"column":74}},"50":{"start":{"line":186,"column":30},"end":{"line":186,"column":64}},"51":{"start":{"line":189,"column":8},"end":{"line":193,"column":9}},"52":{"start":{"line":192,"column":12},"end":{"line":192,"column":41}},"53":{"start":{"line":196,"column":33},"end":{"line":196,"column":63}},"54":{"start":{"line":197,"column":28},"end":{"line":197,"column":53}},"55":{"start":{"line":199,"column":8},"end":{"line":199,"column":40}},"56":{"start":{"line":200,"column":8},"end":{"line":200,"column":30}},"57":{"start":{"line":206,"column":30},"end":{"line":210,"column":5}},"58":{"start":{"line":207,"column":8},"end":{"line":207,"column":41}},"59":{"start":{"line":208,"column":8},"end":{"line":208,"column":39}},"60":{"start":{"line":209,"column":8},"end":{"line":209,"column":26}},"61":{"start":{"line":215,"column":29},"end":{"line":219,"column":5}},"62":{"start":{"line":216,"column":8},"end":{"line":216,"column":37}},"63":{"start":{"line":217,"column":8},"end":{"line":217,"column":34}},"64":{"start":{"line":218,"column":8},"end":{"line":218,"column":26}},"65":{"start":{"line":224,"column":36},"end":{"line":227,"column":5}},"66":{"start":{"line":225,"column":8},"end":{"line":225,"column":59}},"67":{"start":{"line":225,"column":50},"end":{"line":225,"column":59}},"68":{"start":{"line":226,"column":8},"end":{"line":226,"column":83}},"69":{"start":{"line":226,"column":36},"end":{"line":226,"column":74}},"70":{"start":{"line":232,"column":29},"end":{"line":254,"column":5}},"71":{"start":{"line":233,"column":26},"end":{"line":233,"column":28}},"72":{"start":{"line":236,"column":8},"end":{"line":238,"column":9}},"73":{"start":{"line":237,"column":12},"end":{"line":237,"column":70}},"74":{"start":{"line":241,"column":8},"end":{"line":245,"column":9}},"75":{"start":{"line":242,"column":35},"end":{"line":243,"column":73}},"76":{"start":{"line":244,"column":12},"end":{"line":244,"column":67}},"77":{"start":{"line":248,"column":8},"end":{"line":250,"column":9}},"78":{"start":{"line":249,"column":12},"end":{"line":249,"column":76}},"79":{"start":{"line":252,"column":8},"end":{"line":252,"column":29}},"80":{"start":{"line":253,"column":8},"end":{"line":253,"column":51}},"81":{"start":{"line":259,"column":25},"end":{"line":291,"column":5}},"82":{"start":{"line":260,"column":26},"end":{"line":260,"column":28}},"83":{"start":{"line":263,"column":8},"end":{"line":265,"column":9}},"84":{"start":{"line":264,"column":12},"end":{"line":264,"column":58}},"85":{"start":{"line":268,"column":8},"end":{"line":270,"column":9}},"86":{"start":{"line":269,"column":12},"end":{"line":269,"column":70}},"87":{"start":{"line":273,"column":8},"end":{"line":282,"column":9}},"88":{"start":{"line":274,"column":34},"end":{"line":276,"column":13}},"89":{"start":{"line":275,"column":16},"end":{"line":275,"column":59}},"90":{"start":{"line":277,"column":12},"end":{"line":279,"column":13}},"91":{"start":{"line":278,"column":16},"end":{"line":278,"column":79}},"92":{"start":{"line":281,"column":12},"end":{"line":281,"column":68}},"93":{"start":{"line":285,"column":8},"end":{"line":287,"column":9}},"94":{"start":{"line":286,"column":12},"end":{"line":286,"column":80}},"95":{"start":{"line":289,"column":8},"end":{"line":289,"column":29}},"96":{"start":{"line":290,"column":8},"end":{"line":290,"column":51}},"97":{"start":{"line":296,"column":27},"end":{"line":330,"column":5}},"98":{"start":{"line":297,"column":8},"end":{"line":297,"column":40}},"99":{"start":{"line":297,"column":33},"end":{"line":297,"column":40}},"100":{"start":{"line":300,"column":29},"end":{"line":304,"column":9}},"101":{"start":{"line":306,"column":30},"end":{"line":306,"column":68}},"102":{"start":{"line":309,"column":8},"end":{"line":309,"column":19}},"103":{"start":{"line":312,"column":8},"end":{"line":314,"column":9}},"104":{"start":{"line":313,"column":12},"end":{"line":313,"column":43}},"105":{"start":{"line":317,"column":8},"end":{"line":324,"column":11}},"106":{"start":{"line":326,"column":8},"end":{"line":326,"column":35}},"107":{"start":{"line":327,"column":8},"end":{"line":327,"column":22}},"108":{"start":{"line":329,"column":8},"end":{"line":329,"column":79}},"109":{"start":{"line":335,"column":23},"end":{"line":371,"column":5}},"110":{"start":{"line":336,"column":8},"end":{"line":336,"column":36}},"111":{"start":{"line":336,"column":29},"end":{"line":336,"column":36}},"112":{"start":{"line":339,"column":25},"end":{"line":343,"column":9}},"113":{"start":{"line":345,"column":26},"end":{"line":345,"column":56}},"114":{"start":{"line":348,"column":8},"end":{"line":348,"column":19}},"115":{"start":{"line":351,"column":8},"end":{"line":353,"column":9}},"116":{"start":{"line":352,"column":12},"end":{"line":352,"column":39}},"117":{"start":{"line":356,"column":8},"end":{"line":365,"column":11}},"118":{"start":{"line":367,"column":8},"end":{"line":367,"column":35}},"119":{"start":{"line":368,"column":8},"end":{"line":368,"column":22}},"120":{"start":{"line":370,"column":8},"end":{"line":370,"column":51}},"121":{"start":{"line":376,"column":23},"end":{"line":382,"column":5}},"122":{"start":{"line":377,"column":8},"end":{"line":381,"column":9}},"123":{"start":{"line":378,"column":12},"end":{"line":378,"column":43}},"124":{"start":{"line":379,"column":12},"end":{"line":379,"column":23}},"125":{"start":{"line":380,"column":12},"end":{"line":380,"column":43}},"126":{"start":{"line":387,"column":27},"end":{"line":397,"column":5}},"127":{"start":{"line":388,"column":8},"end":{"line":396,"column":9}},"128":{"start":{"line":389,"column":12},"end":{"line":393,"column":13}},"129":{"start":{"line":390,"column":16},"end":{"line":390,"column":55}},"130":{"start":{"line":391,"column":16},"end":{"line":391,"column":27}},"131":{"start":{"line":392,"column":16},"end":{"line":392,"column":51}},"132":{"start":{"line":395,"column":12},"end":{"line":395,"column":33}},"133":{"start":{"line":402,"column":30},"end":{"line":413,"column":5}},"134":{"start":{"line":403,"column":8},"end":{"line":411,"column":11}},"135":{"start":{"line":412,"column":8},"end":{"line":412,"column":40}},"136":{"start":{"line":418,"column":31},"end":{"line":443,"column":5}},"137":{"start":{"line":419,"column":8},"end":{"line":419,"column":40}},"138":{"start":{"line":419,"column":33},"end":{"line":419,"column":40}},"139":{"start":{"line":421,"column":32},"end":{"line":425,"column":9}},"140":{"start":{"line":427,"column":8},"end":{"line":427,"column":68}},"141":{"start":{"line":428,"column":8},"end":{"line":428,"column":19}},"142":{"start":{"line":431,"column":8},"end":{"line":438,"column":11}},"143":{"start":{"line":440,"column":8},"end":{"line":440,"column":35}},"144":{"start":{"line":441,"column":8},"end":{"line":441,"column":22}},"145":{"start":{"line":442,"column":8},"end":{"line":442,"column":47}},"146":{"start":{"line":448,"column":26},"end":{"line":454,"column":5}},"147":{"start":{"line":449,"column":8},"end":{"line":452,"column":11}},"148":{"start":{"line":453,"column":8},"end":{"line":453,"column":36}},"149":{"start":{"line":459,"column":27},"end":{"line":478,"column":5}},"150":{"start":{"line":460,"column":8},"end":{"line":463,"column":9}},"151":{"start":{"line":461,"column":12},"end":{"line":461,"column":44}},"152":{"start":{"line":462,"column":12},"end":{"line":462,"column":19}},"153":{"start":{"line":466,"column":28},"end":{"line":471,"column":9}},"154":{"start":{"line":469,"column":53},"end":{"line":469,"column":61}},"155":{"start":{"line":469,"column":75},"end":{"line":469,"column":76}},"156":{"start":{"line":473,"column":8},"end":{"line":473,"column":60}},"157":{"start":{"line":474,"column":8},"end":{"line":474,"column":19}},"158":{"start":{"line":475,"column":8},"end":{"line":475,"column":29}},"159":{"start":{"line":476,"column":8},"end":{"line":476,"column":35}},"160":{"start":{"line":477,"column":8},"end":{"line":477,"column":43}},"161":{"start":{"line":483,"column":29},"end":{"line":494,"column":5}},"162":{"start":{"line":484,"column":8},"end":{"line":484,"column":64}},"163":{"start":{"line":484,"column":57},"end":{"line":484,"column":64}},"164":{"start":{"line":486,"column":27},"end":{"line":486,"column":47}},"165":{"start":{"line":487,"column":8},"end":{"line":487,"column":40}},"166":{"start":{"line":490,"column":8},"end":{"line":493,"column":11}},"167":{"start":{"line":499,"column":33},"end":{"line":510,"column":5}},"168":{"start":{"line":500,"column":8},"end":{"line":500,"column":72}},"169":{"start":{"line":500,"column":65},"end":{"line":500,"column":72}},"170":{"start":{"line":502,"column":27},"end":{"line":502,"column":51}},"171":{"start":{"line":503,"column":8},"end":{"line":503,"column":40}},"172":{"start":{"line":506,"column":8},"end":{"line":509,"column":11}},"173":{"start":{"line":515,"column":29},"end":{"line":523,"column":5}},"174":{"start":{"line":516,"column":8},"end":{"line":522,"column":9}},"175":{"start":{"line":517,"column":28},"end":{"line":517,"column":58}},"176":{"start":{"line":518,"column":12},"end":{"line":518,"column":57}},"177":{"start":{"line":520,"column":12},"end":{"line":520,"column":69}},"178":{"start":{"line":521,"column":12},"end":{"line":521,"column":22}},"179":{"start":{"line":529,"column":29},"end":{"line":533,"column":5}},"180":{"start":{"line":530,"column":8},"end":{"line":530,"column":48}},"181":{"start":{"line":531,"column":8},"end":{"line":531,"column":32}},"182":{"start":{"line":532,"column":8},"end":{"line":532,"column":192}},"183":{"start":{"line":538,"column":37},"end":{"line":680,"column":5}},"184":{"start":{"line":539,"column":8},"end":{"line":679,"column":14}},"185":{"start":{"line":551,"column":36},"end":{"line":551,"column":65}},"186":{"start":{"line":552,"column":36},"end":{"line":552,"column":47}},"187":{"start":{"line":561,"column":47},"end":{"line":561,"column":77}},"188":{"start":{"line":590,"column":93},"end":{"line":674,"column":29}},"189":{"start":{"line":595,"column":55},"end":{"line":595,"column":94}},"190":{"start":{"line":607,"column":56},"end":{"line":607,"column":76}},"191":{"start":{"line":608,"column":75},"end":{"line":608,"column":132}},"192":{"start":{"line":609,"column":56},"end":{"line":613,"column":57}},"193":{"start":{"line":610,"column":60},"end":{"line":610,"column":88}},"194":{"start":{"line":611,"column":63},"end":{"line":613,"column":57}},"195":{"start":{"line":612,"column":60},"end":{"line":612,"column":88}},"196":{"start":{"line":643,"column":60},"end":{"line":643,"column":80}},"197":{"start":{"line":644,"column":60},"end":{"line":646,"column":61}},"198":{"start":{"line":645,"column":64},"end":{"line":645,"column":92}},"199":{"start":{"line":655,"column":60},"end":{"line":655,"column":80}},"200":{"start":{"line":656,"column":60},"end":{"line":663,"column":61}},"201":{"start":{"line":658,"column":64},"end":{"line":661,"column":67}},"202":{"start":{"line":662,"column":64},"end":{"line":662,"column":91}},"203":{"start":{"line":685,"column":33},"end":{"line":1099,"column":5}},"204":{"start":{"line":686,"column":8},"end":{"line":1098,"column":14}},"205":{"start":{"line":708,"column":36},"end":{"line":715,"column":37}},"206":{"start":{"line":710,"column":40},"end":{"line":713,"column":43}},"207":{"start":{"line":714,"column":40},"end":{"line":714,"column":67}},"208":{"start":{"line":751,"column":53},"end":{"line":751,"column":85}},"209":{"start":{"line":754,"column":40},"end":{"line":756,"column":49}},"210":{"start":{"line":782,"column":57},"end":{"line":782,"column":86}},"211":{"start":{"line":794,"column":57},"end":{"line":794,"column":88}},"212":{"start":{"line":798,"column":44},"end":{"line":800,"column":53}},"213":{"start":{"line":812,"column":57},"end":{"line":812,"column":92}},"214":{"start":{"line":828,"column":57},"end":{"line":828,"column":90}},"215":{"start":{"line":848,"column":61},"end":{"line":848,"column":92}},"216":{"start":{"line":867,"column":58},"end":{"line":867,"column":120}},"217":{"start":{"line":868,"column":59},"end":{"line":871,"column":40}},"218":{"start":{"line":869,"column":36},"end":{"line":870,"column":104}},"219":{"start":{"line":872,"column":32},"end":{"line":877,"column":41}},"220":{"start":{"line":899,"column":95},"end":{"line":1093,"column":29}},"221":{"start":{"line":908,"column":86},"end":{"line":908,"column":148}},"222":{"start":{"line":909,"column":60},"end":{"line":914,"column":69}},"223":{"start":{"line":917,"column":79},"end":{"line":917,"column":113}},"224":{"start":{"line":918,"column":60},"end":{"line":932,"column":61}},"225":{"start":{"line":919,"column":64},"end":{"line":924,"column":66}},"226":{"start":{"line":925,"column":67},"end":{"line":932,"column":61}},"227":{"start":{"line":926,"column":64},"end":{"line":931,"column":66}},"228":{"start":{"line":933,"column":60},"end":{"line":933,"column":72}},"229":{"start":{"line":948,"column":64},"end":{"line":948,"column":84}},"230":{"start":{"line":949,"column":64},"end":{"line":949,"column":84}},"231":{"start":{"line":960,"column":64},"end":{"line":960,"column":84}},"232":{"start":{"line":961,"column":64},"end":{"line":961,"column":84}},"233":{"start":{"line":971,"column":60},"end":{"line":971,"column":80}},"234":{"start":{"line":972,"column":86},"end":{"line":972,"column":148}},"235":{"start":{"line":973,"column":60},"end":{"line":982,"column":61}},"236":{"start":{"line":974,"column":64},"end":{"line":979,"column":65}},"237":{"start":{"line":975,"column":68},"end":{"line":975,"column":100}},"238":{"start":{"line":976,"column":68},"end":{"line":976,"column":146}},"239":{"start":{"line":977,"column":68},"end":{"line":977,"column":99}},"240":{"start":{"line":978,"column":68},"end":{"line":978,"column":79}},"241":{"start":{"line":981,"column":64},"end":{"line":981,"column":109}},"242":{"start":{"line":995,"column":56},"end":{"line":1009,"column":62}},"243":{"start":{"line":1040,"column":75},"end":{"line":1040,"column":109}},"244":{"start":{"line":1041,"column":56},"end":{"line":1079,"column":58}},"245":{"start":{"line":1046,"column":72},"end":{"line":1046,"column":108}},"246":{"start":{"line":1047,"column":72},"end":{"line":1047,"column":83}},"247":{"start":{"line":1057,"column":87},"end":{"line":1057,"column":134}},"248":{"start":{"line":1058,"column":72},"end":{"line":1058,"column":149}},"249":{"start":{"line":1059,"column":72},"end":{"line":1059,"column":83}},"250":{"start":{"line":1069,"column":87},"end":{"line":1069,"column":135}},"251":{"start":{"line":1070,"column":72},"end":{"line":1070,"column":129}},"252":{"start":{"line":1071,"column":72},"end":{"line":1071,"column":83}},"253":{"start":{"line":1104,"column":30},"end":{"line":1241,"column":5}},"254":{"start":{"line":1105,"column":8},"end":{"line":1240,"column":14}},"255":{"start":{"line":1117,"column":51},"end":{"line":1117,"column":77}},"256":{"start":{"line":1135,"column":57},"end":{"line":1135,"column":113}},"257":{"start":{"line":1154,"column":57},"end":{"line":1154,"column":120}},"258":{"start":{"line":1174,"column":65},"end":{"line":1174,"column":121}},"259":{"start":{"line":1177,"column":52},"end":{"line":1179,"column":61}},"260":{"start":{"line":1193,"column":65},"end":{"line":1193,"column":122}},"261":{"start":{"line":1196,"column":52},"end":{"line":1198,"column":61}},"262":{"start":{"line":1211,"column":57},"end":{"line":1211,"column":119}},"263":{"start":{"line":1222,"column":55},"end":{"line":1222,"column":81}},"264":{"start":{"line":1246,"column":31},"end":{"line":1403,"column":5}},"265":{"start":{"line":1247,"column":8},"end":{"line":1402,"column":14}},"266":{"start":{"line":1260,"column":40},"end":{"line":1267,"column":43}},"267":{"start":{"line":1268,"column":40},"end":{"line":1268,"column":67}},"268":{"start":{"line":1287,"column":57},"end":{"line":1287,"column":113}},"269":{"start":{"line":1306,"column":57},"end":{"line":1306,"column":120}},"270":{"start":{"line":1326,"column":65},"end":{"line":1326,"column":121}},"271":{"start":{"line":1329,"column":52},"end":{"line":1331,"column":61}},"272":{"start":{"line":1345,"column":65},"end":{"line":1345,"column":122}},"273":{"start":{"line":1348,"column":52},"end":{"line":1350,"column":61}},"274":{"start":{"line":1363,"column":57},"end":{"line":1363,"column":119}},"275":{"start":{"line":1375,"column":44},"end":{"line":1382,"column":47}},"276":{"start":{"line":1383,"column":44},"end":{"line":1383,"column":71}},"277":{"start":{"line":1408,"column":26},"end":{"line":1599,"column":5}},"278":{"start":{"line":1409,"column":8},"end":{"line":1598,"column":14}},"279":{"start":{"line":1421,"column":51},"end":{"line":1421,"column":77}},"280":{"start":{"line":1438,"column":57},"end":{"line":1438,"column":111}},"281":{"start":{"line":1442,"column":44},"end":{"line":1444,"column":53}},"282":{"start":{"line":1463,"column":57},"end":{"line":1463,"column":109}},"283":{"start":{"line":1478,"column":40},"end":{"line":1500,"column":46}},"284":{"start":{"line":1486,"column":38},"end":{"line":1489,"column":42}},"285":{"start":{"line":1486,"column":62},"end":{"line":1489,"column":39}},"286":{"start":{"line":1497,"column":65},"end":{"line":1497,"column":104}},"287":{"start":{"line":1524,"column":65},"end":{"line":1524,"column":119}},"288":{"start":{"line":1542,"column":65},"end":{"line":1542,"column":113}},"289":{"start":{"line":1558,"column":57},"end":{"line":1558,"column":112}},"290":{"start":{"line":1569,"column":57},"end":{"line":1569,"column":111}},"291":{"start":{"line":1580,"column":55},"end":{"line":1580,"column":81}},"292":{"start":{"line":1604,"column":27},"end":{"line":1749,"column":5}},"293":{"start":{"line":1605,"column":8},"end":{"line":1748,"column":14}},"294":{"start":{"line":1618,"column":40},"end":{"line":1618,"column":61}},"295":{"start":{"line":1619,"column":40},"end":{"line":1619,"column":67}},"296":{"start":{"line":1639,"column":61},"end":{"line":1639,"column":121}},"297":{"start":{"line":1648,"column":44},"end":{"line":1671,"column":50}},"298":{"start":{"line":1657,"column":62},"end":{"line":1660,"column":43}},"299":{"start":{"line":1661,"column":42},"end":{"line":1661,"column":70}},"300":{"start":{"line":1669,"column":69},"end":{"line":1669,"column":112}},"301":{"start":{"line":1685,"column":69},"end":{"line":1685,"column":131}},"302":{"start":{"line":1703,"column":69},"end":{"line":1703,"column":125}},"303":{"start":{"line":1718,"column":61},"end":{"line":1718,"column":124}},"304":{"start":{"line":1727,"column":48},"end":{"line":1727,"column":69}},"305":{"start":{"line":1728,"column":48},"end":{"line":1728,"column":75}},"306":{"start":{"line":1752,"column":4},"end":{"line":1763,"column":5}},"307":{"start":{"line":1754,"column":12},"end":{"line":1754,"column":39}},"308":{"start":{"line":1756,"column":12},"end":{"line":1756,"column":40}},"309":{"start":{"line":1758,"column":12},"end":{"line":1758,"column":35}},"310":{"start":{"line":1760,"column":12},"end":{"line":1760,"column":36}},"311":{"start":{"line":1762,"column":12},"end":{"line":1762,"column":104}},"312":{"start":{"line":51,"column":40},"end":{"line":51,"column":52}},"313":{"start":{"line":52,"column":30},"end":{"line":52,"column":42}},"314":{"start":{"line":53,"column":46},"end":{"line":53,"column":58}},"315":{"start":{"line":54,"column":42},"end":{"line":54,"column":62}},"316":{"start":{"line":55,"column":40},"end":{"line":55,"column":52}},"317":{"start":{"line":56,"column":44},"end":{"line":56,"column":59}},"318":{"start":{"line":57,"column":52},"end":{"line":57,"column":67}},"319":{"start":{"line":58,"column":48},"end":{"line":58,"column":63}},"320":{"start":{"line":59,"column":44},"end":{"line":59,"column":59}},"321":{"start":{"line":62,"column":42},"end":{"line":62,"column":84}},"322":{"start":{"line":65,"column":36},"end":{"line":65,"column":58}},"323":{"start":{"line":66,"column":58},"end":{"line":66,"column":72}},"324":{"start":{"line":72,"column":42},"end":{"line":72,"column":56}},"325":{"start":{"line":75,"column":42},"end":{"line":82,"column":6}},"326":{"start":{"line":100,"column":34},"end":{"line":109,"column":6}},"327":{"start":{"line":111,"column":32},"end":{"line":111,"column":44}},"328":{"start":{"line":114,"column":26},"end":{"line":127,"column":5}},"329":{"start":{"line":129,"column":27},"end":{"line":136,"column":5}},"330":{"start":{"line":141,"column":4},"end":{"line":143,"column":11}},"331":{"start":{"line":142,"column":8},"end":{"line":142,"column":19}},"332":{"start":{"line":150,"column":4},"end":{"line":197,"column":111}},"333":{"start":{"line":151,"column":23},"end":{"line":151,"column":28}},"334":{"start":{"line":154,"column":8},"end":{"line":156,"column":9}},"335":{"start":{"line":155,"column":12},"end":{"line":155,"column":91}},"336":{"start":{"line":155,"column":47},"end":{"line":155,"column":89}},"337":{"start":{"line":159,"column":8},"end":{"line":166,"column":9}},"338":{"start":{"line":160,"column":12},"end":{"line":165,"column":14}},"339":{"start":{"line":161,"column":16},"end":{"line":164,"column":18}},"340":{"start":{"line":163,"column":20},"end":{"line":163,"column":99}},"341":{"start":{"line":169,"column":8},"end":{"line":171,"column":9}},"342":{"start":{"line":170,"column":12},"end":{"line":170,"column":77}},"343":{"start":{"line":170,"column":47},"end":{"line":170,"column":75}},"344":{"start":{"line":174,"column":8},"end":{"line":176,"column":9}},"345":{"start":{"line":175,"column":12},"end":{"line":175,"column":85}},"346":{"start":{"line":175,"column":47},"end":{"line":175,"column":83}},"347":{"start":{"line":179,"column":8},"end":{"line":186,"column":9}},"348":{"start":{"line":180,"column":38},"end":{"line":180,"column":100}},"349":{"start":{"line":181,"column":12},"end":{"line":185,"column":13}},"350":{"start":{"line":182,"column":16},"end":{"line":182,"column":88}},"351":{"start":{"line":182,"column":51},"end":{"line":182,"column":86}},"352":{"start":{"line":183,"column":19},"end":{"line":185,"column":13}},"353":{"start":{"line":184,"column":16},"end":{"line":184,"column":89}},"354":{"start":{"line":184,"column":51},"end":{"line":184,"column":87}},"355":{"start":{"line":189,"column":8},"end":{"line":194,"column":9}},"356":{"start":{"line":190,"column":12},"end":{"line":193,"column":15}},"357":{"start":{"line":191,"column":31},"end":{"line":191,"column":65}},"358":{"start":{"line":192,"column":16},"end":{"line":192,"column":47}},"359":{"start":{"line":196,"column":8},"end":{"line":196,"column":35}},"360":{"start":{"line":202,"column":21},"end":{"line":220,"column":5}},"361":{"start":{"line":204,"column":35},"end":{"line":204,"column":74}},"362":{"start":{"line":205,"column":30},"end":{"line":205,"column":64}},"363":{"start":{"line":208,"column":8},"end":{"line":212,"column":9}},"364":{"start":{"line":211,"column":12},"end":{"line":211,"column":41}},"365":{"start":{"line":215,"column":33},"end":{"line":215,"column":63}},"366":{"start":{"line":216,"column":28},"end":{"line":216,"column":53}},"367":{"start":{"line":218,"column":8},"end":{"line":218,"column":40}},"368":{"start":{"line":219,"column":8},"end":{"line":219,"column":30}},"369":{"start":{"line":225,"column":30},"end":{"line":229,"column":5}},"370":{"start":{"line":226,"column":8},"end":{"line":226,"column":41}},"371":{"start":{"line":227,"column":8},"end":{"line":227,"column":39}},"372":{"start":{"line":228,"column":8},"end":{"line":228,"column":26}},"373":{"start":{"line":234,"column":29},"end":{"line":238,"column":5}},"374":{"start":{"line":235,"column":8},"end":{"line":235,"column":37}},"375":{"start":{"line":236,"column":8},"end":{"line":236,"column":34}},"376":{"start":{"line":237,"column":8},"end":{"line":237,"column":26}},"377":{"start":{"line":243,"column":36},"end":{"line":246,"column":5}},"378":{"start":{"line":244,"column":8},"end":{"line":244,"column":59}},"379":{"start":{"line":244,"column":50},"end":{"line":244,"column":59}},"380":{"start":{"line":245,"column":8},"end":{"line":245,"column":83}},"381":{"start":{"line":245,"column":36},"end":{"line":245,"column":74}},"382":{"start":{"line":251,"column":29},"end":{"line":273,"column":5}},"383":{"start":{"line":252,"column":26},"end":{"line":252,"column":28}},"384":{"start":{"line":255,"column":8},"end":{"line":257,"column":9}},"385":{"start":{"line":256,"column":12},"end":{"line":256,"column":70}},"386":{"start":{"line":260,"column":8},"end":{"line":264,"column":9}},"387":{"start":{"line":261,"column":35},"end":{"line":262,"column":73}},"388":{"start":{"line":263,"column":12},"end":{"line":263,"column":67}},"389":{"start":{"line":267,"column":8},"end":{"line":269,"column":9}},"390":{"start":{"line":268,"column":12},"end":{"line":268,"column":76}},"391":{"start":{"line":271,"column":8},"end":{"line":271,"column":29}},"392":{"start":{"line":272,"column":8},"end":{"line":272,"column":51}},"393":{"start":{"line":278,"column":25},"end":{"line":310,"column":5}},"394":{"start":{"line":279,"column":26},"end":{"line":279,"column":28}},"395":{"start":{"line":282,"column":8},"end":{"line":284,"column":9}},"396":{"start":{"line":283,"column":12},"end":{"line":283,"column":58}},"397":{"start":{"line":287,"column":8},"end":{"line":289,"column":9}},"398":{"start":{"line":288,"column":12},"end":{"line":288,"column":70}},"399":{"start":{"line":292,"column":8},"end":{"line":301,"column":9}},"400":{"start":{"line":293,"column":34},"end":{"line":295,"column":13}},"401":{"start":{"line":294,"column":16},"end":{"line":294,"column":59}},"402":{"start":{"line":296,"column":12},"end":{"line":298,"column":13}},"403":{"start":{"line":297,"column":16},"end":{"line":297,"column":79}},"404":{"start":{"line":300,"column":12},"end":{"line":300,"column":68}},"405":{"start":{"line":304,"column":8},"end":{"line":306,"column":9}},"406":{"start":{"line":305,"column":12},"end":{"line":305,"column":80}},"407":{"start":{"line":308,"column":8},"end":{"line":308,"column":29}},"408":{"start":{"line":309,"column":8},"end":{"line":309,"column":51}},"409":{"start":{"line":315,"column":27},"end":{"line":349,"column":5}},"410":{"start":{"line":316,"column":8},"end":{"line":316,"column":40}},"411":{"start":{"line":316,"column":33},"end":{"line":316,"column":40}},"412":{"start":{"line":319,"column":29},"end":{"line":323,"column":9}},"413":{"start":{"line":325,"column":30},"end":{"line":325,"column":68}},"414":{"start":{"line":328,"column":8},"end":{"line":328,"column":19}},"415":{"start":{"line":331,"column":8},"end":{"line":333,"column":9}},"416":{"start":{"line":332,"column":12},"end":{"line":332,"column":43}},"417":{"start":{"line":336,"column":8},"end":{"line":343,"column":11}},"418":{"start":{"line":345,"column":8},"end":{"line":345,"column":35}},"419":{"start":{"line":346,"column":8},"end":{"line":346,"column":22}},"420":{"start":{"line":348,"column":8},"end":{"line":348,"column":79}},"421":{"start":{"line":354,"column":23},"end":{"line":390,"column":5}},"422":{"start":{"line":355,"column":8},"end":{"line":355,"column":36}},"423":{"start":{"line":355,"column":29},"end":{"line":355,"column":36}},"424":{"start":{"line":358,"column":25},"end":{"line":362,"column":9}},"425":{"start":{"line":364,"column":26},"end":{"line":364,"column":56}},"426":{"start":{"line":367,"column":8},"end":{"line":367,"column":19}},"427":{"start":{"line":370,"column":8},"end":{"line":372,"column":9}},"428":{"start":{"line":371,"column":12},"end":{"line":371,"column":39}},"429":{"start":{"line":375,"column":8},"end":{"line":384,"column":11}},"430":{"start":{"line":386,"column":8},"end":{"line":386,"column":35}},"431":{"start":{"line":387,"column":8},"end":{"line":387,"column":22}},"432":{"start":{"line":389,"column":8},"end":{"line":389,"column":51}},"433":{"start":{"line":395,"column":23},"end":{"line":401,"column":5}},"434":{"start":{"line":396,"column":8},"end":{"line":400,"column":9}},"435":{"start":{"line":397,"column":12},"end":{"line":397,"column":43}},"436":{"start":{"line":398,"column":12},"end":{"line":398,"column":23}},"437":{"start":{"line":399,"column":12},"end":{"line":399,"column":43}},"438":{"start":{"line":406,"column":27},"end":{"line":416,"column":5}},"439":{"start":{"line":407,"column":8},"end":{"line":415,"column":9}},"440":{"start":{"line":408,"column":12},"end":{"line":412,"column":13}},"441":{"start":{"line":409,"column":16},"end":{"line":409,"column":55}},"442":{"start":{"line":410,"column":16},"end":{"line":410,"column":27}},"443":{"start":{"line":411,"column":16},"end":{"line":411,"column":51}},"444":{"start":{"line":414,"column":12},"end":{"line":414,"column":33}},"445":{"start":{"line":421,"column":30},"end":{"line":432,"column":5}},"446":{"start":{"line":422,"column":8},"end":{"line":430,"column":11}},"447":{"start":{"line":431,"column":8},"end":{"line":431,"column":40}},"448":{"start":{"line":437,"column":31},"end":{"line":462,"column":5}},"449":{"start":{"line":438,"column":8},"end":{"line":438,"column":40}},"450":{"start":{"line":438,"column":33},"end":{"line":438,"column":40}},"451":{"start":{"line":440,"column":32},"end":{"line":444,"column":9}},"452":{"start":{"line":446,"column":8},"end":{"line":446,"column":68}},"453":{"start":{"line":447,"column":8},"end":{"line":447,"column":19}},"454":{"start":{"line":450,"column":8},"end":{"line":457,"column":11}},"455":{"start":{"line":459,"column":8},"end":{"line":459,"column":35}},"456":{"start":{"line":460,"column":8},"end":{"line":460,"column":22}},"457":{"start":{"line":461,"column":8},"end":{"line":461,"column":47}},"458":{"start":{"line":467,"column":26},"end":{"line":473,"column":5}},"459":{"start":{"line":468,"column":8},"end":{"line":471,"column":11}},"460":{"start":{"line":472,"column":8},"end":{"line":472,"column":36}},"461":{"start":{"line":478,"column":27},"end":{"line":497,"column":5}},"462":{"start":{"line":479,"column":8},"end":{"line":482,"column":9}},"463":{"start":{"line":480,"column":12},"end":{"line":480,"column":44}},"464":{"start":{"line":481,"column":12},"end":{"line":481,"column":19}},"465":{"start":{"line":485,"column":28},"end":{"line":490,"column":9}},"466":{"start":{"line":488,"column":53},"end":{"line":488,"column":61}},"467":{"start":{"line":488,"column":75},"end":{"line":488,"column":76}},"468":{"start":{"line":492,"column":8},"end":{"line":492,"column":60}},"469":{"start":{"line":493,"column":8},"end":{"line":493,"column":19}},"470":{"start":{"line":494,"column":8},"end":{"line":494,"column":29}},"471":{"start":{"line":495,"column":8},"end":{"line":495,"column":35}},"472":{"start":{"line":496,"column":8},"end":{"line":496,"column":43}},"473":{"start":{"line":502,"column":29},"end":{"line":513,"column":5}},"474":{"start":{"line":503,"column":8},"end":{"line":503,"column":64}},"475":{"start":{"line":503,"column":57},"end":{"line":503,"column":64}},"476":{"start":{"line":505,"column":27},"end":{"line":505,"column":47}},"477":{"start":{"line":506,"column":8},"end":{"line":506,"column":40}},"478":{"start":{"line":509,"column":8},"end":{"line":512,"column":11}},"479":{"start":{"line":518,"column":33},"end":{"line":529,"column":5}},"480":{"start":{"line":519,"column":8},"end":{"line":519,"column":72}},"481":{"start":{"line":519,"column":65},"end":{"line":519,"column":72}},"482":{"start":{"line":521,"column":27},"end":{"line":521,"column":51}},"483":{"start":{"line":522,"column":8},"end":{"line":522,"column":40}},"484":{"start":{"line":525,"column":8},"end":{"line":528,"column":11}},"485":{"start":{"line":534,"column":29},"end":{"line":542,"column":5}},"486":{"start":{"line":535,"column":8},"end":{"line":541,"column":9}},"487":{"start":{"line":536,"column":28},"end":{"line":536,"column":58}},"488":{"start":{"line":537,"column":12},"end":{"line":537,"column":57}},"489":{"start":{"line":539,"column":12},"end":{"line":539,"column":69}},"490":{"start":{"line":540,"column":12},"end":{"line":540,"column":22}},"491":{"start":{"line":548,"column":29},"end":{"line":552,"column":5}},"492":{"start":{"line":549,"column":8},"end":{"line":549,"column":48}},"493":{"start":{"line":550,"column":8},"end":{"line":550,"column":32}},"494":{"start":{"line":551,"column":8},"end":{"line":551,"column":192}},"495":{"start":{"line":557,"column":37},"end":{"line":699,"column":5}},"496":{"start":{"line":558,"column":8},"end":{"line":698,"column":14}},"497":{"start":{"line":570,"column":36},"end":{"line":570,"column":65}},"498":{"start":{"line":571,"column":36},"end":{"line":571,"column":47}},"499":{"start":{"line":580,"column":47},"end":{"line":580,"column":77}},"500":{"start":{"line":609,"column":93},"end":{"line":693,"column":29}},"501":{"start":{"line":614,"column":55},"end":{"line":614,"column":94}},"502":{"start":{"line":626,"column":56},"end":{"line":626,"column":76}},"503":{"start":{"line":627,"column":75},"end":{"line":627,"column":132}},"504":{"start":{"line":628,"column":56},"end":{"line":632,"column":57}},"505":{"start":{"line":629,"column":60},"end":{"line":629,"column":88}},"506":{"start":{"line":630,"column":63},"end":{"line":632,"column":57}},"507":{"start":{"line":631,"column":60},"end":{"line":631,"column":88}},"508":{"start":{"line":662,"column":60},"end":{"line":662,"column":80}},"509":{"start":{"line":663,"column":60},"end":{"line":665,"column":61}},"510":{"start":{"line":664,"column":64},"end":{"line":664,"column":92}},"511":{"start":{"line":674,"column":60},"end":{"line":674,"column":80}},"512":{"start":{"line":675,"column":60},"end":{"line":682,"column":61}},"513":{"start":{"line":677,"column":64},"end":{"line":680,"column":67}},"514":{"start":{"line":681,"column":64},"end":{"line":681,"column":91}},"515":{"start":{"line":704,"column":33},"end":{"line":1118,"column":5}},"516":{"start":{"line":705,"column":8},"end":{"line":1117,"column":14}},"517":{"start":{"line":727,"column":36},"end":{"line":734,"column":37}},"518":{"start":{"line":729,"column":40},"end":{"line":732,"column":43}},"519":{"start":{"line":733,"column":40},"end":{"line":733,"column":67}},"520":{"start":{"line":770,"column":53},"end":{"line":770,"column":85}},"521":{"start":{"line":773,"column":40},"end":{"line":775,"column":49}},"522":{"start":{"line":801,"column":57},"end":{"line":801,"column":86}},"523":{"start":{"line":813,"column":57},"end":{"line":813,"column":88}},"524":{"start":{"line":817,"column":44},"end":{"line":819,"column":53}},"525":{"start":{"line":831,"column":57},"end":{"line":831,"column":92}},"526":{"start":{"line":847,"column":57},"end":{"line":847,"column":90}},"527":{"start":{"line":867,"column":61},"end":{"line":867,"column":92}},"528":{"start":{"line":886,"column":58},"end":{"line":886,"column":120}},"529":{"start":{"line":887,"column":59},"end":{"line":890,"column":40}},"530":{"start":{"line":888,"column":36},"end":{"line":889,"column":104}},"531":{"start":{"line":891,"column":32},"end":{"line":896,"column":41}},"532":{"start":{"line":918,"column":95},"end":{"line":1112,"column":29}},"533":{"start":{"line":927,"column":86},"end":{"line":927,"column":148}},"534":{"start":{"line":928,"column":60},"end":{"line":933,"column":69}},"535":{"start":{"line":936,"column":79},"end":{"line":936,"column":113}},"536":{"start":{"line":937,"column":60},"end":{"line":951,"column":61}},"537":{"start":{"line":938,"column":64},"end":{"line":943,"column":66}},"538":{"start":{"line":944,"column":67},"end":{"line":951,"column":61}},"539":{"start":{"line":945,"column":64},"end":{"line":950,"column":66}},"540":{"start":{"line":952,"column":60},"end":{"line":952,"column":72}},"541":{"start":{"line":967,"column":64},"end":{"line":967,"column":84}},"542":{"start":{"line":968,"column":64},"end":{"line":968,"column":84}},"543":{"start":{"line":979,"column":64},"end":{"line":979,"column":84}},"544":{"start":{"line":980,"column":64},"end":{"line":980,"column":84}},"545":{"start":{"line":990,"column":60},"end":{"line":990,"column":80}},"546":{"start":{"line":991,"column":86},"end":{"line":991,"column":148}},"547":{"start":{"line":992,"column":60},"end":{"line":1001,"column":61}},"548":{"start":{"line":993,"column":64},"end":{"line":998,"column":65}},"549":{"start":{"line":994,"column":68},"end":{"line":994,"column":100}},"550":{"start":{"line":995,"column":68},"end":{"line":995,"column":146}},"551":{"start":{"line":996,"column":68},"end":{"line":996,"column":99}},"552":{"start":{"line":997,"column":68},"end":{"line":997,"column":79}},"553":{"start":{"line":1000,"column":64},"end":{"line":1000,"column":109}},"554":{"start":{"line":1014,"column":56},"end":{"line":1028,"column":62}},"555":{"start":{"line":1059,"column":75},"end":{"line":1059,"column":109}},"556":{"start":{"line":1060,"column":56},"end":{"line":1098,"column":58}},"557":{"start":{"line":1065,"column":72},"end":{"line":1065,"column":108}},"558":{"start":{"line":1066,"column":72},"end":{"line":1066,"column":83}},"559":{"start":{"line":1076,"column":87},"end":{"line":1076,"column":134}},"560":{"start":{"line":1077,"column":72},"end":{"line":1077,"column":149}},"561":{"start":{"line":1078,"column":72},"end":{"line":1078,"column":83}},"562":{"start":{"line":1088,"column":87},"end":{"line":1088,"column":135}},"563":{"start":{"line":1089,"column":72},"end":{"line":1089,"column":129}},"564":{"start":{"line":1090,"column":72},"end":{"line":1090,"column":83}},"565":{"start":{"line":1123,"column":30},"end":{"line":1260,"column":5}},"566":{"start":{"line":1124,"column":8},"end":{"line":1259,"column":14}},"567":{"start":{"line":1136,"column":51},"end":{"line":1136,"column":77}},"568":{"start":{"line":1154,"column":57},"end":{"line":1154,"column":113}},"569":{"start":{"line":1173,"column":57},"end":{"line":1173,"column":120}},"570":{"start":{"line":1193,"column":65},"end":{"line":1193,"column":121}},"571":{"start":{"line":1212,"column":65},"end":{"line":1212,"column":122}},"572":{"start":{"line":1215,"column":52},"end":{"line":1217,"column":61}},"573":{"start":{"line":1230,"column":57},"end":{"line":1230,"column":119}},"574":{"start":{"line":1241,"column":55},"end":{"line":1241,"column":81}},"575":{"start":{"line":1265,"column":31},"end":{"line":1422,"column":5}},"576":{"start":{"line":1266,"column":8},"end":{"line":1421,"column":14}},"577":{"start":{"line":1279,"column":40},"end":{"line":1286,"column":43}},"578":{"start":{"line":1287,"column":40},"end":{"line":1287,"column":67}},"579":{"start":{"line":1306,"column":57},"end":{"line":1306,"column":113}},"580":{"start":{"line":1325,"column":57},"end":{"line":1325,"column":120}},"581":{"start":{"line":1345,"column":65},"end":{"line":1345,"column":121}},"582":{"start":{"line":1364,"column":65},"end":{"line":1364,"column":122}},"583":{"start":{"line":1367,"column":52},"end":{"line":1369,"column":61}},"584":{"start":{"line":1382,"column":57},"end":{"line":1382,"column":119}},"585":{"start":{"line":1394,"column":44},"end":{"line":1401,"column":47}},"586":{"start":{"line":1402,"column":44},"end":{"line":1402,"column":71}},"587":{"start":{"line":1427,"column":26},"end":{"line":1618,"column":5}},"588":{"start":{"line":1428,"column":8},"end":{"line":1617,"column":14}},"589":{"start":{"line":1440,"column":51},"end":{"line":1440,"column":77}},"590":{"start":{"line":1457,"column":57},"end":{"line":1457,"column":111}},"591":{"start":{"line":1461,"column":44},"end":{"line":1463,"column":53}},"592":{"start":{"line":1482,"column":57},"end":{"line":1482,"column":109}},"593":{"start":{"line":1497,"column":40},"end":{"line":1519,"column":46}},"594":{"start":{"line":1505,"column":38},"end":{"line":1508,"column":42}},"595":{"start":{"line":1505,"column":62},"end":{"line":1508,"column":39}},"596":{"start":{"line":1516,"column":65},"end":{"line":1516,"column":104}},"597":{"start":{"line":1543,"column":65},"end":{"line":1543,"column":119}},"598":{"start":{"line":1561,"column":65},"end":{"line":1561,"column":113}},"599":{"start":{"line":1577,"column":57},"end":{"line":1577,"column":112}},"600":{"start":{"line":1588,"column":57},"end":{"line":1588,"column":111}},"601":{"start":{"line":1599,"column":55},"end":{"line":1599,"column":81}},"602":{"start":{"line":1623,"column":27},"end":{"line":1768,"column":5}},"603":{"start":{"line":1624,"column":8},"end":{"line":1767,"column":14}},"604":{"start":{"line":1637,"column":40},"end":{"line":1637,"column":61}},"605":{"start":{"line":1638,"column":40},"end":{"line":1638,"column":67}},"606":{"start":{"line":1658,"column":61},"end":{"line":1658,"column":121}},"607":{"start":{"line":1667,"column":44},"end":{"line":1690,"column":50}},"608":{"start":{"line":1676,"column":62},"end":{"line":1679,"column":43}},"609":{"start":{"line":1680,"column":42},"end":{"line":1680,"column":70}},"610":{"start":{"line":1688,"column":69},"end":{"line":1688,"column":112}},"611":{"start":{"line":1704,"column":69},"end":{"line":1704,"column":131}},"612":{"start":{"line":1722,"column":69},"end":{"line":1722,"column":125}},"613":{"start":{"line":1737,"column":61},"end":{"line":1737,"column":124}},"614":{"start":{"line":1746,"column":48},"end":{"line":1746,"column":69}},"615":{"start":{"line":1747,"column":48},"end":{"line":1747,"column":75}},"616":{"start":{"line":1771,"column":4},"end":{"line":1782,"column":5}},"617":{"start":{"line":1773,"column":12},"end":{"line":1773,"column":39}},"618":{"start":{"line":1775,"column":12},"end":{"line":1775,"column":40}},"619":{"start":{"line":1777,"column":12},"end":{"line":1777,"column":35}},"620":{"start":{"line":1779,"column":12},"end":{"line":1779,"column":36}},"621":{"start":{"line":1781,"column":12},"end":{"line":1781,"column":104}}},"fnMap":{"0":{"name":"CardManager","decl":{"start":{"line":30,"column":9},"end":{"line":30,"column":20}},"loc":{"start":{"line":30,"column":65},"end":{"line":1764,"column":1}},"line":30},"1":{"name":"(anonymous_1)","decl":{"start":{"line":122,"column":14},"end":{"line":122,"column":15}},"loc":{"start":{"line":122,"column":20},"end":{"line":124,"column":5}},"line":122},"2":{"name":"(anonymous_2)","decl":{"start":{"line":131,"column":14},"end":{"line":131,"column":15}},"loc":{"start":{"line":131,"column":20},"end":{"line":178,"column":5}},"line":131},"3":{"name":"(anonymous_3)","decl":{"start":{"line":136,"column":39},"end":{"line":136,"column":40}},"loc":{"start":{"line":136,"column":47},"end":{"line":136,"column":89}},"line":136},"4":{"name":"(anonymous_4)","decl":{"start":{"line":141,"column":39},"end":{"line":141,"column":40}},"loc":{"start":{"line":142,"column":16},"end":{"line":145,"column":18}},"line":142},"5":{"name":"(anonymous_5)","decl":{"start":{"line":143,"column":73},"end":{"line":143,"column":74}},"loc":{"start":{"line":144,"column":20},"end":{"line":144,"column":99}},"line":144},"6":{"name":"(anonymous_6)","decl":{"start":{"line":151,"column":39},"end":{"line":151,"column":40}},"loc":{"start":{"line":151,"column":47},"end":{"line":151,"column":75}},"line":151},"7":{"name":"(anonymous_7)","decl":{"start":{"line":156,"column":39},"end":{"line":156,"column":40}},"loc":{"start":{"line":156,"column":47},"end":{"line":156,"column":83}},"line":156},"8":{"name":"(anonymous_8)","decl":{"start":{"line":163,"column":43},"end":{"line":163,"column":44}},"loc":{"start":{"line":163,"column":51},"end":{"line":163,"column":86}},"line":163},"9":{"name":"(anonymous_9)","decl":{"start":{"line":165,"column":43},"end":{"line":165,"column":44}},"loc":{"start":{"line":165,"column":51},"end":{"line":165,"column":87}},"line":165},"10":{"name":"(anonymous_10)","decl":{"start":{"line":171,"column":39},"end":{"line":171,"column":40}},"loc":{"start":{"line":171,"column":47},"end":{"line":174,"column":13}},"line":171},"11":{"name":"(anonymous_11)","decl":{"start":{"line":183,"column":21},"end":{"line":183,"column":22}},"loc":{"start":{"line":183,"column":27},"end":{"line":201,"column":5}},"line":183},"12":{"name":"(anonymous_12)","decl":{"start":{"line":206,"column":30},"end":{"line":206,"column":31}},"loc":{"start":{"line":206,"column":44},"end":{"line":210,"column":5}},"line":206},"13":{"name":"(anonymous_13)","decl":{"start":{"line":215,"column":29},"end":{"line":215,"column":30}},"loc":{"start":{"line":215,"column":35},"end":{"line":219,"column":5}},"line":215},"14":{"name":"(anonymous_14)","decl":{"start":{"line":224,"column":36},"end":{"line":224,"column":37}},"loc":{"start":{"line":224,"column":52},"end":{"line":227,"column":5}},"line":224},"15":{"name":"(anonymous_15)","decl":{"start":{"line":226,"column":28},"end":{"line":226,"column":29}},"loc":{"start":{"line":226,"column":36},"end":{"line":226,"column":74}},"line":226},"16":{"name":"(anonymous_16)","decl":{"start":{"line":232,"column":29},"end":{"line":232,"column":30}},"loc":{"start":{"line":232,"column":35},"end":{"line":254,"column":5}},"line":232},"17":{"name":"(anonymous_17)","decl":{"start":{"line":242,"column":28},"end":{"line":242,"column":29}},"loc":{"start":{"line":242,"column":35},"end":{"line":243,"column":73}},"line":242},"18":{"name":"(anonymous_18)","decl":{"start":{"line":259,"column":25},"end":{"line":259,"column":26}},"loc":{"start":{"line":259,"column":31},"end":{"line":291,"column":5}},"line":259},"19":{"name":"(anonymous_19)","decl":{"start":{"line":274,"column":57},"end":{"line":274,"column":58}},"loc":{"start":{"line":275,"column":16},"end":{"line":275,"column":59}},"line":275},"20":{"name":"(anonymous_20)","decl":{"start":{"line":296,"column":27},"end":{"line":296,"column":28}},"loc":{"start":{"line":296,"column":33},"end":{"line":330,"column":5}},"line":296},"21":{"name":"(anonymous_21)","decl":{"start":{"line":335,"column":23},"end":{"line":335,"column":24}},"loc":{"start":{"line":335,"column":29},"end":{"line":371,"column":5}},"line":335},"22":{"name":"(anonymous_22)","decl":{"start":{"line":376,"column":23},"end":{"line":376,"column":24}},"loc":{"start":{"line":376,"column":35},"end":{"line":382,"column":5}},"line":376},"23":{"name":"(anonymous_23)","decl":{"start":{"line":387,"column":27},"end":{"line":387,"column":28}},"loc":{"start":{"line":387,"column":43},"end":{"line":397,"column":5}},"line":387},"24":{"name":"(anonymous_24)","decl":{"start":{"line":402,"column":30},"end":{"line":402,"column":31}},"loc":{"start":{"line":402,"column":44},"end":{"line":413,"column":5}},"line":402},"25":{"name":"(anonymous_25)","decl":{"start":{"line":418,"column":31},"end":{"line":418,"column":32}},"loc":{"start":{"line":418,"column":37},"end":{"line":443,"column":5}},"line":418},"26":{"name":"(anonymous_26)","decl":{"start":{"line":448,"column":26},"end":{"line":448,"column":27}},"loc":{"start":{"line":448,"column":36},"end":{"line":454,"column":5}},"line":448},"27":{"name":"(anonymous_27)","decl":{"start":{"line":459,"column":27},"end":{"line":459,"column":28}},"loc":{"start":{"line":459,"column":33},"end":{"line":478,"column":5}},"line":459},"28":{"name":"(anonymous_28)","decl":{"start":{"line":469,"column":48},"end":{"line":469,"column":49}},"loc":{"start":{"line":469,"column":53},"end":{"line":469,"column":61}},"line":469},"29":{"name":"(anonymous_29)","decl":{"start":{"line":469,"column":70},"end":{"line":469,"column":71}},"loc":{"start":{"line":469,"column":75},"end":{"line":469,"column":76}},"line":469},"30":{"name":"(anonymous_30)","decl":{"start":{"line":483,"column":29},"end":{"line":483,"column":30}},"loc":{"start":{"line":483,"column":47},"end":{"line":494,"column":5}},"line":483},"31":{"name":"(anonymous_31)","decl":{"start":{"line":499,"column":33},"end":{"line":499,"column":34}},"loc":{"start":{"line":499,"column":51},"end":{"line":510,"column":5}},"line":499},"32":{"name":"(anonymous_32)","decl":{"start":{"line":515,"column":29},"end":{"line":515,"column":30}},"loc":{"start":{"line":515,"column":35},"end":{"line":523,"column":5}},"line":515},"33":{"name":"(anonymous_33)","decl":{"start":{"line":529,"column":29},"end":{"line":529,"column":30}},"loc":{"start":{"line":529,"column":42},"end":{"line":533,"column":5}},"line":529},"34":{"name":"(anonymous_34)","decl":{"start":{"line":538,"column":37},"end":{"line":538,"column":38}},"loc":{"start":{"line":539,"column":8},"end":{"line":679,"column":14}},"line":539},"35":{"name":"(anonymous_35)","decl":{"start":{"line":550,"column":41},"end":{"line":550,"column":42}},"loc":{"start":{"line":550,"column":47},"end":{"line":553,"column":33}},"line":550},"36":{"name":"(anonymous_36)","decl":{"start":{"line":561,"column":41},"end":{"line":561,"column":42}},"loc":{"start":{"line":561,"column":47},"end":{"line":561,"column":77}},"line":561},"37":{"name":"(anonymous_37)","decl":{"start":{"line":590,"column":72},"end":{"line":590,"column":73}},"loc":{"start":{"line":590,"column":93},"end":{"line":674,"column":29}},"line":590},"38":{"name":"(anonymous_38)","decl":{"start":{"line":595,"column":49},"end":{"line":595,"column":50}},"loc":{"start":{"line":595,"column":55},"end":{"line":595,"column":94}},"line":595},"39":{"name":"(anonymous_39)","decl":{"start":{"line":606,"column":61},"end":{"line":606,"column":62}},"loc":{"start":{"line":606,"column":68},"end":{"line":614,"column":53}},"line":606},"40":{"name":"(anonymous_40)","decl":{"start":{"line":642,"column":65},"end":{"line":642,"column":66}},"loc":{"start":{"line":642,"column":72},"end":{"line":647,"column":57}},"line":642},"41":{"name":"(anonymous_41)","decl":{"start":{"line":654,"column":65},"end":{"line":654,"column":66}},"loc":{"start":{"line":654,"column":72},"end":{"line":664,"column":57}},"line":654},"42":{"name":"(anonymous_42)","decl":{"start":{"line":685,"column":33},"end":{"line":685,"column":34}},"loc":{"start":{"line":686,"column":8},"end":{"line":1098,"column":14}},"line":686},"43":{"name":"(anonymous_43)","decl":{"start":{"line":707,"column":41},"end":{"line":707,"column":42}},"loc":{"start":{"line":707,"column":47},"end":{"line":716,"column":33}},"line":707},"44":{"name":"(anonymous_44)","decl":{"start":{"line":751,"column":46},"end":{"line":751,"column":47}},"loc":{"start":{"line":751,"column":53},"end":{"line":751,"column":85}},"line":751},"45":{"name":"(anonymous_45)","decl":{"start":{"line":753,"column":73},"end":{"line":753,"column":74}},"loc":{"start":{"line":754,"column":40},"end":{"line":756,"column":49}},"line":754},"46":{"name":"(anonymous_46)","decl":{"start":{"line":782,"column":50},"end":{"line":782,"column":51}},"loc":{"start":{"line":782,"column":57},"end":{"line":782,"column":86}},"line":782},"47":{"name":"(anonymous_47)","decl":{"start":{"line":794,"column":50},"end":{"line":794,"column":51}},"loc":{"start":{"line":794,"column":57},"end":{"line":794,"column":88}},"line":794},"48":{"name":"(anonymous_48)","decl":{"start":{"line":797,"column":64},"end":{"line":797,"column":65}},"loc":{"start":{"line":798,"column":44},"end":{"line":800,"column":53}},"line":798},"49":{"name":"(anonymous_49)","decl":{"start":{"line":812,"column":50},"end":{"line":812,"column":51}},"loc":{"start":{"line":812,"column":57},"end":{"line":812,"column":92}},"line":812},"50":{"name":"(anonymous_50)","decl":{"start":{"line":828,"column":50},"end":{"line":828,"column":51}},"loc":{"start":{"line":828,"column":57},"end":{"line":828,"column":90}},"line":828},"51":{"name":"(anonymous_51)","decl":{"start":{"line":848,"column":54},"end":{"line":848,"column":55}},"loc":{"start":{"line":848,"column":61},"end":{"line":848,"column":92}},"line":848},"52":{"name":"(anonymous_52)","decl":{"start":{"line":866,"column":30},"end":{"line":866,"column":31}},"loc":{"start":{"line":866,"column":36},"end":{"line":878,"column":29}},"line":866},"53":{"name":"(anonymous_53)","decl":{"start":{"line":868,"column":72},"end":{"line":868,"column":73}},"loc":{"start":{"line":869,"column":36},"end":{"line":870,"column":104}},"line":869},"54":{"name":"(anonymous_54)","decl":{"start":{"line":899,"column":78},"end":{"line":899,"column":79}},"loc":{"start":{"line":899,"column":95},"end":{"line":1093,"column":29}},"line":899},"55":{"name":"(anonymous_55)","decl":{"start":{"line":907,"column":58},"end":{"line":907,"column":59}},"loc":{"start":{"line":907,"column":64},"end":{"line":915,"column":57}},"line":907},"56":{"name":"(anonymous_56)","decl":{"start":{"line":916,"column":58},"end":{"line":916,"column":59}},"loc":{"start":{"line":916,"column":64},"end":{"line":934,"column":57}},"line":916},"57":{"name":"(anonymous_57)","decl":{"start":{"line":947,"column":69},"end":{"line":947,"column":70}},"loc":{"start":{"line":947,"column":76},"end":{"line":950,"column":61}},"line":947},"58":{"name":"(anonymous_58)","decl":{"start":{"line":959,"column":69},"end":{"line":959,"column":70}},"loc":{"start":{"line":959,"column":76},"end":{"line":962,"column":61}},"line":959},"59":{"name":"(anonymous_59)","decl":{"start":{"line":970,"column":65},"end":{"line":970,"column":66}},"loc":{"start":{"line":970,"column":72},"end":{"line":983,"column":57}},"line":970},"60":{"name":"(anonymous_60)","decl":{"start":{"line":994,"column":69},"end":{"line":994,"column":70}},"loc":{"start":{"line":995,"column":56},"end":{"line":1009,"column":62}},"line":995},"61":{"name":"(anonymous_61)","decl":{"start":{"line":1039,"column":54},"end":{"line":1039,"column":55}},"loc":{"start":{"line":1039,"column":60},"end":{"line":1080,"column":53}},"line":1039},"62":{"name":"(anonymous_62)","decl":{"start":{"line":1045,"column":77},"end":{"line":1045,"column":78}},"loc":{"start":{"line":1045,"column":83},"end":{"line":1048,"column":69}},"line":1045},"63":{"name":"(anonymous_63)","decl":{"start":{"line":1056,"column":77},"end":{"line":1056,"column":78}},"loc":{"start":{"line":1056,"column":83},"end":{"line":1060,"column":69}},"line":1056},"64":{"name":"(anonymous_64)","decl":{"start":{"line":1068,"column":77},"end":{"line":1068,"column":78}},"loc":{"start":{"line":1068,"column":83},"end":{"line":1072,"column":69}},"line":1068},"65":{"name":"(anonymous_65)","decl":{"start":{"line":1104,"column":30},"end":{"line":1104,"column":31}},"loc":{"start":{"line":1105,"column":8},"end":{"line":1240,"column":14}},"line":1105},"66":{"name":"(anonymous_66)","decl":{"start":{"line":1117,"column":45},"end":{"line":1117,"column":46}},"loc":{"start":{"line":1117,"column":51},"end":{"line":1117,"column":77}},"line":1117},"67":{"name":"(anonymous_67)","decl":{"start":{"line":1135,"column":50},"end":{"line":1135,"column":51}},"loc":{"start":{"line":1135,"column":57},"end":{"line":1135,"column":113}},"line":1135},"68":{"name":"(anonymous_68)","decl":{"start":{"line":1154,"column":50},"end":{"line":1154,"column":51}},"loc":{"start":{"line":1154,"column":57},"end":{"line":1154,"column":120}},"line":1154},"69":{"name":"(anonymous_69)","decl":{"start":{"line":1174,"column":58},"end":{"line":1174,"column":59}},"loc":{"start":{"line":1174,"column":65},"end":{"line":1174,"column":121}},"line":1174},"70":{"name":"(anonymous_70)","decl":{"start":{"line":1176,"column":67},"end":{"line":1176,"column":68}},"loc":{"start":{"line":1177,"column":52},"end":{"line":1179,"column":61}},"line":1177},"71":{"name":"(anonymous_71)","decl":{"start":{"line":1193,"column":58},"end":{"line":1193,"column":59}},"loc":{"start":{"line":1193,"column":65},"end":{"line":1193,"column":122}},"line":1193},"72":{"name":"(anonymous_72)","decl":{"start":{"line":1195,"column":68},"end":{"line":1195,"column":69}},"loc":{"start":{"line":1196,"column":52},"end":{"line":1198,"column":61}},"line":1196},"73":{"name":"(anonymous_73)","decl":{"start":{"line":1211,"column":50},"end":{"line":1211,"column":51}},"loc":{"start":{"line":1211,"column":57},"end":{"line":1211,"column":119}},"line":1211},"74":{"name":"(anonymous_74)","decl":{"start":{"line":1222,"column":49},"end":{"line":1222,"column":50}},"loc":{"start":{"line":1222,"column":55},"end":{"line":1222,"column":81}},"line":1222},"75":{"name":"(anonymous_75)","decl":{"start":{"line":1246,"column":31},"end":{"line":1246,"column":32}},"loc":{"start":{"line":1247,"column":8},"end":{"line":1402,"column":14}},"line":1247},"76":{"name":"(anonymous_76)","decl":{"start":{"line":1259,"column":45},"end":{"line":1259,"column":46}},"loc":{"start":{"line":1259,"column":51},"end":{"line":1269,"column":37}},"line":1259},"77":{"name":"(anonymous_77)","decl":{"start":{"line":1287,"column":50},"end":{"line":1287,"column":51}},"loc":{"start":{"line":1287,"column":57},"end":{"line":1287,"column":113}},"line":1287},"78":{"name":"(anonymous_78)","decl":{"start":{"line":1306,"column":50},"end":{"line":1306,"column":51}},"loc":{"start":{"line":1306,"column":57},"end":{"line":1306,"column":120}},"line":1306},"79":{"name":"(anonymous_79)","decl":{"start":{"line":1326,"column":58},"end":{"line":1326,"column":59}},"loc":{"start":{"line":1326,"column":65},"end":{"line":1326,"column":121}},"line":1326},"80":{"name":"(anonymous_80)","decl":{"start":{"line":1328,"column":67},"end":{"line":1328,"column":68}},"loc":{"start":{"line":1329,"column":52},"end":{"line":1331,"column":61}},"line":1329},"81":{"name":"(anonymous_81)","decl":{"start":{"line":1345,"column":58},"end":{"line":1345,"column":59}},"loc":{"start":{"line":1345,"column":65},"end":{"line":1345,"column":122}},"line":1345},"82":{"name":"(anonymous_82)","decl":{"start":{"line":1347,"column":68},"end":{"line":1347,"column":69}},"loc":{"start":{"line":1348,"column":52},"end":{"line":1350,"column":61}},"line":1348},"83":{"name":"(anonymous_83)","decl":{"start":{"line":1363,"column":50},"end":{"line":1363,"column":51}},"loc":{"start":{"line":1363,"column":57},"end":{"line":1363,"column":119}},"line":1363},"84":{"name":"(anonymous_84)","decl":{"start":{"line":1374,"column":49},"end":{"line":1374,"column":50}},"loc":{"start":{"line":1374,"column":55},"end":{"line":1384,"column":41}},"line":1374},"85":{"name":"(anonymous_85)","decl":{"start":{"line":1408,"column":26},"end":{"line":1408,"column":27}},"loc":{"start":{"line":1409,"column":8},"end":{"line":1598,"column":14}},"line":1409},"86":{"name":"(anonymous_86)","decl":{"start":{"line":1421,"column":45},"end":{"line":1421,"column":46}},"loc":{"start":{"line":1421,"column":51},"end":{"line":1421,"column":77}},"line":1421},"87":{"name":"(anonymous_87)","decl":{"start":{"line":1438,"column":50},"end":{"line":1438,"column":51}},"loc":{"start":{"line":1438,"column":57},"end":{"line":1438,"column":111}},"line":1438},"88":{"name":"(anonymous_88)","decl":{"start":{"line":1441,"column":56},"end":{"line":1441,"column":57}},"loc":{"start":{"line":1442,"column":44},"end":{"line":1444,"column":53}},"line":1442},"89":{"name":"(anonymous_89)","decl":{"start":{"line":1463,"column":50},"end":{"line":1463,"column":51}},"loc":{"start":{"line":1463,"column":57},"end":{"line":1463,"column":109}},"line":1463},"90":{"name":"(anonymous_90)","decl":{"start":{"line":1477,"column":57},"end":{"line":1477,"column":58}},"loc":{"start":{"line":1478,"column":40},"end":{"line":1500,"column":46}},"line":1478},"91":{"name":"(anonymous_91)","decl":{"start":{"line":1485,"column":44},"end":{"line":1485,"column":45}},"loc":{"start":{"line":1485,"column":50},"end":{"line":1490,"column":35}},"line":1485},"92":{"name":"(anonymous_92)","decl":{"start":{"line":1486,"column":49},"end":{"line":1486,"column":50}},"loc":{"start":{"line":1486,"column":62},"end":{"line":1489,"column":39}},"line":1486},"93":{"name":"(anonymous_93)","decl":{"start":{"line":1497,"column":58},"end":{"line":1497,"column":59}},"loc":{"start":{"line":1497,"column":65},"end":{"line":1497,"column":104}},"line":1497},"94":{"name":"(anonymous_94)","decl":{"start":{"line":1524,"column":58},"end":{"line":1524,"column":59}},"loc":{"start":{"line":1524,"column":65},"end":{"line":1524,"column":119}},"line":1524},"95":{"name":"(anonymous_95)","decl":{"start":{"line":1542,"column":58},"end":{"line":1542,"column":59}},"loc":{"start":{"line":1542,"column":65},"end":{"line":1542,"column":113}},"line":1542},"96":{"name":"(anonymous_96)","decl":{"start":{"line":1558,"column":50},"end":{"line":1558,"column":51}},"loc":{"start":{"line":1558,"column":57},"end":{"line":1558,"column":112}},"line":1558},"97":{"name":"(anonymous_97)","decl":{"start":{"line":1569,"column":50},"end":{"line":1569,"column":51}},"loc":{"start":{"line":1569,"column":57},"end":{"line":1569,"column":111}},"line":1569},"98":{"name":"(anonymous_98)","decl":{"start":{"line":1580,"column":49},"end":{"line":1580,"column":50}},"loc":{"start":{"line":1580,"column":55},"end":{"line":1580,"column":81}},"line":1580},"99":{"name":"(anonymous_99)","decl":{"start":{"line":1604,"column":27},"end":{"line":1604,"column":28}},"loc":{"start":{"line":1605,"column":8},"end":{"line":1748,"column":14}},"line":1605},"100":{"name":"(anonymous_100)","decl":{"start":{"line":1617,"column":45},"end":{"line":1617,"column":46}},"loc":{"start":{"line":1617,"column":51},"end":{"line":1620,"column":37}},"line":1617},"101":{"name":"(anonymous_101)","decl":{"start":{"line":1639,"column":54},"end":{"line":1639,"column":55}},"loc":{"start":{"line":1639,"column":61},"end":{"line":1639,"column":121}},"line":1639},"102":{"name":"(anonymous_102)","decl":{"start":{"line":1647,"column":65},"end":{"line":1647,"column":66}},"loc":{"start":{"line":1648,"column":44},"end":{"line":1671,"column":50}},"line":1648},"103":{"name":"(anonymous_103)","decl":{"start":{"line":1655,"column":48},"end":{"line":1655,"column":49}},"loc":{"start":{"line":1655,"column":54},"end":{"line":1662,"column":39}},"line":1655},"104":{"name":"(anonymous_104)","decl":{"start":{"line":1669,"column":62},"end":{"line":1669,"column":63}},"loc":{"start":{"line":1669,"column":69},"end":{"line":1669,"column":112}},"line":1669},"105":{"name":"(anonymous_105)","decl":{"start":{"line":1685,"column":62},"end":{"line":1685,"column":63}},"loc":{"start":{"line":1685,"column":69},"end":{"line":1685,"column":131}},"line":1685},"106":{"name":"(anonymous_106)","decl":{"start":{"line":1703,"column":62},"end":{"line":1703,"column":63}},"loc":{"start":{"line":1703,"column":69},"end":{"line":1703,"column":125}},"line":1703},"107":{"name":"(anonymous_107)","decl":{"start":{"line":1718,"column":54},"end":{"line":1718,"column":55}},"loc":{"start":{"line":1718,"column":61},"end":{"line":1718,"column":124}},"line":1
[...]
line":342,"column":51}},"type":"binary-expr","locations":[{"start":{"line":342,"column":16},"end":{"line":342,"column":28}},{"start":{"line":342,"column":32},"end":{"line":342,"column":51}}],"line":342},"48":{"loc":{"start":{"line":345,"column":35},"end":{"line":347,"column":53}},"type":"cond-expr","locations":[{"start":{"line":346,"column":22},"end":{"line":346,"column":67}},{"start":{"line":347,"column":22},"end":{"line":347,"column":53}}],"line":345},"49":{"loc":{"start":{"line":345,"column":35},"end":{"line":345,"column":112}},"type":"binary-expr","locations":[{"start":{"line":345,"column":35},"end":{"line":345,"column":43}},{"start":{"line":345,"column":47},"end":{"line":345,"column":63}},{"start":{"line":345,"column":67},"end":{"line":345,"column":112}}],"line":345},"50":{"loc":{"start":{"line":349,"column":41},"end":{"line":357,"column":17}},"type":"cond-expr","locations":[{"start":{"line":349,"column":66},"end":{"line":353,"column":17}},{"start":{"line":353,"column":20},"end":{"line":357,"column":17}}],"line":349},"51":{"loc":{"start":{"line":392,"column":12},"end":{"line":408,"column":13}},"type":"if","locations":[{"start":{"line":392,"column":12},"end":{"line":408,"column":13}},{"start":{"line":392,"column":12},"end":{"line":408,"column":13}}],"line":392},"52":{"loc":{"start":{"line":403,"column":35},"end":{"line":405,"column":55}},"type":"cond-expr","locations":[{"start":{"line":404,"column":24},"end":{"line":404,"column":57}},{"start":{"line":405,"column":24},"end":{"line":405,"column":55}}],"line":403},"53":{"loc":{"start":{"line":431,"column":28},"end":{"line":431,"column":95}},"type":"cond-expr","locations":[{"start":{"line":431,"column":55},"end":{"line":431,"column":56}},{"start":{"line":431,"column":60},"end":{"line":431,"column":94}}],"line":431},"54":{"loc":{"start":{"line":431,"column":60},"end":{"line":431,"column":94}},"type":"cond-expr","locations":[{"start":{"line":431,"column":87},"end":{"line":431,"column":90}},{"start":{"line":431,"column":93},"end":{"line":431,"column":94}}],"line":431},"55":{"loc":{"start":{"line":434,"column":8},"end":{"line":434,"column":53}},"type":"if","locations":[{"start":{"line":434,"column":8},"end":{"line":434,"column":53}},{"start":{"line":434,"column":8},"end":{"line":434,"column":53}}],"line":434},"56":{"loc":{"start":{"line":435,"column":8},"end":{"line":435,"column":48}},"type":"if","locations":[{"start":{"line":435,"column":8},"end":{"line":435,"column":48}},{"start":{"line":435,"column":8},"end":{"line":435,"column":48}}],"line":435},"57":{"loc":{"start":{"line":436,"column":8},"end":{"line":436,"column":51}},"type":"if","locations":[{"start":{"line":436,"column":8},"end":{"line":436,"column":51}},{"start":{"line":436,"column":8},"end":{"line":436,"column":51}}],"line":436},"58":{"loc":{"start":{"line":462,"column":12},"end":{"line":500,"column":13}},"type":"if","locations":[{"start":{"line":462,"column":12},"end":{"line":500,"column":13}},{"start":{"line":462,"column":12},"end":{"line":500,"column":13}}],"line":462},"59":{"loc":{"start":{"line":462,"column":16},"end":{"line":462,"column":52}},"type":"binary-expr","locations":[{"start":{"line":462,"column":16},"end":{"line":462,"column":28}},{"start":{"line":462,"column":32},"end":{"line":462,"column":52}}],"line":462},"60":{"loc":{"start":{"line":482,"column":16},"end":{"line":488,"column":17}},"type":"if","locations":[{"start":{"line":482,"column":16},"end":{"line":488,"column":17}},{"start":{"line":482,"column":16},"end":{"line":488,"column":17}}],"line":482},"61":{"loc":{"start":{"line":482,"column":20},"end":{"line":482,"column":74}},"type":"binary-expr","locations":[{"start":{"line":482,"column":20},"end":{"line":482,"column":42}},{"start":{"line":482,"column":46},"end":{"line":482,"column":74}}],"line":482},"62":{"loc":{"start":{"line":484,"column":23},"end":{"line":488,"column":17}},"type":"if","locations":[{"start":{"line":484,"column":23},"end":{"line":488,"column":17}},{"start":{"line":484,"column":23},"end":{"line":488,"column":17}}],"line":484},"63":{"loc":{"start":{"line":546,"column":22},"end":{"line":547,"column":88}},"type":"cond-expr","locations":[{"start":{"line":547,"column":16},"end":{"line":547,"column":84}},{"start":{"line":547,"column":87},"end":{"line":547,"column":88}}],"line":546}},"s":{"0":36,"1":36,"2":41,"3":36,"4":15,"5":15,"6":15,"7":97,"8":15,"9":45,"10":17,"11":51,"12":17,"13":0,"14":0,"15":0,"16":0,"17":0,"18":0,"19":0,"20":0,"21":0,"22":0,"23":0,"24":0,"25":0,"26":0,"27":0,"28":0,"29":0,"30":0,"31":0,"32":0,"33":0,"34":0,"35":0,"36":0,"37":0,"38":0,"39":0,"40":0,"41":0,"42":0,"43":0,"44":0,"45":0,"46":0,"47":0,"48":0,"49":0,"50":0,"51":0,"52":0,"53":0,"54":0,"55":0,"56":0,"57":0,"58":0,"59":0,"60":0,"61":0,"62":0,"63":0,"64":0,"65":0,"66":0,"67":0,"68":0,"69":0,"70":0,"71":0,"72":0,"73":0,"74":0,"75":0,"76":0,"77":0,"78":0,"79":0,"80":0,"81":0,"82":0,"83":0,"84":0,"85":0,"86":0,"87":0,"88":0,"89":0,"90":0,"91":0,"92":0,"93":0,"94":0,"95":0,"96":0,"97":0,"98":0,"99":0,"100":0,"101":0,"102":0,"103":0,"104":0,"105":36,"106":5,"107":5,"108":41,"109":5,"110":17,"111":17,"112":2,"113":15,"114":2,"115":6,"116":2,"117":6,"118":2,"119":0,"120":0,"121":0,"122":0,"123":0,"124":0,"125":0,"126":0,"127":0,"128":0,"129":0,"130":0,"131":0,"132":0,"133":0,"134":0,"135":0,"136":0,"137":0,"138":0,"139":0,"140":0,"141":0,"142":0,"143":0,"144":0,"145":0,"146":0,"147":0,"148":0,"149":0,"150":0,"151":0,"152":0,"153":0,"154":0,"155":0,"156":0,"157":0,"158":0,"159":0,"160":0,"161":0,"162":0,"163":0,"164":0,"165":0,"166":0,"167":0,"168":0,"169":0,"170":0,"171":0,"172":0,"173":0,"174":0,"175":0,"176":0,"177":0,"178":0,"179":0,"180":0,"181":0,"182":0,"183":0,"184":0,"185":0,"186":0,"187":0,"188":0,"189":0,"190":0,"191":0,"192":0,"193":0,"194":0,"195":0,"196":0,"197":0,"198":0,"199":0,"200":0,"201":0,"202":0,"203":0,"204":0,"205":0,"206":0,"207":0,"208":0,"209":0,"210":0,"211":5},"f":{"0":36,"1":15,"2":97,"3":45,"4":51,"5":0,"6":0,"7":0,"8":0,"9":0,"10":0,"11":0,"12":0,"13":0,"14":0,"15":0,"16":0,"17":0,"18":0,"19":0,"20":0,"21":0,"22":0,"23":0,"24":0,"25":0,"26":0,"27":0,"28":0,"29":0,"30":5,"31":2,"32":30,"33":6,"34":6,"35":0,"36":0,"37":0,"38":0,"39":0,"40":0,"41":0,"42":0,"43":0,"44":0,"45":0,"46":0,"47":0,"48":0,"49":0,"50":0,"51":0,"52":0,"53":0,"54":0,"55":0,"56":0,"57":0,"58":0,"59":0},"b":{"0":[0],"1":[0,0],"2":[0,0],"3":[0,0],"4":[0,0],"5":[0,0],"6":[0,0],"7":[0,0],"8":[0,0],"9":[0,0],"10":[0,0],"11":[0,0],"12":[0,0],"13":[0,0],"14":[0,0],"15":[0,0],"16":[0,0],"17":[0,0,0],"18":[0,0],"19":[0,0],"20":[0,0],"21":[0,0],"22":[0,0],"23":[0,0],"24":[0,0],"25":[0,0],"26":[0,0],"27":[0,0],"28":[0,0],"29":[0,0],"30":[0,0],"31":[0,0],"32":[0],"33":[0,0],"34":[0,0],"35":[0,0],"36":[0,0],"37":[0,0],"38":[0,0],"39":[0,0],"40":[0,0],"41":[0,0],"42":[0,0],"43":[0,0],"44":[0,0],"45":[0,0],"46":[0,0],"47":[0,0],"48":[0,0],"49":[0,0,0],"50":[0,0],"51":[0,0],"52":[0,0],"53":[0,0],"54":[0,0],"55":[0,0],"56":[0,0],"57":[0,0],"58":[0,0],"59":[0,0],"60":[0,0],"61":[0,0],"62":[0,0],"63":[0,0]},"_coverageSchema":"1a1c01bbd47fc00a2c39e90264f33305004495a9","hash":"2541b6b11297a658498ac9a031fc91b38b28c629"}
,"C:\\Source\\iu_quiz_community\\src\\utils\\xssUtils.js": {"path":"C:\\Source\\iu_quiz_community\\src\\utils\\xssUtils.js","statementMap":{"0":{"start":{"line":22,"column":29},"end":{"line":33,"column":1}},"1":{"start":{"line":23,"column":2},"end":{"line":23,"column":53}},"2":{"start":{"line":23,"column":43},"end":{"line":23,"column":53}},"3":{"start":{"line":26,"column":2},"end":{"line":32,"column":30}},"4":{"start":{"line":44,"column":33},"end":{"line":53,"column":1}},"5":{"start":{"line":45,"column":2},"end":{"line":45,"column":53}},"6":{"start":{"line":45,"column":43},"end":{"line":45,"column":53}},"7":{"start":{"line":48,"column":2},"end":{"line":52,"column":27}},"8":{"start":{"line":64,"column":32},"end":{"line":69,"column":1}},"9":{"start":{"line":65,"column":2},"end":{"line":65,"column":53}},"10":{"start":{"line":65,"column":43},"end":{"line":65,"column":53}},"11":{"start":{"line":68,"column":2},"end":{"line":68,"column":35}},"12":{"start":{"line":80,"column":28},"end":{"line":115,"column":1}},"13":{"start":{"line":81,"column":2},"end":{"line":81,"column":51}},"14":{"start":{"line":81,"column":41},"end":{"line":81,"column":51}},"15":{"start":{"line":84,"column":22},"end":{"line":84,"column":59}},"16":{"start":{"line":87,"column":22},"end":{"line":87,"column":51}},"17":{"start":{"line":88,"column":2},"end":{"line":88,"column":31}},"18":{"start":{"line":91,"column":20},"end":{"line":111,"column":3}},"19":{"start":{"line":92,"column":4},"end":{"line":92,"column":36}},"20":{"start":{"line":92,"column":29},"end":{"line":92,"column":36}},"21":{"start":{"line":95,"column":4},"end":{"line":97,"column":5}},"22":{"start":{"line":96,"column":6},"end":{"line":96,"column":52}},"23":{"start":{"line":100,"column":4},"end":{"line":110,"column":7}},"24":{"start":{"line":101,"column":6},"end":{"line":109,"column":7}},"25":{"start":{"line":102,"column":8},"end":{"line":108,"column":9}},"26":{"start":{"line":104,"column":23},"end":{"line":104,"column":65}},"27":{"start":{"line":105,"column":10},"end":{"line":105,"column":41}},"28":{"start":{"line":107,"column":10},"end":{"line":107,"column":27}},"29":{"start":{"line":113,"column":2},"end":{"line":113,"column":25}},"30":{"start":{"line":114,"column":2},"end":{"line":114,"column":31}},"31":{"start":{"line":33,"column":29},"end":{"line":44,"column":1}},"32":{"start":{"line":34,"column":2},"end":{"line":34,"column":53}},"33":{"start":{"line":34,"column":43},"end":{"line":34,"column":53}},"34":{"start":{"line":37,"column":2},"end":{"line":43,"column":30}},"35":{"start":{"line":60,"column":33},"end":{"line":69,"column":1}},"36":{"start":{"line":61,"column":2},"end":{"line":61,"column":53}},"37":{"start":{"line":61,"column":43},"end":{"line":61,"column":53}},"38":{"start":{"line":64,"column":2},"end":{"line":68,"column":27}},"39":{"start":{"line":85,"column":32},"end":{"line":90,"column":1}},"40":{"start":{"line":86,"column":2},"end":{"line":86,"column":53}},"41":{"start":{"line":86,"column":43},"end":{"line":86,"column":53}},"42":{"start":{"line":89,"column":2},"end":{"line":89,"column":35}},"43":{"start":{"line":107,"column":28},"end":{"line":142,"column":1}},"44":{"start":{"line":108,"column":2},"end":{"line":108,"column":51}},"45":{"start":{"line":108,"column":41},"end":{"line":108,"column":51}},"46":{"start":{"line":111,"column":22},"end":{"line":111,"column":59}},"47":{"start":{"line":114,"column":22},"end":{"line":114,"column":51}},"48":{"start":{"line":115,"column":2},"end":{"line":115,"column":31}},"49":{"start":{"line":118,"column":20},"end":{"line":138,"column":3}},"50":{"start":{"line":119,"column":4},"end":{"line":119,"column":36}},"51":{"start":{"line":119,"column":29},"end":{"line":119,"column":36}},"52":{"start":{"line":122,"column":4},"end":{"line":124,"column":5}},"53":{"start":{"line":123,"column":6},"end":{"line":123,"column":52}},"54":{"start":{"line":127,"column":4},"end":{"line":137,"column":7}},"55":{"start":{"line":128,"column":6},"end":{"line":136,"column":7}},"56":{"start":{"line":129,"column":8},"end":{"line":135,"column":9}},"57":{"start":{"line":131,"column":23},"end":{"line":131,"column":65}},"58":{"start":{"line":132,"column":10},"end":{"line":132,"column":41}},"59":{"start":{"line":134,"column":10},"end":{"line":134,"column":27}},"60":{"start":{"line":140,"column":2},"end":{"line":140,"column":25}},"61":{"start":{"line":141,"column":2},"end":{"line":141,"column":31}}},"fnMap":{"0":{"name":"(anonymous_0)","decl":{"start":{"line":22,"column":29},"end":{"line":22,"column":30}},"loc":{"start":{"line":22,"column":40},"end":{"line":33,"column":1}},"line":22},"1":{"name":"(anonymous_1)","decl":{"start":{"line":44,"column":33},"end":{"line":44,"column":34}},"loc":{"start":{"line":44,"column":44},"end":{"line":53,"column":1}},"line":44},"2":{"name":"(anonymous_2)","decl":{"start":{"line":64,"column":32},"end":{"line":64,"column":33}},"loc":{"start":{"line":64,"column":43},"end":{"line":69,"column":1}},"line":64},"3":{"name":"(anonymous_3)","decl":{"start":{"line":80,"column":28},"end":{"line":80,"column":29}},"loc":{"start":{"line":80,"column":38},"end":{"line":115,"column":1}},"line":80},"4":{"name":"(anonymous_4)","decl":{"start":{"line":91,"column":20},"end":{"line":91,"column":21}},"loc":{"start":{"line":91,"column":30},"end":{"line":111,"column":3}},"line":91},"5":{"name":"(anonymous_5)","decl":{"start":{"line":100,"column":40},"end":{"line":100,"column":41}},"loc":{"start":{"line":100,"column":49},"end":{"line":110,"column":5}},"line":100},"6":{"name":"(anonymous_0)","decl":{"start":{"line":33,"column":29},"end":{"line":33,"column":30}},"loc":{"start":{"line":33,"column":40},"end":{"line":44,"column":1}},"line":33},"7":{"name":"(anonymous_1)","decl":{"start":{"line":60,"column":33},"end":{"line":60,"column":34}},"loc":{"start":{"line":60,"column":44},"end":{"line":69,"column":1}},"line":60},"8":{"name":"(anonymous_2)","decl":{"start":{"line":85,"column":32},"end":{"line":85,"column":33}},"loc":{"start":{"line":85,"column":43},"end":{"line":90,"column":1}},"line":85},"9":{"name":"(anonymous_3)","decl":{"start":{"line":107,"column":28},"end":{"line":107,"column":29}},"loc":{"start":{"line":107,"column":38},"end":{"line":142,"column":1}},"line":107},"10":{"name":"(anonymous_4)","decl":{"start":{"line":118,"column":20},"end":{"line":118,"column":21}},"loc":{"start":{"line":118,"column":30},"end":{"line":138,"column":3}},"line":118},"11":{"name":"(anonymous_5)","decl":{"start":{"line":127,"column":40},"end":{"line":127,"column":41}},"loc":{"start":{"line":127,"column":49},"end":{"line":137,"column":5}},"line":127}},"branchMap":{"0":{"loc":{"start":{"line":23,"column":2},"end":{"line":23,"column":53}},"type":"if","locations":[{"start":{"line":23,"column":2},"end":{"line":23,"column":53}},{"start":{"line":23,"column":2},"end":{"line":23,"column":53}}],"line":23},"1":{"loc":{"start":{"line":23,"column":6},"end":{"line":23,"column":41}},"type":"binary-expr","locations":[{"start":{"line":23,"column":6},"end":{"line":23,"column":12}},{"start":{"line":23,"column":16},"end":{"line":23,"column":41}}],"line":23},"2":{"loc":{"start":{"line":45,"column":2},"end":{"line":45,"column":53}},"type":"if","locations":[{"start":{"line":45,"column":2},"end":{"line":45,"column":53}},{"start":{"line":45,"column":2},"end":{"line":45,"column":53}}],"line":45},"3":{"loc":{"start":{"line":45,"column":6},"end":{"line":45,"column":41}},"type":"binary-expr","locations":[{"start":{"line":45,"column":6},"end":{"line":45,"column":12}},{"start":{"line":45,"column":16},"end":{"line":45,"column":41}}],"line":45},"4":{"loc":{"start":{"line":65,"column":2},"end":{"line":65,"column":53}},"type":"if","locations":[{"start":{"line":65,"column":2},"end":{"line":65,"column":53}},{"start":{"line":65,"column":2},"end":{"line":65,"column":53}}],"line":65},"5":{"loc":{"start":{"line":65,"column":6},"end":{"line":65,"column":41}},"type":"binary-expr","locations":[{"start":{"line":65,"column":6},"end":{"line":65,"column":12}},{"start":{"line":65,"column":16},"end":{"line":65,"column":41}}],"line":65},"6":{"loc":{"start":{"line":81,"column":2},"end":{"line":81,"column":51}},"type":"if","locations":[{"start":{"line":81,"column":2},"end":{"line":81,"column":51}},{"start":{"line":81,"column":2},"end":{"line":81,"column":51}}],"line":81},"7":{"loc":{"start":{"line":81,"column":6},"end":{"line":81,"column":39}},"type":"binary-expr","locations":[{"start":{"line":81,"column":6},"end":{"line":81,"column":11}},{"start":{"line":81,"column":15},"end":{"line":81,"column":39}}],"line":81},"8":{"loc":{"start":{"line":92,"column":4},"end":{"line":92,"column":36}},"type":"if","locations":[{"start":{"line":92,"column":4},"end":{"line":92,"column":36}},{"start":{"line":92,"column":4},"end":{"line":92,"column":36}}],"line":92},"9":{"loc":{"start":{"line":101,"column":6},"end":{"line":109,"column":7}},"type":"if","locations":[{"start":{"line":101,"column":6},"end":{"line":109,"column":7}},{"start":{"line":101,"column":6},"end":{"line":109,"column":7}}],"line":101},"10":{"loc":{"start":{"line":102,"column":8},"end":{"line":108,"column":9}},"type":"if","locations":[{"start":{"line":102,"column":8},"end":{"line":108,"column":9}},{"start":{"line":102,"column":8},"end":{"line":108,"column":9}}],"line":102},"11":{"loc":{"start":{"line":34,"column":2},"end":{"line":34,"column":53}},"type":"if","locations":[{"start":{"line":34,"column":2},"end":{"line":34,"column":53}},{"start":{"line":34,"column":2},"end":{"line":34,"column":53}}],"line":34},"12":{"loc":{"start":{"line":34,"column":6},"end":{"line":34,"column":41}},"type":"binary-expr","locations":[{"start":{"line":34,"column":6},"end":{"line":34,"column":12}},{"start":{"line":34,"column":16},"end":{"line":34,"column":41}}],"line":34},"13":{"loc":{"start":{"line":61,"column":2},"end":{"line":61,"column":53}},"type":"if","locations":[{"start":{"line":61,"column":2},"end":{"line":61,"column":53}},{"start":{"line":61,"column":2},"end":{"line":61,"column":53}}],"line":61},"14":{"loc":{"start":{"line":61,"column":6},"end":{"line":61,"column":41}},"type":"binary-expr","locations":[{"start":{"line":61,"column":6},"end":{"line":61,"column":12}},{"start":{"line":61,"column":16},"end":{"line":61,"column":41}}],"line":61},"15":{"loc":{"start":{"line":86,"column":2},"end":{"line":86,"column":53}},"type":"if","locations":[{"start":{"line":86,"column":2},"end":{"line":86,"column":53}},{"start":{"line":86,"column":2},"end":{"line":86,"column":53}}],"line":86},"16":{"loc":{"start":{"line":86,"column":6},"end":{"line":86,"column":41}},"type":"binary-expr","locations":[{"start":{"line":86,"column":6},"end":{"line":86,"column":12}},{"start":{"line":86,"column":16},"end":{"line":86,"column":41}}],"line":86},"17":{"loc":{"start":{"line":108,"column":2},"end":{"line":108,"column":51}},"type":"if","locations":[{"start":{"line":108,"column":2},"end":{"line":108,"column":51}},{"start":{"line":108,"column":2},"end":{"line":108,"column":51}}],"line":108},"18":{"loc":{"start":{"line":108,"column":6},"end":{"line":108,"column":39}},"type":"binary-expr","locations":[{"start":{"line":108,"column":6},"end":{"line":108,"column":11}},{"start":{"line":108,"column":15},"end":{"line":108,"column":39}}],"line":108},"19":{"loc":{"start":{"line":119,"column":4},"end":{"line":119,"column":36}},"type":"if","locations":[{"start":{"line":119,"column":4},"end":{"line":119,"column":36}},{"start":{"line":119,"column":4},"end":{"line":119,"column":36}}],"line":119},"20":{"loc":{"start":{"line":128,"column":6},"end":{"line":136,"column":7}},"type":"if","locations":[{"start":{"line":128,"column":6},"end":{"line":136,"column":7}},{"start":{"line":128,"column":6},"end":{"line":136,"column":7}}],"line":128},"21":{"loc":{"start":{"line":129,"column":8},"end":{"line":135,"column":9}},"type":"if","locations":[{"start":{"line":129,"column":8},"end":{"line":135,"column":9}},{"start":{"line":129,"column":8},"end":{"line":135,"column":9}}],"line":129}},"s":{"0":36,"1":1131,"2":0,"3":1131,"4":36,"5":0,"6":0,"7":0,"8":41,"9":0,"10":0,"11":5,"12":36,"13":0,"14":0,"15":0,"16":5,"17":5,"18":0,"19":0,"20":0,"21":0,"22":0,"23":0,"24":0,"25":0,"26":0,"27":0,"28":0,"29":5,"30":5,"31":5,"32":156,"33":0,"34":156,"35":5,"36":0,"37":0,"38":0,"39":41,"40":36,"41":36,"42":36,"43":5,"44":0,"45":0,"46":36,"47":36,"48":0,"49":0,"50":0,"51":0,"52":0,"53":0,"54":0,"55":0,"56":0,"57":0,"58":0,"59":0,"60":0,"61":0},"f":{"0":1131,"1":0,"2":0,"3":0,"4":0,"5":0,"6":156,"7":0,"8":0,"9":0,"10":0,"11":0},"b":{"0":[0,1131],"1":[1131,1131],"2":[0,0],"3":[0,0],"4":[0,0],"5":[0,0],"6":[0,0],"7":[0,0],"8":[0,0],"9":[0,0],"10":[0,0],"11":[0,156],"12":[156,156],"13":[0,0],"14":[0,0],"15":[0,0],"16":[0,0],"17":[0,0],"18":[0,0],"19":[0,0],"20":[0,0],"21":[0,0]},"_coverageSchema":"1a1c01bbd47fc00a2c39e90264f33305004495a9","hash":"0aea582758dc45aedd13ed8295c5b1253f11c3f3"}
}
