{"total": {"lines":{"total":1972,"covered":985,"skipped":0,"pct":49.94},"statements":{"total":2475,"covered":1198,"skipped":0,"pct":48.4},"functions":{"total":761,"covered":367,"skipped":0,"pct":48.22},"branches":{"total":1769,"covered":490,"skipped":0,"pct":27.69},"branchesTrue":{"total":0,"covered":0,"skipped":0,"pct":100}}
,"C:\\Source\\iu_quiz_community\\src\\App.js": {"lines":{"total":74,"covered":63,"skipped":0,"pct":85.13},"functions":{"total":14,"covered":13,"skipped":0,"pct":92.85},"statements":{"total":94,"covered":79,"skipped":0,"pct":84.04},"branches":{"total":32,"covered":22,"skipped":0,"pct":68.75}}
,"C:\\Source\\iu_quiz_community\\src\\index.js": {"lines":{"total":4,"covered":4,"skipped":0,"pct":100},"functions":{"total":0,"covered":0,"skipped":0,"pct":100},"statements":{"total":4,"covered":4,"skipped":0,"pct":100},"branches":{"total":0,"covered":0,"skipped":0,"pct":100}}
,"C:/Source/iu_quiz_community/src/reportWebVitals.js": {"lines":{"total":0,"covered":0,"skipped":0,"pct":0},"functions":{"total":0,"covered":0,"skipped":0,"pct":0},"statements":{"total":0,"covered":0,"skipped":0,"pct":0},"branches":{"total":0,"covered":0,"skipped":0,"pct":0}}
,"C:/Source/iu_quiz_community/src/setupTests.js": {"lines":{"total":0,"covered":0,"skipped":0,"pct":0},"functions":{"total":0,"covered":0,"skipped":0,"pct":0},"statements":{"total":0,"covered":0,"skipped":0,"pct":0},"branches":{"total":0,"covered":0,"skipped":0,"pct":0}}
,"C:\\Source\\iu_quiz_community\\src\\components\\admin\\CardManager.js": {"lines":{"total":528,"covered":239,"skipped":0,"pct":45.26},"functions":{"total":216,"covered":91,"skipped":0,"pct":42.12},"statements":{"total":622,"covered":276,"skipped":0,"pct":44.37},"branches":{"total":660,"covered":140,"skipped":0,"pct":21.21}}
,"C:/Source/iu_quiz_community/src/components/admin/QuestionEditor.js": {"lines":{"total":0,"covered":0,"skipped":0,"pct":0},"functions":{"total":0,"covered":0,"skipped":0,"pct":0},"statements":{"total":0,"covered":0,"skipped":0,"pct":0},"branches":{"total":0,"covered":0,"skipped":0,"pct":0}}
,"C:\\Source\\iu_quiz_community\\src\\components\\auth\\LoginForm.js": {"lines":{"total":102,"covered":92,"skipped":0,"pct":90.19},"functions":{"total":32,"covered":29,"skipped":0,"pct":90.62},"statements":{"total":130,"covered":115,"skipped":0,"pct":88.46},"branches":{"total":78,"covered":46,"skipped":0,"pct":58.97}}
,"C:\\Source\\iu_quiz_community\\src\\components\\common\\Footer.js": {"lines":{"total":25,"covered":25,"skipped":0,"pct":100},"functions":{"total":18,"covered":18,"skipped":0,"pct":100},"statements":{"total":42,"covered":27,"skipped":0,"pct":64.28},"branches":{"total":32,"covered":16,"skipped":0,"pct":50}}
,"C:\\Source\\iu_quiz_community\\src\\components\\common\\Header.js": {"lines":{"total":14,"covered":14,"skipped":0,"pct":100},"functions":{"total":14,"covered":14,"skipped":0,"pct":100},"statements":{"total":14,"covered":14,"skipped":0,"pct":100},"branches":{"total":20,"covered":16,"skipped":0,"pct":80}}
,"C:\\Source\\iu_quiz_community\\src\\components\\common\\Imprint.js": {"lines":{"total":2,"covered":2,"skipped":0,"pct":100},"functions":{"total":2,"covered":2,"skipped":0,"pct":100},"statements":{"total":2,"covered":2,"skipped":0,"pct":100},"branches":{"total":0,"covered":0,"skipped":0,"pct":100}}
,"C:\\Source\\iu_quiz_community\\src\\components\\common\\PrivacyPolicy.js": {"lines":{"total":2,"covered":2,"skipped":0,"pct":100},"functions":{"total":2,"covered":2,"skipped":0,"pct":100},"statements":{"total":2,"covered":2,"skipped":0,"pct":100},"branches":{"total":0,"covered":0,"skipped":0,"pct":100}}
,"C:\\Source\\iu_quiz_community\\src\\components\\community\\Community.js": {"lines":{"total":42,"covered":0,"skipped":0,"pct":0},"functions":{"total":18,"covered":0,"skipped":0,"pct":0},"statements":{"total":44,"covered":0,"skipped":0,"pct":0},"branches":{"total":8,"covered":0,"skipped":0,"pct":0}}
,"C:\\Source\\iu_quiz_community\\src\\components\\home\\HomePage.js": {"lines":{"total":23,"covered":22,"skipped":0,"pct":95.65},"functions":{"total":18,"covered":17,"skipped":0,"pct":94.44},"statements":{"total":28,"covered":27,"skipped":0,"pct":96.42},"branches":{"total":0,"covered":0,"skipped":0,"pct":100}}
,"C:/Source/iu_quiz_community/src/components/quiz/CooperativeLobby.js": {"lines":{"total":0,"covered":0,"skipped":0,"pct":0},"functions":{"total":0,"covered":0,"skipped":0,"pct":0},"statements":{"total":0,"covered":0,"skipped":0,"pct":0},"branches":{"total":0,"covered":0,"skipped":0,"pct":0}}
,"C:/Source/iu_quiz_community/src/components/quiz/LiveChat.js": {"lines":{"total":0,"covered":0,"skipped":0,"pct":0},"functions":{"total":0,"covered":0,"skipped":0,"pct":0},"statements":{"total":0,"covered":0,"skipped":0,"pct":0},"branches":{"total":0,"covered":0,"skipped":0,"pct":0}}
,"C:/Source/iu_quiz_community/src/components/quiz/PointsInfo.js": {"lines":{"total":0,"covered":0,"skipped":0,"pct":0},"functions":{"total":0,"covered":0,"skipped":0,"pct":0},"statements":{"total":0,"covered":0,"skipped":0,"pct":0},"branches":{"total":0,"covered":0,"skipped":0,"pct":0}}
,"C:\\Source\\iu_quiz_community\\src\\components\\quiz\\QuizCategorySelector.js": {"lines":{"total":73,"covered":69,"skipped":0,"pct":94.52},"functions":{"total":30,"covered":30,"skipped":0,"pct":100},"statements":{"total":98,"covered":90,"skipped":0,"pct":91.83},"branches":{"total":68,"covered":52,"skipped":0,"pct":76.47}}
,"C:\\Source\\iu_quiz_community\\src\\components\\quiz\\QuizMain.js": {"lines":{"total":186,"covered":153,"skipped":0,"pct":82.25},"functions":{"total":74,"covered":65,"skipped":0,"pct":87.83},"statements":{"total":278,"covered":212,"skipped":0,"pct":76.25},"branches":{"total":108,"covered":79,"skipped":0,"pct":73.14}}
,"C:\\Source\\iu_quiz_community\\src\\components\\quiz\\QuizQuestion.js": {"lines":{"total":193,"covered":113,"skipped":0,"pct":58.54},"functions":{"total":43,"covered":23,"skipped":0,"pct":53.48},"statements":{"total":203,"covered":116,"skipped":0,"pct":57.14},"branches":{"total":165,"covered":83,"skipped":0,"pct":50.3}}
,"C:\\Source\\iu_quiz_community\\src\\components\\quiz\\QuizResults.js": {"lines":{"total":119,"covered":0,"skipped":0,"pct":0},"functions":{"total":34,"covered":0,"skipped":0,"pct":0},"statements":{"total":181,"covered":0,"skipped":0,"pct":0},"branches":{"total":248,"covered":0,"skipped":0,"pct":0}}
,"C:\\Source\\iu_quiz_community\\src\\components\\user\\UserProfile.js": {"lines":{"total":39,"covered":0,"skipped":0,"pct":0},"functions":{"total":22,"covered":0,"skipped":0,"pct":0},"statements":{"total":46,"covered":0,"skipped":0,"pct":0},"branches":{"total":16,"covered":0,"skipped":0,"pct":0}}
,"C:\\Source\\iu_quiz_community\\src\\data\\dataManager.js": {"lines":{"total":309,"covered":131,"skipped":0,"pct":42.39},"functions":{"total":134,"covered":51,"skipped":0,"pct":38.05},"statements":{"total":383,"covered":163,"skipped":0,"pct":42.55},"branches":{"total":162,"covered":30,"skipped":0,"pct":18.51}}
,"C:\\Source\\iu_quiz_community\\src\\data\\mockData.js": {"lines":{"total":22,"covered":17,"skipped":0,"pct":77.27},"functions":{"total":18,"covered":0,"skipped":0,"pct":0},"statements":{"total":30,"covered":21,"skipped":0,"pct":70},"branches":{"total":0,"covered":0,"skipped":0,"pct":100}}
,"C:\\Source\\iu_quiz_community\\src\\services\\SimulatedPlayersService.js": {"lines":{"total":166,"covered":19,"skipped":0,"pct":11.44},"functions":{"total":60,"covered":10,"skipped":0,"pct":16.66},"statements":{"total":212,"covered":28,"skipped":0,"pct":13.2},"branches":{"total":128,"covered":0,"skipped":0,"pct":0}}
,"C:\\Source\\iu_quiz_community\\src\\utils\\xssUtils.js": {"lines":{"total":49,"covered":20,"skipped":0,"pct":40.81},"functions":{"total":12,"covered":2,"skipped":0,"pct":16.66},"statements":{"total":62,"covered":22,"skipped":0,"pct":35.48},"branches":{"total":44,"covered":6,"skipped":0,"pct":13.63}}
}
