{"total": {"lines":{"total":2635,"covered":1362,"skipped":0,"pct":51.68},"statements":{"total":3826,"covered":1925,"skipped":0,"pct":50.31},"functions":{"total":1144,"covered":608,"skipped":0,"pct":53.14},"branches":{"total":2820,"covered":741,"skipped":0,"pct":26.27},"branchesTrue":{"total":0,"covered":0,"skipped":0,"pct":100}}
,"C:\\Users\\Win 10 Pro x64\\IdeaProjects\\iu_quiz_community\\src\\App.js": {"lines":{"total":108,"covered":85,"skipped":0,"pct":78.7},"functions":{"total":25,"covered":25,"skipped":0,"pct":100},"statements":{"total":150,"covered":121,"skipped":0,"pct":80.66},"branches":{"total":58,"covered":34,"skipped":0,"pct":58.62}}
,"C:\\Users\\Win 10 Pro x64\\IdeaProjects\\iu_quiz_community\\src\\index.js": {"lines":{"total":4,"covered":4,"skipped":0,"pct":100},"functions":{"total":0,"covered":0,"skipped":0,"pct":100},"statements":{"total":4,"covered":4,"skipped":0,"pct":100},"branches":{"total":0,"covered":0,"skipped":0,"pct":100}}
,"C:/Users/Win 10 Pro x64/IdeaProjects/iu_quiz_community/src/reportWebVitals.js": {"lines":{"total":0,"covered":0,"skipped":0,"pct":0},"functions":{"total":0,"covered":0,"skipped":0,"pct":0},"statements":{"total":0,"covered":0,"skipped":0,"pct":0},"branches":{"total":0,"covered":0,"skipped":0,"pct":0}}
,"C:/Users/Win 10 Pro x64/IdeaProjects/iu_quiz_community/src/setupTests.js": {"lines":{"total":0,"covered":0,"skipped":0,"pct":0},"functions":{"total":0,"covered":0,"skipped":0,"pct":0},"statements":{"total":0,"covered":0,"skipped":0,"pct":0},"branches":{"total":0,"covered":0,"skipped":0,"pct":0}}
,"C:\\Users\\Win 10 Pro x64\\IdeaProjects\\iu_quiz_community\\src\\components\\admin\\CardManager.js": {"lines":{"total":693,"covered":305,"skipped":0,"pct":44.01},"functions":{"total":326,"covered":135,"skipped":0,"pct":41.41},"statements":{"total":928,"covered":408,"skipped":0,"pct":43.96},"branches":{"total":988,"covered":193,"skipped":0,"pct":19.53}}
,"C:/Users/Win 10 Pro x64/IdeaProjects/iu_quiz_community/src/components/admin/QuestionEditor.js": {"lines":{"total":0,"covered":0,"skipped":0,"pct":0},"functions":{"total":0,"covered":0,"skipped":0,"pct":0},"statements":{"total":0,"covered":0,"skipped":0,"pct":0},"branches":{"total":0,"covered":0,"skipped":0,"pct":0}}
,"C:\\Users\\Win 10 Pro x64\\IdeaProjects\\iu_quiz_community\\src\\components\\auth\\LoginForm.js": {"lines":{"total":137,"covered":125,"skipped":0,"pct":91.24},"functions":{"total":48,"covered":42,"skipped":0,"pct":87.5},"statements":{"total":195,"covered":175,"skipped":0,"pct":89.74},"branches":{"total":117,"covered":64,"skipped":0,"pct":54.7}}
,"C:\\Users\\Win 10 Pro x64\\IdeaProjects\\iu_quiz_community\\src\\components\\common\\Footer.js": {"lines":{"total":29,"covered":22,"skipped":0,"pct":75.86},"functions":{"total":25,"covered":25,"skipped":0,"pct":100},"statements":{"total":57,"covered":30,"skipped":0,"pct":52.63},"branches":{"total":48,"covered":16,"skipped":0,"pct":33.33}}
,"C:\\Users\\Win 10 Pro x64\\IdeaProjects\\iu_quiz_community\\src\\components\\common\\Header.js": {"lines":{"total":20,"covered":19,"skipped":0,"pct":95},"functions":{"total":21,"covered":20,"skipped":0,"pct":95.23},"statements":{"total":21,"covered":20,"skipped":0,"pct":95.23},"branches":{"total":30,"covered":16,"skipped":0,"pct":53.33}}
,"C:\\Users\\Win 10 Pro x64\\IdeaProjects\\iu_quiz_community\\src\\components\\common\\Imprint.js": {"lines":{"total":3,"covered":2,"skipped":0,"pct":66.66},"functions":{"total":3,"covered":2,"skipped":0,"pct":66.66},"statements":{"total":3,"covered":2,"skipped":0,"pct":66.66},"branches":{"total":0,"covered":0,"skipped":0,"pct":100}}
,"C:\\Users\\Win 10 Pro x64\\IdeaProjects\\iu_quiz_community\\src\\components\\common\\PrivacyPolicy.js": {"lines":{"total":2,"covered":1,"skipped":0,"pct":50},"functions":{"total":2,"covered":1,"skipped":0,"pct":50},"statements":{"total":2,"covered":1,"skipped":0,"pct":50},"branches":{"total":0,"covered":0,"skipped":0,"pct":100}}
,"C:\\Users\\Win 10 Pro x64\\IdeaProjects\\iu_quiz_community\\src\\components\\community\\Community.js": {"lines":{"total":45,"covered":0,"skipped":0,"pct":0},"functions":{"total":26,"covered":0,"skipped":0,"pct":0},"statements":{"total":60,"covered":0,"skipped":0,"pct":0},"branches":{"total":12,"covered":0,"skipped":0,"pct":0}}
,"C:\\Users\\Win 10 Pro x64\\IdeaProjects\\iu_quiz_community\\src\\components\\home\\HomePage.js": {"lines":{"total":32,"covered":29,"skipped":0,"pct":90.62},"functions":{"total":27,"covered":26,"skipped":0,"pct":96.29},"statements":{"total":42,"covered":39,"skipped":0,"pct":92.85},"branches":{"total":0,"covered":0,"skipped":0,"pct":100}}
,"C:/Users/Win 10 Pro x64/IdeaProjects/iu_quiz_community/src/components/quiz/CooperativeLobby.js": {"lines":{"total":0,"covered":0,"skipped":0,"pct":0},"functions":{"total":0,"covered":0,"skipped":0,"pct":0},"statements":{"total":0,"covered":0,"skipped":0,"pct":0},"branches":{"total":0,"covered":0,"skipped":0,"pct":0}}
,"C:\\Users\\Win 10 Pro x64\\IdeaProjects\\iu_quiz_community\\src\\components\\quiz\\CooperativeLobby.js": {"lines":{"total":15,"covered":15,"skipped":0,"pct":100},"functions":{"total":7,"covered":7,"skipped":0,"pct":100},"statements":{"total":17,"covered":17,"skipped":0,"pct":100},"branches":{"total":14,"covered":13,"skipped":0,"pct":92.85}}
,"C:/Users/Win 10 Pro x64/IdeaProjects/iu_quiz_community/src/components/quiz/LiveChat.js": {"lines":{"total":0,"covered":0,"skipped":0,"pct":0},"functions":{"total":0,"covered":0,"skipped":0,"pct":0},"statements":{"total":0,"covered":0,"skipped":0,"pct":0},"branches":{"total":0,"covered":0,"skipped":0,"pct":0}}
,"C:/Users/Win 10 Pro x64/IdeaProjects/iu_quiz_community/src/components/quiz/PointsInfo.js": {"lines":{"total":0,"covered":0,"skipped":0,"pct":0},"functions":{"total":0,"covered":0,"skipped":0,"pct":0},"statements":{"total":0,"covered":0,"skipped":0,"pct":0},"branches":{"total":0,"covered":0,"skipped":0,"pct":0}}
,"C:\\Users\\Win 10 Pro x64\\IdeaProjects\\iu_quiz_community\\src\\components\\quiz\\QuizCategorySelector.js": {"lines":{"total":83,"covered":70,"skipped":0,"pct":84.33},"functions":{"total":45,"covered":44,"skipped":0,"pct":97.77},"statements":{"total":146,"covered":119,"skipped":0,"pct":81.5},"branches":{"total":102,"covered":60,"skipped":0,"pct":58.82}}
,"C:\\Users\\Win 10 Pro x64\\IdeaProjects\\iu_quiz_community\\src\\components\\quiz\\QuizMain.js": {"lines":{"total":257,"covered":208,"skipped":0,"pct":80.93},"functions":{"total":119,"covered":107,"skipped":0,"pct":89.91},"statements":{"total":475,"covered":354,"skipped":0,"pct":74.52},"branches":{"total":180,"covered":108,"skipped":0,"pct":60}}
,"C:\\Users\\Win 10 Pro x64\\IdeaProjects\\iu_quiz_community\\src\\components\\quiz\\QuizQuestion.js": {"lines":{"total":417,"covered":311,"skipped":0,"pct":74.58},"functions":{"total":128,"covered":124,"skipped":0,"pct":96.87},"statements":{"total":599,"covered":421,"skipped":0,"pct":70.28},"branches":{"total":485,"covered":207,"skipped":0,"pct":42.68}}
,"C:\\Users\\Win 10 Pro x64\\IdeaProjects\\iu_quiz_community\\src\\components\\quiz\\QuizResults.js": {"lines":{"total":139,"covered":0,"skipped":0,"pct":0},"functions":{"total":47,"covered":0,"skipped":0,"pct":0},"statements":{"total":254,"covered":0,"skipped":0,"pct":0},"branches":{"total":364,"covered":0,"skipped":0,"pct":0}}
,"C:\\Users\\Win 10 Pro x64\\IdeaProjects\\iu_quiz_community\\src\\components\\user\\UserProfile.js": {"lines":{"total":59,"covered":0,"skipped":0,"pct":0},"functions":{"total":33,"covered":0,"skipped":0,"pct":0},"statements":{"total":69,"covered":0,"skipped":0,"pct":0},"branches":{"total":24,"covered":0,"skipped":0,"pct":0}}
,"C:\\Users\\Win 10 Pro x64\\IdeaProjects\\iu_quiz_community\\src\\data\\dataManager.js": {"lines":{"total":310,"covered":105,"skipped":0,"pct":33.87},"functions":{"total":134,"covered":38,"skipped":0,"pct":28.35},"statements":{"total":383,"covered":132,"skipped":0,"pct":34.46},"branches":{"total":162,"covered":27,"skipped":0,"pct":16.66}}
,"C:\\Users\\Win 10 Pro x64\\IdeaProjects\\iu_quiz_community\\src\\data\\mockData.js": {"lines":{"total":28,"covered":23,"skipped":0,"pct":82.14},"functions":{"total":27,"covered":0,"skipped":0,"pct":0},"statements":{"total":44,"covered":29,"skipped":0,"pct":65.9},"branches":{"total":0,"covered":0,"skipped":0,"pct":100}}
,"C:\\Users\\Win 10 Pro x64\\IdeaProjects\\iu_quiz_community\\src\\services\\SimulatedPlayersService.js": {"lines":{"total":206,"covered":21,"skipped":0,"pct":10.19},"functions":{"total":89,"covered":11,"skipped":0,"pct":12.35},"statements":{"total":315,"covered":33,"skipped":0,"pct":10.47},"branches":{"total":192,"covered":0,"skipped":0,"pct":0}}
,"C:\\Users\\Win 10 Pro x64\\IdeaProjects\\iu_quiz_community\\src\\utils\\xssUtils.js": {"lines":{"total":48,"covered":17,"skipped":0,"pct":35.41},"functions":{"total":12,"covered":1,"skipped":0,"pct":8.33},"statements":{"total":62,"covered":20,"skipped":0,"pct":32.25},"branches":{"total":44,"covered":3,"skipped":0,"pct":6.81}}
}
