TN:
SF:src\App.js
FN:45,App
FN:61,(anonymous_1)
FN:91,(anonymous_2)
FN:92,(anonymous_3)
FN:106,(anonymous_4)
FN:112,(anonymous_5)
FN:131,(anonymous_6)
FN:151,(anonymous_7)
FN:165,(anonymous_8)
FN:173,(anonymous_9)
FN:186,(anonymous_10)
FNF:11
FNH:7
FNDA:29,App
FNDA:10,(anonymous_1)
FNDA:18,(anonymous_2)
FNDA:0,(anonymous_3)
FNDA:13,(anonymous_4)
FNDA:18,(anonymous_5)
FNDA:4,(anonymous_6)
FNDA:0,(anonymous_7)
FNDA:0,(anonymous_8)
FNDA:0,(anonymous_9)
FNDA:16,(anonymous_10)
DA:46,29
DA:47,26
DA:48,26
DA:61,26
DA:62,10
DA:65,10
DA:66,10
DA:67,0
DA:68,0
DA:69,0
DA:70,0
DA:71,0
DA:73,0
DA:74,0
DA:79,10
DA:80,10
DA:81,10
DA:82,10
DA:84,10
DA:85,0
DA:86,0
DA:91,26
DA:92,18
DA:94,0
DA:95,0
DA:96,0
DA:98,0
DA:103,18
DA:106,18
DA:107,13
DA:112,26
DA:113,18
DA:115,8
DA:131,26
DA:132,4
DA:133,4
DA:134,4
DA:137,4
DA:151,26
DA:152,0
DA:153,0
DA:154,0
DA:155,0
DA:158,0
DA:165,26
DA:166,0
DA:173,26
DA:174,0
DA:186,26
DA:187,16
DA:189,8
DA:191,6
DA:193,2
DA:201,0
DA:203,0
DA:205,0
DA:210,26
DA:211,10
DA:215,16
LF:59
LH:36
BRDA:66,0,0,0
BRDA:66,0,1,10
BRDA:84,1,0,0
BRDA:84,1,1,10
BRDA:84,2,0,10
BRDA:84,2,1,10
BRDA:94,3,0,0
BRDA:94,3,1,0
BRDA:94,4,0,0
BRDA:94,4,1,0
BRDA:96,5,0,0
BRDA:96,5,1,0
BRDA:113,6,0,8
BRDA:113,6,1,10
BRDA:113,7,0,18
BRDA:113,7,1,18
BRDA:187,8,0,8
BRDA:187,8,1,6
BRDA:187,8,2,2
BRDA:187,8,3,0
BRDA:187,8,4,0
BRDA:187,8,5,0
BRDA:210,9,0,10
BRDA:210,9,1,16
BRDA:210,10,0,26
BRDA:210,10,1,16
BRF:26
BRH:15
end_of_record
TN:
SF:src\index.js
FNF:0
FNH:0
DA:49,5
DA:60,5
LF:2
LH:2
BRF:0
BRH:0
end_of_record
TN:
SF:src\reportWebVitals.js
FNF:0
FNH:0
LF:0
LH:0
BRF:0
BRH:0
end_of_record
TN:
SF:src\setupTests.js
FNF:0
FNH:0
LF:0
LH:0
BRF:0
BRH:0
end_of_record
TN:
SF:src\components\admin\CardManager.js
FN:50,CardManager
FN:144,(anonymous_1)
FN:154,(anonymous_2)
FN:159,(anonymous_3)
FN:164,(anonymous_4)
FN:166,(anonymous_5)
FN:174,(anonymous_6)
FN:179,(anonymous_7)
FN:186,(anonymous_8)
FN:188,(anonymous_9)
FN:194,(anonymous_10)
FN:207,(anonymous_11)
FN:231,(anonymous_12)
FN:241,(anonymous_13)
FN:251,(anonymous_14)
FN:253,(anonymous_15)
FN:260,(anonymous_16)
FN:270,(anonymous_17)
FN:288,(anonymous_18)
FN:303,(anonymous_19)
FN:326,(anonymous_20)
FN:366,(anonymous_21)
FN:408,(anonymous_22)
FN:420,(anonymous_23)
FN:436,(anonymous_24)
FN:453,(anonymous_25)
FN:484,(anonymous_26)
FN:496,(anonymous_27)
FN:506,(anonymous_28)
FN:506,(anonymous_29)
FN:521,(anonymous_30)
FN:538,(anonymous_31)
FN:555,(anonymous_32)
FN:570,(anonymous_33)
FN:580,(anonymous_34)
FN:592,(anonymous_35)
FN:603,(anonymous_36)
FN:632,(anonymous_37)
FN:637,(anonymous_38)
FN:648,(anonymous_39)
FN:684,(anonymous_40)
FN:696,(anonymous_41)
FN:728,(anonymous_42)
FN:750,(anonymous_43)
FN:794,(anonymous_44)
FN:796,(anonymous_45)
FN:825,(anonymous_46)
FN:837,(anonymous_47)
FN:840,(anonymous_48)
FN:855,(anonymous_49)
FN:871,(anonymous_50)
FN:891,(anonymous_51)
FN:909,(anonymous_52)
FN:911,(anonymous_53)
FN:942,(anonymous_54)
FN:950,(anonymous_55)
FN:959,(anonymous_56)
FN:990,(anonymous_57)
FN:1002,(anonymous_58)
FN:1013,(anonymous_59)
FN:1037,(anonymous_60)
FN:1082,(anonymous_61)
FN:1088,(anonymous_62)
FN:1099,(anonymous_63)
FN:1111,(anonymous_64)
FN:1148,(anonymous_65)
FN:1161,(anonymous_66)
FN:1179,(anonymous_67)
FN:1198,(anonymous_68)
FN:1218,(anonymous_69)
FN:1220,(anonymous_70)
FN:1237,(anonymous_71)
FN:1239,(anonymous_72)
FN:1255,(anonymous_73)
FN:1266,(anonymous_74)
FN:1291,(anonymous_75)
FN:1304,(anonymous_76)
FN:1332,(anonymous_77)
FN:1351,(anonymous_78)
FN:1371,(anonymous_79)
FN:1373,(anonymous_80)
FN:1390,(anonymous_81)
FN:1392,(anonymous_82)
FN:1408,(anonymous_83)
FN:1419,(anonymous_84)
FN:1454,(anonymous_85)
FN:1467,(anonymous_86)
FN:1484,(anonymous_87)
FN:1487,(anonymous_88)
FN:1509,(anonymous_89)
FN:1523,(anonymous_90)
FN:1531,(anonymous_91)
FN:1532,(anonymous_92)
FN:1543,(anonymous_93)
FN:1570,(anonymous_94)
FN:1588,(anonymous_95)
FN:1604,(anonymous_96)
FN:1615,(anonymous_97)
FN:1626,(anonymous_98)
FN:1651,(anonymous_99)
FN:1664,(anonymous_100)
FN:1686,(anonymous_101)
FN:1694,(anonymous_102)
FN:1702,(anonymous_103)
FN:1716,(anonymous_104)
FN:1732,(anonymous_105)
FN:1750,(anonymous_106)
FN:1765,(anonymous_107)
FN:1773,(anonymous_108)
FNF:109
FNH:8
FNDA:6,CardManager
FNDA:2,(anonymous_1)
FNDA:3,(anonymous_2)
FNDA:0,(anonymous_3)
FNDA:0,(anonymous_4)
FNDA:0,(anonymous_5)
FNDA:0,(anonymous_6)
FNDA:0,(anonymous_7)
FNDA:0,(anonymous_8)
FNDA:0,(anonymous_9)
FNDA:0,(anonymous_10)
FNDA:2,(anonymous_11)
FNDA:0,(anonymous_12)
FNDA:0,(anonymous_13)
FNDA:24,(anonymous_14)
FNDA:2064,(anonymous_15)
FNDA:0,(anonymous_16)
FNDA:0,(anonymous_17)
FNDA:0,(anonymous_18)
FNDA:0,(anonymous_19)
FNDA:0,(anonymous_20)
FNDA:0,(anonymous_21)
FNDA:0,(anonymous_22)
FNDA:0,(anonymous_23)
FNDA:0,(anonymous_24)
FNDA:0,(anonymous_25)
FNDA:0,(anonymous_26)
FNDA:0,(anonymous_27)
FNDA:0,(anonymous_28)
FNDA:0,(anonymous_29)
FNDA:0,(anonymous_30)
FNDA:0,(anonymous_31)
FNDA:0,(anonymous_32)
FNDA:0,(anonymous_33)
FNDA:6,(anonymous_34)
FNDA:0,(anonymous_35)
FNDA:0,(anonymous_36)
FNDA:24,(anonymous_37)
FNDA:0,(anonymous_38)
FNDA:0,(anonymous_39)
FNDA:0,(anonymous_40)
FNDA:0,(anonymous_41)
FNDA:0,(anonymous_42)
FNDA:0,(anonymous_43)
FNDA:0,(anonymous_44)
FNDA:0,(anonymous_45)
FNDA:0,(anonymous_46)
FNDA:0,(anonymous_47)
FNDA:0,(anonymous_48)
FNDA:0,(anonymous_49)
FNDA:0,(anonymous_50)
FNDA:0,(anonymous_51)
FNDA:0,(anonymous_52)
FNDA:0,(anonymous_53)
FNDA:0,(anonymous_54)
FNDA:0,(anonymous_55)
FNDA:0,(anonymous_56)
FNDA:0,(anonymous_57)
FNDA:0,(anonymous_58)
FNDA:0,(anonymous_59)
FNDA:0,(anonymous_60)
FNDA:0,(anonymous_61)
FNDA:0,(anonymous_62)
FNDA:0,(anonymous_63)
FNDA:0,(anonymous_64)
FNDA:0,(anonymous_65)
FNDA:0,(anonymous_66)
FNDA:0,(anonymous_67)
FNDA:0,(anonymous_68)
FNDA:0,(anonymous_69)
FNDA:0,(anonymous_70)
FNDA:0,(anonymous_71)
FNDA:0,(anonymous_72)
FNDA:0,(anonymous_73)
FNDA:0,(anonymous_74)
FNDA:0,(anonymous_75)
FNDA:0,(anonymous_76)
FNDA:0,(anonymous_77)
FNDA:0,(anonymous_78)
FNDA:0,(anonymous_79)
FNDA:0,(anonymous_80)
FNDA:0,(anonymous_81)
FNDA:0,(anonymous_82)
FNDA:0,(anonymous_83)
FNDA:0,(anonymous_84)
FNDA:0,(anonymous_85)
FNDA:0,(anonymous_86)
FNDA:0,(anonymous_87)
FNDA:0,(anonymous_88)
FNDA:0,(anonymous_89)
FNDA:0,(anonymous_90)
FNDA:0,(anonymous_91)
FNDA:0,(anonymous_92)
FNDA:0,(anonymous_93)
FNDA:0,(anonymous_94)
FNDA:0,(anonymous_95)
FNDA:0,(anonymous_96)
FNDA:0,(anonymous_97)
FNDA:0,(anonymous_98)
FNDA:0,(anonymous_99)
FNDA:0,(anonymous_100)
FNDA:0,(anonymous_101)
FNDA:0,(anonymous_102)
FNDA:0,(anonymous_103)
FNDA:0,(anonymous_104)
FNDA:0,(anonymous_105)
FNDA:0,(anonymous_106)
FNDA:0,(anonymous_107)
FNDA:0,(anonymous_108)
DA:52,6
DA:53,6
DA:54,6
DA:55,6
DA:56,6
DA:57,6
DA:58,6
DA:59,6
DA:60,6
DA:63,6
DA:66,6
DA:67,6
DA:74,6
DA:77,6
DA:102,6
DA:113,6
DA:116,6
DA:131,6
DA:144,6
DA:145,2
DA:154,6
DA:155,3
DA:158,3
DA:159,0
DA:163,3
DA:164,0
DA:165,0
DA:167,0
DA:173,3
DA:174,0
DA:178,3
DA:179,0
DA:183,3
DA:184,0
DA:185,0
DA:186,0
DA:187,0
DA:188,0
DA:193,3
DA:194,0
DA:195,0
DA:196,0
DA:200,3
DA:207,6
DA:209,2
DA:210,2
DA:213,2
DA:216,0
DA:220,2
DA:221,2
DA:223,2
DA:224,2
DA:231,6
DA:232,0
DA:233,0
DA:234,0
DA:241,6
DA:242,0
DA:243,0
DA:244,0
DA:251,6
DA:252,24
DA:253,2064
DA:260,6
DA:261,0
DA:264,0
DA:265,0
DA:269,0
DA:270,0
DA:272,0
DA:276,0
DA:277,0
DA:280,0
DA:281,0
DA:288,6
DA:289,0
DA:292,0
DA:293,0
DA:297,0
DA:298,0
DA:302,0
DA:303,0
DA:304,0
DA:306,0
DA:307,0
DA:310,0
DA:314,0
DA:315,0
DA:318,0
DA:319,0
DA:326,6
DA:327,0
DA:330,0
DA:336,0
DA:339,0
DA:342,0
DA:343,0
DA:347,0
DA:356,0
DA:357,0
DA:359,0
DA:366,6
DA:367,0
DA:370,0
DA:376,0
DA:379,0
DA:382,0
DA:383,0
DA:387,0
DA:398,0
DA:399,0
DA:401,0
DA:408,6
DA:409,0
DA:410,0
DA:411,0
DA:412,0
DA:420,6
DA:421,0
DA:422,0
DA:423,0
DA:424,0
DA:425,0
DA:428,0
DA:436,6
DA:437,0
DA:446,0
DA:453,6
DA:454,0
DA:456,0
DA:462,0
DA:463,0
DA:466,0
DA:475,0
DA:476,0
DA:477,0
DA:484,6
DA:485,0
DA:489,0
DA:496,6
DA:497,0
DA:498,0
DA:499,0
DA:503,0
DA:506,0
DA:510,0
DA:511,0
DA:512,0
DA:513,0
DA:514,0
DA:521,6
DA:522,0
DA:524,0
DA:525,0
DA:528,0
DA:538,6
DA:539,0
DA:541,0
DA:542,0
DA:545,0
DA:555,6
DA:556,0
DA:557,0
DA:558,0
DA:560,0
DA:561,0
DA:570,6
DA:571,0
DA:572,0
DA:573,0
DA:580,6
DA:581,6
DA:593,0
DA:594,0
DA:603,0
DA:632,24
DA:637,0
DA:649,0
DA:650,0
DA:651,0
DA:652,0
DA:653,0
DA:654,0
DA:685,0
DA:686,0
DA:687,0
DA:697,0
DA:698,0
DA:700,0
DA:704,0
DA:728,6
DA:729,0
DA:751,0
DA:753,0
DA:757,0
DA:794,0
DA:797,0
DA:825,0
DA:837,0
DA:841,0
DA:855,0
DA:871,0
DA:891,0
DA:910,0
DA:911,0
DA:912,0
DA:915,0
DA:942,0
DA:951,0
DA:952,0
DA:960,0
DA:961,0
DA:962,0
DA:968,0
DA:969,0
DA:976,0
DA:991,0
DA:992,0
DA:1003,0
DA:1004,0
DA:1014,0
DA:1015,0
DA:1016,0
DA:1017,0
DA:1018,0
DA:1019,0
DA:1020,0
DA:1021,0
DA:1024,0
DA:1038,0
DA:1083,0
DA:1084,0
DA:1089,0
DA:1090,0
DA:1100,0
DA:1101,0
DA:1102,0
DA:1112,0
DA:1113,0
DA:1114,0
DA:1148,6
DA:1149,0
DA:1161,0
DA:1179,0
DA:1198,0
DA:1218,0
DA:1221,0
DA:1237,0
DA:1240,0
DA:1255,0
DA:1266,0
DA:1291,6
DA:1292,0
DA:1305,0
DA:1313,0
DA:1332,0
DA:1351,0
DA:1371,0
DA:1374,0
DA:1390,0
DA:1393,0
DA:1408,0
DA:1420,0
DA:1428,0
DA:1454,6
DA:1455,0
DA:1467,0
DA:1484,0
DA:1488,0
DA:1509,0
DA:1524,0
DA:1532,0
DA:1543,0
DA:1570,0
DA:1588,0
DA:1604,0
DA:1615,0
DA:1626,0
DA:1651,6
DA:1652,0
DA:1665,0
DA:1666,0
DA:1686,0
DA:1695,0
DA:1704,0
DA:1708,0
DA:1716,0
DA:1732,0
DA:1750,0
DA:1765,0
DA:1774,0
DA:1775,0
DA:1799,6
DA:1801,0
DA:1803,0
DA:1805,0
DA:1807,0
DA:1809,6
LF:298
LH:66
BRDA:158,0,0,0
BRDA:158,0,1,3
BRDA:163,1,0,0
BRDA:163,1,1,3
BRDA:165,2,0,0
BRDA:165,2,1,0
BRDA:165,2,2,0
BRDA:165,2,3,0
BRDA:167,3,0,0
BRDA:167,3,1,0
BRDA:173,4,0,0
BRDA:173,4,1,3
BRDA:178,5,0,0
BRDA:178,5,1,3
BRDA:183,6,0,0
BRDA:183,6,1,3
BRDA:184,7,0,0
BRDA:184,7,1,0
BRDA:185,8,0,0
BRDA:185,8,1,0
BRDA:187,9,0,0
BRDA:187,9,1,0
BRDA:193,10,0,0
BRDA:193,10,1,3
BRDA:213,11,0,0
BRDA:213,11,1,2
BRDA:213,12,0,2
BRDA:213,12,1,2
BRDA:213,12,2,2
BRDA:213,12,3,2
BRDA:214,13,0,2
BRDA:214,13,1,0
BRDA:215,14,0,2
BRDA:215,14,1,0
BRDA:252,15,0,0
BRDA:252,15,1,24
BRDA:252,16,0,24
BRDA:252,16,1,24
BRDA:253,17,0,2064
BRDA:253,17,1,2064
BRDA:264,18,0,0
BRDA:264,18,1,0
BRDA:264,19,0,0
BRDA:264,19,1,0
BRDA:264,19,2,0
BRDA:269,20,0,0
BRDA:269,20,1,0
BRDA:269,21,0,0
BRDA:269,21,1,0
BRDA:269,21,2,0
BRDA:269,21,3,0
BRDA:270,22,0,0
BRDA:270,22,1,0
BRDA:270,22,2,0
BRDA:276,23,0,0
BRDA:276,23,1,0
BRDA:276,24,0,0
BRDA:276,24,1,0
BRDA:276,24,2,0
BRDA:292,25,0,0
BRDA:292,25,1,0
BRDA:292,26,0,0
BRDA:292,26,1,0
BRDA:292,26,2,0
BRDA:297,27,0,0
BRDA:297,27,1,0
BRDA:297,28,0,0
BRDA:297,28,1,0
BRDA:302,29,0,0
BRDA:302,29,1,0
BRDA:302,30,0,0
BRDA:302,30,1,0
BRDA:304,31,0,0
BRDA:304,31,1,0
BRDA:306,32,0,0
BRDA:306,32,1,0
BRDA:314,33,0,0
BRDA:314,33,1,0
BRDA:314,34,0,0
BRDA:314,34,1,0
BRDA:314,34,2,0
BRDA:327,35,0,0
BRDA:327,35,1,0
BRDA:342,36,0,0
BRDA:342,36,1,0
BRDA:367,37,0,0
BRDA:367,37,1,0
BRDA:382,38,0,0
BRDA:382,38,1,0
BRDA:409,39,0,0
BRDA:409,39,1,0
BRDA:422,40,0,0
BRDA:422,40,1,0
BRDA:441,41,0,0
BRDA:441,41,1,0
BRDA:442,42,0,0
BRDA:442,42,1,0
BRDA:443,43,0,0
BRDA:443,43,1,0
BRDA:444,44,0,0
BRDA:444,44,1,0
BRDA:454,45,0,0
BRDA:454,45,1,0
BRDA:487,46,0,0
BRDA:487,46,1,0
BRDA:497,47,0,0
BRDA:497,47,1,0
BRDA:505,48,0,0
BRDA:505,48,1,0
BRDA:522,49,0,0
BRDA:522,49,1,0
BRDA:522,50,0,0
BRDA:522,50,1,0
BRDA:525,51,0,0
BRDA:525,51,1,0
BRDA:539,52,0,0
BRDA:539,52,1,0
BRDA:539,53,0,0
BRDA:539,53,1,0
BRDA:542,54,0,0
BRDA:542,54,1,0
BRDA:558,55,0,0
BRDA:558,55,1,0
BRDA:624,56,0,2
BRDA:624,56,1,4
BRDA:632,57,0,4
BRDA:632,57,1,4
BRDA:632,58,0,24
BRDA:632,58,1,24
BRDA:633,59,0,24
BRDA:633,59,1,0
BRDA:635,60,0,24
BRDA:635,60,1,0
BRDA:635,61,0,24
BRDA:635,61,1,24
BRDA:637,62,0,0
BRDA:637,62,1,0
BRDA:639,63,0,24
BRDA:639,63,1,0
BRDA:639,64,0,24
BRDA:639,64,1,24
BRDA:642,65,0,24
BRDA:642,65,1,0
BRDA:642,66,0,24
BRDA:642,66,1,24
BRDA:643,67,0,24
BRDA:643,67,1,0
BRDA:643,68,0,24
BRDA:643,68,1,24
BRDA:651,69,0,0
BRDA:651,69,1,0
BRDA:653,70,0,0
BRDA:653,70,1,0
BRDA:664,71,0,24
BRDA:664,71,1,0
BRDA:664,72,0,24
BRDA:664,72,1,24
BRDA:668,73,0,24
BRDA:668,73,1,0
BRDA:668,74,0,24
BRDA:668,74,1,24
BRDA:672,75,0,24
BRDA:672,75,1,0
BRDA:672,76,0,24
BRDA:672,76,1,24
BRDA:679,77,0,24
BRDA:679,77,1,0
BRDA:679,78,0,24
BRDA:679,78,1,24
BRDA:686,79,0,0
BRDA:686,79,1,0
BRDA:698,80,0,0
BRDA:698,80,1,0
BRDA:698,81,0,0
BRDA:698,81,1,0
BRDA:735,82,0,0
BRDA:735,82,1,0
BRDA:735,83,0,0
BRDA:735,83,1,0
BRDA:736,84,0,0
BRDA:736,84,1,0
BRDA:736,85,0,0
BRDA:736,85,1,0
BRDA:738,86,0,0
BRDA:738,86,1,0
BRDA:738,87,0,0
BRDA:738,87,1,0
BRDA:751,88,0,0
BRDA:751,88,1,0
BRDA:751,89,0,0
BRDA:751,89,1,0
BRDA:880,90,0,0
BRDA:880,90,1,0
BRDA:908,91,0,0
BRDA:908,91,1,0
BRDA:908,92,0,0
BRDA:908,92,1,0
BRDA:908,93,0,0
BRDA:908,93,1,0
BRDA:908,94,0,0
BRDA:908,94,1,0
BRDA:908,95,0,0
BRDA:908,95,1,0
BRDA:910,96,0,0
BRDA:910,96,1,0
BRDA:912,97,0,0
BRDA:912,97,1,0
BRDA:912,97,2,0
BRDA:915,98,0,0
BRDA:915,98,1,0
BRDA:924,99,0,0
BRDA:924,99,1,0
BRDA:924,100,0,0
BRDA:924,100,1,0
BRDA:925,101,0,0
BRDA:925,101,1,0
BRDA:925,102,0,0
BRDA:925,102,1,0
BRDA:931,103,0,0
BRDA:931,103,1,0
BRDA:931,104,0,0
BRDA:931,104,1,0
BRDA:935,105,0,0
BRDA:935,105,1,0
BRDA:935,106,0,0
BRDA:935,106,1,0
BRDA:935,106,2,0
BRDA:942,107,0,0
BRDA:942,107,1,0
BRDA:942,108,0,0
BRDA:942,108,1,0
BRDA:943,109,0,0
BRDA:943,109,1,0
BRDA:949,110,0,0
BRDA:949,110,1,0
BRDA:951,111,0,0
BRDA:951,111,1,0
BRDA:952,112,0,0
BRDA:952,112,1,0
BRDA:961,113,0,0
BRDA:961,113,1,0
BRDA:968,114,0,0
BRDA:968,114,1,0
BRDA:981,115,0,0
BRDA:981,115,1,0
BRDA:981,116,0,0
BRDA:981,116,1,0
BRDA:981,116,2,0
BRDA:987,117,0,0
BRDA:987,117,1,0
BRDA:987,117,2,0
BRDA:999,118,0,0
BRDA:999,118,1,0
BRDA:999,118,2,0
BRDA:1015,119,0,0
BRDA:1015,119,1,0
BRDA:1016,120,0,0
BRDA:1016,120,1,0
BRDA:1017,121,0,0
BRDA:1017,121,1,0
BRDA:1036,122,0,0
BRDA:1036,122,1,0
BRDA:1036,123,0,0
BRDA:1036,123,1,0
BRDA:1036,123,2,0
BRDA:1038,124,0,0
BRDA:1038,124,1,0
BRDA:1048,125,0,0
BRDA:1048,125,1,0
BRDA:1057,126,0,0
BRDA:1057,126,1,0
BRDA:1069,127,0,0
BRDA:1069,127,1,0
BRDA:1072,128,0,0
BRDA:1072,128,1,0
BRDA:1073,129,0,0
BRDA:1073,129,1,0
BRDA:1076,130,0,0
BRDA:1076,130,1,0
BRDA:1080,131,0,0
BRDA:1080,131,1,0
BRDA:1087,132,0,0
BRDA:1087,132,1,0
BRDA:1098,133,0,0
BRDA:1098,133,1,0
BRDA:1101,134,0,0
BRDA:1101,134,1,0
BRDA:1110,135,0,0
BRDA:1110,135,1,0
BRDA:1113,136,0,0
BRDA:1113,136,1,0
BRDA:1177,137,0,0
BRDA:1177,137,1,0
BRDA:1182,138,0,0
BRDA:1182,138,1,0
BRDA:1195,139,0,0
BRDA:1195,139,1,0
BRDA:1201,140,0,0
BRDA:1201,140,1,0
BRDA:1330,141,0,0
BRDA:1330,141,1,0
BRDA:1335,142,0,0
BRDA:1335,142,1,0
BRDA:1348,143,0,0
BRDA:1348,143,1,0
BRDA:1354,144,0,0
BRDA:1354,144,1,0
BRDA:1482,145,0,0
BRDA:1482,145,1,0
BRDA:1493,146,0,0
BRDA:1493,146,1,0
BRDA:1506,147,0,0
BRDA:1506,147,1,0
BRDA:1512,148,0,0
BRDA:1512,148,1,0
BRDA:1548,149,0,0
BRDA:1548,149,1,0
BRDA:1553,150,0,0
BRDA:1553,150,1,0
BRDA:1675,151,0,0
BRDA:1675,151,1,0
BRDA:1764,152,0,0
BRDA:1764,152,1,0
BRDA:1799,153,0,0
BRDA:1799,153,1,0
BRDA:1799,153,2,0
BRDA:1799,153,3,0
BRDA:1799,153,4,6
BRDA:1809,154,0,0
BRDA:1809,154,1,6
BRF:330
BRH:51
end_of_record
TN:
SF:src\components\admin\QuestionEditor.js
FNF:0
FNH:0
LF:0
LH:0
BRF:0
BRH:0
end_of_record
TN:
SF:src\components\auth\LoginForm.js
FN:91,(anonymous_0)
FN:110,(anonymous_1)
FN:121,(anonymous_2)
FN:153,LoginForm
FN:166,(anonymous_4)
FN:170,(anonymous_5)
FN:177,(anonymous_6)
FN:188,(anonymous_7)
FN:213,(anonymous_8)
FN:215,(anonymous_9)
FN:217,(anonymous_10)
FN:241,(anonymous_11)
FN:270,(anonymous_12)
FN:375,(anonymous_13)
FN:385,(anonymous_14)
FN:390,(anonymous_15)
FNF:16
FNH:10
FNDA:156,(anonymous_0)
FNDA:4,(anonymous_1)
FNDA:0,(anonymous_2)
FNDA:330,LoginForm
FNDA:156,(anonymous_4)
FNDA:308,(anonymous_5)
FNDA:0,(anonymous_6)
FNDA:4,(anonymous_7)
FNDA:4,(anonymous_8)
FNDA:4,(anonymous_9)
FNDA:8,(anonymous_10)
FNDA:4,(anonymous_11)
FNDA:0,(anonymous_12)
FNDA:0,(anonymous_13)
FNDA:0,(anonymous_14)
FNDA:0,(anonymous_15)
DA:35,5
DA:81,5
DA:92,156
DA:95,156
DA:98,156
DA:111,4
DA:112,4
DA:122,0
DA:154,330
DA:158,330
DA:159,330
DA:160,330
DA:166,330
DA:167,156
DA:168,156
DA:170,308
DA:176,156
DA:177,0
DA:188,330
DA:189,4
DA:192,4
DA:193,0
DA:194,4
DA:195,0
DA:199,4
DA:200,0
DA:201,4
DA:202,0
DA:205,4
DA:206,4
DA:213,330
DA:215,4
DA:217,4
DA:218,8
DA:222,4
DA:224,4
DA:225,4
DA:231,0
DA:241,330
DA:242,4
DA:244,4
DA:246,4
DA:247,4
DA:249,4
DA:250,4
DA:252,4
DA:253,4
DA:254,4
DA:256,0
DA:259,0
DA:260,0
DA:262,4
DA:270,330
DA:271,0
DA:272,0
DA:276,0
DA:279,330
DA:375,0
DA:386,0
DA:390,0
LF:60
LH:44
BRDA:92,0,0,0
BRDA:92,0,1,156
BRDA:92,1,0,156
BRDA:92,1,1,156
BRDA:112,2,0,4
BRDA:112,2,1,4
BRDA:176,3,0,0
BRDA:176,3,1,156
BRDA:192,4,0,0
BRDA:192,4,1,4
BRDA:194,5,0,0
BRDA:194,5,1,4
BRDA:199,6,0,0
BRDA:199,6,1,4
BRDA:201,7,0,0
BRDA:201,7,1,4
BRDA:218,8,0,8
BRDA:218,8,1,4
BRDA:222,9,0,4
BRDA:222,9,1,0
BRDA:244,10,0,0
BRDA:244,10,1,4
BRDA:252,11,0,4
BRDA:252,11,1,0
BRDA:270,12,0,0
BRDA:304,13,0,0
BRDA:304,13,1,330
BRDA:311,14,0,330
BRDA:311,14,1,0
BRDA:328,15,0,0
BRDA:328,15,1,330
BRDA:335,16,0,330
BRDA:335,16,1,0
BRDA:343,17,0,330
BRDA:343,17,1,0
BRDA:356,18,0,8
BRDA:356,18,1,322
BRDA:381,19,0,330
BRDA:381,19,1,0
BRF:39
BRH:23
end_of_record
TN:
SF:src\components\common\Footer.js
FN:31,Footer
FN:41,(anonymous_1)
FN:47,(anonymous_2)
FN:53,(anonymous_3)
FN:59,(anonymous_4)
FN:65,(anonymous_5)
FN:71,(anonymous_6)
FN:77,(anonymous_7)
FN:83,(anonymous_8)
FNF:9
FNH:1
FNDA:16,Footer
FNDA:0,(anonymous_1)
FNDA:0,(anonymous_2)
FNDA:0,(anonymous_3)
FNDA:0,(anonymous_4)
FNDA:0,(anonymous_5)
FNDA:0,(anonymous_6)
FNDA:0,(anonymous_7)
FNDA:0,(anonymous_8)
DA:32,16
DA:33,16
DA:34,16
DA:35,16
DA:41,16
DA:47,16
DA:53,16
DA:59,16
DA:65,16
DA:71,16
DA:77,16
DA:83,16
DA:85,16
LF:13
LH:13
BRDA:251,0,0,0
BRDA:251,0,1,16
BRDA:252,1,0,0
BRDA:252,1,1,16
BRDA:538,2,0,0
BRDA:538,2,1,16
BRDA:539,3,0,0
BRDA:539,3,1,16
BRDA:697,4,0,0
BRDA:697,4,1,16
BRDA:698,5,0,0
BRDA:698,5,1,16
BRDA:737,6,0,0
BRDA:737,6,1,16
BRDA:738,7,0,0
BRDA:738,7,1,16
BRF:16
BRH:8
end_of_record
TN:
SF:src\components\common\Header.js
FN:40,Header
FN:48,(anonymous_1)
FN:77,(anonymous_2)
FN:86,(anonymous_3)
FN:95,(anonymous_4)
FN:104,(anonymous_5)
FN:113,(anonymous_6)
FNF:7
FNH:1
FNDA:16,Header
FNDA:0,(anonymous_1)
FNDA:0,(anonymous_2)
FNDA:0,(anonymous_3)
FNDA:0,(anonymous_4)
FNDA:0,(anonymous_5)
FNDA:0,(anonymous_6)
DA:41,16
DA:49,0
DA:77,0
DA:86,0
DA:95,0
DA:104,0
DA:113,0
LF:7
LH:1
BRDA:76,0,0,8
BRDA:76,0,1,8
BRDA:85,1,0,6
BRDA:85,1,1,10
BRDA:94,2,0,2
BRDA:94,2,1,14
BRDA:103,3,0,0
BRDA:103,3,1,16
BRDA:112,4,0,0
BRDA:112,4,1,16
BRF:10
BRH:8
end_of_record
TN:
SF:src\components\common\Imprint.js
FN:24,Imprint
FNF:1
FNH:1
FNDA:16,Imprint
DA:25,16
LF:1
LH:1
BRF:0
BRH:0
end_of_record
TN:
SF:src\components\common\PrivacyPolicy.js
FN:27,PrivacyPolicy
FNF:1
FNH:1
FNDA:16,PrivacyPolicy
DA:28,16
LF:1
LH:1
BRF:0
BRH:0
end_of_record
TN:
SF:src\components\community\Community.js
FN:33,Community
FN:78,(anonymous_1)
FN:94,(anonymous_2)
FN:102,(anonymous_3)
FN:113,(anonymous_4)
FN:191,(anonymous_5)
FN:255,(anonymous_6)
FN:260,(anonymous_7)
FN:302,(anonymous_8)
FNF:9
FNH:0
FNDA:0,Community
FNDA:0,(anonymous_1)
FNDA:0,(anonymous_2)
FNDA:0,(anonymous_3)
FNDA:0,(anonymous_4)
FNDA:0,(anonymous_5)
FNDA:0,(anonymous_6)
FNDA:0,(anonymous_7)
FNDA:0,(anonymous_8)
DA:35,0
DA:70,0
DA:71,0
DA:78,0
DA:79,0
DA:80,0
DA:94,0
DA:95,0
DA:102,0
DA:103,0
DA:104,0
DA:105,0
DA:113,0
DA:114,0
DA:115,0
DA:119,0
DA:120,0
DA:191,0
DA:222,0
DA:256,0
DA:260,0
DA:302,0
LF:22
LH:0
BRDA:103,0,0,0
BRDA:103,0,1,0
BRDA:119,1,0,0
BRDA:119,1,1,0
BRF:4
BRH:0
end_of_record
TN:
SF:src\components\home\HomePage.js
FN:36,HomePage
FN:44,(anonymous_1)
FN:47,(anonymous_2)
FN:74,(anonymous_3)
FN:81,(anonymous_4)
FN:147,(anonymous_5)
FN:178,(anonymous_6)
FN:209,(anonymous_7)
FN:345,(anonymous_8)
FNF:9
FNH:5
FNDA:16,HomePage
FNDA:8,(anonymous_1)
FNDA:688,(anonymous_2)
FNDA:3,(anonymous_3)
FNDA:0,(anonymous_4)
FNDA:0,(anonymous_5)
FNDA:1,(anonymous_6)
FNDA:0,(anonymous_7)
FNDA:0,(anonymous_8)
DA:37,16
DA:44,16
DA:45,8
DA:46,8
DA:47,688
DA:49,8
DA:56,16
DA:74,3
DA:81,0
DA:147,0
DA:178,1
DA:209,0
DA:345,0
LF:13
LH:9
BRF:0
BRH:0
end_of_record
TN:
SF:src\components\quiz\CooperativeLobby.js
FN:31,CooperativeLobby
FN:39,(anonymous_1)
FN:41,(anonymous_2)
FN:42,(anonymous_3)
FN:46,(anonymous_4)
FN:53,(anonymous_5)
FN:101,(anonymous_6)
FNF:7
FNH:7
FNDA:30,CooperativeLobby
FNDA:7,(anonymous_1)
FNDA:10,(anonymous_2)
FNDA:17,(anonymous_3)
FNDA:4,(anonymous_4)
FNDA:7,(anonymous_5)
FNDA:90,(anonymous_6)
DA:32,30
DA:33,30
DA:39,30
DA:40,7
DA:41,7
DA:42,10
DA:43,17
DA:44,4
DA:45,4
DA:46,4
DA:47,4
DA:49,13
DA:53,7
DA:57,30
DA:102,90
LF:15
LH:15
BRDA:40,0,0,7
BRDA:40,0,1,0
BRDA:43,1,0,4
BRDA:43,1,1,13
BRDA:64,2,0,30
BRDA:64,2,1,30
BRDA:115,3,0,30
BRDA:115,3,1,30
BRDA:115,3,2,22
BRDA:124,4,0,30
BRDA:124,4,1,8
BRDA:137,5,0,30
BRDA:137,5,1,30
BRDA:137,5,2,22
BRF:14
BRH:13
end_of_record
TN:
SF:src\components\quiz\LiveChat.js
FNF:0
FNH:0
LF:0
LH:0
BRF:0
BRH:0
end_of_record
TN:
SF:src\components\quiz\PointsInfo.js
FNF:0
FNH:0
LF:0
LH:0
BRF:0
BRH:0
end_of_record
TN:
SF:src\components\quiz\QuizCategorySelector.js
FN:46,QuizCategorySelector
FN:56,(anonymous_1)
FN:58,(anonymous_2)
FN:59,(anonymous_3)
FN:68,(anonymous_4)
FN:70,(anonymous_5)
FN:76,(anonymous_6)
FN:84,(anonymous_7)
FN:92,(anonymous_8)
FN:100,(anonymous_9)
FN:113,getEstimatedTime
FN:156,(anonymous_11)
FN:170,(anonymous_12)
FN:175,(anonymous_13)
FN:200,(anonymous_14)
FNF:15
FNH:13
FNDA:6,QuizCategorySelector
FNDA:6,(anonymous_1)
FNDA:36,(anonymous_2)
FNDA:3096,(anonymous_3)
FNDA:6,(anonymous_4)
FNDA:0,(anonymous_5)
FNDA:6,(anonymous_6)
FNDA:6,(anonymous_7)
FNDA:6,(anonymous_8)
FNDA:3,(anonymous_9)
FNDA:6,getEstimatedTime
FNDA:0,(anonymous_11)
FNDA:36,(anonymous_12)
FNDA:3,(anonymous_13)
FNDA:36,(anonymous_14)
DA:54,6
DA:56,6
DA:57,6
DA:58,6
DA:59,3096
DA:60,36
DA:68,6
DA:69,6
DA:70,0
DA:71,0
DA:76,6
DA:77,6
DA:78,2
DA:79,2
DA:80,2
DA:84,6
DA:85,6
DA:86,2
DA:87,2
DA:88,2
DA:92,6
DA:93,6
DA:94,2
DA:95,2
DA:96,2
DA:100,6
DA:101,3
DA:102,3
DA:114,6
DA:115,6
DA:116,2
DA:117,2
DA:118,2
DA:119,0
DA:121,6
DA:122,6
DA:126,6
DA:127,6
DA:130,6
DA:156,0
DA:171,36
DA:175,3
DA:200,36
LF:43
LH:39
BRDA:69,0,0,6
BRDA:69,0,1,0
BRDA:71,1,0,0
BRDA:71,1,1,0
BRDA:71,1,2,0
BRDA:77,2,0,2
BRDA:77,2,1,2
BRDA:77,2,2,2
BRDA:85,3,0,2
BRDA:85,3,1,2
BRDA:85,3,2,2
BRDA:93,4,0,2
BRDA:93,4,1,2
BRDA:93,4,2,2
BRDA:101,5,0,3
BRDA:101,5,1,0
BRDA:115,6,0,2
BRDA:115,6,1,2
BRDA:115,6,2,2
BRDA:115,6,3,0
BRDA:126,7,0,6
BRDA:126,7,1,0
BRDA:162,8,0,0
BRDA:162,8,1,6
BRDA:173,9,0,36
BRDA:173,9,1,0
BRDA:174,10,0,36
BRDA:174,10,1,0
BRDA:174,11,0,36
BRDA:174,11,1,0
BRDA:183,12,0,36
BRDA:183,12,1,0
BRDA:184,13,0,36
BRDA:184,13,1,0
BRF:34
BRH:21
end_of_record
TN:
SF:src\components\quiz\QuizMain.js
FN:54,QuizMain
FN:72,(anonymous_1)
FN:82,(anonymous_2)
FN:83,(anonymous_3)
FN:115,(anonymous_4)
FN:142,(anonymous_5)
FN:148,(anonymous_6)
FN:155,(anonymous_7)
FN:166,(anonymous_8)
FN:175,(anonymous_9)
FN:177,(anonymous_10)
FN:178,(anonymous_11)
FN:202,(anonymous_12)
FN:204,(anonymous_13)
FN:205,(anonymous_14)
FN:208,(anonymous_15)
FN:214,(anonymous_16)
FN:216,(anonymous_17)
FN:218,(anonymous_18)
FN:222,(anonymous_19)
FN:227,(anonymous_20)
FN:236,(anonymous_21)
FN:246,(anonymous_22)
FN:252,(anonymous_23)
FN:262,(anonymous_24)
FN:267,(anonymous_25)
FN:268,(anonymous_26)
FN:271,(anonymous_27)
FN:276,(anonymous_28)
FN:278,(anonymous_29)
FN:285,(anonymous_30)
FN:293,(anonymous_31)
FN:301,(anonymous_32)
FN:302,(anonymous_33)
FN:371,(anonymous_34)
FN:405,(anonymous_35)
FN:415,(anonymous_36)
FN:416,(anonymous_37)
FN:417,(anonymous_38)
FN:418,(anonymous_39)
FN:436,(anonymous_40)
FN:458,(anonymous_41)
FN:487,(anonymous_42)
FN:509,(anonymous_43)
FN:531,(anonymous_44)
FNF:45
FNH:21
FNDA:40,QuizMain
FNDA:6,(anonymous_1)
FNDA:17,(anonymous_2)
FNDA:0,(anonymous_3)
FNDA:0,(anonymous_4)
FNDA:14,(anonymous_5)
FNDA:17,(anonymous_6)
FNDA:6,(anonymous_7)
FNDA:3,(anonymous_8)
FNDA:3,(anonymous_9)
FNDA:258,(anonymous_10)
FNDA:118,(anonymous_11)
FNDA:1,(anonymous_12)
FNDA:3,(anonymous_13)
FNDA:3,(anonymous_14)
FNDA:6,(anonymous_15)
FNDA:0,(anonymous_16)
FNDA:0,(anonymous_17)
FNDA:0,(anonymous_18)
FNDA:0,(anonymous_19)
FNDA:0,(anonymous_20)
FNDA:0,(anonymous_21)
FNDA:0,(anonymous_22)
FNDA:0,(anonymous_23)
FNDA:4,(anonymous_24)
FNDA:0,(anonymous_25)
FNDA:0,(anonymous_26)
FNDA:0,(anonymous_27)
FNDA:0,(anonymous_28)
FNDA:0,(anonymous_29)
FNDA:12,(anonymous_30)
FNDA:12,(anonymous_31)
FNDA:0,(anonymous_32)
FNDA:0,(anonymous_33)
FNDA:0,(anonymous_34)
FNDA:0,(anonymous_35)
FNDA:0,(anonymous_36)
FNDA:0,(anonymous_37)
FNDA:0,(anonymous_38)
FNDA:0,(anonymous_39)
FNDA:3,(anonymous_40)
FNDA:0,(anonymous_41)
FNDA:1,(anonymous_42)
FNDA:1,(anonymous_43)
FNDA:1,(anonymous_44)
DA:55,40
DA:56,40
DA:57,40
DA:58,40
DA:59,40
DA:60,40
DA:61,40
DA:62,40
DA:63,40
DA:64,40
DA:65,40
DA:70,40
DA:72,40
DA:73,6
DA:74,6
DA:75,6
DA:76,0
DA:78,6
DA:82,40
DA:83,17
DA:85,0
DA:87,0
DA:88,0
DA:89,0
DA:90,0
DA:91,0
DA:92,0
DA:93,0
DA:94,0
DA:95,0
DA:97,0
DA:98,0
DA:100,0
DA:101,0
DA:102,0
DA:103,0
DA:104,0
DA:105,0
DA:106,0
DA:107,0
DA:108,0
DA:109,0
DA:110,0
DA:111,0
DA:112,0
DA:114,0
DA:115,0
DA:120,0
DA:121,0
DA:123,0
DA:124,0
DA:125,0
DA:126,0
DA:127,0
DA:128,0
DA:129,0
DA:130,0
DA:131,0
DA:132,0
DA:133,0
DA:134,0
DA:139,17
DA:142,17
DA:143,14
DA:148,40
DA:149,17
DA:151,17
DA:155,40
DA:156,6
DA:157,6
DA:158,2
DA:159,2
DA:160,2
DA:161,0
DA:163,6
DA:166,40
DA:167,3
DA:168,3
DA:172,3
DA:175,40
DA:176,3
DA:177,258
DA:178,118
DA:179,3
DA:180,3
DA:181,3
DA:182,3
DA:183,3
DA:185,3
DA:186,2
DA:187,2
DA:191,2
DA:192,1
DA:195,2
DA:198,1
DA:202,40
DA:203,1
DA:204,1
DA:205,3
DA:206,3
DA:207,3
DA:208,6
DA:211,1
DA:214,40
DA:215,0
DA:216,0
DA:217,0
DA:218,0
DA:219,0
DA:220,0
DA:221,0
DA:222,0
DA:227,40
DA:228,0
DA:229,0
DA:230,0
DA:231,0
DA:232,0
DA:233,0
DA:236,40
DA:237,0
DA:238,0
DA:239,0
DA:240,0
DA:241,0
DA:242,0
DA:243,0
DA:246,40
DA:247,0
DA:248,0
DA:249,0
DA:252,40
DA:253,0
DA:254,0
DA:259,0
DA:262,40
DA:263,4
DA:267,40
DA:268,0
DA:269,0
DA:270,0
DA:271,0
DA:276,0
DA:277,0
DA:278,0
DA:280,0
DA:285,40
DA:286,12
DA:287,4
DA:288,4
DA:289,4
DA:293,40
DA:294,12
DA:295,4
DA:296,4
DA:297,4
DA:301,40
DA:302,40
DA:303,0
DA:307,40
DA:308,0
DA:318,40
DA:319,0
DA:335,40
DA:336,10
DA:347,30
DA:348,6
DA:366,24
DA:367,6
DA:371,0
DA:380,18
DA:381,6
DA:405,0
DA:415,0
DA:416,0
DA:417,0
DA:418,0
DA:436,3
DA:449,12
DA:458,0
DA:487,1
DA:509,1
DA:531,1
LF:183
LH:95
BRDA:75,0,0,0
BRDA:75,0,1,6
BRDA:75,1,0,6
BRDA:75,1,1,6
BRDA:85,2,0,0
BRDA:85,2,1,0
BRDA:85,3,0,0
BRDA:85,3,1,0
BRDA:95,4,0,0
BRDA:95,4,1,0
BRDA:98,5,0,0
BRDA:98,5,1,0
BRDA:112,6,0,0
BRDA:112,6,1,0
BRDA:121,7,0,0
BRDA:121,7,1,0
BRDA:149,8,0,17
BRDA:149,8,1,0
BRDA:157,9,0,2
BRDA:157,9,1,2
BRDA:157,9,2,2
BRDA:157,9,3,0
BRDA:185,10,0,2
BRDA:185,10,1,1
BRDA:191,11,0,1
BRDA:191,11,1,1
BRDA:215,12,0,0
BRDA:215,12,1,0
BRDA:217,13,0,0
BRDA:217,13,1,0
BRDA:217,14,0,0
BRDA:217,14,1,0
BRDA:269,15,0,0
BRDA:269,15,1,0
BRDA:277,16,0,0
BRDA:277,16,1,0
BRDA:286,17,0,4
BRDA:286,17,1,4
BRDA:286,17,2,4
BRDA:294,18,0,4
BRDA:294,18,1,4
BRDA:294,18,2,4
BRDA:303,19,0,0
BRDA:303,19,1,0
BRDA:307,20,0,0
BRDA:307,20,1,40
BRDA:318,21,0,0
BRDA:318,21,1,40
BRDA:335,22,0,10
BRDA:335,22,1,30
BRDA:335,23,0,40
BRDA:335,23,1,10
BRDA:347,24,0,6
BRDA:347,24,1,24
BRDA:347,25,0,30
BRDA:347,25,1,6
BRDA:366,26,0,6
BRDA:366,26,1,18
BRDA:380,27,0,6
BRDA:380,27,1,12
BRDA:396,28,0,2
BRDA:396,28,1,4
BRDA:396,29,0,2
BRDA:396,29,1,2
BRDA:415,30,0,0
BRDA:415,30,1,6
BRDA:416,31,0,6
BRDA:416,31,1,0
BRDA:417,32,0,0
BRDA:417,32,1,6
BRDA:418,33,0,0
BRDA:418,33,1,6
BRF:72
BRH:39
end_of_record
TN:
SF:src\components\quiz\QuizQuestion.js
FN:65,QuizQuestion
FN:115,(anonymous_1)
FN:116,(anonymous_2)
FN:130,(anonymous_3)
FN:131,(anonymous_4)
FN:139,(anonymous_5)
FN:141,(anonymous_6)
FN:150,(anonymous_7)
FN:152,(anonymous_8)
FN:161,(anonymous_9)
FN:185,(anonymous_10)
FN:194,(anonymous_11)
FN:215,(anonymous_12)
FN:234,(anonymous_13)
FN:235,(anonymous_14)
FN:246,(anonymous_15)
FN:258,(anonymous_16)
FN:290,(anonymous_17)
FN:291,(anonymous_18)
FN:295,(anonymous_19)
FN:296,(anonymous_20)
FN:321,(anonymous_21)
FN:333,(anonymous_22)
FN:355,(anonymous_23)
FN:366,(anonymous_24)
FN:397,(anonymous_25)
FN:424,(anonymous_26)
FN:436,(anonymous_27)
FN:460,(anonymous_28)
FN:469,(anonymous_29)
FN:485,(anonymous_30)
FN:506,(anonymous_31)
FN:538,(anonymous_32)
FN:575,(anonymous_33)
FN:610,(anonymous_34)
FN:636,(anonymous_35)
FN:658,(anonymous_36)
FN:681,(anonymous_37)
FN:743,(anonymous_38)
FN:772,(anonymous_39)
FN:843,(anonymous_40)
FN:880,(anonymous_41)
FN:884,(anonymous_42)
FNF:43
FNH:23
FNDA:12,QuizQuestion
FNDA:8,(anonymous_1)
FNDA:0,(anonymous_2)
FNDA:16,(anonymous_3)
FNDA:0,(anonymous_4)
FNDA:8,(anonymous_5)
FNDA:0,(anonymous_6)
FNDA:8,(anonymous_7)
FNDA:0,(anonymous_8)
FNDA:8,(anonymous_9)
FNDA:24,(anonymous_10)
FNDA:32,(anonymous_11)
FNDA:0,(anonymous_12)
FNDA:6,(anonymous_13)
FNDA:0,(anonymous_14)
FNDA:0,(anonymous_15)
FNDA:6,(anonymous_16)
FNDA:0,(anonymous_17)
FNDA:0,(anonymous_18)
FNDA:0,(anonymous_19)
FNDA:0,(anonymous_20)
FNDA:3,(anonymous_21)
FNDA:6,(anonymous_22)
FNDA:0,(anonymous_23)
FNDA:0,(anonymous_24)
FNDA:0,(anonymous_25)
FNDA:0,(anonymous_26)
FNDA:48,(anonymous_27)
FNDA:36,(anonymous_28)
FNDA:36,(anonymous_29)
FNDA:12,(anonymous_30)
FNDA:0,(anonymous_31)
FNDA:0,(anonymous_32)
FNDA:4,(anonymous_33)
FNDA:16,(anonymous_34)
FNDA:0,(anonymous_35)
FNDA:8,(anonymous_36)
FNDA:32,(anonymous_37)
FNDA:8,(anonymous_38)
FNDA:12,(anonymous_39)
FNDA:0,(anonymous_40)
FNDA:48,(anonymous_41)
FNDA:0,(anonymous_42)
DA:79,12
DA:80,12
DA:81,12
DA:82,12
DA:83,12
DA:88,12
DA:89,12
DA:90,12
DA:91,12
DA:94,12
DA:99,12
DA:102,12
DA:103,12
DA:106,12
DA:108,12
DA:115,12
DA:116,8
DA:117,0
DA:118,0
DA:119,0
DA:121,0
DA:130,12
DA:131,16
DA:139,12
DA:140,8
DA:141,0
DA:142,0
DA:150,12
DA:151,8
DA:152,0
DA:153,0
DA:161,12
DA:162,8
DA:163,8
DA:164,8
DA:165,8
DA:167,8
DA:182,8
DA:185,24
DA:194,12
DA:195,32
DA:196,8
DA:197,8
DA:198,8
DA:199,8
DA:215,12
DA:216,0
DA:217,0
DA:218,0
DA:219,0
DA:220,0
DA:225,12
DA:227,12
DA:234,12
DA:235,6
DA:236,0
DA:237,0
DA:238,0
DA:239,0
DA:241,0
DA:243,6
DA:244,0
DA:245,0
DA:246,0
DA:258,12
DA:260,6
DA:261,2
DA:265,6
DA:266,6
DA:267,6
DA:268,6
DA:269,6
DA:270,6
DA:273,6
DA:274,6
DA:275,6
DA:276,6
DA:279,6
DA:280,6
DA:281,2
DA:282,4
DA:283,2
DA:286,6
DA:287,4
DA:290,4
DA:291,0
DA:292,0
DA:293,0
DA:295,0
DA:296,0
DA:297,0
DA:298,0
DA:300,0
DA:301,0
DA:308,0
DA:310,0
DA:313,0
DA:315,0
DA:321,6
DA:322,3
DA:323,2
DA:333,12
DA:334,6
DA:335,0
DA:336,0
DA:340,0
DA:341,0
DA:342,0
DA:345,0
DA:348,0
DA:351,0
DA:355,0
DA:356,0
DA:366,12
DA:367,0
DA:370,0
DA:371,0
DA:374,0
DA:375,0
DA:376,0
DA:378,0
DA:379,0
DA:381,0
DA:397,12
DA:398,0
DA:400,0
DA:402,0
DA:412,0
DA:413,0
DA:424,12
DA:425,0
DA:426,0
DA:436,12
DA:437,48
DA:438,48
DA:439,0
DA:441,48
DA:444,0
DA:445,0
DA:448,0
DA:449,0
DA:452,0
DA:460,12
DA:461,36
DA:469,12
DA:470,36
DA:472,16
DA:474,12
DA:476,8
DA:485,12
DA:486,12
DA:488,4
DA:490,4
DA:492,4
DA:506,12
DA:507,0
DA:509,0
DA:539,0
DA:567,12
DA:568,12
DA:575,12
DA:576,4
DA:578,4
DA:611,16
DA:636,0
DA:658,12
DA:659,8
DA:661,8
DA:682,32
DA:683,32
DA:685,32
DA:743,8
DA:760,12
DA:761,0
DA:772,12
DA:773,12
DA:774,4
DA:777,8
DA:778,4
DA:779,4
DA:780,4
DA:783,0
DA:786,12
DA:788,12
DA:844,0
DA:846,0
DA:847,0
DA:848,0
DA:849,0
DA:850,0
DA:852,0
DA:881,48
DA:884,0
LF:193
LH:113
BRDA:74,0,0,0
BRDA:76,1,0,0
BRDA:117,2,0,0
BRDA:117,2,1,0
BRDA:140,3,0,8
BRDA:140,3,1,0
BRDA:151,4,0,8
BRDA:151,4,1,0
BRDA:195,5,0,8
BRDA:195,5,1,8
BRDA:195,5,2,8
BRDA:195,5,3,8
BRDA:216,6,0,0
BRDA:216,6,1,0
BRDA:216,6,2,0
BRDA:216,6,3,0
BRDA:225,7,0,12
BRDA:225,7,1,0
BRDA:227,8,0,12
BRDA:227,8,1,12
BRDA:227,8,2,12
BRDA:227,8,3,12
BRDA:227,8,4,0
BRDA:227,8,5,0
BRDA:236,9,0,0
BRDA:236,9,1,0
BRDA:237,10,0,0
BRDA:237,10,1,0
BRDA:238,11,0,0
BRDA:238,11,1,0
BRDA:243,12,0,0
BRDA:243,12,1,6
BRDA:260,13,0,2
BRDA:260,13,1,4
BRDA:280,14,0,2
BRDA:280,14,1,4
BRDA:282,15,0,2
BRDA:282,15,1,2
BRDA:286,16,0,4
BRDA:286,16,1,2
BRDA:292,17,0,0
BRDA:292,17,1,0
BRDA:297,18,0,0
BRDA:297,18,1,0
BRDA:322,19,0,2
BRDA:322,19,1,1
BRDA:334,20,0,0
BRDA:334,20,1,6
BRDA:334,21,0,6
BRDA:334,21,1,4
BRDA:335,22,0,0
BRDA:335,22,1,0
BRDA:341,23,0,0
BRDA:341,23,1,0
BRDA:367,24,0,0
BRDA:367,24,1,0
BRDA:370,25,0,0
BRDA:370,25,1,0
BRDA:398,26,0,0
BRDA:398,26,1,0
BRDA:398,27,0,0
BRDA:398,27,1,0
BRDA:425,28,0,0
BRDA:425,28,1,0
BRDA:437,29,0,48
BRDA:437,29,1,0
BRDA:438,30,0,0
BRDA:438,30,1,48
BRDA:444,31,0,0
BRDA:444,31,1,0
BRDA:448,32,0,0
BRDA:448,32,1,0
BRDA:448,33,0,0
BRDA:448,33,1,0
BRDA:470,34,0,16
BRDA:470,34,1,12
BRDA:470,34,2,8
BRDA:486,35,0,4
BRDA:486,35,1,4
BRDA:486,35,2,4
BRDA:526,36,0,0
BRDA:526,36,1,0
BRDA:550,37,0,0
BRDA:550,37,1,0
BRDA:553,38,0,0
BRDA:553,38,1,0
BRDA:567,39,0,12
BRDA:567,39,1,0
BRDA:576,40,0,0
BRDA:576,40,1,4
BRDA:584,41,0,4
BRDA:584,41,1,4
BRDA:591,42,0,0
BRDA:591,42,1,4
BRDA:594,43,0,0
BRDA:594,43,1,0
BRDA:611,44,0,0
BRDA:611,44,1,16
BRDA:613,45,0,0
BRDA:613,45,1,16
BRDA:615,46,0,8
BRDA:615,46,1,8
BRDA:671,47,0,0
BRDA:671,47,1,8
BRDA:689,48,0,8
BRDA:689,48,1,24
BRDA:703,49,0,32
BRDA:703,49,1,8
BRDA:711,50,0,32
BRDA:711,50,1,32
BRDA:718,51,0,32
BRDA:718,51,1,32
BRDA:724,52,0,8
BRDA:724,52,1,24
BRDA:725,53,0,32
BRDA:725,53,1,32
BRDA:760,54,0,0
BRDA:760,54,1,12
BRDA:773,55,0,4
BRDA:773,55,1,8
BRDA:777,56,0,4
BRDA:777,56,1,4
BRDA:779,57,0,4
BRDA:779,57,1,0
BRDA:802,58,0,12
BRDA:802,58,1,8
BRDA:803,59,0,0
BRDA:803,59,1,8
BRDA:810,60,0,12
BRDA:810,60,1,4
BRDA:813,61,0,0
BRDA:813,61,1,4
BRDA:844,62,0,0
BRDA:844,62,1,0
BRDA:846,63,0,0
BRDA:846,63,1,0
BRDA:847,64,0,0
BRDA:847,64,1,0
BRDA:863,65,0,12
BRDA:863,65,1,12
BRDA:869,66,0,12
BRDA:869,66,1,12
BRDA:892,67,0,48
BRDA:892,67,1,0
BRDA:892,67,2,0
BRDA:895,68,0,48
BRDA:895,68,1,0
BRDA:895,68,2,0
BRDA:895,68,3,0
BRDA:904,69,0,12
BRDA:904,69,1,0
BRDA:904,69,2,0
BRDA:915,70,0,12
BRDA:915,70,1,0
BRDA:915,70,2,0
BRDA:926,71,0,12
BRDA:926,71,1,0
BRDA:926,71,2,0
BRDA:926,71,3,0
BRDA:952,72,0,12
BRDA:952,72,1,8
BRDA:954,73,0,4
BRDA:954,73,1,4
BRDA:964,74,0,12
BRDA:964,74,1,4
BRDA:971,75,0,12
BRDA:971,75,1,8
BRF:167
BRH:84
end_of_record
TN:
SF:src\components\quiz\QuizResults.js
FN:51,QuizResults
FN:68,(anonymous_1)
FN:72,(anonymous_2)
FN:76,(anonymous_3)
FN:78,(anonymous_4)
FN:108,(anonymous_5)
FN:112,(anonymous_6)
FN:118,(anonymous_7)
FN:125,(anonymous_8)
FN:163,(anonymous_9)
FN:173,(anonymous_10)
FN:186,(anonymous_11)
FN:201,(anonymous_12)
FN:300,(anonymous_13)
FN:311,(anonymous_14)
FN:429,(anonymous_15)
FNF:16
FNH:0
FNDA:0,QuizResults
FNDA:0,(anonymous_1)
FNDA:0,(anonymous_2)
FNDA:0,(anonymous_3)
FNDA:0,(anonymous_4)
FNDA:0,(anonymous_5)
FNDA:0,(anonymous_6)
FNDA:0,(anonymous_7)
FNDA:0,(anonymous_8)
FNDA:0,(anonymous_9)
FNDA:0,(anonymous_10)
FNDA:0,(anonymous_11)
FNDA:0,(anonymous_12)
FNDA:0,(anonymous_13)
FNDA:0,(anonymous_14)
FNDA:0,(anonymous_15)
DA:62,0
DA:63,0
DA:64,0
DA:68,0
DA:69,0
DA:70,0
DA:72,0
DA:73,0
DA:76,0
DA:77,0
DA:78,0
DA:79,0
DA:80,0
DA:81,0
DA:84,0
DA:92,0
DA:93,0
DA:96,0
DA:97,0
DA:99,0
DA:100,0
DA:108,0
DA:109,0
DA:112,0
DA:113,0
DA:114,0
DA:117,0
DA:118,0
DA:119,0
DA:124,0
DA:125,0
DA:126,0
DA:127,0
DA:128,0
DA:130,0
DA:131,0
DA:132,0
DA:135,0
DA:136,0
DA:137,0
DA:138,0
DA:140,0
DA:141,0
DA:142,0
DA:146,0
DA:163,0
DA:164,0
DA:165,0
DA:166,0
DA:173,0
DA:174,0
DA:175,0
DA:176,0
DA:177,0
DA:178,0
DA:179,0
DA:186,0
DA:187,0
DA:189,0
DA:191,0
DA:193,0
DA:201,0
DA:202,0
DA:204,0
DA:206,0
DA:208,0
DA:212,0
DA:214,0
DA:300,0
DA:312,0
DA:314,0
DA:315,0
DA:430,0
LF:73
LH:0
BRDA:68,0,0,0
BRDA:68,0,1,0
BRDA:72,1,0,0
BRDA:72,1,1,0
BRDA:72,2,0,0
BRDA:72,2,1,0
BRDA:77,3,0,0
BRDA:77,3,1,0
BRDA:79,4,0,0
BRDA:79,4,1,0
BRDA:79,5,0,0
BRDA:79,5,1,0
BRDA:80,6,0,0
BRDA:80,6,1,0
BRDA:109,7,0,0
BRDA:109,7,1,0
BRDA:109,8,0,0
BRDA:109,8,1,0
BRDA:124,9,0,0
BRDA:124,9,1,0
BRDA:125,10,0,0
BRDA:125,10,1,0
BRDA:127,11,0,0
BRDA:127,11,1,0
BRDA:135,12,0,0
BRDA:135,12,1,0
BRDA:142,13,0,0
BRDA:142,13,1,0
BRDA:164,14,0,0
BRDA:164,14,1,0
BRDA:165,15,0,0
BRDA:165,15,1,0
BRDA:174,16,0,0
BRDA:174,16,1,0
BRDA:175,17,0,0
BRDA:175,17,1,0
BRDA:176,18,0,0
BRDA:176,18,1,0
BRDA:177,19,0,0
BRDA:177,19,1,0
BRDA:178,20,0,0
BRDA:178,20,1,0
BRDA:187,21,0,0
BRDA:187,21,1,0
BRDA:187,21,2,0
BRDA:202,22,0,0
BRDA:202,22,1,0
BRDA:202,22,2,0
BRDA:228,23,0,0
BRDA:228,23,1,0
BRDA:228,23,2,0
BRDA:231,24,0,0
BRDA:231,24,1,0
BRDA:231,25,0,0
BRDA:231,25,1,0
BRDA:234,26,0,0
BRDA:234,26,1,0
BRDA:235,27,0,0
BRDA:235,27,1,0
BRDA:292,28,0,0
BRDA:292,28,1,0
BRDA:292,29,0,0
BRDA:292,29,1,0
BRDA:302,30,0,0
BRDA:302,30,1,0
BRDA:303,31,0,0
BRDA:303,31,1,0
BRDA:308,32,0,0
BRDA:308,32,1,0
BRDA:314,33,0,0
BRDA:314,33,1,0
BRDA:320,34,0,0
BRDA:320,34,1,0
BRDA:321,35,0,0
BRDA:321,35,1,0
BRDA:328,36,0,0
BRDA:328,36,1,0
BRDA:329,37,0,0
BRDA:329,37,1,0
BRDA:329,38,0,0
BRDA:329,38,1,0
BRDA:329,38,2,0
BRDA:337,39,0,0
BRDA:337,39,1,0
BRDA:337,40,0,0
BRDA:337,40,1,0
BRDA:344,41,0,0
BRDA:344,41,1,0
BRDA:344,42,0,0
BRDA:344,42,1,0
BRDA:345,43,0,0
BRDA:345,43,1,0
BRDA:347,44,0,0
BRDA:347,44,1,0
BRDA:401,45,0,0
BRDA:401,45,1,0
BRDA:404,46,0,0
BRDA:404,46,1,0
BRDA:404,47,0,0
BRDA:404,47,1,0
BRDA:419,48,0,0
BRDA:419,48,1,0
BRDA:419,48,2,0
BRDA:430,49,0,0
BRDA:430,49,1,0
BRDA:430,50,0,0
BRDA:430,50,1,0
BRDA:438,51,0,0
BRDA:438,51,1,0
BRDA:438,52,0,0
BRDA:438,52,1,0
BRDA:439,53,0,0
BRDA:439,53,1,0
BRDA:441,54,0,0
BRDA:441,54,1,0
BRDA:453,55,0,0
BRDA:453,55,1,0
BRDA:464,56,0,0
BRDA:464,56,1,0
BRDA:467,57,0,0
BRDA:467,57,1,0
BRDA:468,58,0,0
BRDA:468,58,1,0
BRF:123
BRH:0
end_of_record
TN:
SF:src\components\user\UserProfile.js
FN:41,UserProfile
FN:59,(anonymous_1)
FN:61,(anonymous_2)
FN:73,(anonymous_3)
FN:81,(anonymous_4)
FN:90,(anonymous_5)
FN:131,(anonymous_6)
FN:155,(anonymous_7)
FN:164,(anonymous_8)
FN:173,(anonymous_9)
FN:191,(anonymous_10)
FNF:11
FNH:0
FNDA:0,UserProfile
FNDA:0,(anonymous_1)
FNDA:0,(anonymous_2)
FNDA:0,(anonymous_3)
FNDA:0,(anonymous_4)
FNDA:0,(anonymous_5)
FNDA:0,(anonymous_6)
FNDA:0,(anonymous_7)
FNDA:0,(anonymous_8)
FNDA:0,(anonymous_9)
FNDA:0,(anonymous_10)
DA:42,0
DA:51,0
DA:52,0
DA:59,0
DA:61,0
DA:63,0
DA:73,0
DA:74,0
DA:81,0
DA:83,0
DA:90,0
DA:91,0
DA:92,0
DA:96,0
DA:131,0
DA:155,0
DA:164,0
DA:175,0
DA:176,0
DA:177,0
DA:192,0
DA:193,0
LF:22
LH:0
BRDA:69,0,0,0
BRDA:69,0,1,0
BRDA:91,1,0,0
BRDA:91,1,1,0
BRDA:109,2,0,0
BRDA:109,2,1,0
BRDA:176,3,0,0
BRDA:176,3,1,0
BRF:8
BRH:0
end_of_record
TN:
SF:src\data\dataManager.js
FN:21,(anonymous_0)
FN:35,(anonymous_1)
FN:72,(anonymous_2)
FN:76,(anonymous_3)
FN:113,(anonymous_4)
FN:118,(anonymous_5)
FN:120,(anonymous_6)
FN:165,(anonymous_7)
FN:169,(anonymous_8)
FN:195,(anonymous_9)
FN:196,(anonymous_10)
FN:224,(anonymous_11)
FN:228,(anonymous_12)
FN:229,(anonymous_13)
FN:248,(anonymous_14)
FN:264,(anonymous_15)
FN:281,(anonymous_16)
FN:283,(anonymous_17)
FN:299,(anonymous_18)
FN:302,(anonymous_19)
FN:306,(anonymous_20)
FN:328,(anonymous_21)
FN:366,(anonymous_22)
FN:373,(anonymous_23)
FN:373,(anonymous_24)
FN:400,(anonymous_25)
FN:406,(anonymous_26)
FN:407,(anonymous_27)
FN:437,(anonymous_28)
FN:441,(anonymous_29)
FN:461,(anonymous_30)
FN:465,(anonymous_31)
FN:466,(anonymous_32)
FN:484,(anonymous_33)
FN:487,(anonymous_34)
FN:490,(anonymous_35)
FN:515,(anonymous_36)
FN:517,(anonymous_37)
FN:522,(anonymous_38)
FN:548,(anonymous_39)
FN:550,(anonymous_40)
FN:556,(anonymous_41)
FN:572,(anonymous_42)
FN:577,(anonymous_43)
FN:581,(anonymous_44)
FN:599,(anonymous_45)
FN:601,(anonymous_46)
FN:621,(anonymous_47)
FN:641,(anonymous_48)
FN:662,(anonymous_49)
FN:688,(anonymous_50)
FN:708,(anonymous_51)
FN:725,(anonymous_52)
FN:747,(anonymous_53)
FN:752,(anonymous_54)
FN:767,(anonymous_55)
FN:782,(anonymous_56)
FN:795,(anonymous_57)
FN:807,(anonymous_58)
FN:831,(anonymous_59)
FN:846,(anonymous_60)
FN:870,(anonymous_61)
FN:889,(anonymous_62)
FN:920,(anonymous_63)
FN:922,(anonymous_64)
FN:932,(anonymous_65)
FN:944,(anonymous_66)
FNF:67
FNH:22
FNDA:5,(anonymous_0)
FNDA:5,(anonymous_1)
FNDA:5,(anonymous_2)
FNDA:30,(anonymous_3)
FNDA:5,(anonymous_4)
FNDA:30,(anonymous_5)
FNDA:430,(anonymous_6)
FNDA:430,(anonymous_7)
FNDA:6880,(anonymous_8)
FNDA:430,(anonymous_9)
FNDA:1445,(anonymous_10)
FNDA:5,(anonymous_11)
FNDA:30,(anonymous_12)
FNDA:2580,(anonymous_13)
FNDA:56,(anonymous_14)
FNDA:45,(anonymous_15)
FNDA:0,(anonymous_16)
FNDA:0,(anonymous_17)
FNDA:0,(anonymous_18)
FNDA:0,(anonymous_19)
FNDA:0,(anonymous_20)
FNDA:0,(anonymous_21)
FNDA:0,(anonymous_22)
FNDA:0,(anonymous_23)
FNDA:0,(anonymous_24)
FNDA:9,(anonymous_25)
FNDA:774,(anonymous_26)
FNDA:2601,(anonymous_27)
FNDA:6,(anonymous_28)
FNDA:36,(anonymous_29)
FNDA:0,(anonymous_30)
FNDA:0,(anonymous_31)
FNDA:0,(anonymous_32)
FNDA:0,(anonymous_33)
FNDA:0,(anonymous_34)
FNDA:0,(anonymous_35)
FNDA:0,(anonymous_36)
FNDA:0,(anonymous_37)
FNDA:0,(anonymous_38)
FNDA:0,(anonymous_39)
FNDA:0,(anonymous_40)
FNDA:0,(anonymous_41)
FNDA:0,(anonymous_42)
FNDA:0,(anonymous_43)
FNDA:0,(anonymous_44)
FNDA:0,(anonymous_45)
FNDA:0,(anonymous_46)
FNDA:0,(anonymous_47)
FNDA:0,(anonymous_48)
FNDA:0,(anonymous_49)
FNDA:0,(anonymous_50)
FNDA:0,(anonymous_51)
FNDA:0,(anonymous_52)
FNDA:0,(anonymous_53)
FNDA:0,(anonymous_54)
FNDA:0,(anonymous_55)
FNDA:0,(anonymous_56)
FNDA:0,(anonymous_57)
FNDA:0,(anonymous_58)
FNDA:6,(anonymous_59)
FNDA:0,(anonymous_60)
FNDA:0,(anonymous_61)
FNDA:0,(anonymous_62)
FNDA:0,(anonymous_63)
FNDA:0,(anonymous_64)
FNDA:0,(anonymous_65)
FNDA:0,(anonymous_66)
DA:22,5
DA:36,5
DA:37,5
DA:40,5
DA:41,5
DA:42,5
DA:45,5
DA:46,5
DA:47,5
DA:51,5
DA:52,5
DA:53,5
DA:54,5
DA:73,5
DA:74,5
DA:76,30
DA:89,5
DA:90,5
DA:91,5
DA:93,0
DA:94,0
DA:114,5
DA:115,5
DA:117,5
DA:118,30
DA:120,5
DA:121,430
DA:122,430
DA:138,5
DA:139,5
DA:142,5
DA:143,5
DA:145,0
DA:146,0
DA:166,430
DA:167,430
DA:169,430
DA:170,6880
DA:171,40
DA:175,430
DA:196,430
DA:197,1445
DA:200,430
DA:201,430
DA:202,430
DA:205,0
DA:206,0
DA:225,5
DA:226,5
DA:228,5
DA:229,2580
DA:230,30
DA:233,5
DA:234,5
DA:249,56
DA:250,56
DA:265,45
DA:266,45
DA:282,0
DA:283,0
DA:300,0
DA:301,0
DA:302,0
DA:304,0
DA:306,0
DA:329,0
DA:330,0
DA:337,0
DA:338,0
DA:340,0
DA:367,0
DA:368,0
DA:373,0
DA:376,0
DA:377,0
DA:380,0
DA:382,0
DA:401,9
DA:402,9
DA:404,9
DA:406,9
DA:407,2601
DA:408,774
DA:417,774
DA:418,774
DA:438,6
DA:439,6
DA:441,36
DA:462,0
DA:463,0
DA:465,0
DA:466,0
DA:468,0
DA:485,0
DA:487,0
DA:488,0
DA:490,0
DA:491,0
DA:492,0
DA:516,0
DA:517,0
DA:518,0
DA:521,0
DA:522,0
DA:549,0
DA:550,0
DA:551,0
DA:554,0
DA:555,0
DA:556,0
DA:573,0
DA:574,0
DA:577,0
DA:578,0
DA:581,0
DA:582,0
DA:584,0
DA:600,0
DA:601,0
DA:602,0
DA:603,0
DA:604,0
DA:622,0
DA:623,0
DA:624,0
DA:642,0
DA:643,0
DA:644,0
DA:663,0
DA:689,0
DA:690,0
DA:692,0
DA:693,0
DA:695,0
DA:709,0
DA:710,0
DA:711,0
DA:712,0
DA:726,0
DA:727,0
DA:729,0
DA:735,0
DA:736,0
DA:748,0
DA:749,0
DA:750,0
DA:752,0
DA:753,0
DA:754,0
DA:755,0
DA:768,0
DA:769,0
DA:770,0
DA:783,0
DA:796,0
DA:808,0
DA:832,6
DA:833,6
DA:847,0
DA:848,0
DA:849,0
DA:850,0
DA:852,0
DA:853,0
DA:871,0
DA:873,0
DA:879,0
DA:890,0
DA:921,0
DA:922,0
DA:933,0
DA:934,0
DA:945,0
DA:950,5
LF:174
LH:66
BRDA:40,0,0,5
BRDA:40,0,1,0
BRDA:40,1,0,5
BRDA:40,1,1,0
BRDA:40,2,0,0
BRDA:40,2,1,0
BRDA:45,3,0,5
BRDA:45,3,1,0
BRDA:45,4,0,5
BRDA:45,4,1,0
BRDA:45,5,0,0
BRDA:45,5,1,0
BRDA:80,6,0,30
BRDA:80,6,1,0
BRDA:129,7,0,430
BRDA:129,7,1,0
BRDA:170,8,0,40
BRDA:170,8,1,6840
BRDA:200,9,0,430
BRDA:200,9,1,0
BRDA:206,10,0,0
BRDA:206,10,1,0
BRDA:250,11,0,56
BRDA:250,11,1,0
BRDA:266,12,0,45
BRDA:266,12,1,0
BRDA:304,13,0,0
BRDA:304,13,1,0
BRDA:331,14,0,0
BRDA:331,14,1,0
BRDA:369,15,0,0
BRDA:369,15,1,0
BRDA:372,16,0,0
BRDA:372,16,1,0
BRDA:373,17,0,0
BRDA:373,17,1,0
BRDA:413,18,0,774
BRDA:413,18,1,0
BRDA:484,19,0,0
BRDA:488,20,0,0
BRDA:488,20,1,0
BRDA:488,20,2,0
BRDA:491,21,0,0
BRDA:491,21,1,0
BRDA:492,22,0,0
BRDA:492,22,1,0
BRDA:518,23,0,0
BRDA:518,23,1,0
BRDA:551,24,0,0
BRDA:551,24,1,0
BRDA:689,25,0,0
BRDA:689,25,1,0
BRDA:692,26,0,0
BRDA:692,26,1,0
BRDA:710,27,0,0
BRDA:710,27,1,0
BRDA:712,28,0,0
BRDA:712,28,1,0
BRDA:725,29,0,0
BRDA:727,30,0,0
BRDA:727,30,1,0
BRDA:750,31,0,0
BRDA:750,31,1,0
BRDA:754,32,0,0
BRDA:754,32,1,0
BRDA:769,33,0,0
BRDA:769,33,1,0
BRDA:770,34,0,0
BRDA:770,34,1,0
BRDA:782,35,0,0
BRDA:795,36,0,0
BRDA:833,37,0,6
BRDA:833,37,1,6
BRDA:848,38,0,0
BRDA:848,38,1,0
BRDA:879,39,0,0
BRDA:879,39,1,0
BRDA:922,40,0,0
BRDA:922,40,1,0
BRDA:934,41,0,0
BRDA:934,41,1,0
BRF:81
BRH:14
end_of_record
TN:
SF:src\data\mockData.js
FN:1735,(anonymous_0)
FN:1736,(anonymous_1)
FN:1738,(anonymous_2)
FN:1756,(anonymous_3)
FN:1757,(anonymous_4)
FN:1774,(anonymous_5)
FN:1775,(anonymous_6)
FN:1792,(anonymous_7)
FN:1793,(anonymous_8)
FNF:9
FNH:0
FNDA:0,(anonymous_0)
FNDA:0,(anonymous_1)
FNDA:0,(anonymous_2)
FNDA:0,(anonymous_3)
FNDA:0,(anonymous_4)
FNDA:0,(anonymous_5)
FNDA:0,(anonymous_6)
FNDA:0,(anonymous_7)
FNDA:0,(anonymous_8)
DA:35,5
DA:128,5
DA:1735,5
DA:1736,0
DA:1738,0
DA:1756,5
DA:1757,0
DA:1774,5
DA:1775,0
DA:1792,5
DA:1793,0
LF:11
LH:6
BRF:0
BRH:0
end_of_record
TN:
SF:src\services\SimulatedPlayersService.js
FN:107,(anonymous_0)
FN:130,(anonymous_1)
FN:135,(anonymous_2)
FN:136,(anonymous_3)
FN:146,(anonymous_4)
FN:166,(anonymous_5)
FN:195,(anonymous_6)
FN:204,(anonymous_7)
FN:271,(anonymous_8)
FN:294,(anonymous_9)
FN:305,(anonymous_10)
FN:312,(anonymous_11)
FN:336,(anonymous_12)
FN:338,(anonymous_13)
FN:340,(anonymous_14)
FN:341,(anonymous_15)
FN:388,(anonymous_16)
FN:391,(anonymous_17)
FN:392,(anonymous_18)
FN:413,(anonymous_19)
FN:430,(anonymous_20)
FN:456,(anonymous_21)
FN:458,(anonymous_22)
FN:460,(anonymous_23)
FN:461,(anonymous_24)
FN:520,(anonymous_25)
FN:540,(anonymous_26)
FN:541,(anonymous_27)
FN:567,(anonymous_28)
FN:568,(anonymous_29)
FNF:30
FNH:5
FNDA:5,(anonymous_0)
FNDA:2,(anonymous_1)
FNDA:14,(anonymous_2)
FNDA:6,(anonymous_3)
FNDA:6,(anonymous_4)
FNDA:0,(anonymous_5)
FNDA:0,(anonymous_6)
FNDA:0,(anonymous_7)
FNDA:0,(anonymous_8)
FNDA:0,(anonymous_9)
FNDA:0,(anonymous_10)
FNDA:0,(anonymous_11)
FNDA:0,(anonymous_12)
FNDA:0,(anonymous_13)
FNDA:0,(anonymous_14)
FNDA:0,(anonymous_15)
FNDA:0,(anonymous_16)
FNDA:0,(anonymous_17)
FNDA:0,(anonymous_18)
FNDA:0,(anonymous_19)
FNDA:0,(anonymous_20)
FNDA:0,(anonymous_21)
FNDA:0,(anonymous_22)
FNDA:0,(anonymous_23)
FNDA:0,(anonymous_24)
FNDA:0,(anonymous_25)
FNDA:0,(anonymous_26)
FNDA:0,(anonymous_27)
FNDA:0,(anonymous_28)
FNDA:0,(anonymous_29)
DA:11,5
DA:108,5
DA:109,5
DA:110,5
DA:131,2
DA:132,2
DA:135,14
DA:136,6
DA:146,6
DA:147,2
DA:167,0
DA:169,0
DA:170,0
DA:171,0
DA:174,0
DA:197,0
DA:201,0
DA:204,0
DA:207,0
DA:210,0
DA:211,0
DA:213,0
DA:214,0
DA:218,0
DA:219,0
DA:220,0
DA:221,0
DA:225,0
DA:228,0
DA:229,0
DA:234,0
DA:235,0
DA:236,0
DA:238,0
DA:239,0
DA:241,0
DA:242,0
DA:245,0
DA:273,0
DA:274,0
DA:276,0
DA:295,0
DA:305,0
DA:312,0
DA:313,0
DA:314,0
DA:316,0
DA:337,0
DA:338,0
DA:340,0
DA:341,0
DA:343,0
DA:346,0
DA:350,0
DA:360,0
DA:370,0
DA:389,0
DA:391,0
DA:392,0
DA:393,0
DA:394,0
DA:413,0
DA:431,0
DA:432,0
DA:433,0
DA:435,0
DA:436,0
DA:437,0
DA:438,0
DA:457,0
DA:458,0
DA:460,0
DA:461,0
DA:463,0
DA:464,0
DA:483,0
DA:484,0
DA:485,0
DA:486,0
DA:488,0
DA:491,0
DA:492,0
DA:494,0
DA:504,0
DA:521,0
DA:522,0
DA:523,0
DA:524,0
DA:541,0
DA:568,0
DA:581,5
LF:91
LH:11
BRDA:130,0,0,0
BRDA:197,1,0,0
BRDA:197,1,1,0
BRDA:210,2,0,0
BRDA:210,2,1,0
BRDA:210,3,0,0
BRDA:210,3,1,0
BRDA:213,4,0,0
BRDA:213,4,1,0
BRDA:213,5,0,0
BRDA:213,5,1,0
BRDA:218,6,0,0
BRDA:218,6,1,0
BRDA:220,7,0,0
BRDA:220,7,1,0
BRDA:229,8,0,0
BRDA:229,8,1,0
BRDA:238,9,0,0
BRDA:238,9,1,0
BRDA:299,10,0,0
BRDA:299,10,1,0
BRDA:300,11,0,0
BRDA:300,11,1,0
BRDA:301,12,0,0
BRDA:301,12,1,0
BRDA:313,13,0,0
BRDA:313,13,1,0
BRDA:343,14,0,0
BRDA:343,14,1,0
BRDA:343,15,0,0
BRDA:343,15,1,0
BRDA:346,16,0,0
BRDA:346,16,1,0
BRDA:346,17,0,0
BRDA:346,17,1,0
BRDA:346,17,2,0
BRDA:350,18,0,0
BRDA:350,18,1,0
BRDA:393,19,0,0
BRDA:393,19,1,0
BRDA:404,20,0,0
BRDA:404,20,1,0
BRDA:432,21,0,0
BRDA:432,21,1,0
BRDA:432,22,0,0
BRDA:432,22,1,0
BRDA:435,23,0,0
BRDA:435,23,1,0
BRDA:436,24,0,0
BRDA:436,24,1,0
BRDA:437,25,0,0
BRDA:437,25,1,0
BRDA:463,26,0,0
BRDA:463,26,1,0
BRDA:463,27,0,0
BRDA:463,27,1,0
BRDA:483,28,0,0
BRDA:483,28,1,0
BRDA:483,29,0,0
BRDA:483,29,1,0
BRDA:485,30,0,0
BRDA:485,30,1,0
BRDA:547,31,0,0
BRDA:547,31,1,0
BRF:64
BRH:0
end_of_record
TN:
SF:src\utils\xssUtils.js
FN:33,(anonymous_0)
FN:60,(anonymous_1)
FN:85,(anonymous_2)
FN:107,(anonymous_3)
FN:118,(anonymous_4)
FN:127,(anonymous_5)
FNF:6
FNH:1
FNDA:156,(anonymous_0)
FNDA:0,(anonymous_1)
FNDA:0,(anonymous_2)
FNDA:0,(anonymous_3)
FNDA:0,(anonymous_4)
FNDA:0,(anonymous_5)
DA:33,5
DA:34,156
DA:37,156
DA:60,5
DA:61,0
DA:64,0
DA:85,5
DA:86,0
DA:89,0
DA:107,5
DA:108,0
DA:111,0
DA:114,0
DA:115,0
DA:118,0
DA:119,0
DA:122,0
DA:123,0
DA:127,0
DA:128,0
DA:129,0
DA:131,0
DA:132,0
DA:134,0
DA:140,0
DA:141,0
LF:26
LH:6
BRDA:34,0,0,0
BRDA:34,0,1,156
BRDA:34,1,0,156
BRDA:34,1,1,156
BRDA:61,2,0,0
BRDA:61,2,1,0
BRDA:61,3,0,0
BRDA:61,3,1,0
BRDA:86,4,0,0
BRDA:86,4,1,0
BRDA:86,5,0,0
BRDA:86,5,1,0
BRDA:108,6,0,0
BRDA:108,6,1,0
BRDA:108,7,0,0
BRDA:108,7,1,0
BRDA:119,8,0,0
BRDA:119,8,1,0
BRDA:128,9,0,0
BRDA:128,9,1,0
BRDA:129,10,0,0
BRDA:129,10,1,0
BRF:22
BRH:3
end_of_record
