TN:
SF:src\App.js
FN:44,App
FN:52,(anonymous_1)
FN:85,(anonymous_2)
FN:97,(anonymous_3)
FN:110,(anonymous_4)
FN:117,(anonymous_5)
FN:129,(anonymous_6)
FN:43,App
FN:58,(anonymous_1)
FN:98,(anonymous_2)
FN:117,(anonymous_3)
FN:130,(anonymous_4)
FN:137,(anonymous_5)
FN:149,(anonymous_6)
FNF:14
FNH:13
FNDA:239,App
FNDA:101,(anonymous_1)
FNDA:58,(anonymous_2)
FNDA:29,(anonymous_3)
FNDA:29,(anonymous_4)
FNDA:0,(anonymous_5)
FNDA:145,(anonymous_6)
FNDA:29,App
FNDA:220,(anonymous_1)
FNDA:4,(anonymous_2)
FNDA:210,(anonymous_3)
FNDA:116,(anonymous_4)
FNDA:116,(anonymous_5)
FNDA:226,(anonymous_6)
DA:44,29
DA:45,210
DA:46,188
DA:47,188
DA:52,188
DA:53,72
DA:56,72
DA:57,72
DA:58,26
DA:59,26
DA:60,26
DA:61,26
DA:62,26
DA:63,198
DA:64,188
DA:65,0
DA:66,72
DA:67,188
DA:68,188
DA:70,188
DA:71,188
DA:72,82
DA:73,98
DA:75,98
DA:76,82
DA:77,82
DA:78,198
DA:79,10
DA:81,10
DA:82,0
DA:83,0
DA:85,188
DA:86,29
DA:87,29
DA:88,29
DA:91,29
DA:97,188
DA:98,214
DA:99,192
DA:100,26
DA:101,192
DA:104,192
DA:110,188
DA:111,0
DA:117,214
DA:118,26
DA:119,0
DA:120,0
DA:121,0
DA:124,0
DA:129,188
DA:130,142
DA:131,116
DA:132,58
DA:134,44
DA:136,14
DA:137,40
DA:138,14
DA:144,0
DA:146,0
DA:148,0
DA:149,26
DA:150,16
DA:152,8
DA:153,204
DA:154,88
DA:156,2
DA:158,116
DA:164,116
DA:166,116
DA:168,116
DA:173,142
DA:174,126
DA:178,16
LF:74
LH:63
BRDA:57,0,0,0
BRDA:57,0,1,72
BRDA:75,1,0,0
BRDA:75,1,1,72
BRDA:75,2,0,72
BRDA:75,2,1,72
BRDA:130,3,0,58
BRDA:130,3,1,44
BRDA:130,3,2,14
BRDA:130,3,3,0
BRDA:130,3,4,0
BRDA:130,3,5,0
BRDA:153,4,0,80
BRDA:153,4,1,122
BRDA:153,5,0,196
BRDA:153,5,1,122
BRDA:63,6,0,0
BRDA:63,6,1,10
BRDA:81,7,0,0
BRDA:81,7,1,10
BRDA:81,8,0,10
BRDA:81,8,1,10
BRDA:150,9,0,8
BRDA:150,9,1,6
BRDA:150,9,2,2
BRDA:150,9,3,0
BRDA:150,9,4,0
BRDA:150,9,5,0
BRDA:173,10,0,10
BRDA:173,10,1,16
BRDA:173,11,0,26
BRDA:173,11,1,16
BRF:32
BRH:22
end_of_record
TN:
SF:src\index.js
FNF:0
FNH:0
DA:26,36
DA:27,36
DA:49,5
DA:60,5
LF:4
LH:4
BRF:0
BRH:0
end_of_record
TN:
SF:src\reportWebVitals.js
FNF:0
FNH:0
LF:0
LH:0
BRF:0
BRH:0
end_of_record
TN:
SF:src\setupTests.js
FNF:0
FNH:0
LF:0
LH:0
BRF:0
BRH:0
end_of_record
TN:
SF:src\components\admin\CardManager.js
FN:30,CardManager
FN:122,(anonymous_1)
FN:131,(anonymous_2)
FN:136,(anonymous_3)
FN:141,(anonymous_4)
FN:143,(anonymous_5)
FN:151,(anonymous_6)
FN:156,(anonymous_7)
FN:163,(anonymous_8)
FN:165,(anonymous_9)
FN:171,(anonymous_10)
FN:183,(anonymous_11)
FN:206,(anonymous_12)
FN:215,(anonymous_13)
FN:224,(anonymous_14)
FN:226,(anonymous_15)
FN:232,(anonymous_16)
FN:242,(anonymous_17)
FN:259,(anonymous_18)
FN:274,(anonymous_19)
FN:296,(anonymous_20)
FN:335,(anonymous_21)
FN:376,(anonymous_22)
FN:387,(anonymous_23)
FN:402,(anonymous_24)
FN:418,(anonymous_25)
FN:448,(anonymous_26)
FN:459,(anonymous_27)
FN:469,(anonymous_28)
FN:469,(anonymous_29)
FN:483,(anonymous_30)
FN:499,(anonymous_31)
FN:515,(anonymous_32)
FN:529,(anonymous_33)
FN:538,(anonymous_34)
FN:550,(anonymous_35)
FN:561,(anonymous_36)
FN:590,(anonymous_37)
FN:595,(anonymous_38)
FN:606,(anonymous_39)
FN:642,(anonymous_40)
FN:654,(anonymous_41)
FN:685,(anonymous_42)
FN:707,(anonymous_43)
FN:751,(anonymous_44)
FN:753,(anonymous_45)
FN:782,(anonymous_46)
FN:794,(anonymous_47)
FN:797,(anonymous_48)
FN:812,(anonymous_49)
FN:828,(anonymous_50)
FN:848,(anonymous_51)
FN:866,(anonymous_52)
FN:868,(anonymous_53)
FN:899,(anonymous_54)
FN:907,(anonymous_55)
FN:916,(anonymous_56)
FN:947,(anonymous_57)
FN:959,(anonymous_58)
FN:970,(anonymous_59)
FN:994,(anonymous_60)
FN:1039,(anonymous_61)
FN:1045,(anonymous_62)
FN:1056,(anonymous_63)
FN:1068,(anonymous_64)
FN:1104,(anonymous_65)
FN:1117,(anonymous_66)
FN:1135,(anonymous_67)
FN:1154,(anonymous_68)
FN:1174,(anonymous_69)
FN:1176,(anonymous_70)
FN:1193,(anonymous_71)
FN:1195,(anonymous_72)
FN:1211,(anonymous_73)
FN:1222,(anonymous_74)
FN:1246,(anonymous_75)
FN:1259,(anonymous_76)
FN:1287,(anonymous_77)
FN:1306,(anonymous_78)
FN:1326,(anonymous_79)
FN:1328,(anonymous_80)
FN:1345,(anonymous_81)
FN:1347,(anonymous_82)
FN:1363,(anonymous_83)
FN:1374,(anonymous_84)
FN:1408,(anonymous_85)
FN:1421,(anonymous_86)
FN:1438,(anonymous_87)
FN:1441,(anonymous_88)
FN:1463,(anonymous_89)
FN:1477,(anonymous_90)
FN:1485,(anonymous_91)
FN:1486,(anonymous_92)
FN:1497,(anonymous_93)
FN:1524,(anonymous_94)
FN:1542,(anonymous_95)
FN:1558,(anonymous_96)
FN:1569,(anonymous_97)
FN:1580,(anonymous_98)
FN:1604,(anonymous_99)
FN:1617,(anonymous_100)
FN:1639,(anonymous_101)
FN:1647,(anonymous_102)
FN:1655,(anonymous_103)
FN:1669,(anonymous_104)
FN:1685,(anonymous_105)
FN:1703,(anonymous_106)
FN:1718,(anonymous_107)
FN:1726,(anonymous_108)
FN:49,CardManager
FN:141,(anonymous_1)
FN:150,(anonymous_2)
FN:155,(anonymous_3)
FN:160,(anonymous_4)
FN:162,(anonymous_5)
FN:170,(anonymous_6)
FN:175,(anonymous_7)
FN:182,(anonymous_8)
FN:184,(anonymous_9)
FN:190,(anonymous_10)
FN:202,(anonymous_11)
FN:225,(anonymous_12)
FN:234,(anonymous_13)
FN:243,(anonymous_14)
FN:245,(anonymous_15)
FN:251,(anonymous_16)
FN:261,(anonymous_17)
FN:278,(anonymous_18)
FN:293,(anonymous_19)
FN:315,(anonymous_20)
FN:354,(anonymous_21)
FN:395,(anonymous_22)
FN:406,(anonymous_23)
FN:421,(anonymous_24)
FN:437,(anonymous_25)
FN:467,(anonymous_26)
FN:478,(anonymous_27)
FN:488,(anonymous_28)
FN:488,(anonymous_29)
FN:502,(anonymous_30)
FN:518,(anonymous_31)
FN:534,(anonymous_32)
FN:548,(anonymous_33)
FN:557,(anonymous_34)
FN:569,(anonymous_35)
FN:580,(anonymous_36)
FN:609,(anonymous_37)
FN:614,(anonymous_38)
FN:625,(anonymous_39)
FN:661,(anonymous_40)
FN:673,(anonymous_41)
FN:704,(anonymous_42)
FN:726,(anonymous_43)
FN:770,(anonymous_44)
FN:772,(anonymous_45)
FN:801,(anonymous_46)
FN:813,(anonymous_47)
FN:816,(anonymous_48)
FN:831,(anonymous_49)
FN:847,(anonymous_50)
FN:867,(anonymous_51)
FN:885,(anonymous_52)
FN:887,(anonymous_53)
FN:918,(anonymous_54)
FN:926,(anonymous_55)
FN:935,(anonymous_56)
FN:966,(anonymous_57)
FN:978,(anonymous_58)
FN:989,(anonymous_59)
FN:1013,(anonymous_60)
FN:1058,(anonymous_61)
FN:1064,(anonymous_62)
FN:1075,(anonymous_63)
FN:1087,(anonymous_64)
FN:1123,(anonymous_65)
FN:1136,(anonymous_66)
FN:1154,(anonymous_67)
FN:1173,(anonymous_68)
FN:1193,(anonymous_69)
FN:1212,(anonymous_71)
FN:1214,(anonymous_72)
FN:1230,(anonymous_73)
FN:1241,(anonymous_74)
FN:1265,(anonymous_75)
FN:1278,(anonymous_76)
FN:1306,(anonymous_77)
FN:1325,(anonymous_78)
FN:1345,(anonymous_79)
FN:1364,(anonymous_81)
FN:1366,(anonymous_82)
FN:1382,(anonymous_83)
FN:1393,(anonymous_84)
FN:1427,(anonymous_85)
FN:1440,(anonymous_86)
FN:1457,(anonymous_87)
FN:1460,(anonymous_88)
FN:1482,(anonymous_89)
FN:1496,(anonymous_90)
FN:1504,(anonymous_91)
FN:1505,(anonymous_92)
FN:1516,(anonymous_93)
FN:1543,(anonymous_94)
FN:1561,(anonymous_95)
FN:1577,(anonymous_96)
FN:1588,(anonymous_97)
FN:1599,(anonymous_98)
FN:1623,(anonymous_99)
FN:1636,(anonymous_100)
FN:1658,(anonymous_101)
FN:1666,(anonymous_102)
FN:1674,(anonymous_103)
FN:1688,(anonymous_104)
FN:1704,(anonymous_105)
FN:1722,(anonymous_106)
FN:1737,(anonymous_107)
FN:1745,(anonymous_108)
FNF:216
FNH:91
FNDA:42,CardManager
FNDA:20,(anonymous_1)
FNDA:27,(anonymous_2)
FNDA:6,(anonymous_3)
FNDA:6,(anonymous_4)
FNDA:6,(anonymous_5)
FNDA:3,(anonymous_6)
FNDA:3,(anonymous_7)
FNDA:0,(anonymous_8)
FNDA:3,(anonymous_9)
FNDA:3,(anonymous_10)
FNDA:20,(anonymous_11)
FNDA:2,(anonymous_12)
FNDA:2,(anonymous_13)
FNDA:174,(anonymous_14)
FNDA:14448,(anonymous_15)
FNDA:6,(anonymous_16)
FNDA:6,(anonymous_17)
FNDA:6,(anonymous_18)
FNDA:6,(anonymous_19)
FNDA:6,(anonymous_20)
FNDA:6,(anonymous_21)
FNDA:0,(anonymous_22)
FNDA:6,(anonymous_23)
FNDA:6,(anonymous_24)
FNDA:6,(anonymous_25)
FNDA:0,(anonymous_26)
FNDA:6,(anonymous_27)
FNDA:0,(anonymous_28)
FNDA:0,(anonymous_29)
FNDA:0,(anonymous_30)
FNDA:6,(anonymous_31)
FNDA:6,(anonymous_32)
FNDA:6,(anonymous_33)
FNDA:48,(anonymous_34)
FNDA:6,(anonymous_35)
FNDA:6,(anonymous_36)
FNDA:174,(anonymous_37)
FNDA:6,(anonymous_38)
FNDA:6,(anonymous_39)
FNDA:24,(anonymous_40)
FNDA:24,(anonymous_41)
FNDA:6,(anonymous_42)
FNDA:0,(anonymous_43)
FNDA:0,(anonymous_44)
FNDA:0,(anonymous_45)
FNDA:0,(anonymous_46)
FNDA:0,(anonymous_47)
FNDA:0,(anonymous_48)
FNDA:0,(anonymous_49)
FNDA:0,(anonymous_50)
FNDA:0,(anonymous_51)
FNDA:0,(anonymous_52)
FNDA:0,(anonymous_53)
FNDA:0,(anonymous_54)
FNDA:0,(anonymous_55)
FNDA:0,(anonymous_56)
FNDA:0,(anonymous_57)
FNDA:0,(anonymous_58)
FNDA:0,(anonymous_59)
FNDA:0,(anonymous_60)
FNDA:0,(anonymous_61)
FNDA:0,(anonymous_62)
FNDA:0,(anonymous_63)
FNDA:0,(anonymous_64)
FNDA:6,(anonymous_65)
FNDA:6,(anonymous_66)
FNDA:0,(anonymous_67)
FNDA:0,(anonymous_68)
FNDA:0,(anonymous_69)
FNDA:0,(anonymous_70)
FNDA:0,(anonymous_71)
FNDA:0,(anonymous_72)
FNDA:0,(anonymous_73)
FNDA:0,(anonymous_74)
FNDA:6,(anonymous_75)
FNDA:6,(anonymous_76)
FNDA:0,(anonymous_77)
FNDA:0,(anonymous_78)
FNDA:0,(anonymous_79)
FNDA:0,(anonymous_80)
FNDA:0,(anonymous_81)
FNDA:0,(anonymous_82)
FNDA:0,(anonymous_83)
FNDA:0,(anonymous_84)
FNDA:6,(anonymous_85)
FNDA:6,(anonymous_86)
FNDA:0,(anonymous_87)
FNDA:0,(anonymous_88)
FNDA:0,(anonymous_89)
FNDA:0,(anonymous_90)
FNDA:0,(anonymous_91)
FNDA:0,(anonymous_92)
FNDA:0,(anonymous_93)
FNDA:0,(anonymous_94)
FNDA:0,(anonymous_95)
FNDA:0,(anonymous_96)
FNDA:0,(anonymous_97)
FNDA:0,(anonymous_98)
FNDA:6,(anonymous_99)
FNDA:6,(anonymous_100)
FNDA:0,(anonymous_101)
FNDA:0,(anonymous_102)
FNDA:0,(anonymous_103)
FNDA:0,(anonymous_104)
FNDA:0,(anonymous_105)
FNDA:0,(anonymous_106)
FNDA:0,(anonymous_107)
FNDA:0,(anonymous_108)
FNDA:6,CardManager
FNDA:23,(anonymous_1)
FNDA:45,(anonymous_2)
FNDA:21,(anonymous_3)
FNDA:21,(anonymous_4)
FNDA:21,(anonymous_5)
FNDA:21,(anonymous_6)
FNDA:21,(anonymous_7)
FNDA:42,(anonymous_8)
FNDA:14,(anonymous_9)
FNDA:14,(anonymous_10)
FNDA:44,(anonymous_11)
FNDA:42,(anonymous_12)
FNDA:0,(anonymous_13)
FNDA:24,(anonymous_14)
FNDA:2064,(anonymous_15)
FNDA:42,(anonymous_16)
FNDA:0,(anonymous_17)
FNDA:42,(anonymous_18)
FNDA:42,(anonymous_19)
FNDA:42,(anonymous_20)
FNDA:42,(anonymous_21)
FNDA:42,(anonymous_22)
FNDA:42,(anonymous_23)
FNDA:0,(anonymous_24)
FNDA:42,(anonymous_25)
FNDA:0,(anonymous_26)
FNDA:42,(anonymous_27)
FNDA:0,(anonymous_28)
FNDA:0,(anonymous_29)
FNDA:42,(anonymous_30)
FNDA:42,(anonymous_31)
FNDA:42,(anonymous_32)
FNDA:42,(anonymous_33)
FNDA:48,(anonymous_34)
FNDA:42,(anonymous_35)
FNDA:42,(anonymous_36)
FNDA:66,(anonymous_37)
FNDA:168,(anonymous_38)
FNDA:168,(anonymous_39)
FNDA:168,(anonymous_40)
FNDA:42,(anonymous_41)
FNDA:42,(anonymous_42)
FNDA:0,(anonymous_43)
FNDA:0,(anonymous_44)
FNDA:0,(anonymous_45)
FNDA:0,(anonymous_46)
FNDA:0,(anonymous_47)
FNDA:0,(anonymous_48)
FNDA:0,(anonymous_49)
FNDA:0,(anonymous_50)
FNDA:0,(anonymous_51)
FNDA:0,(anonymous_52)
FNDA:0,(anonymous_53)
FNDA:42,(anonymous_54)
FNDA:0,(anonymous_55)
FNDA:0,(anonymous_56)
FNDA:0,(anonymous_57)
FNDA:0,(anonymous_58)
FNDA:0,(anonymous_59)
FNDA:0,(anonymous_60)
FNDA:42,(anonymous_61)
FNDA:0,(anonymous_62)
FNDA:0,(anonymous_63)
FNDA:0,(anonymous_64)
FNDA:42,(anonymous_65)
FNDA:0,(anonymous_66)
FNDA:0,(anonymous_67)
FNDA:0,(anonymous_68)
FNDA:0,(anonymous_69)
FNDA:0,(anonymous_71)
FNDA:0,(anonymous_72)
FNDA:0,(anonymous_73)
FNDA:42,(anonymous_74)
FNDA:42,(anonymous_75)
FNDA:0,(anonymous_76)
FNDA:0,(anonymous_77)
FNDA:0,(anonymous_78)
FNDA:0,(anonymous_79)
FNDA:0,(anonymous_81)
FNDA:0,(anonymous_82)
FNDA:0,(anonymous_83)
FNDA:42,(anonymous_84)
FNDA:42,(anonymous_85)
FNDA:0,(anonymous_86)
FNDA:0,(anonymous_87)
FNDA:0,(anonymous_88)
FNDA:0,(anonymous_89)
FNDA:0,(anonymous_90)
FNDA:0,(anonymous_91)
FNDA:0,(anonymous_92)
FNDA:0,(anonymous_93)
FNDA:0,(anonymous_94)
FNDA:0,(anonymous_95)
FNDA:0,(anonymous_96)
FNDA:0,(anonymous_97)
FNDA:42,(anonymous_98)
FNDA:0,(anonymous_99)
FNDA:0,(anonymous_100)
FNDA:0,(anonymous_101)
FNDA:0,(anonymous_102)
FNDA:0,(anonymous_103)
FNDA:0,(anonymous_104)
FNDA:0,(anonymous_105)
FNDA:0,(anonymous_106)
FNDA:0,(anonymous_107)
FNDA:42,(anonymous_108)
DA:32,42
DA:33,42
DA:34,42
DA:35,42
DA:36,42
DA:37,42
DA:38,42
DA:39,42
DA:40,42
DA:43,42
DA:46,42
DA:47,42
DA:51,6
DA:52,6
DA:53,42
DA:54,6
DA:55,6
DA:56,48
DA:57,48
DA:58,48
DA:59,48
DA:62,48
DA:65,6
DA:66,6
DA:72,6
DA:75,6
DA:81,42
DA:92,42
DA:95,42
DA:100,6
DA:110,42
DA:111,48
DA:114,6
DA:122,48
DA:123,20
DA:129,6
DA:131,42
DA:132,27
DA:135,21
DA:136,0
DA:140,21
DA:141,27
DA:142,2
DA:144,0
DA:150,27
DA:151,6
DA:154,45
DA:155,27
DA:156,6
DA:159,45
DA:160,27
DA:161,21
DA:162,6
DA:163,0
DA:164,6
DA:165,3
DA:169,45
DA:170,27
DA:171,6
DA:172,6
DA:173,6
DA:174,45
DA:175,42
DA:177,27
DA:179,3
DA:180,0
DA:181,0
DA:182,0
DA:183,42
DA:184,42
DA:185,17
DA:186,20
DA:189,45
DA:190,42
DA:191,14
DA:192,14
DA:196,45
DA:197,20
DA:199,14
DA:200,14
DA:202,6
DA:204,2
DA:205,2
DA:206,48
DA:207,6
DA:208,2
DA:209,2
DA:211,0
DA:215,48
DA:216,44
DA:217,6
DA:218,44
DA:219,2
DA:224,42
DA:225,168
DA:226,14454
DA:227,0
DA:228,0
DA:232,42
DA:233,0
DA:234,48
DA:235,42
DA:236,0
DA:237,6
DA:241,0
DA:242,0
DA:243,48
DA:244,24
DA:245,2106
DA:248,0
DA:249,0
DA:251,6
DA:252,6
DA:253,6
DA:255,0
DA:256,0
DA:259,42
DA:260,42
DA:261,42
DA:263,6
DA:264,6
DA:267,42
DA:268,6
DA:269,6
DA:271,42
DA:272,42
DA:273,0
DA:274,0
DA:275,0
DA:277,0
DA:278,6
DA:279,0
DA:281,6
DA:282,42
DA:283,42
DA:285,6
DA:286,6
DA:287,42
DA:288,42
DA:289,6
DA:290,6
DA:292,0
DA:293,0
DA:294,0
DA:296,42
DA:297,42
DA:300,42
DA:304,42
DA:305,42
DA:306,6
DA:308,42
DA:309,42
DA:312,0
DA:313,0
DA:315,6
DA:316,42
DA:317,6
DA:319,0
DA:325,42
DA:326,6
DA:327,6
DA:328,42
DA:329,6
DA:331,0
DA:332,0
DA:335,42
DA:336,42
DA:339,0
DA:345,42
DA:346,42
DA:348,42
DA:351,0
DA:352,0
DA:354,6
DA:355,42
DA:356,6
DA:358,0
DA:364,0
DA:367,6
DA:368,6
DA:370,0
DA:371,0
DA:375,0
DA:376,42
DA:377,0
DA:378,0
DA:379,0
DA:380,0
DA:386,0
DA:387,42
DA:388,0
DA:389,0
DA:390,0
DA:391,0
DA:392,0
DA:395,6
DA:396,0
DA:397,0
DA:398,0
DA:399,0
DA:402,42
DA:403,0
DA:406,6
DA:407,0
DA:408,42
DA:409,0
DA:410,0
DA:411,42
DA:412,0
DA:414,0
DA:418,42
DA:419,0
DA:421,48
DA:422,42
DA:427,0
DA:428,0
DA:431,0
DA:437,6
DA:438,42
DA:440,6
DA:441,0
DA:442,0
DA:446,0
DA:447,0
DA:448,48
DA:449,6
DA:450,0
DA:453,0
DA:459,42
DA:460,0
DA:461,0
DA:462,0
DA:466,0
DA:467,48
DA:468,42
DA:469,0
DA:472,42
DA:473,0
DA:474,0
DA:475,0
DA:476,0
DA:477,0
DA:478,6
DA:479,0
DA:480,0
DA:481,0
DA:483,48
DA:484,6
DA:485,42
DA:486,0
DA:487,0
DA:488,42
DA:490,6
DA:492,0
DA:493,42
DA:494,0
DA:495,0
DA:496,0
DA:499,42
DA:500,0
DA:502,6
DA:503,42
DA:505,42
DA:506,6
DA:509,0
DA:515,42
DA:516,0
DA:517,0
DA:518,6
DA:519,0
DA:520,6
DA:521,6
DA:522,42
DA:525,0
DA:529,42
DA:530,0
DA:531,0
DA:532,0
DA:534,6
DA:535,0
DA:536,0
DA:537,0
DA:538,42
DA:539,42
DA:540,42
DA:548,48
DA:549,42
DA:550,42
DA:551,42
DA:552,0
DA:557,6
DA:558,6
DA:561,6
DA:570,42
DA:571,42
DA:580,42
DA:590,174
DA:595,6
DA:607,6
DA:608,6
DA:609,24
DA:610,24
DA:611,24
DA:612,24
DA:614,168
DA:626,168
DA:627,168
DA:628,168
DA:629,168
DA:630,168
DA:631,168
DA:643,24
DA:644,24
DA:645,24
DA:655,24
DA:656,24
DA:658,24
DA:662,24
DA:663,168
DA:664,168
DA:674,42
DA:675,0
DA:677,0
DA:681,0
DA:685,42
DA:686,0
DA:704,6
DA:705,0
DA:708,0
DA:710,0
DA:714,0
DA:727,0
DA:729,0
DA:733,0
DA:751,0
DA:754,0
DA:770,0
DA:773,0
DA:782,0
DA:794,0
DA:798,0
DA:801,0
DA:812,0
DA:813,0
DA:817,0
DA:828,0
DA:831,0
DA:847,0
DA:848,0
DA:867,0
DA:868,0
DA:869,0
DA:872,0
DA:886,0
DA:887,0
DA:888,0
DA:891,0
DA:899,0
DA:908,0
DA:909,0
DA:917,0
DA:918,0
DA:919,0
DA:925,0
DA:926,0
DA:927,0
DA:928,0
DA:933,0
DA:936,0
DA:937,0
DA:938,0
DA:944,0
DA:945,0
DA:948,0
DA:949,0
DA:952,0
DA:960,0
DA:961,0
DA:967,0
DA:968,0
DA:971,0
DA:972,0
DA:973,0
DA:974,0
DA:975,0
DA:976,0
DA:977,0
DA:978,0
DA:979,0
DA:980,0
DA:981,0
DA:990,0
DA:991,0
DA:992,0
DA:993,0
DA:994,0
DA:995,0
DA:996,0
DA:997,0
DA:1000,0
DA:1014,0
DA:1040,0
DA:1041,0
DA:1046,0
DA:1047,0
DA:1057,0
DA:1058,0
DA:1059,0
DA:1060,42
DA:1065,0
DA:1066,0
DA:1069,0
DA:1070,0
DA:1071,0
DA:1076,0
DA:1077,0
DA:1078,0
DA:1088,0
DA:1089,0
DA:1090,0
DA:1104,42
DA:1105,0
DA:1117,6
DA:1123,6
DA:1124,0
DA:1135,0
DA:1136,0
DA:1154,0
DA:1173,0
DA:1174,0
DA:1177,0
DA:1193,0
DA:1196,0
DA:1211,0
DA:1212,0
DA:1215,0
DA:1222,0
DA:1230,0
DA:1241,0
DA:1246,42
DA:1247,0
DA:1260,0
DA:1265,6
DA:1266,0
DA:1268,0
DA:1279,0
DA:1287,0
DA:1306,0
DA:1325,0
DA:1326,0
DA:1329,0
DA:1345,0
DA:1348,0
DA:1363,0
DA:1364,0
DA:1367,0
DA:1375,0
DA:1382,0
DA:1383,0
DA:1394,0
DA:1402,42
DA:1408,42
DA:1409,0
DA:1421,6
DA:1427,6
DA:1428,0
DA:1438,0
DA:1440,0
DA:1442,0
DA:1457,0
DA:1461,0
DA:1463,0
DA:1478,0
DA:1482,0
DA:1486,0
DA:1497,0
DA:1505,0
DA:1516,0
DA:1524,0
DA:1542,0
DA:1543,0
DA:1558,0
DA:1561,0
DA:1569,0
DA:1577,0
DA:1580,0
DA:1588,0
DA:1599,0
DA:1604,42
DA:1605,0
DA:1618,0
DA:1619,0
DA:1623,6
DA:1624,0
DA:1637,0
DA:1638,0
DA:1639,0
DA:1648,0
DA:1657,0
DA:1658,0
DA:1661,0
DA:1667,0
DA:1669,0
DA:1676,0
DA:1680,0
DA:1685,0
DA:1688,0
DA:1703,0
DA:1704,0
DA:1718,0
DA:1722,0
DA:1727,0
DA:1728,0
DA:1737,0
DA:1746,0
DA:1747,0
DA:1752,42
DA:1754,0
DA:1756,0
DA:1758,0
DA:1760,0
DA:1762,42
DA:1771,6
DA:1773,0
DA:1775,0
DA:1777,0
DA:1779,0
DA:1781,6
LF:528
LH:239
BRDA:135,0,0,0
BRDA:135,0,1,21
BRDA:140,1,0,0
BRDA:140,1,1,21
BRDA:142,2,0,0
BRDA:142,2,1,0
BRDA:142,2,2,0
BRDA:142,2,3,0
BRDA:144,3,0,0
BRDA:144,3,1,0
BRDA:150,4,0,0
BRDA:150,4,1,21
BRDA:155,5,0,0
BRDA:155,5,1,21
BRDA:160,6,0,0
BRDA:160,6,1,21
BRDA:161,7,0,0
BRDA:161,7,1,0
BRDA:162,8,0,0
BRDA:162,8,1,0
BRDA:164,9,0,0
BRDA:164,9,1,0
BRDA:170,10,0,0
BRDA:170,10,1,21
BRDA:189,11,0,0
BRDA:189,11,1,17
BRDA:189,12,0,14
BRDA:189,12,1,17
BRDA:189,12,2,14
BRDA:189,12,3,14
BRDA:190,13,0,14
BRDA:190,13,1,3
BRDA:191,14,0,14
BRDA:191,14,1,3
BRDA:225,15,0,0
BRDA:225,15,1,168
BRDA:225,16,0,168
BRDA:225,16,1,168
BRDA:226,17,0,14448
BRDA:226,17,1,14448
BRDA:236,18,0,0
BRDA:236,18,1,0
BRDA:236,19,0,0
BRDA:236,19,1,0
BRDA:236,19,2,0
BRDA:241,20,0,0
BRDA:241,20,1,0
BRDA:241,21,0,0
BRDA:241,21,1,0
BRDA:241,21,2,0
BRDA:241,21,3,0
BRDA:242,22,0,0
BRDA:242,22,1,0
BRDA:242,22,2,0
BRDA:248,23,0,0
BRDA:248,23,1,0
BRDA:248,24,0,0
BRDA:248,24,1,0
BRDA:248,24,2,0
BRDA:263,25,0,0
BRDA:263,25,1,0
BRDA:263,26,0,0
BRDA:263,26,1,0
BRDA:263,26,2,0
BRDA:268,27,0,0
BRDA:268,27,1,0
BRDA:268,28,0,0
BRDA:268,28,1,0
BRDA:273,29,0,0
BRDA:273,29,1,0
BRDA:273,30,0,0
BRDA:273,30,1,0
BRDA:275,31,0,0
BRDA:275,31,1,0
BRDA:277,32,0,0
BRDA:277,32,1,0
BRDA:285,33,0,0
BRDA:285,33,1,0
BRDA:285,34,0,0
BRDA:285,34,1,0
BRDA:285,34,2,0
BRDA:297,35,0,0
BRDA:297,35,1,0
BRDA:312,36,0,0
BRDA:312,36,1,0
BRDA:336,37,0,0
BRDA:336,37,1,0
BRDA:351,38,0,0
BRDA:351,38,1,0
BRDA:377,39,0,0
BRDA:377,39,1,0
BRDA:389,40,0,0
BRDA:389,40,1,0
BRDA:407,41,0,0
BRDA:407,41,1,0
BRDA:408,42,0,0
BRDA:408,42,1,0
BRDA:409,43,0,0
BRDA:409,43,1,0
BRDA:410,44,0,0
BRDA:410,44,1,0
BRDA:419,45,0,0
BRDA:419,45,1,0
BRDA:451,46,0,0
BRDA:451,46,1,0
BRDA:460,47,0,0
BRDA:460,47,1,0
BRDA:468,48,0,0
BRDA:468,48,1,0
BRDA:484,49,0,0
BRDA:484,49,1,0
BRDA:484,50,0,0
BRDA:484,50,1,0
BRDA:487,51,0,0
BRDA:487,51,1,0
BRDA:500,52,0,0
BRDA:500,52,1,0
BRDA:500,53,0,0
BRDA:500,53,1,0
BRDA:503,54,0,0
BRDA:503,54,1,0
BRDA:518,55,0,0
BRDA:518,55,1,0
BRDA:582,56,0,14
BRDA:582,56,1,28
BRDA:590,57,0,28
BRDA:590,57,1,28
BRDA:590,58,0,168
BRDA:590,58,1,168
BRDA:591,59,0,168
BRDA:591,59,1,0
BRDA:593,60,0,168
BRDA:593,60,1,0
BRDA:593,61,0,168
BRDA:593,61,1,168
BRDA:595,62,0,0
BRDA:595,62,1,0
BRDA:597,63,0,168
BRDA:597,63,1,0
BRDA:597,64,0,168
BRDA:597,64,1,168
BRDA:600,65,0,168
BRDA:600,65,1,0
BRDA:600,66,0,168
BRDA:600,66,1,168
BRDA:601,67,0,170
BRDA:601,67,1,4
BRDA:601,68,0,170
BRDA:601,68,1,172
BRDA:609,69,0,4
BRDA:609,69,1,4
BRDA:611,70,0,4
BRDA:611,70,1,4
BRDA:622,71,0,172
BRDA:622,71,1,4
BRDA:622,72,0,172
BRDA:622,72,1,172
BRDA:626,73,0,172
BRDA:626,73,1,4
BRDA:626,74,0,172
BRDA:626,74,1,172
BRDA:630,75,0,168
BRDA:630,75,1,0
BRDA:630,76,0,168
BRDA:630,76,1,168
BRDA:637,77,0,172
BRDA:637,77,1,4
BRDA:637,78,0,172
BRDA:637,78,1,172
BRDA:644,79,0,4
BRDA:644,79,1,4
BRDA:656,80,0,4
BRDA:656,80,1,4
BRDA:656,81,0,24
BRDA:656,81,1,24
BRDA:692,82,0,4
BRDA:692,82,1,4
BRDA:692,83,0,4
BRDA:692,83,1,4
BRDA:693,84,0,2
BRDA:693,84,1,4
BRDA:693,85,0,2
BRDA:693,85,1,4
BRDA:695,86,0,0
BRDA:695,86,1,0
BRDA:695,87,0,0
BRDA:695,87,1,0
BRDA:708,88,0,0
BRDA:708,88,1,0
BRDA:708,89,0,0
BRDA:708,89,1,0
BRDA:837,90,0,0
BRDA:837,90,1,0
BRDA:865,91,0,0
BRDA:865,91,1,0
BRDA:865,92,0,0
BRDA:865,92,1,0
BRDA:865,93,0,0
BRDA:865,93,1,0
BRDA:865,94,0,0
BRDA:865,94,1,0
BRDA:865,95,0,0
BRDA:865,95,1,0
BRDA:867,96,0,0
BRDA:867,96,1,0
BRDA:869,97,0,0
BRDA:869,97,1,0
BRDA:869,97,2,0
BRDA:872,98,0,0
BRDA:872,98,1,0
BRDA:881,99,0,0
BRDA:881,99,1,0
BRDA:881,100,0,0
BRDA:881,100,1,0
BRDA:882,101,0,0
BRDA:882,101,1,0
BRDA:882,102,0,0
BRDA:882,102,1,0
BRDA:888,103,0,0
BRDA:888,103,1,0
BRDA:888,104,0,0
BRDA:888,104,1,0
BRDA:892,105,0,0
BRDA:892,105,1,0
BRDA:892,106,0,0
BRDA:892,106,1,0
BRDA:892,106,2,0
BRDA:899,107,0,0
BRDA:899,107,1,0
BRDA:899,108,0,0
BRDA:899,108,1,0
BRDA:900,109,0,0
BRDA:900,109,1,0
BRDA:906,110,0,0
BRDA:906,110,1,0
BRDA:908,111,0,0
BRDA:908,111,1,0
BRDA:909,112,0,0
BRDA:909,112,1,0
BRDA:918,113,0,0
BRDA:918,113,1,0
BRDA:925,114,0,0
BRDA:925,114,1,0
BRDA:938,115,0,0
BRDA:938,115,1,0
BRDA:938,116,0,0
BRDA:938,116,1,0
BRDA:938,116,2,0
BRDA:944,117,0,0
BRDA:944,117,1,0
BRDA:944,117,2,0
BRDA:956,118,0,0
BRDA:956,118,1,0
BRDA:956,118,2,0
BRDA:972,119,0,0
BRDA:972,119,1,0
BRDA:973,120,0,0
BRDA:973,120,1,0
BRDA:974,121,0,0
BRDA:974,121,1,0
BRDA:993,122,0,0
BRDA:993,122,1,0
BRDA:993,123,0,0
BRDA:993,123,1,0
BRDA:993,123,2,0
BRDA:995,124,0,0
BRDA:995,124,1,0
BRDA:1005,125,0,0
BRDA:1005,125,1,0
BRDA:1014,126,0,0
BRDA:1014,126,1,0
BRDA:1026,127,0,0
BRDA:1026,127,1,0
BRDA:1029,128,0,0
BRDA:1029,128,1,0
BRDA:1030,129,0,0
BRDA:1030,129,1,0
BRDA:1033,130,0,0
BRDA:1033,130,1,0
BRDA:1037,131,0,0
BRDA:1037,131,1,0
BRDA:1044,132,0,0
BRDA:1044,132,1,0
BRDA:1055,133,0,0
BRDA:1055,133,1,0
BRDA:1058,134,0,0
BRDA:1058,134,1,0
BRDA:1067,135,0,0
BRDA:1067,135,1,0
BRDA:1070,136,0,0
BRDA:1070,136,1,0
BRDA:1133,137,0,0
BRDA:1133,137,1,0
BRDA:1138,138,0,0
BRDA:1138,138,1,0
BRDA:1151,139,0,0
BRDA:1151,139,1,0
BRDA:1157,140,0,0
BRDA:1157,140,1,0
BRDA:1285,141,0,0
BRDA:1285,141,1,0
BRDA:1290,142,0,0
BRDA:1290,142,1,0
BRDA:1303,143,0,0
BRDA:1303,143,1,0
BRDA:1309,144,0,0
BRDA:1309,144,1,0
BRDA:1436,145,0,0
BRDA:1436,145,1,0
BRDA:1447,146,0,0
BRDA:1447,146,1,0
BRDA:1460,147,0,0
BRDA:1460,147,1,0
BRDA:1466,148,0,0
BRDA:1466,148,1,0
BRDA:1502,149,0,0
BRDA:1502,149,1,0
BRDA:1507,150,0,0
BRDA:1507,150,1,0
BRDA:1628,151,0,0
BRDA:1628,151,1,0
BRDA:1717,152,0,0
BRDA:1717,152,1,0
BRDA:1752,153,0,0
BRDA:1752,153,1,0
BRDA:1752,153,2,0
BRDA:1752,153,3,0
BRDA:1752,153,4,42
BRDA:1762,154,0,0
BRDA:1762,154,1,42
BRDA:154,155,0,0
BRDA:154,155,1,3
BRDA:159,156,0,0
BRDA:159,156,1,3
BRDA:161,157,0,0
BRDA:161,157,1,21
BRDA:161,157,2,0
BRDA:161,157,3,0
BRDA:163,158,0,0
BRDA:163,158,1,0
BRDA:169,159,0,0
BRDA:169,159,1,3
BRDA:174,160,0,0
BRDA:174,160,1,3
BRDA:179,161,0,0
BRDA:179,161,1,3
BRDA:180,162,0,0
BRDA:180,162,1,0
BRDA:181,163,0,0
BRDA:181,163,1,0
BRDA:183,164,0,0
BRDA:183,164,1,0
BRDA:189,165,0,0
BRDA:189,165,1,3
BRDA:208,166,0,0
BRDA:208,166,1,2
BRDA:208,167,0,2
BRDA:208,167,1,2
BRDA:208,167,2,2
BRDA:208,167,3,2
BRDA:209,168,0,2
BRDA:209,168,1,0
BRDA:210,169,0,2
BRDA:210,169,1,0
BRDA:244,170,0,0
BRDA:244,170,1,24
BRDA:244,171,0,24
BRDA:244,171,1,24
BRDA:245,172,0,2064
BRDA:245,172,1,2064
BRDA:255,173,0,0
BRDA:255,173,1,0
BRDA:255,174,0,0
BRDA:255,174,1,0
BRDA:255,174,2,0
BRDA:260,175,0,0
BRDA:260,175,1,0
BRDA:260,176,0,0
BRDA:260,176,1,0
BRDA:260,176,2,0
BRDA:260,176,3,0
BRDA:261,177,0,0
BRDA:261,177,1,0
BRDA:261,177,2,0
BRDA:267,178,0,0
BRDA:267,178,1,0
BRDA:267,179,0,0
BRDA:267,179,1,0
BRDA:267,179,2,0
BRDA:282,180,0,0
BRDA:282,180,1,0
BRDA:282,181,0,0
BRDA:282,181,1,0
BRDA:282,181,2,0
BRDA:287,182,0,0
BRDA:287,182,1,0
BRDA:287,183,0,0
BRDA:287,183,1,0
BRDA:292,184,0,0
BRDA:292,184,1,0
BRDA:292,185,0,0
BRDA:292,185,1,0
BRDA:294,186,0,0
BRDA:294,186,1,0
BRDA:296,187,0,0
BRDA:296,187,1,0
BRDA:304,188,0,0
BRDA:304,188,1,0
BRDA:304,189,0,0
BRDA:304,189,1,0
BRDA:304,189,2,0
BRDA:316,190,0,0
BRDA:316,190,1,0
BRDA:331,191,0,0
BRDA:331,191,1,0
BRDA:355,192,0,0
BRDA:355,192,1,0
BRDA:370,193,0,0
BRDA:370,193,1,0
BRDA:396,194,0,0
BRDA:396,194,1,0
BRDA:408,195,0,0
BRDA:408,195,1,0
BRDA:426,196,0,0
BRDA:426,196,1,0
BRDA:427,197,0,0
BRDA:427,197,1,0
BRDA:428,198,0,0
BRDA:428,198,1,0
BRDA:429,199,0,0
BRDA:429,199,1,0
BRDA:438,200,0,0
BRDA:438,200,1,0
BRDA:470,201,0,0
BRDA:470,201,1,0
BRDA:479,202,0,0
BRDA:479,202,1,0
BRDA:487,203,0,0
BRDA:487,203,1,0
BRDA:503,204,0,0
BRDA:503,204,1,0
BRDA:503,205,0,0
BRDA:503,205,1,0
BRDA:506,206,0,0
BRDA:506,206,1,0
BRDA:519,207,0,0
BRDA:519,207,1,0
BRDA:519,208,0,0
BRDA:519,208,1,0
BRDA:522,209,0,0
BRDA:522,209,1,0
BRDA:537,210,0,0
BRDA:537,210,1,0
BRDA:601,211,0,2
BRDA:601,211,1,4
BRDA:609,212,0,4
BRDA:609,212,1,4
BRDA:609,213,0,24
BRDA:609,213,1,24
BRDA:610,214,0,24
BRDA:610,214,1,0
BRDA:612,215,0,24
BRDA:612,215,1,0
BRDA:612,216,0,24
BRDA:612,216,1,24
BRDA:614,217,0,28
BRDA:614,217,1,28
BRDA:616,218,0,52
BRDA:616,218,1,28
BRDA:616,219,0,52
BRDA:616,219,1,52
BRDA:619,220,0,52
BRDA:619,220,1,28
BRDA:619,221,0,52
BRDA:619,221,1,52
BRDA:620,222,0,52
BRDA:620,222,1,28
BRDA:620,223,0,52
BRDA:620,223,1,52
BRDA:628,224,0,28
BRDA:628,224,1,28
BRDA:630,225,0,28
BRDA:630,225,1,28
BRDA:641,226,0,52
BRDA:641,226,1,28
BRDA:641,227,0,52
BRDA:641,227,1,52
BRDA:645,228,0,24
BRDA:645,228,1,0
BRDA:645,229,0,24
BRDA:645,229,1,24
BRDA:649,230,0,52
BRDA:649,230,1,28
BRDA:649,231,0,52
BRDA:649,231,1,52
BRDA:656,232,0,24
BRDA:656,232,1,0
BRDA:656,233,0,24
BRDA:656,233,1,24
BRDA:663,234,0,28
BRDA:663,234,1,28
BRDA:675,235,0,0
BRDA:675,235,1,0
BRDA:675,236,0,0
BRDA:675,236,1,0
BRDA:711,237,0,0
BRDA:711,237,1,0
BRDA:711,238,0,0
BRDA:711,238,1,0
BRDA:712,239,0,0
BRDA:712,239,1,0
BRDA:712,240,0,0
BRDA:712,240,1,0
BRDA:714,241,0,0
BRDA:714,241,1,0
BRDA:714,242,0,0
BRDA:714,242,1,0
BRDA:727,243,0,0
BRDA:727,243,1,0
BRDA:727,244,0,0
BRDA:727,244,1,0
BRDA:856,245,0,0
BRDA:856,245,1,0
BRDA:884,246,0,0
BRDA:884,246,1,0
BRDA:884,247,0,0
BRDA:884,247,1,0
BRDA:884,248,0,0
BRDA:884,248,1,0
BRDA:884,249,0,0
BRDA:884,249,1,0
BRDA:884,250,0,0
BRDA:884,250,1,0
BRDA:886,251,0,0
BRDA:886,251,1,0
BRDA:888,252,0,0
BRDA:888,252,1,0
BRDA:888,252,2,0
BRDA:891,253,0,0
BRDA:891,253,1,0
BRDA:900,254,0,0
BRDA:900,254,1,0
BRDA:900,255,0,0
BRDA:900,255,1,0
BRDA:901,256,0,0
BRDA:901,256,1,0
BRDA:901,257,0,0
BRDA:901,257,1,0
BRDA:907,258,0,0
BRDA:907,258,1,0
BRDA:907,259,0,0
BRDA:907,259,1,0
BRDA:911,260,0,0
BRDA:911,260,1,0
BRDA:911,261,0,0
BRDA:911,261,1,0
BRDA:911,261,2,0
BRDA:918,262,0,0
BRDA:918,262,1,0
BRDA:918,263,0,0
BRDA:918,263,1,0
BRDA:919,264,0,0
BRDA:919,264,1,0
BRDA:925,265,0,0
BRDA:925,265,1,0
BRDA:927,266,0,0
BRDA:927,266,1,0
BRDA:928,267,0,0
BRDA:928,267,1,0
BRDA:937,268,0,0
BRDA:937,268,1,0
BRDA:944,269,0,0
BRDA:944,269,1,0
BRDA:957,270,0,0
BRDA:957,270,1,0
BRDA:957,271,0,0
BRDA:957,271,1,0
BRDA:957,271,2,0
BRDA:963,272,0,0
BRDA:963,272,1,0
BRDA:963,272,2,0
BRDA:975,273,0,0
BRDA:975,273,1,0
BRDA:975,273,2,0
BRDA:991,274,0,0
BRDA:991,274,1,0
BRDA:992,275,0,0
BRDA:992,275,1,0
BRDA:993,276,0,0
BRDA:993,276,1,0
BRDA:1012,277,0,0
BRDA:1012,277,1,0
BRDA:1012,278,0,0
BRDA:1012,278,1,0
BRDA:1012,278,2,0
BRDA:1014,279,0,0
BRDA:1014,279,1,0
BRDA:1024,280,0,0
BRDA:1024,280,1,0
BRDA:1033,281,0,0
BRDA:1033,281,1,0
BRDA:1045,282,0,0
BRDA:1045,282,1,0
BRDA:1048,283,0,0
BRDA:1048,283,1,0
BRDA:1049,284,0,0
BRDA:1049,284,1,0
BRDA:1052,285,0,0
BRDA:1052,285,1,0
BRDA:1056,286,0,0
BRDA:1056,286,1,0
BRDA:1063,287,0,0
BRDA:1063,287,1,0
BRDA:1074,288,0,0
BRDA:1074,288,1,0
BRDA:1077,289,0,0
BRDA:1077,289,1,0
BRDA:1086,290,0,0
BRDA:1086,290,1,0
BRDA:1089,291,0,0
BRDA:1089,291,1,0
BRDA:1152,292,0,0
BRDA:1152,292,1,0
BRDA:1157,293,0,0
BRDA:1157,293,1,0
BRDA:1170,294,0,0
BRDA:1170,294,1,0
BRDA:1176,295,0,0
BRDA:1176,295,1,0
BRDA:1304,296,0,0
BRDA:1304,296,1,0
BRDA:1309,297,0,0
BRDA:1309,297,1,0
BRDA:1322,298,0,0
BRDA:1322,298,1,0
BRDA:1328,299,0,0
BRDA:1328,299,1,0
BRDA:1455,300,0,0
BRDA:1455,300,1,0
BRDA:1466,301,0,0
BRDA:1466,301,1,0
BRDA:1479,302,0,0
BRDA:1479,302,1,0
BRDA:1485,303,0,0
BRDA:1485,303,1,0
BRDA:1521,304,0,0
BRDA:1521,304,1,0
BRDA:1526,305,0,0
BRDA:1526,305,1,0
BRDA:1647,306,0,0
BRDA:1647,306,1,0
BRDA:1736,307,0,0
BRDA:1736,307,1,0
BRDA:1771,308,0,0
BRDA:1771,308,1,0
BRDA:1771,308,2,0
BRDA:1771,308,3,0
BRDA:1771,308,4,6
BRDA:1781,309,0,0
BRDA:1781,309,1,6
BRF:660
BRH:140
end_of_record
TN:
SF:src\components\admin\QuestionEditor.js
FNF:0
FNH:0
LF:0
LH:0
BRF:0
BRH:0
end_of_record
TN:
SF:src\components\auth\LoginForm.js
FN:84,(anonymous_0)
FN:102,(anonymous_1)
FN:112,(anonymous_2)
FN:126,LoginForm
FN:138,(anonymous_4)
FN:142,(anonymous_5)
FN:149,(anonymous_6)
FN:159,(anonymous_7)
FN:183,(anonymous_8)
FN:185,(anonymous_9)
FN:187,(anonymous_10)
FN:210,(anonymous_11)
FN:238,(anonymous_12)
FN:343,(anonymous_13)
FN:353,(anonymous_14)
FN:358,(anonymous_15)
FN:72,(anonymous_0)
FN:90,(anonymous_1)
FN:100,(anonymous_2)
FN:131,LoginForm
FN:143,(anonymous_4)
FN:147,(anonymous_5)
FN:154,(anonymous_6)
FN:164,(anonymous_7)
FN:188,(anonymous_8)
FN:190,(anonymous_9)
FN:192,(anonymous_10)
FN:215,(anonymous_11)
FN:243,(anonymous_12)
FN:348,(anonymous_13)
FN:358,(anonymous_14)
FN:363,(anonymous_15)
FNF:32
FNH:29
FNDA:1131,(anonymous_0)
FNDA:29,(anonymous_1)
FNDA:0,(anonymous_2)
FNDA:2392,LoginForm
FNDA:1461,(anonymous_4)
FNDA:2563,(anonymous_5)
FNDA:156,(anonymous_6)
FNDA:359,(anonymous_7)
FNDA:359,(anonymous_8)
FNDA:359,(anonymous_9)
FNDA:388,(anonymous_10)
FNDA:359,(anonymous_11)
FNDA:330,(anonymous_12)
FNDA:330,(anonymous_13)
FNDA:330,(anonymous_14)
FNDA:330,(anonymous_15)
FNDA:156,(anonymous_0)
FNDA:1135,(anonymous_1)
FNDA:0,(anonymous_2)
FNDA:330,LoginForm
FNDA:2548,(anonymous_4)
FNDA:1439,(anonymous_5)
FNDA:2392,(anonymous_6)
FNDA:2396,(anonymous_7)
FNDA:2396,(anonymous_8)
FNDA:33,(anonymous_9)
FNDA:37,(anonymous_10)
FNDA:2396,(anonymous_11)
FNDA:2392,(anonymous_12)
FNDA:2392,(anonymous_13)
FNDA:2392,(anonymous_14)
FNDA:0,(anonymous_15)
DA:15,5
DA:28,36
DA:61,5
DA:73,156
DA:74,36
DA:76,192
DA:79,192
DA:85,1136
DA:88,1136
DA:91,1136
DA:92,1135
DA:101,36
DA:103,29
DA:104,29
DA:113,0
DA:127,2392
DA:131,2392
DA:132,2722
DA:133,2722
DA:136,330
DA:137,330
DA:138,2722
DA:139,1131
DA:140,1131
DA:142,2233
DA:143,330
DA:144,1287
DA:145,2548
DA:147,2700
DA:148,1461
DA:149,330
DA:153,156
DA:154,0
DA:159,2392
DA:160,29
DA:163,29
DA:164,330
DA:165,359
DA:166,330
DA:168,2396
DA:169,2392
DA:170,359
DA:171,29
DA:172,359
DA:173,330
DA:175,4
DA:176,2392
DA:177,33
DA:178,0
DA:181,4
DA:182,4
DA:183,2392
DA:185,29
DA:187,29
DA:188,330
DA:190,2396
DA:192,359
DA:193,37
DA:194,33
DA:195,359
DA:197,2396
DA:199,2396
DA:200,2396
DA:201,330
DA:206,0
DA:210,2392
DA:211,29
DA:213,29
DA:215,330
DA:216,2396
DA:218,359
DA:219,359
DA:220,33
DA:221,359
DA:222,359
DA:223,33
DA:224,33
DA:225,4
DA:226,33
DA:227,33
DA:228,4
DA:229,4
DA:230,29
DA:231,33
DA:233,0
DA:234,0
DA:236,4
DA:238,2392
DA:239,0
DA:240,0
DA:243,330
DA:244,2392
DA:245,0
DA:247,2392
DA:249,2392
DA:252,330
DA:343,330
DA:348,2392
DA:354,330
DA:358,330
DA:359,2392
DA:363,0
LF:102
LH:92
BRDA:85,0,0,0
BRDA:85,0,1,1131
BRDA:85,1,0,1131
BRDA:85,1,1,1131
BRDA:104,2,0,29
BRDA:104,2,1,29
BRDA:148,3,0,0
BRDA:148,3,1,1131
BRDA:163,4,0,0
BRDA:163,4,1,29
BRDA:165,5,0,0
BRDA:165,5,1,29
BRDA:170,6,0,0
BRDA:170,6,1,29
BRDA:172,7,0,0
BRDA:172,7,1,29
BRDA:188,8,0,58
BRDA:188,8,1,29
BRDA:192,9,0,29
BRDA:192,9,1,0
BRDA:213,10,0,0
BRDA:213,10,1,29
BRDA:221,11,0,29
BRDA:221,11,1,0
BRDA:238,12,0,0
BRDA:272,13,0,0
BRDA:272,13,1,2392
BRDA:279,14,0,2392
BRDA:279,14,1,0
BRDA:296,15,0,0
BRDA:296,15,1,2392
BRDA:303,16,0,2392
BRDA:303,16,1,0
BRDA:311,17,0,2392
BRDA:311,17,1,0
BRDA:324,18,0,58
BRDA:324,18,1,2334
BRDA:349,19,0,2392
BRDA:349,19,1,0
BRDA:73,20,0,0
BRDA:73,20,1,156
BRDA:73,21,0,156
BRDA:73,21,1,156
BRDA:92,22,0,4
BRDA:92,22,1,4
BRDA:153,23,0,0
BRDA:153,23,1,156
BRDA:168,24,0,0
BRDA:168,24,1,4
BRDA:170,25,0,0
BRDA:170,25,1,33
BRDA:175,26,0,0
BRDA:175,26,1,4
BRDA:177,27,0,0
BRDA:177,27,1,4
BRDA:193,28,0,37
BRDA:193,28,1,4
BRDA:197,29,0,4
BRDA:197,29,1,0
BRDA:218,30,0,0
BRDA:218,30,1,4
BRDA:226,31,0,4
BRDA:226,31,1,0
BRDA:243,32,0,0
BRDA:277,33,0,0
BRDA:277,33,1,330
BRDA:284,34,0,330
BRDA:284,34,1,0
BRDA:301,35,0,0
BRDA:301,35,1,330
BRDA:308,36,0,330
BRDA:308,36,1,0
BRDA:316,37,0,330
BRDA:316,37,1,0
BRDA:329,38,0,8
BRDA:329,38,1,322
BRDA:354,39,0,330
BRDA:354,39,1,0
BRF:78
BRH:46
end_of_record
TN:
SF:src\components\common\Footer.js
FN:24,Footer
FN:33,(anonymous_1)
FN:38,(anonymous_2)
FN:43,(anonymous_3)
FN:48,(anonymous_4)
FN:53,(anonymous_5)
FN:58,(anonymous_6)
FN:63,(anonymous_7)
FN:68,(anonymous_8)
FN:30,Footer
FN:39,(anonymous_1)
FN:44,(anonymous_2)
FN:49,(anonymous_3)
FN:54,(anonymous_4)
FN:59,(anonymous_5)
FN:64,(anonymous_6)
FN:69,(anonymous_7)
FN:74,(anonymous_8)
FNF:18
FNH:18
FNDA:116,Footer
FNDA:16,(anonymous_1)
FNDA:16,(anonymous_2)
FNDA:16,(anonymous_3)
FNDA:16,(anonymous_4)
FNDA:16,(anonymous_5)
FNDA:16,(anonymous_6)
FNDA:16,(anonymous_7)
FNDA:16,(anonymous_8)
FNDA:16,Footer
FNDA:116,(anonymous_1)
FNDA:116,(anonymous_2)
FNDA:116,(anonymous_3)
FNDA:116,(anonymous_4)
FNDA:116,(anonymous_5)
FNDA:116,(anonymous_6)
FNDA:116,(anonymous_7)
FNDA:116,(anonymous_8)
DA:25,116
DA:26,116
DA:27,116
DA:28,116
DA:31,16
DA:32,16
DA:33,116
DA:34,16
DA:38,116
DA:39,16
DA:43,116
DA:44,16
DA:48,116
DA:49,16
DA:53,116
DA:54,16
DA:58,116
DA:59,16
DA:63,116
DA:64,16
DA:68,116
DA:69,16
DA:70,116
DA:74,132
DA:76,16
LF:25
LH:25
BRDA:236,0,0,0
BRDA:236,0,1,116
BRDA:237,1,0,0
BRDA:237,1,1,116
BRDA:523,2,0,0
BRDA:523,2,1,116
BRDA:524,3,0,0
BRDA:524,3,1,116
BRDA:682,4,0,0
BRDA:682,4,1,116
BRDA:683,5,0,0
BRDA:683,5,1,116
BRDA:722,6,0,0
BRDA:722,6,1,116
BRDA:723,7,0,0
BRDA:723,7,1,116
BRDA:242,8,0,0
BRDA:242,8,1,16
BRDA:243,9,0,0
BRDA:243,9,1,16
BRDA:529,10,0,0
BRDA:529,10,1,16
BRDA:530,11,0,0
BRDA:530,11,1,16
BRDA:688,12,0,0
BRDA:688,12,1,16
BRDA:689,13,0,0
BRDA:689,13,1,16
BRDA:728,14,0,0
BRDA:728,14,1,16
BRDA:729,15,0,0
BRDA:729,15,1,16
BRF:32
BRH:16
end_of_record
TN:
SF:src\components\common\Header.js
FN:33,Header
FN:41,(anonymous_1)
FN:70,(anonymous_2)
FN:79,(anonymous_3)
FN:88,(anonymous_4)
FN:97,(anonymous_5)
FN:106,(anonymous_6)
FN:39,Header
FN:47,(anonymous_1)
FN:76,(anonymous_2)
FN:85,(anonymous_3)
FN:94,(anonymous_4)
FN:103,(anonymous_5)
FN:112,(anonymous_6)
FNF:14
FNH:14
FNDA:116,Header
FNDA:16,(anonymous_1)
FNDA:16,(anonymous_2)
FNDA:16,(anonymous_3)
FNDA:16,(anonymous_4)
FNDA:16,(anonymous_5)
FNDA:16,(anonymous_6)
FNDA:16,Header
FNDA:116,(anonymous_1)
FNDA:116,(anonymous_2)
FNDA:116,(anonymous_3)
FNDA:116,(anonymous_4)
FNDA:116,(anonymous_5)
FNDA:116,(anonymous_6)
DA:34,116
DA:40,16
DA:42,16
DA:48,116
DA:70,16
DA:76,116
DA:79,16
DA:85,116
DA:88,16
DA:94,116
DA:97,16
DA:103,116
DA:106,16
DA:112,116
LF:14
LH:14
BRDA:69,0,0,58
BRDA:69,0,1,58
BRDA:78,1,0,44
BRDA:78,1,1,72
BRDA:87,2,0,14
BRDA:87,2,1,102
BRDA:96,3,0,0
BRDA:96,3,1,116
BRDA:105,4,0,0
BRDA:105,4,1,116
BRDA:75,5,0,8
BRDA:75,5,1,8
BRDA:84,6,0,6
BRDA:84,6,1,10
BRDA:93,7,0,2
BRDA:93,7,1,14
BRDA:102,8,0,0
BRDA:102,8,1,16
BRDA:111,9,0,0
BRDA:111,9,1,16
BRF:20
BRH:16
end_of_record
TN:
SF:src\components\common\Imprint.js
FN:22,Imprint
FN:23,Imprint
FNF:2
FNH:2
FNDA:116,Imprint
FNDA:16,Imprint
DA:23,116
DA:24,16
LF:2
LH:2
BRF:0
BRH:0
end_of_record
TN:
SF:src\components\common\PrivacyPolicy.js
FN:22,PrivacyPolicy
FN:27,PrivacyPolicy
FNF:2
FNH:2
FNDA:116,PrivacyPolicy
FNDA:16,PrivacyPolicy
DA:23,116
DA:28,16
LF:2
LH:2
BRF:0
BRH:0
end_of_record
TN:
SF:src\components\community\Community.js
FN:27,Community
FN:72,(anonymous_1)
FN:87,(anonymous_2)
FN:94,(anonymous_3)
FN:104,(anonymous_4)
FN:182,(anonymous_5)
FN:246,(anonymous_6)
FN:251,(anonymous_7)
FN:293,(anonymous_8)
FN:32,Community
FN:77,(anonymous_1)
FN:92,(anonymous_2)
FN:99,(anonymous_3)
FN:109,(anonymous_4)
FN:187,(anonymous_5)
FN:251,(anonymous_6)
FN:256,(anonymous_7)
FN:298,(anonymous_8)
FNF:18
FNH:0
FNDA:0,Community
FNDA:0,(anonymous_1)
FNDA:0,(anonymous_2)
FNDA:0,(anonymous_3)
FNDA:0,(anonymous_4)
FNDA:0,(anonymous_5)
FNDA:0,(anonymous_6)
FNDA:0,(anonymous_7)
FNDA:0,(anonymous_8)
FNDA:0,Community
FNDA:0,(anonymous_1)
FNDA:0,(anonymous_2)
FNDA:0,(anonymous_3)
FNDA:0,(anonymous_4)
FNDA:0,(anonymous_5)
FNDA:0,(anonymous_6)
FNDA:0,(anonymous_7)
FNDA:0,(anonymous_8)
DA:29,0
DA:34,0
DA:64,0
DA:65,0
DA:69,0
DA:70,0
DA:72,0
DA:73,0
DA:74,0
DA:77,0
DA:78,0
DA:79,0
DA:87,0
DA:88,0
DA:92,0
DA:93,0
DA:94,0
DA:95,0
DA:96,0
DA:97,0
DA:99,0
DA:100,0
DA:101,0
DA:102,0
DA:104,0
DA:105,0
DA:106,0
DA:109,0
DA:110,0
DA:111,0
DA:115,0
DA:116,0
DA:182,0
DA:187,0
DA:213,0
DA:218,0
DA:247,0
DA:251,0
DA:252,0
DA:256,0
DA:293,0
DA:298,0
LF:42
LH:0
BRDA:95,0,0,0
BRDA:95,0,1,0
BRDA:110,1,0,0
BRDA:110,1,1,0
BRDA:100,2,0,0
BRDA:100,2,1,0
BRDA:115,3,0,0
BRDA:115,3,1,0
BRF:8
BRH:0
end_of_record
TN:
SF:src\components\home\HomePage.js
FN:28,HomePage
FN:36,(anonymous_1)
FN:39,(anonymous_2)
FN:66,(anonymous_3)
FN:73,(anonymous_4)
FN:139,(anonymous_5)
FN:170,(anonymous_6)
FN:201,(anonymous_7)
FN:233,(anonymous_8)
FN:35,HomePage
FN:43,(anonymous_1)
FN:46,(anonymous_2)
FN:73,(anonymous_3)
FN:80,(anonymous_4)
FN:146,(anonymous_5)
FN:177,(anonymous_6)
FN:208,(anonymous_7)
FN:327,(anonymous_8)
FNF:18
FNH:17
FNDA:116,HomePage
FNDA:74,(anonymous_1)
FNDA:5004,(anonymous_2)
FNDA:38,(anonymous_3)
FNDA:16,(anonymous_4)
FNDA:16,(anonymous_5)
FNDA:23,(anonymous_6)
FNDA:16,(anonymous_7)
FNDA:16,(anonymous_8)
FNDA:16,HomePage
FNDA:124,(anonymous_1)
FNDA:804,(anonymous_2)
FNDA:3,(anonymous_3)
FNDA:116,(anonymous_4)
FNDA:116,(anonymous_5)
FNDA:117,(anonymous_6)
FNDA:116,(anonymous_7)
FNDA:0,(anonymous_8)
DA:29,116
DA:36,132
DA:37,74
DA:38,74
DA:39,5004
DA:41,58
DA:43,16
DA:44,66
DA:45,124
DA:46,688
DA:48,124
DA:55,16
DA:66,38
DA:73,16
DA:80,116
DA:139,16
DA:146,116
DA:170,23
DA:177,117
DA:201,16
DA:208,116
DA:233,16
DA:327,0
LF:23
LH:22
BRF:0
BRH:0
end_of_record
TN:
SF:src\components\quiz\CooperativeLobby.js
FNF:0
FNH:0
LF:0
LH:0
BRF:0
BRH:0
end_of_record
TN:
SF:src\components\quiz\LiveChat.js
FNF:0
FNH:0
LF:0
LH:0
BRF:0
BRH:0
end_of_record
TN:
SF:src\components\quiz\PointsInfo.js
FNF:0
FNH:0
LF:0
LH:0
BRF:0
BRH:0
end_of_record
TN:
SF:src\components\quiz\QuizCategorySelector.js
FN:39,QuizCategorySelector
FN:49,(anonymous_1)
FN:51,(anonymous_2)
FN:52,(anonymous_3)
FN:61,(anonymous_4)
FN:63,(anonymous_5)
FN:69,(anonymous_6)
FN:77,(anonymous_7)
FN:85,(anonymous_8)
FN:93,(anonymous_9)
FN:106,getEstimatedTime
FN:149,(anonymous_11)
FN:163,(anonymous_12)
FN:168,(anonymous_13)
FN:193,(anonymous_14)
FN:44,QuizCategorySelector
FN:54,(anonymous_1)
FN:56,(anonymous_2)
FN:57,(anonymous_3)
FN:66,(anonymous_4)
FN:68,(anonymous_5)
FN:74,(anonymous_6)
FN:82,(anonymous_7)
FN:90,(anonymous_8)
FN:98,(anonymous_9)
FN:111,getEstimatedTime
FN:154,(anonymous_11)
FN:168,(anonymous_12)
FN:173,(anonymous_13)
FN:198,(anonymous_14)
FNF:30
FNH:30
FNDA:44,QuizCategorySelector
FNDA:44,(anonymous_1)
FNDA:270,(anonymous_2)
FNDA:22710,(anonymous_3)
FNDA:50,(anonymous_4)
FNDA:6,(anonymous_5)
FNDA:50,(anonymous_6)
FNDA:50,(anonymous_7)
FNDA:50,(anonymous_8)
FNDA:28,(anonymous_9)
FNDA:50,getEstimatedTime
FNDA:6,(anonymous_11)
FNDA:270,(anonymous_12)
FNDA:28,(anonymous_13)
FNDA:270,(anonymous_14)
FNDA:6,QuizCategorySelector
FNDA:50,(anonymous_1)
FNDA:80,(anonymous_2)
FNDA:3360,(anonymous_3)
FNDA:50,(anonymous_4)
FNDA:44,(anonymous_5)
FNDA:50,(anonymous_6)
FNDA:50,(anonymous_7)
FNDA:50,(anonymous_8)
FNDA:47,(anonymous_9)
FNDA:50,getEstimatedTime
FNDA:44,(anonymous_11)
FNDA:80,(anonymous_12)
FNDA:267,(anonymous_13)
FNDA:80,(anonymous_14)
DA:47,44
DA:49,44
DA:50,44
DA:51,44
DA:52,22704
DA:53,264
DA:54,6
DA:55,270
DA:56,6
DA:57,3140
DA:58,36
DA:61,44
DA:62,50
DA:63,0
DA:64,0
DA:66,6
DA:67,6
DA:68,0
DA:69,44
DA:70,44
DA:71,22
DA:72,14
DA:73,14
DA:74,6
DA:75,6
DA:76,2
DA:77,46
DA:78,46
DA:79,22
DA:80,14
DA:81,14
DA:82,6
DA:83,6
DA:84,2
DA:85,46
DA:86,46
DA:87,22
DA:88,14
DA:89,14
DA:90,6
DA:91,6
DA:92,2
DA:93,44
DA:94,24
DA:95,28
DA:98,6
DA:99,3
DA:100,3
DA:107,44
DA:108,44
DA:109,14
DA:110,16
DA:111,14
DA:112,6
DA:113,6
DA:114,50
DA:115,50
DA:116,2
DA:117,0
DA:119,50
DA:120,50
DA:123,44
DA:124,50
DA:125,50
DA:128,6
DA:149,6
DA:154,44
DA:164,270
DA:168,28
DA:169,80
DA:173,267
DA:193,270
DA:198,80
LF:73
LH:69
BRDA:62,0,0,44
BRDA:62,0,1,0
BRDA:64,1,0,0
BRDA:64,1,1,0
BRDA:64,1,2,0
BRDA:70,2,0,16
BRDA:70,2,1,14
BRDA:70,2,2,14
BRDA:78,3,0,16
BRDA:78,3,1,14
BRDA:78,3,2,14
BRDA:86,4,0,16
BRDA:86,4,1,14
BRDA:86,4,2,14
BRDA:94,5,0,22
BRDA:94,5,1,0
BRDA:108,6,0,14
BRDA:108,6,1,16
BRDA:108,6,2,14
BRDA:108,6,3,0
BRDA:119,7,0,44
BRDA:119,7,1,0
BRDA:155,8,0,0
BRDA:155,8,1,44
BRDA:166,9,0,264
BRDA:166,9,1,6
BRDA:167,10,0,264
BRDA:167,10,1,6
BRDA:167,11,0,264
BRDA:167,11,1,6
BRDA:176,12,0,264
BRDA:176,12,1,6
BRDA:177,13,0,264
BRDA:177,13,1,6
BRDA:67,14,0,6
BRDA:67,14,1,0
BRDA:69,15,0,0
BRDA:69,15,1,0
BRDA:69,15,2,0
BRDA:75,16,0,2
BRDA:75,16,1,2
BRDA:75,16,2,2
BRDA:83,17,0,2
BRDA:83,17,1,2
BRDA:83,17,2,2
BRDA:91,18,0,2
BRDA:91,18,1,2
BRDA:91,18,2,2
BRDA:99,19,0,3
BRDA:99,19,1,0
BRDA:113,20,0,2
BRDA:113,20,1,2
BRDA:113,20,2,2
BRDA:113,20,3,0
BRDA:124,21,0,6
BRDA:124,21,1,0
BRDA:160,22,0,0
BRDA:160,22,1,6
BRDA:171,23,0,36
BRDA:171,23,1,44
BRDA:172,24,0,36
BRDA:172,24,1,44
BRDA:172,25,0,36
BRDA:172,25,1,44
BRDA:181,26,0,36
BRDA:181,26,1,44
BRDA:182,27,0,36
BRDA:182,27,1,44
BRF:68
BRH:52
end_of_record
TN:
SF:src\components\quiz\QuizMain.js
FN:49,QuizMain
FN:67,(anonymous_1)
FN:76,(anonymous_2)
FN:87,(anonymous_3)
FN:96,(anonymous_4)
FN:98,(anonymous_5)
FN:99,(anonymous_6)
FN:118,(anonymous_7)
FN:120,(anonymous_8)
FN:121,(anonymous_9)
FN:124,(anonymous_10)
FN:130,(anonymous_11)
FN:132,(anonymous_12)
FN:134,(anonymous_13)
FN:138,(anonymous_14)
FN:143,(anonymous_15)
FN:152,(anonymous_16)
FN:162,(anonymous_17)
FN:168,(anonymous_18)
FN:169,(anonymous_19)
FN:172,(anonymous_20)
FN:177,(anonymous_21)
FN:179,(anonymous_22)
FN:186,(anonymous_23)
FN:194,(anonymous_24)
FN:202,(anonymous_25)
FN:203,(anonymous_26)
FN:260,(anonymous_27)
FN:294,(anonymous_28)
FN:304,(anonymous_29)
FN:305,(anonymous_30)
FN:306,(anonymous_31)
FN:307,(anonymous_32)
FN:325,(anonymous_33)
FN:367,(anonymous_34)
FN:389,(anonymous_35)
FN:411,(anonymous_36)
FN:43,QuizMain
FN:61,(anonymous_1)
FN:70,(anonymous_2)
FN:81,(anonymous_3)
FN:90,(anonymous_4)
FN:92,(anonymous_5)
FN:93,(anonymous_6)
FN:112,(anonymous_7)
FN:114,(anonymous_8)
FN:115,(anonymous_9)
FN:118,(anonymous_10)
FN:124,(anonymous_11)
FN:126,(anonymous_12)
FN:128,(anonymous_13)
FN:132,(anonymous_14)
FN:137,(anonymous_15)
FN:146,(anonymous_16)
FN:156,(anonymous_17)
FN:162,(anonymous_18)
FN:163,(anonymous_19)
FN:166,(anonymous_20)
FN:171,(anonymous_21)
FN:173,(anonymous_22)
FN:180,(anonymous_23)
FN:188,(anonymous_24)
FN:196,(anonymous_25)
FN:197,(anonymous_26)
FN:254,(anonymous_27)
FN:288,(anonymous_28)
FN:298,(anonymous_29)
FN:299,(anonymous_30)
FN:300,(anonymous_31)
FN:301,(anonymous_32)
FN:319,(anonymous_33)
FN:361,(anonymous_34)
FN:383,(anonymous_35)
FN:405,(anonymous_36)
FNF:74
FNH:65
FNDA:220,QuizMain
FNDA:74,(anonymous_1)
FNDA:74,(anonymous_2)
FNDA:52,(anonymous_3)
FNDA:52,(anonymous_4)
FNDA:1895,(anonymous_5)
FNDA:898,(anonymous_6)
FNDA:38,(anonymous_7)
FNDA:54,(anonymous_8)
FNDA:30,(anonymous_9)
FNDA:30,(anonymous_10)
FNDA:30,(anonymous_11)
FNDA:0,(anonymous_12)
FNDA:30,(anonymous_13)
FNDA:0,(anonymous_14)
FNDA:30,(anonymous_15)
FNDA:30,(anonymous_16)
FNDA:30,(anonymous_17)
FNDA:30,(anonymous_18)
FNDA:0,(anonymous_19)
FNDA:0,(anonymous_20)
FNDA:30,(anonymous_21)
FNDA:30,(anonymous_22)
FNDA:118,(anonymous_23)
FNDA:118,(anonymous_24)
FNDA:30,(anonymous_25)
FNDA:30,(anonymous_26)
FNDA:30,(anonymous_27)
FNDA:30,(anonymous_28)
FNDA:30,(anonymous_29)
FNDA:30,(anonymous_30)
FNDA:30,(anonymous_31)
FNDA:30,(anonymous_32)
FNDA:52,(anonymous_33)
FNDA:37,(anonymous_34)
FNDA:38,(anonymous_35)
FNDA:37,(anonymous_36)
FNDA:30,QuizMain
FNDA:226,(anonymous_1)
FNDA:226,(anonymous_2)
FNDA:223,(anonymous_3)
FNDA:223,(anonymous_4)
FNDA:280,(anonymous_5)
FNDA:146,(anonymous_6)
FNDA:221,(anonymous_7)
FNDA:223,(anonymous_8)
FNDA:220,(anonymous_9)
FNDA:220,(anonymous_10)
FNDA:220,(anonymous_11)
FNDA:8,(anonymous_12)
FNDA:220,(anonymous_13)
FNDA:0,(anonymous_14)
FNDA:220,(anonymous_15)
FNDA:220,(anonymous_16)
FNDA:0,(anonymous_17)
FNDA:220,(anonymous_18)
FNDA:0,(anonymous_19)
FNDA:220,(anonymous_20)
FNDA:0,(anonymous_21)
FNDA:0,(anonymous_22)
FNDA:232,(anonymous_23)
FNDA:232,(anonymous_24)
FNDA:88,(anonymous_25)
FNDA:88,(anonymous_26)
FNDA:220,(anonymous_27)
FNDA:220,(anonymous_28)
FNDA:220,(anonymous_29)
FNDA:220,(anonymous_30)
FNDA:220,(anonymous_31)
FNDA:220,(anonymous_32)
FNDA:223,(anonymous_33)
FNDA:221,(anonymous_34)
FNDA:221,(anonymous_35)
FNDA:221,(anonymous_36)
DA:44,30
DA:45,30
DA:46,30
DA:47,30
DA:48,30
DA:49,30
DA:50,220
DA:51,220
DA:52,220
DA:53,220
DA:54,250
DA:55,250
DA:56,250
DA:57,250
DA:58,220
DA:59,220
DA:60,220
DA:61,30
DA:62,226
DA:63,226
DA:64,6
DA:65,226
DA:67,226
DA:68,44
DA:69,44
DA:70,44
DA:71,30
DA:72,6
DA:73,50
DA:74,2
DA:75,2
DA:76,220
DA:77,74
DA:78,50
DA:79,14
DA:80,16
DA:81,44
DA:82,47
DA:83,3
DA:84,47
DA:87,220
DA:88,22
DA:89,22
DA:90,30
DA:91,25
DA:92,478
DA:93,344
DA:94,3
DA:95,3
DA:96,220
DA:97,52
DA:98,1922
DA:99,898
DA:100,222
DA:101,222
DA:102,24
DA:103,24
DA:104,25
DA:105,24
DA:106,23
DA:107,15
DA:109,18
DA:111,15
DA:112,30
DA:113,23
DA:114,1
DA:115,23
DA:116,0
DA:117,0
DA:118,220
DA:119,9
DA:120,8
DA:121,24
DA:122,0
DA:123,0
DA:124,30
DA:125,8
DA:126,220
DA:127,8
DA:128,0
DA:129,0
DA:130,220
DA:131,220
DA:132,220
DA:133,0
DA:134,0
DA:135,0
DA:136,0
DA:137,30
DA:138,30
DA:139,0
DA:140,220
DA:141,0
DA:142,0
DA:143,220
DA:144,0
DA:145,0
DA:146,30
DA:147,220
DA:148,30
DA:149,220
DA:150,0
DA:151,0
DA:152,220
DA:153,220
DA:154,0
DA:155,0
DA:156,250
DA:157,220
DA:158,30
DA:159,30
DA:162,250
DA:163,220
DA:164,0
DA:165,220
DA:166,0
DA:168,220
DA:169,0
DA:170,30
DA:171,220
DA:172,220
DA:173,0
DA:175,0
DA:177,0
DA:178,0
DA:179,0
DA:180,30
DA:181,12
DA:182,4
DA:183,224
DA:184,224
DA:186,220
DA:187,88
DA:188,62
DA:189,40
DA:190,92
DA:191,224
DA:192,4
DA:194,220
DA:195,88
DA:196,118
DA:197,118
DA:198,88
DA:202,250
DA:203,220
DA:204,0
DA:208,220
DA:209,0
DA:213,30
DA:214,0
DA:219,220
DA:220,0
DA:230,30
DA:231,6
DA:236,220
DA:237,44
DA:249,24
DA:250,6
DA:254,0
DA:255,176
DA:256,44
DA:260,0
DA:263,18
DA:264,6
DA:269,132
DA:270,44
DA:288,44
DA:294,6
DA:298,44
DA:299,44
DA:300,44
DA:301,44
DA:304,6
DA:305,6
DA:306,6
DA:307,6
DA:319,47
DA:325,28
DA:332,12
DA:338,88
DA:361,89
DA:367,19
DA:383,89
DA:389,20
DA:405,89
DA:411,19
LF:186
LH:153
BRDA:70,0,0,0
BRDA:70,0,1,44
BRDA:70,1,0,44
BRDA:70,1,1,44
BRDA:78,2,0,14
BRDA:78,2,1,16
BRDA:78,2,2,14
BRDA:78,2,3,0
BRDA:105,3,0,15
BRDA:105,3,1,7
BRDA:111,4,0,8
BRDA:111,4,1,7
BRDA:131,5,0,0
BRDA:131,5,1,0
BRDA:133,6,0,0
BRDA:133,6,1,0
BRDA:133,7,0,0
BRDA:133,7,1,0
BRDA:170,8,0,0
BRDA:170,8,1,0
BRDA:178,9,0,0
BRDA:178,9,1,0
BRDA:187,10,0,32
BRDA:187,10,1,28
BRDA:187,10,2,28
BRDA:195,11,0,32
BRDA:195,11,1,28
BRDA:195,11,2,28
BRDA:204,12,0,0
BRDA:204,12,1,30
BRDA:208,13,0,0
BRDA:208,13,1,220
BRDA:219,14,0,0
BRDA:219,14,1,220
BRDA:236,15,0,44
BRDA:236,15,1,176
BRDA:236,16,0,226
BRDA:236,16,1,68
BRDA:255,17,0,44
BRDA:255,17,1,132
BRDA:269,18,0,44
BRDA:269,18,1,88
BRDA:285,19,0,22
BRDA:285,19,1,40
BRDA:285,20,0,20
BRDA:285,20,1,26
BRDA:304,21,0,6
BRDA:304,21,1,56
BRDA:305,22,0,50
BRDA:305,22,1,12
BRDA:306,23,0,6
BRDA:306,23,1,56
BRDA:307,24,0,6
BRDA:307,24,1,56
BRDA:64,25,0,0
BRDA:64,25,1,6
BRDA:64,26,0,6
BRDA:64,26,1,6
BRDA:72,27,0,2
BRDA:72,27,1,2
BRDA:72,27,2,2
BRDA:72,27,3,0
BRDA:99,28,0,2
BRDA:99,28,1,1
BRDA:105,29,0,16
BRDA:105,29,1,8
BRDA:125,30,0,0
BRDA:125,30,1,0
BRDA:127,31,0,0
BRDA:127,31,1,0
BRDA:127,32,0,0
BRDA:127,32,1,0
BRDA:164,33,0,0
BRDA:164,33,1,0
BRDA:172,34,0,0
BRDA:172,34,1,0
BRDA:181,35,0,4
BRDA:181,35,1,4
BRDA:181,35,2,4
BRDA:189,36,0,4
BRDA:189,36,1,4
BRDA:189,36,2,4
BRDA:198,37,0,32
BRDA:198,37,1,28
BRDA:202,38,0,0
BRDA:202,38,1,30
BRDA:213,39,0,0
BRDA:213,39,1,30
BRDA:230,40,0,6
BRDA:230,40,1,24
BRDA:230,41,0,30
BRDA:230,41,1,226
BRDA:249,42,0,6
BRDA:249,42,1,18
BRDA:263,43,0,6
BRDA:263,43,1,12
BRDA:279,44,0,46
BRDA:279,44,1,92
BRDA:279,45,0,46
BRDA:279,45,1,90
BRDA:298,46,0,44
BRDA:298,46,1,94
BRDA:299,47,0,50
BRDA:299,47,1,88
BRDA:300,48,0,44
BRDA:300,48,1,94
BRDA:301,49,0,44
BRDA:301,49,1,94
BRF:108
BRH:79
end_of_record
TN:
SF:src\components\quiz\QuizQuestion.js
FN:63,QuizQuestion
FN:112,(anonymous_1)
FN:113,(anonymous_2)
FN:126,(anonymous_3)
FN:127,(anonymous_4)
FN:134,(anonymous_5)
FN:136,(anonymous_6)
FN:144,(anonymous_7)
FN:146,(anonymous_8)
FN:154,(anonymous_9)
FN:178,(anonymous_10)
FN:186,(anonymous_11)
FN:206,(anonymous_12)
FN:224,(anonymous_13)
FN:225,(anonymous_14)
FN:236,(anonymous_15)
FN:247,(anonymous_16)
FN:279,(anonymous_17)
FN:280,(anonymous_18)
FN:284,(anonymous_19)
FN:285,(anonymous_20)
FN:310,(anonymous_21)
FN:321,(anonymous_22)
FN:343,(anonymous_23)
FN:354,(anonymous_24)
FN:384,(anonymous_25)
FN:410,(anonymous_26)
FN:422,(anonymous_27)
FN:446,(anonymous_28)
FN:455,(anonymous_29)
FN:471,(anonymous_30)
FN:491,(anonymous_31)
FN:523,(anonymous_32)
FN:559,(anonymous_33)
FN:586,(anonymous_34)
FN:612,(anonymous_35)
FN:633,(anonymous_36)
FN:656,(anonymous_37)
FN:718,(anonymous_38)
FN:747,(anonymous_39)
FN:818,(anonymous_40)
FN:855,(anonymous_41)
FN:859,(anonymous_42)
FNF:43
FNH:23
FNDA:100,QuizQuestion
FNDA:68,(anonymous_1)
FNDA:0,(anonymous_2)
FNDA:136,(anonymous_3)
FNDA:0,(anonymous_4)
FNDA:68,(anonymous_5)
FNDA:0,(anonymous_6)
FNDA:68,(anonymous_7)
FNDA:0,(anonymous_8)
FNDA:68,(anonymous_9)
FNDA:208,(anonymous_10)
FNDA:272,(anonymous_11)
FNDA:0,(anonymous_12)
FNDA:50,(anonymous_13)
FNDA:0,(anonymous_14)
FNDA:0,(anonymous_15)
FNDA:50,(anonymous_16)
FNDA:0,(anonymous_17)
FNDA:0,(anonymous_18)
FNDA:0,(anonymous_19)
FNDA:0,(anonymous_20)
FNDA:25,(anonymous_21)
FNDA:50,(anonymous_22)
FNDA:0,(anonymous_23)
FNDA:0,(anonymous_24)
FNDA:0,(anonymous_25)
FNDA:0,(anonymous_26)
FNDA:400,(anonymous_27)
FNDA:300,(anonymous_28)
FNDA:304,(anonymous_29)
FNDA:100,(anonymous_30)
FNDA:0,(anonymous_31)
FNDA:0,(anonymous_32)
FNDA:36,(anonymous_33)
FNDA:36,(anonymous_34)
FNDA:0,(anonymous_35)
FNDA:68,(anonymous_36)
FNDA:272,(anonymous_37)
FNDA:68,(anonymous_38)
FNDA:100,(anonymous_39)
FNDA:0,(anonymous_40)
FNDA:400,(anonymous_41)
FNDA:0,(anonymous_42)
DA:77,100
DA:78,100
DA:79,100
DA:80,100
DA:81,100
DA:86,100
DA:87,100
DA:88,100
DA:89,100
DA:92,100
DA:97,100
DA:100,100
DA:101,100
DA:104,100
DA:106,100
DA:112,100
DA:113,68
DA:114,0
DA:115,0
DA:116,0
DA:118,0
DA:126,100
DA:127,136
DA:134,100
DA:135,68
DA:136,0
DA:137,0
DA:144,100
DA:145,68
DA:146,0
DA:147,0
DA:154,100
DA:155,68
DA:156,68
DA:157,68
DA:158,68
DA:160,68
DA:175,68
DA:178,208
DA:186,100
DA:187,272
DA:188,68
DA:189,68
DA:190,68
DA:191,68
DA:206,100
DA:207,0
DA:208,0
DA:209,0
DA:210,0
DA:211,0
DA:216,100
DA:218,100
DA:224,100
DA:225,50
DA:226,0
DA:227,0
DA:228,0
DA:229,0
DA:231,0
DA:233,50
DA:234,0
DA:235,0
DA:236,0
DA:247,100
DA:249,50
DA:250,17
DA:254,50
DA:255,50
DA:256,50
DA:257,50
DA:258,50
DA:259,50
DA:262,50
DA:263,50
DA:264,50
DA:265,50
DA:268,50
DA:269,50
DA:270,16
DA:271,34
DA:272,18
DA:275,50
DA:276,34
DA:279,34
DA:280,0
DA:281,0
DA:282,0
DA:284,0
DA:285,0
DA:286,0
DA:287,0
DA:289,0
DA:290,0
DA:297,0
DA:299,0
DA:302,0
DA:304,0
DA:310,50
DA:311,25
DA:312,17
DA:321,100
DA:322,50
DA:323,0
DA:324,0
DA:328,0
DA:329,0
DA:330,0
DA:333,0
DA:336,0
DA:339,0
DA:343,0
DA:344,0
DA:354,100
DA:355,0
DA:358,0
DA:359,0
DA:362,0
DA:363,0
DA:364,0
DA:366,0
DA:367,0
DA:369,0
DA:384,100
DA:385,0
DA:387,0
DA:389,0
DA:399,0
DA:400,0
DA:410,100
DA:411,0
DA:412,0
DA:422,100
DA:423,400
DA:424,400
DA:425,0
DA:427,400
DA:430,0
DA:431,0
DA:434,0
DA:435,0
DA:438,0
DA:446,100
DA:447,300
DA:455,100
DA:456,304
DA:458,144
DA:460,96
DA:462,64
DA:471,100
DA:472,100
DA:474,36
DA:476,32
DA:478,32
DA:491,100
DA:492,0
DA:494,0
DA:524,0
DA:552,100
DA:553,100
DA:559,100
DA:560,36
DA:562,36
DA:587,36
DA:612,0
DA:633,100
DA:634,68
DA:636,68
DA:657,272
DA:658,272
DA:660,272
DA:718,68
DA:735,100
DA:736,0
DA:747,100
DA:748,100
DA:749,32
DA:752,68
DA:753,36
DA:754,32
DA:755,32
DA:758,0
DA:761,100
DA:763,100
DA:819,0
DA:821,0
DA:822,0
DA:823,0
DA:824,0
DA:825,0
DA:827,0
DA:856,400
DA:859,0
LF:193
LH:113
BRDA:72,0,0,0
BRDA:74,1,0,0
BRDA:114,2,0,0
BRDA:114,2,1,0
BRDA:135,3,0,68
BRDA:135,3,1,0
BRDA:145,4,0,68
BRDA:145,4,1,0
BRDA:187,5,0,68
BRDA:187,5,1,68
BRDA:187,5,2,68
BRDA:187,5,3,68
BRDA:207,6,0,0
BRDA:207,6,1,0
BRDA:207,6,2,0
BRDA:207,6,3,0
BRDA:216,7,0,100
BRDA:216,7,1,0
BRDA:218,8,0,100
BRDA:218,8,1,100
BRDA:218,8,2,100
BRDA:218,8,3,100
BRDA:218,8,4,0
BRDA:218,8,5,0
BRDA:226,9,0,0
BRDA:226,9,1,0
BRDA:227,10,0,0
BRDA:227,10,1,0
BRDA:228,11,0,0
BRDA:228,11,1,0
BRDA:233,12,0,0
BRDA:233,12,1,50
BRDA:249,13,0,17
BRDA:249,13,1,33
BRDA:269,14,0,16
BRDA:269,14,1,34
BRDA:271,15,0,18
BRDA:271,15,1,16
BRDA:275,16,0,34
BRDA:275,16,1,16
BRDA:281,17,0,0
BRDA:281,17,1,0
BRDA:286,18,0,0
BRDA:286,18,1,0
BRDA:311,19,0,17
BRDA:311,19,1,8
BRDA:322,20,0,0
BRDA:322,20,1,50
BRDA:322,21,0,50
BRDA:322,21,1,34
BRDA:323,22,0,0
BRDA:323,22,1,0
BRDA:329,23,0,0
BRDA:329,23,1,0
BRDA:355,24,0,0
BRDA:355,24,1,0
BRDA:358,25,0,0
BRDA:358,25,1,0
BRDA:385,26,0,0
BRDA:385,26,1,0
BRDA:385,27,0,0
BRDA:385,27,1,0
BRDA:411,28,0,0
BRDA:411,28,1,0
BRDA:423,29,0,400
BRDA:423,29,1,0
BRDA:424,30,0,0
BRDA:424,30,1,400
BRDA:430,31,0,0
BRDA:430,31,1,0
BRDA:434,32,0,0
BRDA:434,32,1,0
BRDA:434,33,0,0
BRDA:434,33,1,0
BRDA:456,34,0,144
BRDA:456,34,1,96
BRDA:456,34,2,64
BRDA:472,35,0,36
BRDA:472,35,1,32
BRDA:472,35,2,32
BRDA:511,36,0,0
BRDA:511,36,1,0
BRDA:535,37,0,0
BRDA:535,37,1,0
BRDA:538,38,0,0
BRDA:538,38,1,0
BRDA:552,39,0,100
BRDA:552,39,1,0
BRDA:560,40,0,0
BRDA:560,40,1,36
BRDA:568,41,0,36
BRDA:568,41,1,36
BRDA:575,42,0,0
BRDA:575,42,1,36
BRDA:587,43,0,0
BRDA:587,43,1,36
BRDA:589,44,0,0
BRDA:589,44,1,36
BRDA:591,45,0,36
BRDA:591,45,1,0
BRDA:646,46,0,0
BRDA:646,46,1,68
BRDA:664,47,0,68
BRDA:664,47,1,204
BRDA:678,48,0,272
BRDA:678,48,1,68
BRDA:686,49,0,272
BRDA:686,49,1,272
BRDA:693,50,0,272
BRDA:693,50,1,272
BRDA:699,51,0,68
BRDA:699,51,1,204
BRDA:700,52,0,272
BRDA:700,52,1,272
BRDA:735,53,0,0
BRDA:735,53,1,100
BRDA:748,54,0,32
BRDA:748,54,1,68
BRDA:752,55,0,36
BRDA:752,55,1,32
BRDA:754,56,0,32
BRDA:754,56,1,0
BRDA:777,57,0,100
BRDA:777,57,1,68
BRDA:778,58,0,0
BRDA:778,58,1,68
BRDA:785,59,0,100
BRDA:785,59,1,34
BRDA:788,60,0,0
BRDA:788,60,1,34
BRDA:819,61,0,0
BRDA:819,61,1,0
BRDA:821,62,0,0
BRDA:821,62,1,0
BRDA:822,63,0,0
BRDA:822,63,1,0
BRDA:838,64,0,100
BRDA:838,64,1,100
BRDA:844,65,0,100
BRDA:844,65,1,100
BRDA:867,66,0,400
BRDA:867,66,1,0
BRDA:867,66,2,0
BRDA:870,67,0,400
BRDA:870,67,1,0
BRDA:870,67,2,0
BRDA:870,67,3,0
BRDA:879,68,0,100
BRDA:879,68,1,0
BRDA:879,68,2,0
BRDA:890,69,0,100
BRDA:890,69,1,0
BRDA:890,69,2,0
BRDA:901,70,0,100
BRDA:901,70,1,0
BRDA:901,70,2,0
BRDA:901,70,3,0
BRDA:927,71,0,100
BRDA:927,71,1,68
BRDA:929,72,0,36
BRDA:929,72,1,32
BRDA:939,73,0,100
BRDA:939,73,1,36
BRDA:946,74,0,100
BRDA:946,74,1,68
BRF:165
BRH:83
end_of_record
TN:
SF:src\components\quiz\QuizResults.js
FN:40,QuizResults
FN:57,(anonymous_1)
FN:61,(anonymous_2)
FN:65,(anonymous_3)
FN:67,(anonymous_4)
FN:96,(anonymous_5)
FN:98,(anonymous_6)
FN:110,(anonymous_7)
FN:114,(anonymous_8)
FN:120,(anonymous_9)
FN:127,(anonymous_10)
FN:164,(anonymous_11)
FN:173,(anonymous_12)
FN:185,(anonymous_13)
FN:199,(anonymous_14)
FN:298,(anonymous_15)
FN:309,(anonymous_16)
FN:427,(anonymous_17)
FN:48,QuizResults
FN:65,(anonymous_1)
FN:69,(anonymous_2)
FN:73,(anonymous_3)
FN:75,(anonymous_4)
FN:104,(anonymous_5)
FN:108,(anonymous_6)
FN:114,(anonymous_7)
FN:121,(anonymous_8)
FN:158,(anonymous_9)
FN:167,(anonymous_10)
FN:179,(anonymous_11)
FN:193,(anonymous_12)
FN:292,(anonymous_13)
FN:303,(anonymous_14)
FN:421,(anonymous_15)
FNF:34
FNH:0
FNDA:0,QuizResults
FNDA:0,(anonymous_1)
FNDA:0,(anonymous_2)
FNDA:0,(anonymous_3)
FNDA:0,(anonymous_4)
FNDA:0,(anonymous_5)
FNDA:0,(anonymous_6)
FNDA:0,(anonymous_7)
FNDA:0,(anonymous_8)
FNDA:0,(anonymous_9)
FNDA:0,(anonymous_10)
FNDA:0,(anonymous_11)
FNDA:0,(anonymous_12)
FNDA:0,(anonymous_13)
FNDA:0,(anonymous_14)
FNDA:0,(anonymous_15)
FNDA:0,(anonymous_16)
FNDA:0,(anonymous_17)
FNDA:0,QuizResults
FNDA:0,(anonymous_1)
FNDA:0,(anonymous_2)
FNDA:0,(anonymous_3)
FNDA:0,(anonymous_4)
FNDA:0,(anonymous_5)
FNDA:0,(anonymous_6)
FNDA:0,(anonymous_7)
FNDA:0,(anonymous_8)
FNDA:0,(anonymous_9)
FNDA:0,(anonymous_10)
FNDA:0,(anonymous_11)
FNDA:0,(anonymous_12)
FNDA:0,(anonymous_13)
FNDA:0,(anonymous_14)
FNDA:0,(anonymous_15)
DA:51,0
DA:52,0
DA:53,0
DA:57,0
DA:58,0
DA:59,0
DA:60,0
DA:61,0
DA:62,0
DA:65,0
DA:66,0
DA:67,0
DA:68,0
DA:69,0
DA:70,0
DA:73,0
DA:74,0
DA:75,0
DA:76,0
DA:77,0
DA:78,0
DA:81,0
DA:82,0
DA:85,0
DA:86,0
DA:88,0
DA:89,0
DA:90,0
DA:93,0
DA:94,0
DA:96,0
DA:97,0
DA:98,0
DA:99,0
DA:100,0
DA:101,0
DA:104,0
DA:105,0
DA:108,0
DA:109,0
DA:110,0
DA:111,0
DA:113,0
DA:114,0
DA:115,0
DA:116,0
DA:119,0
DA:120,0
DA:121,0
DA:122,0
DA:123,0
DA:124,0
DA:126,0
DA:127,0
DA:128,0
DA:129,0
DA:130,0
DA:131,0
DA:132,0
DA:133,0
DA:134,0
DA:136,0
DA:137,0
DA:138,0
DA:139,0
DA:140,0
DA:142,0
DA:143,0
DA:144,0
DA:148,0
DA:158,0
DA:159,0
DA:160,0
DA:161,0
DA:164,0
DA:165,0
DA:166,0
DA:167,0
DA:168,0
DA:169,0
DA:170,0
DA:171,0
DA:172,0
DA:173,0
DA:174,0
DA:175,0
DA:176,0
DA:177,0
DA:178,0
DA:179,0
DA:180,0
DA:182,0
DA:184,0
DA:185,0
DA:186,0
DA:188,0
DA:190,0
DA:192,0
DA:193,0
DA:194,0
DA:196,0
DA:198,0
DA:199,0
DA:200,0
DA:202,0
DA:204,0
DA:206,0
DA:210,0
DA:212,0
DA:292,0
DA:298,0
DA:304,0
DA:306,0
DA:307,0
DA:310,0
DA:312,0
DA:313,0
DA:422,0
DA:428,0
LF:119
LH:0
BRDA:57,0,0,0
BRDA:57,0,1,0
BRDA:61,1,0,0
BRDA:61,1,1,0
BRDA:61,2,0,0
BRDA:61,2,1,0
BRDA:66,3,0,0
BRDA:66,3,1,0
BRDA:68,4,0,0
BRDA:68,4,1,0
BRDA:68,5,0,0
BRDA:68,5,1,0
BRDA:69,6,0,0
BRDA:69,6,1,0
BRDA:99,7,0,0
BRDA:99,7,1,0
BRDA:111,8,0,0
BRDA:111,8,1,0
BRDA:111,9,0,0
BRDA:111,9,1,0
BRDA:126,10,0,0
BRDA:126,10,1,0
BRDA:127,11,0,0
BRDA:127,11,1,0
BRDA:129,12,0,0
BRDA:129,12,1,0
BRDA:137,13,0,0
BRDA:137,13,1,0
BRDA:144,14,0,0
BRDA:144,14,1,0
BRDA:165,15,0,0
BRDA:165,15,1,0
BRDA:166,16,0,0
BRDA:166,16,1,0
BRDA:174,17,0,0
BRDA:174,17,1,0
BRDA:175,18,0,0
BRDA:175,18,1,0
BRDA:176,19,0,0
BRDA:176,19,1,0
BRDA:177,20,0,0
BRDA:177,20,1,0
BRDA:178,21,0,0
BRDA:178,21,1,0
BRDA:186,22,0,0
BRDA:186,22,1,0
BRDA:186,22,2,0
BRDA:200,23,0,0
BRDA:200,23,1,0
BRDA:200,23,2,0
BRDA:226,24,0,0
BRDA:226,24,1,0
BRDA:226,24,2,0
BRDA:229,25,0,0
BRDA:229,25,1,0
BRDA:229,26,0,0
BRDA:229,26,1,0
BRDA:232,27,0,0
BRDA:232,27,1,0
BRDA:233,28,0,0
BRDA:233,28,1,0
BRDA:290,29,0,0
BRDA:290,29,1,0
BRDA:290,30,0,0
BRDA:290,30,1,0
BRDA:300,31,0,0
BRDA:300,31,1,0
BRDA:301,32,0,0
BRDA:301,32,1,0
BRDA:306,33,0,0
BRDA:306,33,1,0
BRDA:312,34,0,0
BRDA:312,34,1,0
BRDA:318,35,0,0
BRDA:318,35,1,0
BRDA:319,36,0,0
BRDA:319,36,1,0
BRDA:326,37,0,0
BRDA:326,37,1,0
BRDA:327,38,0,0
BRDA:327,38,1,0
BRDA:327,39,0,0
BRDA:327,39,1,0
BRDA:327,39,2,0
BRDA:335,40,0,0
BRDA:335,40,1,0
BRDA:335,41,0,0
BRDA:335,41,1,0
BRDA:342,42,0,0
BRDA:342,42,1,0
BRDA:342,43,0,0
BRDA:342,43,1,0
BRDA:343,44,0,0
BRDA:343,44,1,0
BRDA:345,45,0,0
BRDA:345,45,1,0
BRDA:399,46,0,0
BRDA:399,46,1,0
BRDA:402,47,0,0
BRDA:402,47,1,0
BRDA:402,48,0,0
BRDA:402,48,1,0
BRDA:417,49,0,0
BRDA:417,49,1,0
BRDA:417,49,2,0
BRDA:428,50,0,0
BRDA:428,50,1,0
BRDA:428,51,0,0
BRDA:428,51,1,0
BRDA:436,52,0,0
BRDA:436,52,1,0
BRDA:436,53,0,0
BRDA:436,53,1,0
BRDA:437,54,0,0
BRDA:437,54,1,0
BRDA:439,55,0,0
BRDA:439,55,1,0
BRDA:451,56,0,0
BRDA:451,56,1,0
BRDA:462,57,0,0
BRDA:462,57,1,0
BRDA:465,58,0,0
BRDA:465,58,1,0
BRDA:466,59,0,0
BRDA:466,59,1,0
BRDA:65,60,0,0
BRDA:65,60,1,0
BRDA:69,61,0,0
BRDA:69,61,1,0
BRDA:69,62,0,0
BRDA:69,62,1,0
BRDA:74,63,0,0
BRDA:74,63,1,0
BRDA:76,64,0,0
BRDA:76,64,1,0
BRDA:76,65,0,0
BRDA:76,65,1,0
BRDA:77,66,0,0
BRDA:77,66,1,0
BRDA:105,67,0,0
BRDA:105,67,1,0
BRDA:105,68,0,0
BRDA:105,68,1,0
BRDA:120,69,0,0
BRDA:120,69,1,0
BRDA:121,70,0,0
BRDA:121,70,1,0
BRDA:123,71,0,0
BRDA:123,71,1,0
BRDA:131,72,0,0
BRDA:131,72,1,0
BRDA:138,73,0,0
BRDA:138,73,1,0
BRDA:159,74,0,0
BRDA:159,74,1,0
BRDA:160,75,0,0
BRDA:160,75,1,0
BRDA:168,76,0,0
BRDA:168,76,1,0
BRDA:169,77,0,0
BRDA:169,77,1,0
BRDA:170,78,0,0
BRDA:170,78,1,0
BRDA:171,79,0,0
BRDA:171,79,1,0
BRDA:172,80,0,0
BRDA:172,80,1,0
BRDA:180,81,0,0
BRDA:180,81,1,0
BRDA:180,81,2,0
BRDA:194,82,0,0
BRDA:194,82,1,0
BRDA:194,82,2,0
BRDA:220,83,0,0
BRDA:220,83,1,0
BRDA:220,83,2,0
BRDA:223,84,0,0
BRDA:223,84,1,0
BRDA:223,85,0,0
BRDA:223,85,1,0
BRDA:226,86,0,0
BRDA:226,86,1,0
BRDA:227,87,0,0
BRDA:227,87,1,0
BRDA:284,88,0,0
BRDA:284,88,1,0
BRDA:284,89,0,0
BRDA:284,89,1,0
BRDA:294,90,0,0
BRDA:294,90,1,0
BRDA:295,91,0,0
BRDA:295,91,1,0
BRDA:300,92,0,0
BRDA:300,92,1,0
BRDA:306,93,0,0
BRDA:306,93,1,0
BRDA:312,94,0,0
BRDA:312,94,1,0
BRDA:313,95,0,0
BRDA:313,95,1,0
BRDA:320,96,0,0
BRDA:320,96,1,0
BRDA:321,97,0,0
BRDA:321,97,1,0
BRDA:321,98,0,0
BRDA:321,98,1,0
BRDA:321,98,2,0
BRDA:329,99,0,0
BRDA:329,99,1,0
BRDA:329,100,0,0
BRDA:329,100,1,0
BRDA:336,101,0,0
BRDA:336,101,1,0
BRDA:336,102,0,0
BRDA:336,102,1,0
BRDA:337,103,0,0
BRDA:337,103,1,0
BRDA:339,104,0,0
BRDA:339,104,1,0
BRDA:393,105,0,0
BRDA:393,105,1,0
BRDA:396,106,0,0
BRDA:396,106,1,0
BRDA:396,107,0,0
BRDA:396,107,1,0
BRDA:411,108,0,0
BRDA:411,108,1,0
BRDA:411,108,2,0
BRDA:422,109,0,0
BRDA:422,109,1,0
BRDA:422,110,0,0
BRDA:422,110,1,0
BRDA:430,111,0,0
BRDA:430,111,1,0
BRDA:430,112,0,0
BRDA:430,112,1,0
BRDA:431,113,0,0
BRDA:431,113,1,0
BRDA:433,114,0,0
BRDA:433,114,1,0
BRDA:445,115,0,0
BRDA:445,115,1,0
BRDA:456,116,0,0
BRDA:456,116,1,0
BRDA:459,117,0,0
BRDA:459,117,1,0
BRDA:460,118,0,0
BRDA:460,118,1,0
BRF:248
BRH:0
end_of_record
TN:
SF:src\components\user\UserProfile.js
FN:30,UserProfile
FN:47,(anonymous_1)
FN:49,(anonymous_2)
FN:61,(anonymous_3)
FN:68,(anonymous_4)
FN:76,(anonymous_5)
FN:117,(anonymous_6)
FN:141,(anonymous_7)
FN:150,(anonymous_8)
FN:159,(anonymous_9)
FN:177,(anonymous_10)
FN:39,UserProfile
FN:56,(anonymous_1)
FN:58,(anonymous_2)
FN:70,(anonymous_3)
FN:77,(anonymous_4)
FN:85,(anonymous_5)
FN:126,(anonymous_6)
FN:150,(anonymous_7)
FN:159,(anonymous_8)
FN:168,(anonymous_9)
FN:186,(anonymous_10)
FNF:22
FNH:0
FNDA:0,UserProfile
FNDA:0,(anonymous_1)
FNDA:0,(anonymous_2)
FNDA:0,(anonymous_3)
FNDA:0,(anonymous_4)
FNDA:0,(anonymous_5)
FNDA:0,(anonymous_6)
FNDA:0,(anonymous_7)
FNDA:0,(anonymous_8)
FNDA:0,(anonymous_9)
FNDA:0,(anonymous_10)
FNDA:0,UserProfile
FNDA:0,(anonymous_1)
FNDA:0,(anonymous_2)
FNDA:0,(anonymous_3)
FNDA:0,(anonymous_4)
FNDA:0,(anonymous_5)
FNDA:0,(anonymous_6)
FNDA:0,(anonymous_7)
FNDA:0,(anonymous_8)
FNDA:0,(anonymous_9)
FNDA:0,(anonymous_10)
DA:31,0
DA:40,0
DA:41,0
DA:47,0
DA:49,0
DA:50,0
DA:51,0
DA:56,0
DA:58,0
DA:60,0
DA:61,0
DA:62,0
DA:68,0
DA:70,0
DA:71,0
DA:76,0
DA:77,0
DA:78,0
DA:79,0
DA:82,0
DA:85,0
DA:86,0
DA:87,0
DA:91,0
DA:117,0
DA:126,0
DA:141,0
DA:150,0
DA:159,0
DA:161,0
DA:162,0
DA:163,0
DA:170,0
DA:171,0
DA:172,0
DA:178,0
DA:179,0
DA:187,0
DA:188,0
LF:39
LH:0
BRDA:57,0,0,0
BRDA:57,0,1,0
BRDA:77,1,0,0
BRDA:77,1,1,0
BRDA:95,2,0,0
BRDA:95,2,1,0
BRDA:162,3,0,0
BRDA:162,3,1,0
BRDA:66,4,0,0
BRDA:66,4,1,0
BRDA:86,5,0,0
BRDA:86,5,1,0
BRDA:104,6,0,0
BRDA:104,6,1,0
BRDA:171,7,0,0
BRDA:171,7,1,0
BRF:16
BRH:0
end_of_record
TN:
SF:src\data\dataManager.js
FN:20,(anonymous_0)
FN:28,(anonymous_1)
FN:54,(anonymous_2)
FN:58,(anonymous_3)
FN:84,(anonymous_4)
FN:89,(anonymous_5)
FN:91,(anonymous_6)
FN:124,(anonymous_7)
FN:128,(anonymous_8)
FN:141,(anonymous_9)
FN:142,(anonymous_10)
FN:158,(anonymous_11)
FN:162,(anonymous_12)
FN:163,(anonymous_13)
FN:180,(anonymous_14)
FN:194,(anonymous_15)
FN:209,(anonymous_16)
FN:211,(anonymous_17)
FN:225,(anonymous_18)
FN:228,(anonymous_19)
FN:232,(anonymous_20)
FN:252,(anonymous_21)
FN:288,(anonymous_22)
FN:295,(anonymous_23)
FN:295,(anonymous_24)
FN:311,(anonymous_25)
FN:317,(anonymous_26)
FN:318,(anonymous_27)
FN:337,(anonymous_28)
FN:341,(anonymous_29)
FN:359,(anonymous_30)
FN:363,(anonymous_31)
FN:364,(anonymous_32)
FN:380,(anonymous_33)
FN:383,(anonymous_34)
FN:386,(anonymous_35)
FN:409,(anonymous_36)
FN:411,(anonymous_37)
FN:416,(anonymous_38)
FN:440,(anonymous_39)
FN:442,(anonymous_40)
FN:448,(anonymous_41)
FN:462,(anonymous_42)
FN:467,(anonymous_43)
FN:471,(anonymous_44)
FN:487,(anonymous_45)
FN:489,(anonymous_46)
FN:498,(anonymous_47)
FN:507,(anonymous_48)
FN:516,(anonymous_49)
FN:527,(anonymous_50)
FN:544,(anonymous_51)
FN:559,(anonymous_52)
FN:579,(anonymous_53)
FN:584,(anonymous_54)
FN:597,(anonymous_55)
FN:610,(anonymous_56)
FN:621,(anonymous_57)
FN:631,(anonymous_58)
FN:652,(anonymous_59)
FN:664,(anonymous_60)
FN:686,(anonymous_61)
FN:703,(anonymous_62)
FN:732,(anonymous_63)
FN:734,(anonymous_64)
FN:742,(anonymous_65)
FN:752,(anonymous_66)
FN:21,(anonymous_0)
FN:35,(anonymous_1)
FN:72,(anonymous_2)
FN:76,(anonymous_3)
FN:113,(anonymous_4)
FN:118,(anonymous_5)
FN:120,(anonymous_6)
FN:165,(anonymous_7)
FN:169,(anonymous_8)
FN:195,(anonymous_9)
FN:196,(anonymous_10)
FN:224,(anonymous_11)
FN:228,(anonymous_12)
FN:229,(anonymous_13)
FN:248,(anonymous_14)
FN:264,(anonymous_15)
FN:281,(anonymous_16)
FN:283,(anonymous_17)
FN:299,(anonymous_18)
FN:302,(anonymous_19)
FN:306,(anonymous_20)
FN:328,(anonymous_21)
FN:366,(anonymous_22)
FN:373,(anonymous_23)
FN:373,(anonymous_24)
FN:400,(anonymous_25)
FN:406,(anonymous_26)
FN:407,(anonymous_27)
FN:437,(anonymous_28)
FN:441,(anonymous_29)
FN:461,(anonymous_30)
FN:465,(anonymous_31)
FN:466,(anonymous_32)
FN:484,(anonymous_33)
FN:487,(anonymous_34)
FN:490,(anonymous_35)
FN:515,(anonymous_36)
FN:517,(anonymous_37)
FN:522,(anonymous_38)
FN:548,(anonymous_39)
FN:550,(anonymous_40)
FN:556,(anonymous_41)
FN:572,(anonymous_42)
FN:577,(anonymous_43)
FN:581,(anonymous_44)
FN:599,(anonymous_45)
FN:601,(anonymous_46)
FN:621,(anonymous_47)
FN:641,(anonymous_48)
FN:662,(anonymous_49)
FN:688,(anonymous_50)
FN:708,(anonymous_51)
FN:725,(anonymous_52)
FN:747,(anonymous_53)
FN:752,(anonymous_54)
FN:767,(anonymous_55)
FN:782,(anonymous_56)
FN:795,(anonymous_57)
FN:807,(anonymous_58)
FN:831,(anonymous_59)
FN:846,(anonymous_60)
FN:870,(anonymous_61)
FN:889,(anonymous_62)
FN:920,(anonymous_63)
FN:922,(anonymous_64)
FN:932,(anonymous_65)
FN:944,(anonymous_66)
FNF:134
FNH:51
FNDA:36,(anonymous_0)
FNDA:36,(anonymous_1)
FNDA:36,(anonymous_2)
FNDA:216,(anonymous_3)
FNDA:36,(anonymous_4)
FNDA:221,(anonymous_5)
FNDA:3096,(anonymous_6)
FNDA:3526,(anonymous_7)
FNDA:49966,(anonymous_8)
FNDA:3096,(anonymous_9)
FNDA:10409,(anonymous_10)
FNDA:36,(anonymous_11)
FNDA:216,(anonymous_12)
FNDA:18576,(anonymous_13)
FNDA:406,(anonymous_14)
FNDA:326,(anonymous_15)
FNDA:0,(anonymous_16)
FNDA:0,(anonymous_17)
FNDA:5,(anonymous_18)
FNDA:5,(anonymous_19)
FNDA:5,(anonymous_20)
FNDA:0,(anonymous_21)
FNDA:0,(anonymous_22)
FNDA:0,(anonymous_23)
FNDA:0,(anonymous_24)
FNDA:66,(anonymous_25)
FNDA:5676,(anonymous_26)
FNDA:19074,(anonymous_27)
FNDA:44,(anonymous_28)
FNDA:264,(anonymous_29)
FNDA:0,(anonymous_30)
FNDA:0,(anonymous_31)
FNDA:0,(anonymous_32)
FNDA:0,(anonymous_33)
FNDA:0,(anonymous_34)
FNDA:0,(anonymous_35)
FNDA:774,(anonymous_36)
FNDA:774,(anonymous_37)
FNDA:774,(anonymous_38)
FNDA:0,(anonymous_39)
FNDA:36,(anonymous_40)
FNDA:0,(anonymous_41)
FNDA:0,(anonymous_42)
FNDA:0,(anonymous_43)
FNDA:0,(anonymous_44)
FNDA:0,(anonymous_45)
FNDA:0,(anonymous_46)
FNDA:0,(anonymous_47)
FNDA:0,(anonymous_48)
FNDA:0,(anonymous_49)
FNDA:0,(anonymous_50)
FNDA:0,(anonymous_51)
FNDA:0,(anonymous_52)
FNDA:0,(anonymous_53)
FNDA:0,(anonymous_54)
FNDA:0,(anonymous_55)
FNDA:0,(anonymous_56)
FNDA:0,(anonymous_57)
FNDA:0,(anonymous_58)
FNDA:42,(anonymous_59)
FNDA:0,(anonymous_60)
FNDA:0,(anonymous_61)
FNDA:0,(anonymous_62)
FNDA:0,(anonymous_63)
FNDA:0,(anonymous_64)
FNDA:0,(anonymous_65)
FNDA:0,(anonymous_66)
FNDA:5,(anonymous_0)
FNDA:5,(anonymous_1)
FNDA:5,(anonymous_2)
FNDA:30,(anonymous_3)
FNDA:5,(anonymous_4)
FNDA:66,(anonymous_5)
FNDA:430,(anonymous_6)
FNDA:430,(anonymous_7)
FNDA:6880,(anonymous_8)
FNDA:430,(anonymous_9)
FNDA:1445,(anonymous_10)
FNDA:5,(anonymous_11)
FNDA:30,(anonymous_12)
FNDA:2580,(anonymous_13)
FNDA:56,(anonymous_14)
FNDA:45,(anonymous_15)
FNDA:0,(anonymous_16)
FNDA:0,(anonymous_17)
FNDA:0,(anonymous_18)
FNDA:0,(anonymous_19)
FNDA:0,(anonymous_20)
FNDA:0,(anonymous_21)
FNDA:0,(anonymous_22)
FNDA:0,(anonymous_23)
FNDA:0,(anonymous_24)
FNDA:9,(anonymous_25)
FNDA:774,(anonymous_26)
FNDA:2601,(anonymous_27)
FNDA:6,(anonymous_28)
FNDA:36,(anonymous_29)
FNDA:0,(anonymous_30)
FNDA:0,(anonymous_31)
FNDA:0,(anonymous_32)
FNDA:0,(anonymous_33)
FNDA:0,(anonymous_34)
FNDA:0,(anonymous_35)
FNDA:0,(anonymous_36)
FNDA:0,(anonymous_37)
FNDA:0,(anonymous_38)
FNDA:0,(anonymous_39)
FNDA:0,(anonymous_40)
FNDA:0,(anonymous_41)
FNDA:0,(anonymous_42)
FNDA:0,(anonymous_43)
FNDA:0,(anonymous_44)
FNDA:0,(anonymous_45)
FNDA:0,(anonymous_46)
FNDA:0,(anonymous_47)
FNDA:0,(anonymous_48)
FNDA:0,(anonymous_49)
FNDA:0,(anonymous_50)
FNDA:0,(anonymous_51)
FNDA:0,(anonymous_52)
FNDA:0,(anonymous_53)
FNDA:0,(anonymous_54)
FNDA:0,(anonymous_55)
FNDA:0,(anonymous_56)
FNDA:0,(anonymous_57)
FNDA:0,(anonymous_58)
FNDA:6,(anonymous_59)
FNDA:0,(anonymous_60)
FNDA:0,(anonymous_61)
FNDA:0,(anonymous_62)
FNDA:0,(anonymous_63)
FNDA:0,(anonymous_64)
FNDA:0,(anonymous_65)
FNDA:0,(anonymous_66)
DA:21,36
DA:22,5
DA:29,36
DA:30,36
DA:33,36
DA:34,36
DA:35,36
DA:36,5
DA:37,5
DA:38,36
DA:39,36
DA:40,41
DA:41,5
DA:42,5
DA:44,36
DA:45,41
DA:46,41
DA:47,41
DA:51,5
DA:52,5
DA:53,5
DA:54,5
DA:55,36
DA:56,36
DA:58,216
DA:71,36
DA:72,36
DA:73,41
DA:74,41
DA:75,5
DA:76,30
DA:85,36
DA:86,41
DA:88,41
DA:89,221
DA:90,41
DA:91,41
DA:92,3101
DA:93,3096
DA:94,3096
DA:109,36
DA:110,36
DA:113,36
DA:114,41
DA:115,41
DA:116,5
DA:117,41
DA:118,30
DA:120,5
DA:121,430
DA:122,430
DA:125,3526
DA:126,3526
DA:128,3526
DA:129,49966
DA:130,718
DA:134,3526
DA:138,5
DA:139,5
DA:142,3101
DA:143,10409
DA:145,0
DA:146,3096
DA:147,3096
DA:148,3096
DA:151,0
DA:152,0
DA:159,36
DA:160,36
DA:162,36
DA:163,18576
DA:164,216
DA:166,430
DA:167,466
DA:168,36
DA:169,430
DA:170,6880
DA:171,40
DA:175,430
DA:181,406
DA:182,406
DA:195,326
DA:196,430
DA:197,1445
DA:200,430
DA:201,430
DA:202,430
DA:205,0
DA:206,0
DA:210,0
DA:211,0
DA:225,5
DA:226,5
DA:227,0
DA:228,5
DA:229,2580
DA:230,30
DA:232,0
DA:233,5
DA:234,5
DA:249,56
DA:250,56
DA:253,0
DA:254,0
DA:261,0
DA:262,0
DA:264,0
DA:265,45
DA:266,45
DA:282,0
DA:283,0
DA:289,0
DA:290,0
DA:295,0
DA:298,0
DA:299,0
DA:300,0
DA:301,0
DA:302,0
DA:304,0
DA:306,0
DA:312,66
DA:313,66
DA:315,66
DA:317,66
DA:318,19074
DA:319,5676
DA:328,5676
DA:329,5676
DA:330,0
DA:337,0
DA:338,44
DA:339,44
DA:340,0
DA:341,264
DA:360,0
DA:361,0
DA:363,0
DA:364,0
DA:366,0
DA:367,0
DA:368,0
DA:373,0
DA:376,0
DA:377,0
DA:380,0
DA:381,0
DA:382,0
DA:383,0
DA:384,0
DA:386,0
DA:387,0
DA:388,0
DA:401,9
DA:402,9
DA:404,9
DA:406,9
DA:407,2601
DA:408,774
DA:410,774
DA:411,774
DA:412,774
DA:415,774
DA:416,9
DA:417,774
DA:418,774
DA:438,6
DA:439,6
DA:441,36
DA:442,6
DA:443,6
DA:446,6
DA:447,0
DA:448,0
DA:462,0
DA:463,0
DA:464,0
DA:465,0
DA:466,0
DA:467,0
DA:468,0
DA:471,0
DA:472,0
DA:474,0
DA:485,0
DA:487,0
DA:488,0
DA:489,0
DA:490,0
DA:491,0
DA:492,0
DA:499,0
DA:500,0
DA:501,0
DA:508,0
DA:509,0
DA:510,0
DA:516,0
DA:517,0
DA:518,0
DA:521,0
DA:522,0
DA:528,0
DA:529,0
DA:531,0
DA:532,0
DA:534,0
DA:545,0
DA:546,0
DA:547,0
DA:548,0
DA:549,0
DA:550,0
DA:551,0
DA:554,0
DA:555,0
DA:556,0
DA:560,0
DA:561,0
DA:563,0
DA:569,0
DA:570,0
DA:573,0
DA:574,0
DA:577,0
DA:578,0
DA:580,0
DA:581,0
DA:582,0
DA:584,0
DA:585,0
DA:586,0
DA:587,0
DA:598,0
DA:599,0
DA:600,0
DA:601,0
DA:602,0
DA:603,0
DA:604,0
DA:611,0
DA:622,0
DA:623,0
DA:624,0
DA:632,0
DA:642,0
DA:643,0
DA:644,0
DA:653,42
DA:654,42
DA:663,0
DA:665,0
DA:666,0
DA:667,0
DA:668,0
DA:670,0
DA:671,0
DA:687,0
DA:689,0
DA:690,0
DA:692,0
DA:693,0
DA:695,0
DA:704,0
DA:709,0
DA:710,0
DA:711,0
DA:712,0
DA:726,0
DA:727,0
DA:729,0
DA:733,0
DA:734,0
DA:735,0
DA:736,0
DA:743,0
DA:744,0
DA:748,0
DA:749,0
DA:750,0
DA:752,0
DA:753,0
DA:754,0
DA:755,0
DA:758,36
DA:768,0
DA:769,0
DA:770,0
DA:783,0
DA:796,0
DA:808,0
DA:832,6
DA:833,6
DA:847,0
DA:848,0
DA:849,0
DA:850,0
DA:852,0
DA:853,0
DA:871,0
DA:873,0
DA:879,0
DA:890,0
DA:921,0
DA:922,0
DA:933,0
DA:934,0
DA:945,0
DA:950,5
LF:309
LH:131
BRDA:33,0,0,36
BRDA:33,0,1,0
BRDA:33,1,0,36
BRDA:33,1,1,0
BRDA:33,2,0,0
BRDA:33,2,1,0
BRDA:38,3,0,36
BRDA:38,3,1,0
BRDA:38,4,0,36
BRDA:38,4,1,0
BRDA:38,5,0,0
BRDA:38,5,1,0
BRDA:62,6,0,216
BRDA:62,6,1,0
BRDA:100,7,0,3096
BRDA:100,7,1,0
BRDA:129,8,0,288
BRDA:129,8,1,49248
BRDA:146,9,0,3096
BRDA:146,9,1,0
BRDA:152,10,0,0
BRDA:152,10,1,0
BRDA:182,11,0,406
BRDA:182,11,1,0
BRDA:196,12,0,326
BRDA:196,12,1,0
BRDA:230,13,0,0
BRDA:230,13,1,0
BRDA:255,14,0,0
BRDA:255,14,1,0
BRDA:291,15,0,0
BRDA:291,15,1,0
BRDA:294,16,0,0
BRDA:294,16,1,0
BRDA:295,17,0,0
BRDA:295,17,1,0
BRDA:324,18,0,5676
BRDA:324,18,1,0
BRDA:380,19,0,0
BRDA:384,20,0,0
BRDA:384,20,1,0
BRDA:384,20,2,0
BRDA:387,21,0,0
BRDA:387,21,1,0
BRDA:388,22,0,0
BRDA:388,22,1,0
BRDA:412,23,0,0
BRDA:412,23,1,0
BRDA:443,24,0,0
BRDA:443,24,1,0
BRDA:528,25,0,0
BRDA:528,25,1,0
BRDA:531,26,0,0
BRDA:531,26,1,0
BRDA:546,27,0,0
BRDA:546,27,1,0
BRDA:548,28,0,0
BRDA:548,28,1,0
BRDA:559,29,0,0
BRDA:561,30,0,0
BRDA:561,30,1,0
BRDA:582,31,0,0
BRDA:582,31,1,0
BRDA:586,32,0,0
BRDA:586,32,1,0
BRDA:599,33,0,0
BRDA:599,33,1,0
BRDA:600,34,0,0
BRDA:600,34,1,0
BRDA:610,35,0,0
BRDA:621,36,0,0
BRDA:654,37,0,42
BRDA:654,37,1,42
BRDA:666,38,0,0
BRDA:666,38,1,0
BRDA:695,39,0,0
BRDA:695,39,1,0
BRDA:734,40,0,0
BRDA:734,40,1,0
BRDA:744,41,0,0
BRDA:744,41,1,0
BRDA:40,42,0,5
BRDA:40,42,1,0
BRDA:40,43,0,41
BRDA:40,43,1,0
BRDA:40,44,0,36
BRDA:40,44,1,0
BRDA:45,45,0,5
BRDA:45,45,1,0
BRDA:45,46,0,5
BRDA:45,46,1,0
BRDA:45,47,0,0
BRDA:45,47,1,0
BRDA:80,48,0,30
BRDA:80,48,1,0
BRDA:129,49,0,718
BRDA:129,49,1,49248
BRDA:170,50,0,40
BRDA:170,50,1,6840
BRDA:200,51,0,430
BRDA:200,51,1,0
BRDA:206,52,0,0
BRDA:206,52,1,0
BRDA:250,53,0,56
BRDA:250,53,1,0
BRDA:266,54,0,45
BRDA:266,54,1,0
BRDA:304,55,0,0
BRDA:304,55,1,0
BRDA:331,56,0,0
BRDA:331,56,1,0
BRDA:369,57,0,0
BRDA:369,57,1,0
BRDA:372,58,0,0
BRDA:372,58,1,0
BRDA:373,59,0,0
BRDA:373,59,1,0
BRDA:413,60,0,774
BRDA:413,60,1,0
BRDA:484,61,0,0
BRDA:488,62,0,0
BRDA:488,62,1,0
BRDA:488,62,2,0
BRDA:491,63,0,0
BRDA:491,63,1,0
BRDA:492,64,0,0
BRDA:492,64,1,0
BRDA:518,65,0,0
BRDA:518,65,1,0
BRDA:551,66,0,0
BRDA:551,66,1,0
BRDA:689,67,0,0
BRDA:689,67,1,0
BRDA:692,68,0,0
BRDA:692,68,1,0
BRDA:710,69,0,0
BRDA:710,69,1,0
BRDA:712,70,0,0
BRDA:712,70,1,0
BRDA:725,71,0,0
BRDA:727,72,0,0
BRDA:727,72,1,0
BRDA:750,73,0,0
BRDA:750,73,1,0
BRDA:754,74,0,0
BRDA:754,74,1,0
BRDA:769,75,0,0
BRDA:769,75,1,0
BRDA:770,76,0,0
BRDA:770,76,1,0
BRDA:782,77,0,0
BRDA:795,78,0,0
BRDA:833,79,0,6
BRDA:833,79,1,6
BRDA:848,80,0,0
BRDA:848,80,1,0
BRDA:879,81,0,0
BRDA:879,81,1,0
BRDA:922,82,0,0
BRDA:922,82,1,0
BRDA:934,83,0,0
BRDA:934,83,1,0
BRF:162
BRH:30
end_of_record
TN:
SF:src\data\mockData.js
FN:1690,(anonymous_0)
FN:1691,(anonymous_1)
FN:1693,(anonymous_2)
FN:1697,(anonymous_3)
FN:1698,(anonymous_4)
FN:1701,(anonymous_5)
FN:1702,(anonymous_6)
FN:1705,(anonymous_7)
FN:1706,(anonymous_8)
FN:1734,(anonymous_0)
FN:1735,(anonymous_1)
FN:1737,(anonymous_2)
FN:1755,(anonymous_3)
FN:1756,(anonymous_4)
FN:1773,(anonymous_5)
FN:1774,(anonymous_6)
FN:1791,(anonymous_7)
FN:1792,(anonymous_8)
FNF:18
FNH:0
FNDA:0,(anonymous_0)
FNDA:0,(anonymous_1)
FNDA:0,(anonymous_2)
FNDA:0,(anonymous_3)
FNDA:0,(anonymous_4)
FNDA:0,(anonymous_5)
FNDA:0,(anonymous_6)
FNDA:0,(anonymous_7)
FNDA:0,(anonymous_8)
FNDA:0,(anonymous_0)
FNDA:0,(anonymous_1)
FNDA:0,(anonymous_2)
FNDA:0,(anonymous_3)
FNDA:0,(anonymous_4)
FNDA:0,(anonymous_5)
FNDA:0,(anonymous_6)
FNDA:0,(anonymous_7)
FNDA:0,(anonymous_8)
DA:21,36
DA:35,5
DA:96,36
DA:127,5
DA:1690,41
DA:1691,5
DA:1693,5
DA:1697,41
DA:1698,5
DA:1701,41
DA:1702,5
DA:1705,41
DA:1706,5
DA:1734,5
DA:1735,0
DA:1737,0
DA:1755,5
DA:1756,0
DA:1773,5
DA:1774,0
DA:1791,5
DA:1792,0
LF:22
LH:17
BRF:0
BRH:0
end_of_record
TN:
SF:src\services\SimulatedPlayersService.js
FN:105,(anonymous_0)
FN:119,(anonymous_1)
FN:124,(anonymous_2)
FN:125,(anonymous_3)
FN:135,(anonymous_4)
FN:146,(anonymous_5)
FN:165,(anonymous_6)
FN:174,(anonymous_7)
FN:233,(anonymous_8)
FN:247,(anonymous_9)
FN:258,(anonymous_10)
FN:265,(anonymous_11)
FN:280,(anonymous_12)
FN:282,(anonymous_13)
FN:284,(anonymous_14)
FN:285,(anonymous_15)
FN:323,(anonymous_16)
FN:326,(anonymous_17)
FN:327,(anonymous_18)
FN:348,(anonymous_19)
FN:357,(anonymous_20)
FN:374,(anonymous_21)
FN:376,(anonymous_22)
FN:378,(anonymous_23)
FN:379,(anonymous_24)
FN:430,(anonymous_25)
FN:442,(anonymous_26)
FN:443,(anonymous_27)
FN:461,(anonymous_28)
FN:462,(anonymous_29)
FN:106,(anonymous_0)
FN:129,(anonymous_1)
FN:134,(anonymous_2)
FN:135,(anonymous_3)
FN:145,(anonymous_4)
FN:165,(anonymous_5)
FN:194,(anonymous_6)
FN:203,(anonymous_7)
FN:270,(anonymous_8)
FN:293,(anonymous_9)
FN:304,(anonymous_10)
FN:311,(anonymous_11)
FN:335,(anonymous_12)
FN:337,(anonymous_13)
FN:339,(anonymous_14)
FN:340,(anonymous_15)
FN:387,(anonymous_16)
FN:390,(anonymous_17)
FN:391,(anonymous_18)
FN:412,(anonymous_19)
FN:429,(anonymous_20)
FN:455,(anonymous_21)
FN:457,(anonymous_22)
FN:459,(anonymous_23)
FN:460,(anonymous_24)
FN:519,(anonymous_25)
FN:539,(anonymous_26)
FN:540,(anonymous_27)
FN:566,(anonymous_28)
FN:567,(anonymous_29)
FNF:60
FNH:10
FNDA:36,(anonymous_0)
FNDA:15,(anonymous_1)
FNDA:97,(anonymous_2)
FNDA:45,(anonymous_3)
FNDA:51,(anonymous_4)
FNDA:0,(anonymous_5)
FNDA:0,(anonymous_6)
FNDA:0,(anonymous_7)
FNDA:0,(anonymous_8)
FNDA:0,(anonymous_9)
FNDA:0,(anonymous_10)
FNDA:0,(anonymous_11)
FNDA:0,(anonymous_12)
FNDA:0,(anonymous_13)
FNDA:0,(anonymous_14)
FNDA:0,(anonymous_15)
FNDA:0,(anonymous_16)
FNDA:0,(anonymous_17)
FNDA:0,(anonymous_18)
FNDA:0,(anonymous_19)
FNDA:0,(anonymous_20)
FNDA:0,(anonymous_21)
FNDA:0,(anonymous_22)
FNDA:0,(anonymous_23)
FNDA:0,(anonymous_24)
FNDA:0,(anonymous_25)
FNDA:0,(anonymous_26)
FNDA:0,(anonymous_27)
FNDA:0,(anonymous_28)
FNDA:0,(anonymous_29)
FNDA:5,(anonymous_0)
FNDA:2,(anonymous_1)
FNDA:30,(anonymous_2)
FNDA:6,(anonymous_3)
FNDA:6,(anonymous_4)
FNDA:0,(anonymous_5)
FNDA:0,(anonymous_6)
FNDA:0,(anonymous_7)
FNDA:0,(anonymous_8)
FNDA:0,(anonymous_9)
FNDA:0,(anonymous_10)
FNDA:0,(anonymous_11)
FNDA:0,(anonymous_12)
FNDA:0,(anonymous_13)
FNDA:0,(anonymous_14)
FNDA:0,(anonymous_15)
FNDA:0,(anonymous_16)
FNDA:0,(anonymous_17)
FNDA:0,(anonymous_18)
FNDA:0,(anonymous_19)
FNDA:0,(anonymous_20)
FNDA:0,(anonymous_21)
FNDA:0,(anonymous_22)
FNDA:0,(anonymous_23)
FNDA:0,(anonymous_24)
FNDA:0,(anonymous_25)
FNDA:0,(anonymous_26)
FNDA:0,(anonymous_27)
FNDA:0,(anonymous_28)
FNDA:0,(anonymous_29)
DA:10,5
DA:27,36
DA:106,36
DA:107,41
DA:108,41
DA:109,5
DA:120,15
DA:121,15
DA:124,97
DA:125,45
DA:130,17
DA:131,17
DA:134,15
DA:135,51
DA:136,17
DA:145,6
DA:146,2
DA:147,0
DA:149,0
DA:150,0
DA:151,0
DA:154,0
DA:166,0
DA:167,0
DA:168,0
DA:169,0
DA:170,0
DA:171,0
DA:173,0
DA:174,0
DA:177,0
DA:180,0
DA:181,0
DA:183,0
DA:184,0
DA:188,0
DA:189,0
DA:190,0
DA:191,0
DA:195,0
DA:196,0
DA:198,0
DA:199,0
DA:200,0
DA:203,0
DA:204,0
DA:205,0
DA:206,0
DA:208,0
DA:209,0
DA:210,0
DA:211,0
DA:212,0
DA:213,0
DA:215,0
DA:217,0
DA:218,0
DA:219,0
DA:220,0
DA:224,0
DA:227,0
DA:228,0
DA:233,0
DA:234,0
DA:235,0
DA:236,0
DA:237,0
DA:238,0
DA:240,0
DA:241,0
DA:244,0
DA:248,0
DA:258,0
DA:265,0
DA:266,0
DA:267,0
DA:269,0
DA:272,0
DA:273,0
DA:275,0
DA:281,0
DA:282,0
DA:284,0
DA:285,0
DA:287,0
DA:290,0
DA:294,0
DA:304,0
DA:311,0
DA:312,0
DA:313,0
DA:314,0
DA:315,0
DA:324,0
DA:326,0
DA:327,0
DA:328,0
DA:329,0
DA:336,0
DA:337,0
DA:339,0
DA:340,0
DA:342,0
DA:345,0
DA:348,0
DA:349,0
DA:358,0
DA:359,0
DA:360,0
DA:362,0
DA:363,0
DA:364,0
DA:365,0
DA:369,0
DA:375,0
DA:376,0
DA:378,0
DA:379,0
DA:381,0
DA:382,0
DA:388,0
DA:390,0
DA:391,0
DA:392,0
DA:393,0
DA:401,0
DA:402,0
DA:403,0
DA:404,0
DA:406,0
DA:409,0
DA:410,0
DA:412,0
DA:422,0
DA:430,0
DA:431,0
DA:432,0
DA:433,0
DA:434,0
DA:435,0
DA:436,0
DA:437,0
DA:443,0
DA:456,0
DA:457,0
DA:459,0
DA:460,0
DA:462,0
DA:463,0
DA:475,36
DA:482,0
DA:483,0
DA:484,0
DA:485,0
DA:487,0
DA:490,0
DA:491,0
DA:493,0
DA:503,0
DA:520,0
DA:521,0
DA:522,0
DA:523,0
DA:540,0
DA:567,0
DA:580,5
LF:166
LH:19
BRDA:119,0,0,0
BRDA:167,1,0,0
BRDA:167,1,1,0
BRDA:180,2,0,0
BRDA:180,2,1,0
BRDA:180,3,0,0
BRDA:180,3,1,0
BRDA:183,4,0,0
BRDA:183,4,1,0
BRDA:183,5,0,0
BRDA:183,5,1,0
BRDA:188,6,0,0
BRDA:188,6,1,0
BRDA:190,7,0,0
BRDA:190,7,1,0
BRDA:199,8,0,0
BRDA:199,8,1,0
BRDA:208,9,0,0
BRDA:208,9,1,0
BRDA:252,10,0,0
BRDA:252,10,1,0
BRDA:253,11,0,0
BRDA:253,11,1,0
BRDA:254,12,0,0
BRDA:254,12,1,0
BRDA:266,13,0,0
BRDA:266,13,1,0
BRDA:287,14,0,0
BRDA:287,14,1,0
BRDA:287,15,0,0
BRDA:287,15,1,0
BRDA:290,16,0,0
BRDA:290,16,1,0
BRDA:290,17,0,0
BRDA:290,17,1,0
BRDA:290,17,2,0
BRDA:294,18,0,0
BRDA:294,18,1,0
BRDA:328,19,0,0
BRDA:328,19,1,0
BRDA:339,20,0,0
BRDA:339,20,1,0
BRDA:359,21,0,0
BRDA:359,21,1,0
BRDA:359,22,0,0
BRDA:359,22,1,0
BRDA:362,23,0,0
BRDA:362,23,1,0
BRDA:363,24,0,0
BRDA:363,24,1,0
BRDA:364,25,0,0
BRDA:364,25,1,0
BRDA:381,26,0,0
BRDA:381,26,1,0
BRDA:381,27,0,0
BRDA:381,27,1,0
BRDA:401,28,0,0
BRDA:401,28,1,0
BRDA:401,29,0,0
BRDA:401,29,1,0
BRDA:403,30,0,0
BRDA:403,30,1,0
BRDA:449,31,0,0
BRDA:449,31,1,0
BRDA:129,32,0,0
BRDA:196,33,0,0
BRDA:196,33,1,0
BRDA:209,34,0,0
BRDA:209,34,1,0
BRDA:209,35,0,0
BRDA:209,35,1,0
BRDA:212,36,0,0
BRDA:212,36,1,0
BRDA:212,37,0,0
BRDA:212,37,1,0
BRDA:217,38,0,0
BRDA:217,38,1,0
BRDA:219,39,0,0
BRDA:219,39,1,0
BRDA:228,40,0,0
BRDA:228,40,1,0
BRDA:237,41,0,0
BRDA:237,41,1,0
BRDA:298,42,0,0
BRDA:298,42,1,0
BRDA:299,43,0,0
BRDA:299,43,1,0
BRDA:300,44,0,0
BRDA:300,44,1,0
BRDA:312,45,0,0
BRDA:312,45,1,0
BRDA:342,46,0,0
BRDA:342,46,1,0
BRDA:342,47,0,0
BRDA:342,47,1,0
BRDA:345,48,0,0
BRDA:345,48,1,0
BRDA:345,49,0,0
BRDA:345,49,1,0
BRDA:345,49,2,0
BRDA:349,50,0,0
BRDA:349,50,1,0
BRDA:392,51,0,0
BRDA:392,51,1,0
BRDA:403,52,0,0
BRDA:403,52,1,0
BRDA:431,53,0,0
BRDA:431,53,1,0
BRDA:431,54,0,0
BRDA:431,54,1,0
BRDA:434,55,0,0
BRDA:434,55,1,0
BRDA:435,56,0,0
BRDA:435,56,1,0
BRDA:436,57,0,0
BRDA:436,57,1,0
BRDA:462,58,0,0
BRDA:462,58,1,0
BRDA:462,59,0,0
BRDA:462,59,1,0
BRDA:482,60,0,0
BRDA:482,60,1,0
BRDA:482,61,0,0
BRDA:482,61,1,0
BRDA:484,62,0,0
BRDA:484,62,1,0
BRDA:546,63,0,0
BRDA:546,63,1,0
BRF:128
BRH:0
end_of_record
TN:
SF:src\utils\xssUtils.js
FN:22,(anonymous_0)
FN:44,(anonymous_1)
FN:64,(anonymous_2)
FN:80,(anonymous_3)
FN:91,(anonymous_4)
FN:100,(anonymous_5)
FN:33,(anonymous_0)
FN:60,(anonymous_1)
FN:85,(anonymous_2)
FN:107,(anonymous_3)
FN:118,(anonymous_4)
FN:127,(anonymous_5)
FNF:12
FNH:2
FNDA:1131,(anonymous_0)
FNDA:0,(anonymous_1)
FNDA:0,(anonymous_2)
FNDA:0,(anonymous_3)
FNDA:0,(anonymous_4)
FNDA:0,(anonymous_5)
FNDA:156,(anonymous_0)
FNDA:0,(anonymous_1)
FNDA:0,(anonymous_2)
FNDA:0,(anonymous_3)
FNDA:0,(anonymous_4)
FNDA:0,(anonymous_5)
DA:22,36
DA:23,1131
DA:26,1131
DA:33,5
DA:34,156
DA:37,156
DA:44,36
DA:45,0
DA:48,0
DA:60,5
DA:61,0
DA:64,41
DA:65,0
DA:68,5
DA:80,36
DA:81,0
DA:84,0
DA:85,41
DA:86,36
DA:87,5
DA:88,5
DA:89,36
DA:91,0
DA:92,0
DA:95,0
DA:96,0
DA:100,0
DA:101,0
DA:102,0
DA:104,0
DA:105,0
DA:107,5
DA:108,0
DA:111,36
DA:113,5
DA:114,36
DA:115,0
DA:118,0
DA:119,0
DA:122,0
DA:123,0
DA:127,0
DA:128,0
DA:129,0
DA:131,0
DA:132,0
DA:134,0
DA:140,0
DA:141,0
LF:49
LH:20
BRDA:23,0,0,0
BRDA:23,0,1,1131
BRDA:23,1,0,1131
BRDA:23,1,1,1131
BRDA:45,2,0,0
BRDA:45,2,1,0
BRDA:45,3,0,0
BRDA:45,3,1,0
BRDA:65,4,0,0
BRDA:65,4,1,0
BRDA:65,5,0,0
BRDA:65,5,1,0
BRDA:81,6,0,0
BRDA:81,6,1,0
BRDA:81,7,0,0
BRDA:81,7,1,0
BRDA:92,8,0,0
BRDA:92,8,1,0
BRDA:101,9,0,0
BRDA:101,9,1,0
BRDA:102,10,0,0
BRDA:102,10,1,0
BRDA:34,11,0,0
BRDA:34,11,1,156
BRDA:34,12,0,156
BRDA:34,12,1,156
BRDA:61,13,0,0
BRDA:61,13,1,0
BRDA:61,14,0,0
BRDA:61,14,1,0
BRDA:86,15,0,0
BRDA:86,15,1,0
BRDA:86,16,0,0
BRDA:86,16,1,0
BRDA:108,17,0,0
BRDA:108,17,1,0
BRDA:108,18,0,0
BRDA:108,18,1,0
BRDA:119,19,0,0
BRDA:119,19,1,0
BRDA:128,20,0,0
BRDA:128,20,1,0
BRDA:129,21,0,0
BRDA:129,21,1,0
BRF:44
BRH:6
end_of_record
