<?xml version="1.0" encoding="UTF-8"?>
<testsuites name="Mocha Tests" time="13.097" tests="1" failures="0">
  <testsuite name="Root Suite" timestamp="2025-10-30T11:22:42" tests="0" file="cypress\e2e\cooperate.cy.js" time="0.000" failures="0">
  </testsuite>
  <testsuite name="Start cooperative mode" timestamp="2025-10-30T11:22:42" tests="1" time="13.010" failures="0">
    <testcase name="Start cooperative mode passes" time="12.065" classname="passes">
    </testcase>
  </testsuite>
</testsuites>