<?xml version="1.0" encoding="UTF-8"?>
<testsuites name="Mocha Tests" time="11.070" tests="1" failures="0">
  <testsuite name="Root Suite" timestamp="2025-10-30T15:08:11" tests="0" file="cypress\e2e\singelplayer.cy.js" time="0.000" failures="0">
  </testsuite>
  <testsuite name="Start singleplayer mode" timestamp="2025-10-30T15:08:12" tests="1" time="10.919" failures="0">
    <testcase name="Start singleplayer mode passes" time="9.147" classname="passes">
    </testcase>
  </testsuite>
</testsuites>