<?xml version="1.0" encoding="UTF-8"?>
<testsuites name="Mocha Tests" time="13.580" tests="1" failures="0">
  <testsuite name="Root Suite" timestamp="2025-10-30T15:07:18" tests="0" file="cypress\e2e\cooperate.cy.js" time="0.000" failures="0">
  </testsuite>
  <testsuite name="Start cooperative mode" timestamp="2025-10-30T15:07:18" tests="1" time="13.468" failures="0">
    <testcase name="Start cooperative mode passes" time="12.095" classname="passes">
    </testcase>
  </testsuite>
</testsuites>