{"C:\\Source\\iu_quiz_community\\src\\App.js": {"path":"C:\\Source\\iu_quiz_community\\src\\App.js","statementMap":{"0":{"start":{"line":45,"column":42},"end":{"line":45,"column":58}},"1":{"start":{"line":46,"column":28},"end":{"line":46,"column":42}},"2":{"start":{"line":47,"column":50},"end":{"line":47,"column":65}},"3":{"start":{"line":52,"column":4},"end":{"line":79,"column":11}},"4":{"start":{"line":53,"column":8},"end":{"line":53,"column":55}},"5":{"start":{"line":56,"column":27},"end":{"line":56,"column":63}},"6":{"start":{"line":57,"column":8},"end":{"line":67,"column":9}},"7":{"start":{"line":58,"column":12},"end":{"line":66,"column":13}},"8":{"start":{"line":59,"column":35},"end":{"line":59,"column":57}},"9":{"start":{"line":60,"column":16},"end":{"line":60,"column":80}},"10":{"start":{"line":61,"column":16},"end":{"line":61,"column":36}},"11":{"start":{"line":62,"column":16},"end":{"line":62,"column":41}},"12":{"start":{"line":64,"column":16},"end":{"line":64,"column":85}},"13":{"start":{"line":65,"column":16},"end":{"line":65,"column":56}},"14":{"start":{"line":70,"column":27},"end":{"line":70,"column":57}},"15":{"start":{"line":71,"column":22},"end":{"line":71,"column":47}},"16":{"start":{"line":72,"column":8},"end":{"line":72,"column":68}},"17":{"start":{"line":73,"column":8},"end":{"line":73,"column":59}},"18":{"start":{"line":75,"column":8},"end":{"line":78,"column":9}},"19":{"start":{"line":76,"column":12},"end":{"line":76,"column":55}},"20":{"start":{"line":77,"column":12},"end":{"line":77,"column":41}},"21":{"start":{"line":85,"column":24},"end":{"line":92,"column":5}},"22":{"start":{"line":86,"column":8},"end":{"line":86,"column":64}},"23":{"start":{"line":87,"column":8},"end":{"line":87,"column":26}},"24":{"start":{"line":88,"column":8},"end":{"line":88,"column":33}},"25":{"start":{"line":91,"column":8},"end":{"line":91,"column":71}},"26":{"start":{"line":97,"column":25},"end":{"line":105,"column":5}},"27":{"start":{"line":98,"column":8},"end":{"line":98,"column":48}},"28":{"start":{"line":99,"column":8},"end":{"line":99,"column":22}},"29":{"start":{"line":100,"column":8},"end":{"line":100,"column":34}},"30":{"start":{"line":101,"column":8},"end":{"line":101,"column":31}},"31":{"start":{"line":104,"column":8},"end":{"line":104,"column":48}},"32":{"start":{"line":110,"column":32},"end":{"line":112,"column":5}},"33":{"start":{"line":111,"column":8},"end":{"line":111,"column":62}},"34":{"start":{"line":117,"column":32},"end":{"line":119,"column":5}},"35":{"start":{"line":118,"column":8},"end":{"line":118,"column":66}},"36":{"start":{"line":129,"column":30},"end":{"line":150,"column":5}},"37":{"start":{"line":130,"column":8},"end":{"line":149,"column":9}},"38":{"start":{"line":132,"column":16},"end":{"line":132,"column":76}},"39":{"start":{"line":134,"column":16},"end":{"line":134,"column":48}},"40":{"start":{"line":136,"column":16},"end":{"line":142,"column":18}},"41":{"start":{"line":144,"column":16},"end":{"line":144,"column":75}},"42":{"start":{"line":146,"column":16},"end":{"line":146,"column":49}},"43":{"start":{"line":148,"column":16},"end":{"line":148,"column":76}},"44":{"start":{"line":153,"column":4},"end":{"line":155,"column":5}},"45":{"start":{"line":154,"column":8},"end":{"line":154,"column":51}},"46":{"start":{"line":158,"column":4},"end":{"line":178,"column":6}}},"fnMap":{"0":{"name":"App","decl":{"start":{"line":44,"column":9},"end":{"line":44,"column":12}},"loc":{"start":{"line":44,"column":15},"end":{"line":179,"column":1}},"line":44},"1":{"name":"(anonymous_1)","decl":{"start":{"line":52,"column":14},"end":{"line":52,"column":15}},"loc":{"start":{"line":52,"column":20},"end":{"line":79,"column":5}},"line":52},"2":{"name":"(anonymous_2)","decl":{"start":{"line":85,"column":24},"end":{"line":85,"column":25}},"loc":{"start":{"line":85,"column":38},"end":{"line":92,"column":5}},"line":85},"3":{"name":"(anonymous_3)","decl":{"start":{"line":97,"column":25},"end":{"line":97,"column":26}},"loc":{"start":{"line":97,"column":31},"end":{"line":105,"column":5}},"line":97},"4":{"name":"(anonymous_4)","decl":{"start":{"line":110,"column":32},"end":{"line":110,"column":33}},"loc":{"start":{"line":110,"column":46},"end":{"line":112,"column":5}},"line":110},"5":{"name":"(anonymous_5)","decl":{"start":{"line":117,"column":32},"end":{"line":117,"column":33}},"loc":{"start":{"line":117,"column":46},"end":{"line":119,"column":5}},"line":117},"6":{"name":"(anonymous_6)","decl":{"start":{"line":129,"column":30},"end":{"line":129,"column":31}},"loc":{"start":{"line":129,"column":36},"end":{"line":150,"column":5}},"line":129}},"branchMap":{"0":{"loc":{"start":{"line":57,"column":8},"end":{"line":67,"column":9}},"type":"if","locations":[{"start":{"line":57,"column":8},"end":{"line":67,"column":9}},{"start":{},"end":{}}],"line":57},"1":{"loc":{"start":{"line":75,"column":8},"end":{"line":78,"column":9}},"type":"if","locations":[{"start":{"line":75,"column":8},"end":{"line":78,"column":9}},{"start":{},"end":{}}],"line":75},"2":{"loc":{"start":{"line":75,"column":12},"end":{"line":75,"column":57}},"type":"binary-expr","locations":[{"start":{"line":75,"column":12},"end":{"line":75,"column":35}},{"start":{"line":75,"column":39},"end":{"line":75,"column":57}}],"line":75},"3":{"loc":{"start":{"line":130,"column":8},"end":{"line":149,"column":9}},"type":"switch","locations":[{"start":{"line":131,"column":12},"end":{"line":132,"column":76}},{"start":{"line":133,"column":12},"end":{"line":134,"column":48}},{"start":{"line":135,"column":12},"end":{"line":142,"column":18}},{"start":{"line":143,"column":12},"end":{"line":144,"column":75}},{"start":{"line":145,"column":12},"end":{"line":146,"column":49}},{"start":{"line":147,"column":12},"end":{"line":148,"column":76}}],"line":130},"4":{"loc":{"start":{"line":153,"column":4},"end":{"line":155,"column":5}},"type":"if","locations":[{"start":{"line":153,"column":4},"end":{"line":155,"column":5}},{"start":{},"end":{}}],"line":153},"5":{"loc":{"start":{"line":153,"column":8},"end":{"line":153,"column":33}},"type":"binary-expr","locations":[{"start":{"line":153,"column":8},"end":{"line":153,"column":24}},{"start":{"line":153,"column":28},"end":{"line":153,"column":33}}],"line":153}},"s":{"0":2,"1":2,"2":2,"3":2,"4":2,"5":2,"6":2,"7":0,"8":0,"9":0,"10":0,"11":0,"12":0,"13":0,"14":2,"15":2,"16":2,"17":2,"18":2,"19":0,"20":0,"21":2,"22":0,"23":0,"24":0,"25":0,"26":2,"27":0,"28":0,"29":0,"30":0,"31":0,"32":2,"33":0,"34":2,"35":0,"36":2,"37":0,"38":0,"39":0,"40":0,"41":0,"42":0,"43":0,"44":2,"45":2,"46":0},"f":{"0":2,"1":2,"2":0,"3":0,"4":0,"5":0,"6":0},"b":{"0":[0,2],"1":[0,2],"2":[2,2],"3":[0,0,0,0,0,0],"4":[2,0],"5":[2,0]},"_coverageSchema":"1a1c01bbd47fc00a2c39e90264f33305004495a9","hash":"9d093c2eb9818155327983c2049d4830f2ac8a04"}
,"C:\\Source\\iu_quiz_community\\src\\index.js": {"path":"C:\\Source\\iu_quiz_community\\src\\index.js","statementMap":{"0":{"start":{"line":26,"column":13},"end":{"line":26,"column":65}},"1":{"start":{"line":27,"column":0},"end":{"line":31,"column":2}}},"fnMap":{},"branchMap":{},"s":{"0":0,"1":0},"f":{},"b":{}}
,"C:\\Source\\iu_quiz_community\\src\\reportWebVitals.js": {"path":"C:\\Source\\iu_quiz_community\\src\\reportWebVitals.js","statementMap":{"0":{"start":{"line":1,"column":24},"end":{"line":11,"column":1}},"1":{"start":{"line":2,"column":2},"end":{"line":10,"column":3}},"2":{"start":{"line":3,"column":4},"end":{"line":9,"column":7}},"3":{"start":{"line":4,"column":6},"end":{"line":4,"column":26}},"4":{"start":{"line":5,"column":6},"end":{"line":5,"column":26}},"5":{"start":{"line":6,"column":6},"end":{"line":6,"column":26}},"6":{"start":{"line":7,"column":6},"end":{"line":7,"column":26}},"7":{"start":{"line":8,"column":6},"end":{"line":8,"column":27}}},"fnMap":{"0":{"name":"(anonymous_0)","decl":{"start":{"line":1,"column":24},"end":{"line":1,"column":25}},"loc":{"start":{"line":1,"column":39},"end":{"line":11,"column":1}},"line":1},"1":{"name":"(anonymous_1)","decl":{"start":{"line":3,"column":30},"end":{"line":3,"column":31}},"loc":{"start":{"line":3,"column":79},"end":{"line":9,"column":5}},"line":3}},"branchMap":{"0":{"loc":{"start":{"line":2,"column":2},"end":{"line":10,"column":3}},"type":"if","locations":[{"start":{"line":2,"column":2},"end":{"line":10,"column":3}},{"start":{},"end":{}}],"line":2},"1":{"loc":{"start":{"line":2,"column":6},"end":{"line":2,"column":52}},"type":"binary-expr","locations":[{"start":{"line":2,"column":6},"end":{"line":2,"column":17}},{"start":{"line":2,"column":21},"end":{"line":2,"column":52}}],"line":2}},"s":{"0":0,"1":0,"2":0,"3":0,"4":0,"5":0,"6":0,"7":0},"f":{"0":0,"1":0},"b":{"0":[0,0],"1":[0,0]}}
,"C:\\Source\\iu_quiz_community\\src\\components\\admin\\CardManager.js": {"path":"C:\\Source\\iu_quiz_community\\src\\components\\admin\\CardManager.js","statementMap":{"0":{"start":{"line":32,"column":40},"end":{"line":32,"column":52}},"1":{"start":{"line":33,"column":30},"end":{"line":33,"column":42}},"2":{"start":{"line":34,"column":46},"end":{"line":34,"column":58}},"3":{"start":{"line":35,"column":42},"end":{"line":35,"column":62}},"4":{"start":{"line":36,"column":40},"end":{"line":36,"column":52}},"5":{"start":{"line":37,"column":44},"end":{"line":37,"column":59}},"6":{"start":{"line":38,"column":52},"end":{"line":38,"column":67}},"7":{"start":{"line":39,"column":48},"end":{"line":39,"column":63}},"8":{"start":{"line":40,"column":44},"end":{"line":40,"column":59}},"9":{"start":{"line":43,"column":42},"end":{"line":43,"column":84}},"10":{"start":{"line":46,"column":36},"end":{"line":46,"column":58}},"11":{"start":{"line":47,"column":58},"end":{"line":47,"column":72}},"12":{"start":{"line":53,"column":42},"end":{"line":53,"column":56}},"13":{"start":{"line":56,"column":42},"end":{"line":63,"column":6}},"14":{"start":{"line":81,"column":34},"end":{"line":90,"column":6}},"15":{"start":{"line":92,"column":32},"end":{"line":92,"column":44}},"16":{"start":{"line":95,"column":26},"end":{"line":108,"column":5}},"17":{"start":{"line":110,"column":27},"end":{"line":117,"column":5}},"18":{"start":{"line":122,"column":4},"end":{"line":124,"column":11}},"19":{"start":{"line":123,"column":8},"end":{"line":123,"column":19}},"20":{"start":{"line":131,"column":4},"end":{"line":178,"column":111}},"21":{"start":{"line":132,"column":23},"end":{"line":132,"column":28}},"22":{"start":{"line":135,"column":8},"end":{"line":137,"column":9}},"23":{"start":{"line":136,"column":12},"end":{"line":136,"column":91}},"24":{"start":{"line":136,"column":47},"end":{"line":136,"column":89}},"25":{"start":{"line":140,"column":8},"end":{"line":147,"column":9}},"26":{"start":{"line":141,"column":12},"end":{"line":146,"column":14}},"27":{"start":{"line":142,"column":16},"end":{"line":145,"column":18}},"28":{"start":{"line":144,"column":20},"end":{"line":144,"column":99}},"29":{"start":{"line":150,"column":8},"end":{"line":152,"column":9}},"30":{"start":{"line":151,"column":12},"end":{"line":151,"column":77}},"31":{"start":{"line":151,"column":47},"end":{"line":151,"column":75}},"32":{"start":{"line":155,"column":8},"end":{"line":157,"column":9}},"33":{"start":{"line":156,"column":12},"end":{"line":156,"column":85}},"34":{"start":{"line":156,"column":47},"end":{"line":156,"column":83}},"35":{"start":{"line":160,"column":8},"end":{"line":167,"column":9}},"36":{"start":{"line":161,"column":38},"end":{"line":161,"column":100}},"37":{"start":{"line":162,"column":12},"end":{"line":166,"column":13}},"38":{"start":{"line":163,"column":16},"end":{"line":163,"column":88}},"39":{"start":{"line":163,"column":51},"end":{"line":163,"column":86}},"40":{"start":{"line":164,"column":19},"end":{"line":166,"column":13}},"41":{"start":{"line":165,"column":16},"end":{"line":165,"column":89}},"42":{"start":{"line":165,"column":51},"end":{"line":165,"column":87}},"43":{"start":{"line":170,"column":8},"end":{"line":175,"column":9}},"44":{"start":{"line":171,"column":12},"end":{"line":174,"column":15}},"45":{"start":{"line":172,"column":31},"end":{"line":172,"column":65}},"46":{"start":{"line":173,"column":16},"end":{"line":173,"column":47}},"47":{"start":{"line":177,"column":8},"end":{"line":177,"column":35}},"48":{"start":{"line":183,"column":21},"end":{"line":201,"column":5}},"49":{"start":{"line":185,"column":35},"end":{"line":185,"column":74}},"50":{"start":{"line":186,"column":30},"end":{"line":186,"column":64}},"51":{"start":{"line":189,"column":8},"end":{"line":193,"column":9}},"52":{"start":{"line":192,"column":12},"end":{"line":192,"column":41}},"53":{"start":{"line":196,"column":33},"end":{"line":196,"column":63}},"54":{"start":{"line":197,"column":28},"end":{"line":197,"column":53}},"55":{"start":{"line":199,"column":8},"end":{"line":199,"column":40}},"56":{"start":{"line":200,"column":8},"end":{"line":200,"column":30}},"57":{"start":{"line":206,"column":30},"end":{"line":210,"column":5}},"58":{"start":{"line":207,"column":8},"end":{"line":207,"column":41}},"59":{"start":{"line":208,"column":8},"end":{"line":208,"column":39}},"60":{"start":{"line":209,"column":8},"end":{"line":209,"column":26}},"61":{"start":{"line":215,"column":29},"end":{"line":219,"column":5}},"62":{"start":{"line":216,"column":8},"end":{"line":216,"column":37}},"63":{"start":{"line":217,"column":8},"end":{"line":217,"column":34}},"64":{"start":{"line":218,"column":8},"end":{"line":218,"column":26}},"65":{"start":{"line":224,"column":36},"end":{"line":227,"column":5}},"66":{"start":{"line":225,"column":8},"end":{"line":225,"column":59}},"67":{"start":{"line":225,"column":50},"end":{"line":225,"column":59}},"68":{"start":{"line":226,"column":8},"end":{"line":226,"column":83}},"69":{"start":{"line":226,"column":36},"end":{"line":226,"column":74}},"70":{"start":{"line":232,"column":29},"end":{"line":254,"column":5}},"71":{"start":{"line":233,"column":26},"end":{"line":233,"column":28}},"72":{"start":{"line":236,"column":8},"end":{"line":238,"column":9}},"73":{"start":{"line":237,"column":12},"end":{"line":237,"column":70}},"74":{"start":{"line":241,"column":8},"end":{"line":245,"column":9}},"75":{"start":{"line":242,"column":35},"end":{"line":243,"column":73}},"76":{"start":{"line":244,"column":12},"end":{"line":244,"column":67}},"77":{"start":{"line":248,"column":8},"end":{"line":250,"column":9}},"78":{"start":{"line":249,"column":12},"end":{"line":249,"column":76}},"79":{"start":{"line":252,"column":8},"end":{"line":252,"column":29}},"80":{"start":{"line":253,"column":8},"end":{"line":253,"column":51}},"81":{"start":{"line":259,"column":25},"end":{"line":291,"column":5}},"82":{"start":{"line":260,"column":26},"end":{"line":260,"column":28}},"83":{"start":{"line":263,"column":8},"end":{"line":265,"column":9}},"84":{"start":{"line":264,"column":12},"end":{"line":264,"column":58}},"85":{"start":{"line":268,"column":8},"end":{"line":270,"column":9}},"86":{"start":{"line":269,"column":12},"end":{"line":269,"column":70}},"87":{"start":{"line":273,"column":8},"end":{"line":282,"column":9}},"88":{"start":{"line":274,"column":34},"end":{"line":276,"column":13}},"89":{"start":{"line":275,"column":16},"end":{"line":275,"column":59}},"90":{"start":{"line":277,"column":12},"end":{"line":279,"column":13}},"91":{"start":{"line":278,"column":16},"end":{"line":278,"column":79}},"92":{"start":{"line":281,"column":12},"end":{"line":281,"column":68}},"93":{"start":{"line":285,"column":8},"end":{"line":287,"column":9}},"94":{"start":{"line":286,"column":12},"end":{"line":286,"column":80}},"95":{"start":{"line":289,"column":8},"end":{"line":289,"column":29}},"96":{"start":{"line":290,"column":8},"end":{"line":290,"column":51}},"97":{"start":{"line":296,"column":27},"end":{"line":330,"column":5}},"98":{"start":{"line":297,"column":8},"end":{"line":297,"column":40}},"99":{"start":{"line":297,"column":33},"end":{"line":297,"column":40}},"100":{"start":{"line":300,"column":29},"end":{"line":304,"column":9}},"101":{"start":{"line":306,"column":30},"end":{"line":306,"column":68}},"102":{"start":{"line":309,"column":8},"end":{"line":309,"column":19}},"103":{"start":{"line":312,"column":8},"end":{"line":314,"column":9}},"104":{"start":{"line":313,"column":12},"end":{"line":313,"column":43}},"105":{"start":{"line":317,"column":8},"end":{"line":324,"column":11}},"106":{"start":{"line":326,"column":8},"end":{"line":326,"column":35}},"107":{"start":{"line":327,"column":8},"end":{"line":327,"column":22}},"108":{"start":{"line":329,"column":8},"end":{"line":329,"column":79}},"109":{"start":{"line":335,"column":23},"end":{"line":371,"column":5}},"110":{"start":{"line":336,"column":8},"end":{"line":336,"column":36}},"111":{"start":{"line":336,"column":29},"end":{"line":336,"column":36}},"112":{"start":{"line":339,"column":25},"end":{"line":343,"column":9}},"113":{"start":{"line":345,"column":26},"end":{"line":345,"column":56}},"114":{"start":{"line":348,"column":8},"end":{"line":348,"column":19}},"115":{"start":{"line":351,"column":8},"end":{"line":353,"column":9}},"116":{"start":{"line":352,"column":12},"end":{"line":352,"column":39}},"117":{"start":{"line":356,"column":8},"end":{"line":365,"column":11}},"118":{"start":{"line":367,"column":8},"end":{"line":367,"column":35}},"119":{"start":{"line":368,"column":8},"end":{"line":368,"column":22}},"120":{"start":{"line":370,"column":8},"end":{"line":370,"column":51}},"121":{"start":{"line":376,"column":23},"end":{"line":382,"column":5}},"122":{"start":{"line":377,"column":8},"end":{"line":381,"column":9}},"123":{"start":{"line":378,"column":12},"end":{"line":378,"column":43}},"124":{"start":{"line":379,"column":12},"end":{"line":379,"column":23}},"125":{"start":{"line":380,"column":12},"end":{"line":380,"column":43}},"126":{"start":{"line":387,"column":27},"end":{"line":397,"column":5}},"127":{"start":{"line":388,"column":8},"end":{"line":396,"column":9}},"128":{"start":{"line":389,"column":12},"end":{"line":393,"column":13}},"129":{"start":{"line":390,"column":16},"end":{"line":390,"column":55}},"130":{"start":{"line":391,"column":16},"end":{"line":391,"column":27}},"131":{"start":{"line":392,"column":16},"end":{"line":392,"column":51}},"132":{"start":{"line":395,"column":12},"end":{"line":395,"column":33}},"133":{"start":{"line":402,"column":30},"end":{"line":413,"column":5}},"134":{"start":{"line":403,"column":8},"end":{"line":411,"column":11}},"135":{"start":{"line":412,"column":8},"end":{"line":412,"column":40}},"136":{"start":{"line":418,"column":31},"end":{"line":443,"column":5}},"137":{"start":{"line":419,"column":8},"end":{"line":419,"column":40}},"138":{"start":{"line":419,"column":33},"end":{"line":419,"column":40}},"139":{"start":{"line":421,"column":32},"end":{"line":425,"column":9}},"140":{"start":{"line":427,"column":8},"end":{"line":427,"column":68}},"141":{"start":{"line":428,"column":8},"end":{"line":428,"column":19}},"142":{"start":{"line":431,"column":8},"end":{"line":438,"column":11}},"143":{"start":{"line":440,"column":8},"end":{"line":440,"column":35}},"144":{"start":{"line":441,"column":8},"end":{"line":441,"column":22}},"145":{"start":{"line":442,"column":8},"end":{"line":442,"column":47}},"146":{"start":{"line":448,"column":26},"end":{"line":454,"column":5}},"147":{"start":{"line":449,"column":8},"end":{"line":452,"column":11}},"148":{"start":{"line":453,"column":8},"end":{"line":453,"column":36}},"149":{"start":{"line":459,"column":27},"end":{"line":478,"column":5}},"150":{"start":{"line":460,"column":8},"end":{"line":463,"column":9}},"151":{"start":{"line":461,"column":12},"end":{"line":461,"column":44}},"152":{"start":{"line":462,"column":12},"end":{"line":462,"column":19}},"153":{"start":{"line":466,"column":28},"end":{"line":471,"column":9}},"154":{"start":{"line":469,"column":53},"end":{"line":469,"column":61}},"155":{"start":{"line":469,"column":75},"end":{"line":469,"column":76}},"156":{"start":{"line":473,"column":8},"end":{"line":473,"column":60}},"157":{"start":{"line":474,"column":8},"end":{"line":474,"column":19}},"158":{"start":{"line":475,"column":8},"end":{"line":475,"column":29}},"159":{"start":{"line":476,"column":8},"end":{"line":476,"column":35}},"160":{"start":{"line":477,"column":8},"end":{"line":477,"column":43}},"161":{"start":{"line":483,"column":29},"end":{"line":494,"column":5}},"162":{"start":{"line":484,"column":8},"end":{"line":484,"column":64}},"163":{"start":{"line":484,"column":57},"end":{"line":484,"column":64}},"164":{"start":{"line":486,"column":27},"end":{"line":486,"column":47}},"165":{"start":{"line":487,"column":8},"end":{"line":487,"column":40}},"166":{"start":{"line":490,"column":8},"end":{"line":493,"column":11}},"167":{"start":{"line":499,"column":33},"end":{"line":510,"column":5}},"168":{"start":{"line":500,"column":8},"end":{"line":500,"column":72}},"169":{"start":{"line":500,"column":65},"end":{"line":500,"column":72}},"170":{"start":{"line":502,"column":27},"end":{"line":502,"column":51}},"171":{"start":{"line":503,"column":8},"end":{"line":503,"column":40}},"172":{"start":{"line":506,"column":8},"end":{"line":509,"column":11}},"173":{"start":{"line":515,"column":29},"end":{"line":523,"column":5}},"174":{"start":{"line":516,"column":8},"end":{"line":522,"column":9}},"175":{"start":{"line":517,"column":28},"end":{"line":517,"column":58}},"176":{"start":{"line":518,"column":12},"end":{"line":518,"column":57}},"177":{"start":{"line":520,"column":12},"end":{"line":520,"column":69}},"178":{"start":{"line":521,"column":12},"end":{"line":521,"column":22}},"179":{"start":{"line":529,"column":29},"end":{"line":533,"column":5}},"180":{"start":{"line":530,"column":8},"end":{"line":530,"column":48}},"181":{"start":{"line":531,"column":8},"end":{"line":531,"column":32}},"182":{"start":{"line":532,"column":8},"end":{"line":532,"column":192}},"183":{"start":{"line":538,"column":37},"end":{"line":680,"column":5}},"184":{"start":{"line":539,"column":8},"end":{"line":679,"column":14}},"185":{"start":{"line":551,"column":36},"end":{"line":551,"column":65}},"186":{"start":{"line":552,"column":36},"end":{"line":552,"column":47}},"187":{"start":{"line":561,"column":47},"end":{"line":561,"column":77}},"188":{"start":{"line":590,"column":93},"end":{"line":674,"column":29}},"189":{"start":{"line":595,"column":55},"end":{"line":595,"column":94}},"190":{"start":{"line":607,"column":56},"end":{"line":607,"column":76}},"191":{"start":{"line":608,"column":75},"end":{"line":608,"column":132}},"192":{"start":{"line":609,"column":56},"end":{"line":613,"column":57}},"193":{"start":{"line":610,"column":60},"end":{"line":610,"column":88}},"194":{"start":{"line":611,"column":63},"end":{"line":613,"column":57}},"195":{"start":{"line":612,"column":60},"end":{"line":612,"column":88}},"196":{"start":{"line":643,"column":60},"end":{"line":643,"column":80}},"197":{"start":{"line":644,"column":60},"end":{"line":646,"column":61}},"198":{"start":{"line":645,"column":64},"end":{"line":645,"column":92}},"199":{"start":{"line":655,"column":60},"end":{"line":655,"column":80}},"200":{"start":{"line":656,"column":60},"end":{"line":663,"column":61}},"201":{"start":{"line":658,"column":64},"end":{"line":661,"column":67}},"202":{"start":{"line":662,"column":64},"end":{"line":662,"column":91}},"203":{"start":{"line":685,"column":33},"end":{"line":1099,"column":5}},"204":{"start":{"line":686,"column":8},"end":{"line":1098,"column":14}},"205":{"start":{"line":708,"column":36},"end":{"line":715,"column":37}},"206":{"start":{"line":710,"column":40},"end":{"line":713,"column":43}},"207":{"start":{"line":714,"column":40},"end":{"line":714,"column":67}},"208":{"start":{"line":751,"column":53},"end":{"line":751,"column":85}},"209":{"start":{"line":754,"column":40},"end":{"line":756,"column":49}},"210":{"start":{"line":782,"column":57},"end":{"line":782,"column":86}},"211":{"start":{"line":794,"column":57},"end":{"line":794,"column":88}},"212":{"start":{"line":798,"column":44},"end":{"line":800,"column":53}},"213":{"start":{"line":812,"column":57},"end":{"line":812,"column":92}},"214":{"start":{"line":828,"column":57},"end":{"line":828,"column":90}},"215":{"start":{"line":848,"column":61},"end":{"line":848,"column":92}},"216":{"start":{"line":867,"column":58},"end":{"line":867,"column":120}},"217":{"start":{"line":868,"column":59},"end":{"line":871,"column":40}},"218":{"start":{"line":869,"column":36},"end":{"line":870,"column":104}},"219":{"start":{"line":872,"column":32},"end":{"line":877,"column":41}},"220":{"start":{"line":899,"column":95},"end":{"line":1093,"column":29}},"221":{"start":{"line":908,"column":86},"end":{"line":908,"column":148}},"222":{"start":{"line":909,"column":60},"end":{"line":914,"column":69}},"223":{"start":{"line":917,"column":79},"end":{"line":917,"column":113}},"224":{"start":{"line":918,"column":60},"end":{"line":932,"column":61}},"225":{"start":{"line":919,"column":64},"end":{"line":924,"column":66}},"226":{"start":{"line":925,"column":67},"end":{"line":932,"column":61}},"227":{"start":{"line":926,"column":64},"end":{"line":931,"column":66}},"228":{"start":{"line":933,"column":60},"end":{"line":933,"column":72}},"229":{"start":{"line":948,"column":64},"end":{"line":948,"column":84}},"230":{"start":{"line":949,"column":64},"end":{"line":949,"column":84}},"231":{"start":{"line":960,"column":64},"end":{"line":960,"column":84}},"232":{"start":{"line":961,"column":64},"end":{"line":961,"column":84}},"233":{"start":{"line":971,"column":60},"end":{"line":971,"column":80}},"234":{"start":{"line":972,"column":86},"end":{"line":972,"column":148}},"235":{"start":{"line":973,"column":60},"end":{"line":982,"column":61}},"236":{"start":{"line":974,"column":64},"end":{"line":979,"column":65}},"237":{"start":{"line":975,"column":68},"end":{"line":975,"column":100}},"238":{"start":{"line":976,"column":68},"end":{"line":976,"column":146}},"239":{"start":{"line":977,"column":68},"end":{"line":977,"column":99}},"240":{"start":{"line":978,"column":68},"end":{"line":978,"column":79}},"241":{"start":{"line":981,"column":64},"end":{"line":981,"column":109}},"242":{"start":{"line":995,"column":56},"end":{"line":1009,"column":62}},"243":{"start":{"line":1040,"column":75},"end":{"line":1040,"column":109}},"244":{"start":{"line":1041,"column":56},"end":{"line":1079,"column":58}},"245":{"start":{"line":1046,"column":72},"end":{"line":1046,"column":108}},"246":{"start":{"line":1047,"column":72},"end":{"line":1047,"column":83}},"247":{"start":{"line":1057,"column":87},"end":{"line":1057,"column":134}},"248":{"start":{"line":1058,"column":72},"end":{"line":1058,"column":149}},"249":{"start":{"line":1059,"column":72},"end":{"line":1059,"column":83}},"250":{"start":{"line":1069,"column":87},"end":{"line":1069,"column":135}},"251":{"start":{"line":1070,"column":72},"end":{"line":1070,"column":129}},"252":{"start":{"line":1071,"column":72},"end":{"line":1071,"column":83}},"253":{"start":{"line":1104,"column":30},"end":{"line":1241,"column":5}},"254":{"start":{"line":1105,"column":8},"end":{"line":1240,"column":14}},"255":{"start":{"line":1117,"column":51},"end":{"line":1117,"column":77}},"256":{"start":{"line":1135,"column":57},"end":{"line":1135,"column":113}},"257":{"start":{"line":1154,"column":57},"end":{"line":1154,"column":120}},"258":{"start":{"line":1174,"column":65},"end":{"line":1174,"column":121}},"259":{"start":{"line":1177,"column":52},"end":{"line":1179,"column":61}},"260":{"start":{"line":1193,"column":65},"end":{"line":1193,"column":122}},"261":{"start":{"line":1196,"column":52},"end":{"line":1198,"column":61}},"262":{"start":{"line":1211,"column":57},"end":{"line":1211,"column":119}},"263":{"start":{"line":1222,"column":55},"end":{"line":1222,"column":81}},"264":{"start":{"line":1246,"column":31},"end":{"line":1403,"column":5}},"265":{"start":{"line":1247,"column":8},"end":{"line":1402,"column":14}},"266":{"start":{"line":1260,"column":40},"end":{"line":1267,"column":43}},"267":{"start":{"line":1268,"column":40},"end":{"line":1268,"column":67}},"268":{"start":{"line":1287,"column":57},"end":{"line":1287,"column":113}},"269":{"start":{"line":1306,"column":57},"end":{"line":1306,"column":120}},"270":{"start":{"line":1326,"column":65},"end":{"line":1326,"column":121}},"271":{"start":{"line":1329,"column":52},"end":{"line":1331,"column":61}},"272":{"start":{"line":1345,"column":65},"end":{"line":1345,"column":122}},"273":{"start":{"line":1348,"column":52},"end":{"line":1350,"column":61}},"274":{"start":{"line":1363,"column":57},"end":{"line":1363,"column":119}},"275":{"start":{"line":1375,"column":44},"end":{"line":1382,"column":47}},"276":{"start":{"line":1383,"column":44},"end":{"line":1383,"column":71}},"277":{"start":{"line":1408,"column":26},"end":{"line":1599,"column":5}},"278":{"start":{"line":1409,"column":8},"end":{"line":1598,"column":14}},"279":{"start":{"line":1421,"column":51},"end":{"line":1421,"column":77}},"280":{"start":{"line":1438,"column":57},"end":{"line":1438,"column":111}},"281":{"start":{"line":1442,"column":44},"end":{"line":1444,"column":53}},"282":{"start":{"line":1463,"column":57},"end":{"line":1463,"column":109}},"283":{"start":{"line":1478,"column":40},"end":{"line":1500,"column":46}},"284":{"start":{"line":1486,"column":38},"end":{"line":1489,"column":42}},"285":{"start":{"line":1486,"column":62},"end":{"line":1489,"column":39}},"286":{"start":{"line":1497,"column":65},"end":{"line":1497,"column":104}},"287":{"start":{"line":1524,"column":65},"end":{"line":1524,"column":119}},"288":{"start":{"line":1542,"column":65},"end":{"line":1542,"column":113}},"289":{"start":{"line":1558,"column":57},"end":{"line":1558,"column":112}},"290":{"start":{"line":1569,"column":57},"end":{"line":1569,"column":111}},"291":{"start":{"line":1580,"column":55},"end":{"line":1580,"column":81}},"292":{"start":{"line":1604,"column":27},"end":{"line":1749,"column":5}},"293":{"start":{"line":1605,"column":8},"end":{"line":1748,"column":14}},"294":{"start":{"line":1618,"column":40},"end":{"line":1618,"column":61}},"295":{"start":{"line":1619,"column":40},"end":{"line":1619,"column":67}},"296":{"start":{"line":1639,"column":61},"end":{"line":1639,"column":121}},"297":{"start":{"line":1648,"column":44},"end":{"line":1671,"column":50}},"298":{"start":{"line":1657,"column":62},"end":{"line":1660,"column":43}},"299":{"start":{"line":1661,"column":42},"end":{"line":1661,"column":70}},"300":{"start":{"line":1669,"column":69},"end":{"line":1669,"column":112}},"301":{"start":{"line":1685,"column":69},"end":{"line":1685,"column":131}},"302":{"start":{"line":1703,"column":69},"end":{"line":1703,"column":125}},"303":{"start":{"line":1718,"column":61},"end":{"line":1718,"column":124}},"304":{"start":{"line":1727,"column":48},"end":{"line":1727,"column":69}},"305":{"start":{"line":1728,"column":48},"end":{"line":1728,"column":75}},"306":{"start":{"line":1752,"column":4},"end":{"line":1763,"column":5}},"307":{"start":{"line":1754,"column":12},"end":{"line":1754,"column":39}},"308":{"start":{"line":1756,"column":12},"end":{"line":1756,"column":40}},"309":{"start":{"line":1758,"column":12},"end":{"line":1758,"column":35}},"310":{"start":{"line":1760,"column":12},"end":{"line":1760,"column":36}},"311":{"start":{"line":1762,"column":12},"end":{"line":1762,"column":104}}},"fnMap":{"0":{"name":"CardManager","decl":{"start":{"line":30,"column":9},"end":{"line":30,"column":20}},"loc":{"start":{"line":30,"column":65},"end":{"line":1764,"column":1}},"line":30},"1":{"name":"(anonymous_1)","decl":{"start":{"line":122,"column":14},"end":{"line":122,"column":15}},"loc":{"start":{"line":122,"column":20},"end":{"line":124,"column":5}},"line":122},"2":{"name":"(anonymous_2)","decl":{"start":{"line":131,"column":14},"end":{"line":131,"column":15}},"loc":{"start":{"line":131,"column":20},"end":{"line":178,"column":5}},"line":131},"3":{"name":"(anonymous_3)","decl":{"start":{"line":136,"column":39},"end":{"line":136,"column":40}},"loc":{"start":{"line":136,"column":47},"end":{"line":136,"column":89}},"line":136},"4":{"name":"(anonymous_4)","decl":{"start":{"line":141,"column":39},"end":{"line":141,"column":40}},"loc":{"start":{"line":142,"column":16},"end":{"line":145,"column":18}},"line":142},"5":{"name":"(anonymous_5)","decl":{"start":{"line":143,"column":73},"end":{"line":143,"column":74}},"loc":{"start":{"line":144,"column":20},"end":{"line":144,"column":99}},"line":144},"6":{"name":"(anonymous_6)","decl":{"start":{"line":151,"column":39},"end":{"line":151,"column":40}},"loc":{"start":{"line":151,"column":47},"end":{"line":151,"column":75}},"line":151},"7":{"name":"(anonymous_7)","decl":{"start":{"line":156,"column":39},"end":{"line":156,"column":40}},"loc":{"start":{"line":156,"column":47},"end":{"line":156,"column":83}},"line":156},"8":{"name":"(anonymous_8)","decl":{"start":{"line":163,"column":43},"end":{"line":163,"column":44}},"loc":{"start":{"line":163,"column":51},"end":{"line":163,"column":86}},"line":163},"9":{"name":"(anonymous_9)","decl":{"start":{"line":165,"column":43},"end":{"line":165,"column":44}},"loc":{"start":{"line":165,"column":51},"end":{"line":165,"column":87}},"line":165},"10":{"name":"(anonymous_10)","decl":{"start":{"line":171,"column":39},"end":{"line":171,"column":40}},"loc":{"start":{"line":171,"column":47},"end":{"line":174,"column":13}},"line":171},"11":{"name":"(anonymous_11)","decl":{"start":{"line":183,"column":21},"end":{"line":183,"column":22}},"loc":{"start":{"line":183,"column":27},"end":{"line":201,"column":5}},"line":183},"12":{"name":"(anonymous_12)","decl":{"start":{"line":206,"column":30},"end":{"line":206,"column":31}},"loc":{"start":{"line":206,"column":44},"end":{"line":210,"column":5}},"line":206},"13":{"name":"(anonymous_13)","decl":{"start":{"line":215,"column":29},"end":{"line":215,"column":30}},"loc":{"start":{"line":215,"column":35},"end":{"line":219,"column":5}},"line":215},"14":{"name":"(anonymous_14)","decl":{"start":{"line":224,"column":36},"end":{"line":224,"column":37}},"loc":{"start":{"line":224,"column":52},"end":{"line":227,"column":5}},"line":224},"15":{"name":"(anonymous_15)","decl":{"start":{"line":226,"column":28},"end":{"line":226,"column":29}},"loc":{"start":{"line":226,"column":36},"end":{"line":226,"column":74}},"line":226},"16":{"name":"(anonymous_16)","decl":{"start":{"line":232,"column":29},"end":{"line":232,"column":30}},"loc":{"start":{"line":232,"column":35},"end":{"line":254,"column":5}},"line":232},"17":{"name":"(anonymous_17)","decl":{"start":{"line":242,"column":28},"end":{"line":242,"column":29}},"loc":{"start":{"line":242,"column":35},"end":{"line":243,"column":73}},"line":242},"18":{"name":"(anonymous_18)","decl":{"start":{"line":259,"column":25},"end":{"line":259,"column":26}},"loc":{"start":{"line":259,"column":31},"end":{"line":291,"column":5}},"line":259},"19":{"name":"(anonymous_19)","decl":{"start":{"line":274,"column":57},"end":{"line":274,"column":58}},"loc":{"start":{"line":275,"column":16},"end":{"line":275,"column":59}},"line":275},"20":{"name":"(anonymous_20)","decl":{"start":{"line":296,"column":27},"end":{"line":296,"column":28}},"loc":{"start":{"line":296,"column":33},"end":{"line":330,"column":5}},"line":296},"21":{"name":"(anonymous_21)","decl":{"start":{"line":335,"column":23},"end":{"line":335,"column":24}},"loc":{"start":{"line":335,"column":29},"end":{"line":371,"column":5}},"line":335},"22":{"name":"(anonymous_22)","decl":{"start":{"line":376,"column":23},"end":{"line":376,"column":24}},"loc":{"start":{"line":376,"column":35},"end":{"line":382,"column":5}},"line":376},"23":{"name":"(anonymous_23)","decl":{"start":{"line":387,"column":27},"end":{"line":387,"column":28}},"loc":{"start":{"line":387,"column":43},"end":{"line":397,"column":5}},"line":387},"24":{"name":"(anonymous_24)","decl":{"start":{"line":402,"column":30},"end":{"line":402,"column":31}},"loc":{"start":{"line":402,"column":44},"end":{"line":413,"column":5}},"line":402},"25":{"name":"(anonymous_25)","decl":{"start":{"line":418,"column":31},"end":{"line":418,"column":32}},"loc":{"start":{"line":418,"column":37},"end":{"line":443,"column":5}},"line":418},"26":{"name":"(anonymous_26)","decl":{"start":{"line":448,"column":26},"end":{"line":448,"column":27}},"loc":{"start":{"line":448,"column":36},"end":{"line":454,"column":5}},"line":448},"27":{"name":"(anonymous_27)","decl":{"start":{"line":459,"column":27},"end":{"line":459,"column":28}},"loc":{"start":{"line":459,"column":33},"end":{"line":478,"column":5}},"line":459},"28":{"name":"(anonymous_28)","decl":{"start":{"line":469,"column":48},"end":{"line":469,"column":49}},"loc":{"start":{"line":469,"column":53},"end":{"line":469,"column":61}},"line":469},"29":{"name":"(anonymous_29)","decl":{"start":{"line":469,"column":70},"end":{"line":469,"column":71}},"loc":{"start":{"line":469,"column":75},"end":{"line":469,"column":76}},"line":469},"30":{"name":"(anonymous_30)","decl":{"start":{"line":483,"column":29},"end":{"line":483,"column":30}},"loc":{"start":{"line":483,"column":47},"end":{"line":494,"column":5}},"line":483},"31":{"name":"(anonymous_31)","decl":{"start":{"line":499,"column":33},"end":{"line":499,"column":34}},"loc":{"start":{"line":499,"column":51},"end":{"line":510,"column":5}},"line":499},"32":{"name":"(anonymous_32)","decl":{"start":{"line":515,"column":29},"end":{"line":515,"column":30}},"loc":{"start":{"line":515,"column":35},"end":{"line":523,"column":5}},"line":515},"33":{"name":"(anonymous_33)","decl":{"start":{"line":529,"column":29},"end":{"line":529,"column":30}},"loc":{"start":{"line":529,"column":42},"end":{"line":533,"column":5}},"line":529},"34":{"name":"(anonymous_34)","decl":{"start":{"line":538,"column":37},"end":{"line":538,"column":38}},"loc":{"start":{"line":539,"column":8},"end":{"line":679,"column":14}},"line":539},"35":{"name":"(anonymous_35)","decl":{"start":{"line":550,"column":41},"end":{"line":550,"column":42}},"loc":{"start":{"line":550,"column":47},"end":{"line":553,"column":33}},"line":550},"36":{"name":"(anonymous_36)","decl":{"start":{"line":561,"column":41},"end":{"line":561,"column":42}},"loc":{"start":{"line":561,"column":47},"end":{"line":561,"column":77}},"line":561},"37":{"name":"(anonymous_37)","decl":{"start":{"line":590,"column":72},"end":{"line":590,"column":73}},"loc":{"start":{"line":590,"column":93},"end":{"line":674,"column":29}},"line":590},"38":{"name":"(anonymous_38)","decl":{"start":{"line":595,"column":49},"end":{"line":595,"column":50}},"loc":{"start":{"line":595,"column":55},"end":{"line":595,"column":94}},"line":595},"39":{"name":"(anonymous_39)","decl":{"start":{"line":606,"column":61},"end":{"line":606,"column":62}},"loc":{"start":{"line":606,"column":68},"end":{"line":614,"column":53}},"line":606},"40":{"name":"(anonymous_40)","decl":{"start":{"line":642,"column":65},"end":{"line":642,"column":66}},"loc":{"start":{"line":642,"column":72},"end":{"line":647,"column":57}},"line":642},"41":{"name":"(anonymous_41)","decl":{"start":{"line":654,"column":65},"end":{"line":654,"column":66}},"loc":{"start":{"line":654,"column":72},"end":{"line":664,"column":57}},"line":654},"42":{"name":"(anonymous_42)","decl":{"start":{"line":685,"column":33},"end":{"line":685,"column":34}},"loc":{"start":{"line":686,"column":8},"end":{"line":1098,"column":14}},"line":686},"43":{"name":"(anonymous_43)","decl":{"start":{"line":707,"column":41},"end":{"line":707,"column":42}},"loc":{"start":{"line":707,"column":47},"end":{"line":716,"column":33}},"line":707},"44":{"name":"(anonymous_44)","decl":{"start":{"line":751,"column":46},"end":{"line":751,"column":47}},"loc":{"start":{"line":751,"column":53},"end":{"line":751,"column":85}},"line":751},"45":{"name":"(anonymous_45)","decl":{"start":{"line":753,"column":73},"end":{"line":753,"column":74}},"loc":{"start":{"line":754,"column":40},"end":{"line":756,"column":49}},"line":754},"46":{"name":"(anonymous_46)","decl":{"start":{"line":782,"column":50},"end":{"line":782,"column":51}},"loc":{"start":{"line":782,"column":57},"end":{"line":782,"column":86}},"line":782},"47":{"name":"(anonymous_47)","decl":{"start":{"line":794,"column":50},"end":{"line":794,"column":51}},"loc":{"start":{"line":794,"column":57},"end":{"line":794,"column":88}},"line":794},"48":{"name":"(anonymous_48)","decl":{"start":{"line":797,"column":64},"end":{"line":797,"column":65}},"loc":{"start":{"line":798,"column":44},"end":{"line":800,"column":53}},"line":798},"49":{"name":"(anonymous_49)","decl":{"start":{"line":812,"column":50},"end":{"line":812,"column":51}},"loc":{"start":{"line":812,"column":57},"end":{"line":812,"column":92}},"line":812},"50":{"name":"(anonymous_50)","decl":{"start":{"line":828,"column":50},"end":{"line":828,"column":51}},"loc":{"start":{"line":828,"column":57},"end":{"line":828,"column":90}},"line":828},"51":{"name":"(anonymous_51)","decl":{"start":{"line":848,"column":54},"end":{"line":848,"column":55}},"loc":{"start":{"line":848,"column":61},"end":{"line":848,"column":92}},"line":848},"52":{"name":"(anonymous_52)","decl":{"start":{"line":866,"column":30},"end":{"line":866,"column":31}},"loc":{"start":{"line":866,"column":36},"end":{"line":878,"column":29}},"line":866},"53":{"name":"(anonymous_53)","decl":{"start":{"line":868,"column":72},"end":{"line":868,"column":73}},"loc":{"start":{"line":869,"column":36},"end":{"line":870,"column":104}},"line":869},"54":{"name":"(anonymous_54)","decl":{"start":{"line":899,"column":78},"end":{"line":899,"column":79}},"loc":{"start":{"line":899,"column":95},"end":{"line":1093,"column":29}},"line":899},"55":{"name":"(anonymous_55)","decl":{"start":{"line":907,"column":58},"end":{"line":907,"column":59}},"loc":{"start":{"line":907,"column":64},"end":{"line":915,"column":57}},"line":907},"56":{"name":"(anonymous_56)","decl":{"start":{"line":916,"column":58},"end":{"line":916,"column":59}},"loc":{"start":{"line":916,"column":64},"end":{"line":934,"column":57}},"line":916},"57":{"name":"(anonymous_57)","decl":{"start":{"line":947,"column":69},"end":{"line":947,"column":70}},"loc":{"start":{"line":947,"column":76},"end":{"line":950,"column":61}},"line":947},"58":{"name":"(anonymous_58)","decl":{"start":{"line":959,"column":69},"end":{"line":959,"column":70}},"loc":{"start":{"line":959,"column":76},"end":{"line":962,"column":61}},"line":959},"59":{"name":"(anonymous_59)","decl":{"start":{"line":970,"column":65},"end":{"line":970,"column":66}},"loc":{"start":{"line":970,"column":72},"end":{"line":983,"column":57}},"line":970},"60":{"name":"(anonymous_60)","decl":{"start":{"line":994,"column":69},"end":{"line":994,"column":70}},"loc":{"start":{"line":995,"column":56},"end":{"line":1009,"column":62}},"line":995},"61":{"name":"(anonymous_61)","decl":{"start":{"line":1039,"column":54},"end":{"line":1039,"column":55}},"loc":{"start":{"line":1039,"column":60},"end":{"line":1080,"column":53}},"line":1039},"62":{"name":"(anonymous_62)","decl":{"start":{"line":1045,"column":77},"end":{"line":1045,"column":78}},"loc":{"start":{"line":1045,"column":83},"end":{"line":1048,"column":69}},"line":1045},"63":{"name":"(anonymous_63)","decl":{"start":{"line":1056,"column":77},"end":{"line":1056,"column":78}},"loc":{"start":{"line":1056,"column":83},"end":{"line":1060,"column":69}},"line":1056},"64":{"name":"(anonymous_64)","decl":{"start":{"line":1068,"column":77},"end":{"line":1068,"column":78}},"loc":{"start":{"line":1068,"column":83},"end":{"line":1072,"column":69}},"line":1068},"65":{"name":"(anonymous_65)","decl":{"start":{"line":1104,"column":30},"end":{"line":1104,"column":31}},"loc":{"start":{"line":1105,"column":8},"end":{"line":1240,"column":14}},"line":1105},"66":{"name":"(anonymous_66)","decl":{"start":{"line":1117,"column":45},"end":{"line":1117,"column":46}},"loc":{"start":{"line":1117,"column":51},"end":{"line":1117,"column":77}},"line":1117},"67":{"name":"(anonymous_67)","decl":{"start":{"line":1135,"column":50},"end":{"line":1135,"column":51}},"loc":{"start":{"line":1135,"column":57},"end":{"line":1135,"column":113}},"line":1135},"68":{"name":"(anonymous_68)","decl":{"start":{"line":1154,"column":50},"end":{"line":1154,"column":51}},"loc":{"start":{"line":1154,"column":57},"end":{"line":1154,"column":120}},"line":1154},"69":{"name":"(anonymous_69)","decl":{"start":{"line":1174,"column":58},"end":{"line":1174,"column":59}},"loc":{"start":{"line":1174,"column":65},"end":{"line":1174,"column":121}},"line":1174},"70":{"name":"(anonymous_70)","decl":{"start":{"line":1176,"column":67},"end":{"line":1176,"column":68}},"loc":{"start":{"line":1177,"column":52},"end":{"line":1179,"column":61}},"line":1177},"71":{"name":"(anonymous_71)","decl":{"start":{"line":1193,"column":58},"end":{"line":1193,"column":59}},"loc":{"start":{"line":1193,"column":65},"end":{"line":1193,"column":122}},"line":1193},"72":{"name":"(anonymous_72)","decl":{"start":{"line":1195,"column":68},"end":{"line":1195,"column":69}},"loc":{"start":{"line":1196,"column":52},"end":{"line":1198,"column":61}},"line":1196},"73":{"name":"(anonymous_73)","decl":{"start":{"line":1211,"column":50},"end":{"line":1211,"column":51}},"loc":{"start":{"line":1211,"column":57},"end":{"line":1211,"column":119}},"line":1211},"74":{"name":"(anonymous_74)","decl":{"start":{"line":1222,"column":49},"end":{"line":1222,"column":50}},"loc":{"start":{"line":1222,"column":55},"end":{"line":1222,"column":81}},"line":1222},"75":{"name":"(anonymous_75)","decl":{"start":{"line":1246,"column":31},"end":{"line":1246,"column":32}},"loc":{"start":{"line":1247,"column":8},"end":{"line":1402,"column":14}},"line":1247},"76":{"name":"(anonymous_76)","decl":{"start":{"line":1259,"column":45},"end":{"line":1259,"column":46}},"loc":{"start":{"line":1259,"column":51},"end":{"line":1269,"column":37}},"line":1259},"77":{"name":"(anonymous_77)","decl":{"start":{"line":1287,"column":50},"end":{"line":1287,"column":51}},"loc":{"start":{"line":1287,"column":57},"end":{"line":1287,"column":113}},"line":1287},"78":{"name":"(anonymous_78)","decl":{"start":{"line":1306,"column":50},"end":{"line":1306,"column":51}},"loc":{"start":{"line":1306,"column":57},"end":{"line":1306,"column":120}},"line":1306},"79":{"name":"(anonymous_79)","decl":{"start":{"line":1326,"column":58},"end":{"line":1326,"column":59}},"loc":{"start":{"line":1326,"column":65},"end":{"line":1326,"column":121}},"line":1326},"80":{"name":"(anonymous_80)","decl":{"start":{"line":1328,"column":67},"end":{"line":1328,"column":68}},"loc":{"start":{"line":1329,"column":52},"end":{"line":1331,"column":61}},"line":1329},"81":{"name":"(anonymous_81)","decl":{"start":{"line":1345,"column":58},"end":{"line":1345,"column":59}},"loc":{"start":{"line":1345,"column":65},"end":{"line":1345,"column":122}},"line":1345},"82":{"name":"(anonymous_82)","decl":{"start":{"line":1347,"column":68},"end":{"line":1347,"column":69}},"loc":{"start":{"line":1348,"column":52},"end":{"line":1350,"column":61}},"line":1348},"83":{"name":"(anonymous_83)","decl":{"start":{"line":1363,"column":50},"end":{"line":1363,"column":51}},"loc":{"start":{"line":1363,"column":57},"end":{"line":1363,"column":119}},"line":1363},"84":{"name":"(anonymous_84)","decl":{"start":{"line":1374,"column":49},"end":{"line":1374,"column":50}},"loc":{"start":{"line":1374,"column":55},"end":{"line":1384,"column":41}},"line":1374},"85":{"name":"(anonymous_85)","decl":{"start":{"line":1408,"column":26},"end":{"line":1408,"column":27}},"loc":{"start":{"line":1409,"column":8},"end":{"line":1598,"column":14}},"line":1409},"86":{"name":"(anonymous_86)","decl":{"start":{"line":1421,"column":45},"end":{"line":1421,"column":46}},"loc":{"start":{"line":1421,"column":51},"end":{"line":1421,"column":77}},"line":1421},"87":{"name":"(anonymous_87)","decl":{"start":{"line":1438,"column":50},"end":{"line":1438,"column":51}},"loc":{"start":{"line":1438,"column":57},"end":{"line":1438,"column":111}},"line":1438},"88":{"name":"(anonymous_88)","decl":{"start":{"line":1441,"column":56},"end":{"line":1441,"column":57}},"loc":{"start":{"line":1442,"column":44},"end":{"line":1444,"column":53}},"line":1442},"89":{"name":"(anonymous_89)","decl":{"start":{"line":1463,"column":50},"end":{"line":1463,"column":51}},"loc":{"start":{"line":1463,"column":57},"end":{"line":1463,"column":109}},"line":1463},"90":{"name":"(anonymous_90)","decl":{"start":{"line":1477,"column":57},"end":{"line":1477,"column":58}},"loc":{"start":{"line":1478,"column":40},"end":{"line":1500,"column":46}},"line":1478},"91":{"name":"(anonymous_91)","decl":{"start":{"line":1485,"column":44},"end":{"line":1485,"column":45}},"loc":{"start":{"line":1485,"column":50},"end":{"line":1490,"column":35}},"line":1485},"92":{"name":"(anonymous_92)","decl":{"start":{"line":1486,"column":49},"end":{"line":1486,"column":50}},"loc":{"start":{"line":1486,"column":62},"end":{"line":1489,"column":39}},"line":1486},"93":{"name":"(anonymous_93)","decl":{"start":{"line":1497,"column":58},"end":{"line":1497,"column":59}},"loc":{"start":{"line":1497,"column":65},"end":{"line":1497,"column":104}},"line":1497},"94":{"name":"(anonymous_94)","decl":{"start":{"line":1524,"column":58},"end":{"line":1524,"column":59}},"loc":{"start":{"line":1524,"column":65},"end":{"line":1524,"column":119}},"line":1524},"95":{"name":"(anonymous_95)","decl":{"start":{"line":1542,"column":58},"end":{"line":1542,"column":59}},"loc":{"start":{"line":1542,"column":65},"end":{"line":1542,"column":113}},"line":1542},"96":{"name":"(anonymous_96)","decl":{"start":{"line":1558,"column":50},"end":{"line":1558,"column":51}},"loc":{"start":{"line":1558,"column":57},"end":{"line":1558,"column":112}},"line":1558},"97":{"name":"(anonymous_97)","decl":{"start":{"line":1569,"column":50},"end":{"line":1569,"column":51}},"loc":{"start":{"line":1569,"column":57},"end":{"line":1569,"column":111}},"line":1569},"98":{"name":"(anonymous_98)","decl":{"start":{"line":1580,"column":49},"end":{"line":1580,"column":50}},"loc":{"start":{"line":1580,"column":55},"end":{"line":1580,"column":81}},"line":1580},"99":{"name":"(anonymous_99)","decl":{"start":{"line":1604,"column":27},"end":{"line":1604,"column":28}},"loc":{"start":{"line":1605,"column":8},"end":{"line":1748,"column":14}},"line":1605},"100":{"name":"(anonymous_100)","decl":{"start":{"line":1617,"column":45},"end":{"line":1617,"column":46}},"loc":{"start":{"line":1617,"column":51},"end":{"line":1620,"column":37}},"line":1617},"101":{"name":"(anonymous_101)","decl":{"start":{"line":1639,"column":54},"end":{"line":1639,"column":55}},"loc":{"start":{"line":1639,"column":61},"end":{"line":1639,"column":121}},"line":1639},"102":{"name":"(anonymous_102)","decl":{"start":{"line":1647,"column":65},"end":{"line":1647,"column":66}},"loc":{"start":{"line":1648,"column":44},"end":{"line":1671,"column":50}},"line":1648},"103":{"name":"(anonymous_103)","decl":{"start":{"line":1655,"column":48},"end":{"line":1655,"column":49}},"loc":{"start":{"line":1655,"column":54},"end":{"line":1662,"column":39}},"line":1655},"104":{"name":"(anonymous_104)","decl":{"start":{"line":1669,"column":62},"end":{"line":1669,"column":63}},"loc":{"start":{"line":1669,"column":69},"end":{"line":1669,"column":112}},"line":1669},"105":{"name":"(anonymous_105)","decl":{"start":{"line":1685,"column":62},"end":{"line":1685,"column":63}},"loc":{"start":{"line":1685,"column":69},"end":{"line":1685,"column":131}},"line":1685},"106":{"name":"(anonymous_106)","decl":{"start":{"line":1703,"column":62},"end":{"line":1703,"column":63}},"loc":{"start":{"line":1703,"column":69},"end":{"line":1703,"column":125}},"line":1703},"107":{"name":"(anonymous_107)","decl":{"start":{"line":1718,"column":54},"end":{"line":1718,"column":55}},"loc":{"start":{"line":1718,"column":61},"end":{"line":1718,"column":124}},"line":1718},"108":{"name":"(anonymous_108)","decl":{"start":{"line":1726,"column":53},"end":{"line":1726,"column":54}},"loc":{"start":{"line":1726,"column":59},"end":{"line":1729,"column":45}},"line":1726}},"branchMap":{"0":{"loc":{"start":{"line":135,"column":8},"end":{"line":137,"column":9}},"type":"if","locations":[{"start":{"line":135,"column":8},"end":{"line":137,"column":9}},{"start":{},"end":{}}],"line":135},"1":{"loc":{"start":{"line":140,"column":8},"end":{"line":147,"column":9}},"type":"if","locations":[{"start":{"line":140,"column":8},"end":{"line":147,"column":9}},{"start":{},"end":{}}],"line":140},"2":{"loc":{"start":{"line":142,"column":16},"end":{"line":145,"column":18}},"type":"binary-expr","locations":[{"start":{"line":142,"column":16},"end":{"line":142,"column":78}},{"start":{"line":143,"column":17},"end":{"line":143,"column":26}},{"start":{"line":143,"column":30},"end":{"line":143,"column":54}},{"start":{"line":143,"column":58},"end":{"line":145,"column":17}}],"line":142},"3":{"loc":{"start":{"line":144,"column":20},"end":{"line":144,"column":99}},"type":"binary-expr","locations":[{"start":{"line":144,"column":20},"end":{"line":144,"column":43}},{"start":{"line":144,"column":47},"end":{"line":144,"column":99}}],"line":144},"4":{"loc":{"start":{"line":150,"column":8},"end":{"line":152,"column":9}},"type":"if","locations":[{"start":{"line":150,"column":8},"end":{"line":152,"column":9}},{"start":{},"end":{}}],"line":150},"5":{"loc":{"start":{"line":155,"column":8},"end":{"line":157,"column":9}},"type":"if","locations":[{"start":{"line":155,"column":8},"end":{"line":157,"column":9}},{"start":{},"end":{}}],"line":155},"6":{"loc":{"start":{"line":160,"column":8},"end":{"line":167,"column":9}},"type":"if","locations":[{"start":{"line":160,"column":8},"end":{"line":167,"column":9}},{"start":{},"end":{}}],"line":160},"7":{"loc":{"start":{"line":161,"column":49},"end":{"line":161,"column":99}},"type":"binary-expr","locations":[{"start":{"line":161,"column":49},"end":{"line":161,"column":91}},{"start":{"line":161,"column":95},"end":{"line":161,"column":99}}],"line":161},"8":{"loc":{"start":{"line":162,"column":12},"end":{"line":166,"column":13}},"type":"if","locations":[{"start":{"line":162,"column":12},"end":{"line":166,"column":13}},{"start":{"line":164,"column":19},"end":{"line":166,"column":13}}],"line":162},"9":{"loc":{"start":{"line":164,"column":19},"end":{"line":166,"column":13}},"type":"if","locations":[{"start":{"line":164,"column":19},"end":{"line":166,"column":13}},{"start":{},"end":{}}],"line":164},"10":{"loc":{"start":{"line":170,"column":8},"end":{"line":175,"column":9}},"type":"if","locations":[{"start":{"line":170,"column":8},"end":{"line":175,"column":9}},{"start":{},"end":{}}],"line":170},"11":{"loc":{"start":{"line":189,"column":8},"end":{"line":193,"column":9}},"type":"if","locations":[{"start":{"line":189,"column":8},"end":{"line":193,"column":9}},{"start":{},"end":{}}],"line":189},"12":{"loc":{"start":{"line":189,"column":12},"end":{"line":191,"column":58}},"type":"binary-expr","locations":[{"start":{"line":189,"column":12},"end":{"line":189,"column":31}},{"start":{"line":189,"column":35},"end":{"line":189,"column":49}},{"start":{"line":190,"column":12},"end":{"line":190,"column":63}},{"start":{"line":191,"column":12},"end":{"line":191,"column":58}}],"line":189},"13":{"loc":{"start":{"line":190,"column":23},"end":{"line":190,"column":49}},"type":"binary-expr","locations":[{"start":{"line":190,"column":23},"end":{"line":190,"column":41}},{"start":{"line":190,"column":45},"end":{"line":190,"column":49}}],"line":190},"14":{"loc":{"start":{"line":191,"column":23},"end":{"line":191,"column":44}},"type":"binary-expr","locations":[{"start":{"line":191,"column":23},"end":{"line":191,"column":36}},{"start":{"line":191,"column":40},"end":{"line":191,"column":44}}],"line":191},"15":{"loc":{"start":{"line":225,"column":8},"end":{"line":225,"column":59}},"type":"if","locations":[{"start":{"line":225,"column":8},"end":{"line":225,"column":59}},{"start":{},"end":{}}],"line":225},"16":{"loc":{"start":{"line":225,"column":12},"end":{"line":225,"column":48}},"type":"binary-expr","locations":[{"start":{"line":225,"column":12},"end":{"line":225,"column":23}},{"start":{"line":225,"column":27},"end":{"line":225,"column":48}}],"line":225},"17":{"loc":{"start":{"line":226,"column":36},"end":{"line":226,"column":74}},"type":"binary-expr","locations":[{"start":{"line":226,"column":36},"end":{"line":226,"column":40}},{"start":{"line":226,"column":44},"end":{"line":226,"column":74}}],"line":226},"18":{"loc":{"start":{"line":236,"column":8},"end":{"line":238,"column":9}},"type":"if","locations":[{"start":{"line":236,"column":8},"end":{"line":238,"column":9}},{"start":{},"end":{}}],"line":236},"19":{"loc":{"start":{"line":236,"column":12},"end":{"line":236,"column":73}},"type":"binary-expr","locations":[{"start":{"line":236,"column":12},"end":{"line":236,"column":24}},{"start":{"line":236,"column":28},"end":{"line":236,"column":45}},{"start":{"line":236,"column":49},"end":{"line":236,"column":73}}],"line":236},"20":{"loc":{"start":{"line":241,"column":8},"end":{"line":245,"column":9}},"type":"if","locations":[{"start":{"line":241,"column":8},"end":{"line":245,"column":9}},{"start":{},"end":{}}],"line":241},"21":{"loc":{"start":{"line":241,"column":12},"end":{"line":243,"column":74}},"type":"binary-expr","locations":[{"start":{"line":241,"column":12},"end":{"line":241,"column":37}},{"start":{"line":241,"column":41},"end":{"line":241,"column":52}},{"start":{"line":241,"column":56},"end":{"line":241,"column":72}},{"start":{"line":242,"column":12},"end":{"line":243,"column":74}}],"line":241},"22":{"loc":{"start":{"line":242,"column":35},"end":{"line":243,"column":73}},"type":"binary-expr","locations":[{"start":{"line":242,"column":35},"end":{"line":242,"column":38}},{"start":{"line":242,"column":42},"end":{"line":242,"column":50}},{"start":{"line":243,"column":16},"end":{"line":243,"column":73}}],"line":242},"23":{"loc":{"start":{"line":248,"column":8},"end":{"line":250,"column":9}},"type":"if","locations":[{"start":{"line":248,"column":8},"end":{"line":250,"column":9}},{"start":{},"end":{}}],"line":248},"24":{"loc":{"start":{"line":248,"column":12},"end":{"line":248,"column":87}},"type":"binary-expr","locations":[{"start":{"line":248,"column":12},"end":{"line":248,"column":24}},{"start":{"line":248,"column":28},"end":{"line":248,"column":52}},{"start":{"line":248,"column":56},"end":{"line":248,"column":87}}],"line":248},"25":{"loc":{"start":{"line":263,"column":8},"end":{"line":265,"column":9}},"type":"if","locations":[{"start":{"line":263,"column":8},"end":{"line":265,"column":9}},{"start":{},"end":{}}],"line":263},"26":{"loc":{"start":{"line":263,"column":12},"end":{"line":263,"column":69}},"type":"binary-expr","locations":[{"start":{"line":263,"column":12},"end":{"line":263,"column":20}},{"start":{"line":263,"column":24},"end":{"line":263,"column":41}},{"start":{"line":263,"column":45},"end":{"line":263,"column":69}}],"line":263},"27":{"loc":{"start":{"line":268,"column":8},"end":{"line":270,"column":9}},"type":"if","locations":[{"start":{"line":268,"column":8},"end":{"line":270,"column":9}},{"start":{},"end":{}}],"line":268},"28":{"loc":{"start":{"line":268,"column":12},"end":{"line":268,"column":43}},"type":"binary-expr","locations":[{"start":{"line":268,"column":12},"end":{"line":268,"column":20}},{"start":{"line":268,"column":24},"end":{"line":268,"column":43}}],"line":268},"29":{"loc":{"start":{"line":273,"column":8},"end":{"line":282,"column":9}},"type":"if","locations":[{"start":{"line":273,"column":8},"end":{"line":282,"column":9}},{"start":{"line":280,"column":15},"end":{"line":282,"column":9}}],"line":273},"30":{"loc":{"start":{"line":273,"column":12},"end":{"line":273,"column":53}},"type":"binary-expr","locations":[{"start":{"line":273,"column":12},"end":{"line":273,"column":19}},{"start":{"line":273,"column":23},"end":{"line":273,"column":53}}],"line":273},"31":{"loc":{"start":{"line":275,"column":16},"end":{"line":275,"column":59}},"type":"binary-expr","locations":[{"start":{"line":275,"column":16},"end":{"line":275,"column":42}},{"start":{"line":275,"column":46},"end":{"line":275,"column":59}}],"line":275},"32":{"loc":{"start":{"line":277,"column":12},"end":{"line":279,"column":13}},"type":"if","locations":[{"start":{"line":277,"column":12},"end":{"line":279,"column":13}},{"start":{},"end":{}}],"line":277},"33":{"loc":{"start":{"line":285,"column":8},"end":{"line":287,"column":9}},"type":"if","locations":[{"start":{"line":285,"column":8},"end":{"line":287,"column":9}},{"start":{},"end":{}}],"line":285},"34":{"loc":{"start":{"line":285,"column":12},"end":{"line":285,"column":93}},"type":"binary-expr","locations":[{"start":{"line":285,"column":12},"end":{"line":285,"column":20}},{"start":{"line":285,"column":24},"end":{"line":285,"column":54}},{"start":{"line":285,"column":58},"end":{"line":285,"column":93}}],"line":285},"35":{"loc":{"start":{"line":297,"column":8},"end":{"line":297,"column":40}},"type":"if","locations":[{"start":{"line":297,"column":8},"end":{"line":297,"column":40}},{"start":{},"end":{}}],"line":297},"36":{"loc":{"start":{"line":312,"column":8},"end":{"line":314,"column":9}},"type":"if","locations":[{"start":{"line":312,"column":8},"end":{"line":314,"column":9}},{"start":{},"end":{}}],"line":312},"37":{"loc":{"start":{"line":336,"column":8},"end":{"line":336,"column":36}},"type":"if","locations":[{"start":{"line":336,"column":8},"end":{"line":336,"column":36}},{"start":{},"end":{}}],"line":336},"38":{"loc":{"start":{"line":351,"column":8},"end":{"line":353,"column":9}},"type":"if","locations":[{"start":{"line":351,"column":8},"end":{"line":353,"column":9}},{"start":{},"end":{}}],"line":351},"39":{"loc":{"start":{"line":377,"column":8},"end":{"line":381,"column":9}},"type":"if","locations":[{"start":{"line":377,"column":8},"end":{"line":381,"column":9}},{"start":{},"end":{}}],"line":377},"40":{"loc":{"start":{"line":389,"column":12},"end":{"line":393,"column":13}},"type":"if","locations":[{"start":{"line":389,"column":12},"end":{"line":393,"column":13}},{"start":{},"end":{}}],"line":389},"41":{"loc":{"start":{"line":407,"column":18},"end":{"line":407,"column":50}},"type":"binary-expr","locations":[{"start":{"line":407,"column":18},"end":{"line":407,"column":31}},{"start":{"line":407,"column":35},"end":{"line":407,"column":50}}],"line":407},"42":{"loc":{"start":{"line":408,"column":19},"end":{"line":408,"column":46}},"type":"binary-expr","locations":[{"start":{"line":408,"column":19},"end":{"line":408,"column":33}},{"start":{"line":408,"column":37},"end":{"line":408,"column":46}}],"line":408},"43":{"loc":{"start":{"line":409,"column":22},"end":{"line":409,"column":47}},"type":"binary-expr","locations":[{"start":{"line":409,"column":22},"end":{"line":409,"column":39}},{"start":{"line":409,"column":43},"end":{"line":409,"column":47}}],"line":409},"44":{"loc":{"start":{"line":410,"column":27},"end":{"line":410,"column":55}},"type":"binary-expr","locations":[{"start":{"line":410,"column":27},"end":{"line":410,"column":49}},{"start":{"line":410,"column":53},"end":{"line":410,"column":55}}],"line":410},"45":{"loc":{"start":{"line":419,"column":8},"end":{"line":419,"column":40}},"type":"if","locations":[{"start":{"line":419,"column":8},"end":{"line":419,"column":40}},{"start":{},"end":{}}],"line":419},"46":{"loc":{"start":{"line":451,"column":18},"end":{"line":451,"column":77}},"type":"cond-expr","locations":[{"start":{"line":451,"column":45},"end":{"line":451,"column":65}},{"start":{"line":451,"column":68},"end":{"line":451,"column":77}}],"line":451},"47":{"loc":{"start":{"line":460,"column":8},"end":{"line":463,"column":9}},"type":"if","locations":[{"start":{"line":460,"column":8},"end":{"line":463,"column":9}},{"start":{},"end":{}}],"line":460},"48":{"loc":{"start":{"line":468,"column":18},"end":{"line":470,"column":32}},"type":"cond-expr","locations":[{"start":{"line":469,"column":16},"end":{"line":469,"column":77}},{"start":{"line":470,"column":16},"end":{"line":470,"column":32}}],"line":468},"49":{"loc":{"start":{"line":484,"column":8},"end":{"line":484,"column":64}},"type":"if","locations":[{"start":{"line":484,"column":8},"end":{"line":484,"column":64}},{"start":{},"end":{}}],"line":484},"50":{"loc":{"start":{"line":484,"column":12},"end":{"line":484,"column":55}},"type":"binary-expr","locations":[{"start":{"line":484,"column":12},"end":{"line":484,"column":20}},{"start":{"line":484,"column":24},"end":{"line":484,"column":55}}],"line":484},"51":{"loc":{"start":{"line":487,"column":28},"end":{"line":487,"column":39}},"type":"binary-expr","locations":[{"start":{"line":487,"column":28},"end":{"line":487,"column":33}},{"start":{"line":487,"column":37},"end":{"line":487,"column":39}}],"line":487},"52":{"loc":{"start":{"line":500,"column":8},"end":{"line":500,"column":72}},"type":"if","locations":[{"start":{"line":500,"column":8},"end":{"line":500,"column":72}},{"start":{},"end":{}}],"line":500},"53":{"loc":{"start":{"line":500,"column":12},"end":{"line":500,"column":63}},"type":"binary-expr","locations":[{"start":{"line":500,"column":12},"end":{"line":500,"column":24}},{"start":{"line":500,"column":28},"end":{"line":500,"column":63}}],"line":500},"54":{"loc":{"start":{"line":503,"column":28},"end":{"line":503,"column":39}},"type":"binary-expr","locations":[{"start":{"line":503,"column":28},"end":{"line":503,"column":33}},{"start":{"line":503,"column":37},"end":{"line":503,"column":39}}],"line":503},"55":{"loc":{"start":{"line":518,"column":19},"end":{"line":518,"column":56}},"type":"cond-expr","locations":[{"start":{"line":518,"column":44},"end":{"line":518,"column":51}},{"start":{"line":518,"column":54},"end":{"line":518,"column":56}}],"line":518},"56":{"loc":{"start":{"line":582,"column":25},"end":{"line":675,"column":25}},"type":"cond-expr","locations":[{"start":{"line":583,"column":28},"end":{"line":588,"column":34}},{"start":{"line":590,"column":28},"end":{"line":674,"column":30}}],"line":582},"57":{"loc":{"start":{"line":590,"column":28},"end":{"line":674,"column":30}},"type":"binary-expr","locations":[{"start":{"line":590,"column":28},"end":{"line":590,"column":53}},{"start":{"line":590,"column":57},"end":{"line":674,"column":30}}],"line":590},"58":{"loc":{"start":{"line":590,"column":93},"end":{"line":674,"column":29}},"type":"binary-expr","locations":[{"start":{"line":590,"column":93},"end":{"line":590,"column":101}},{"start":{"line":591,"column":32},"end":{"line":673,"column":38}}],"line":590},"59":{"loc":{"start":{"line":591,"column":42},"end":{"line":591,"column":76}},"type":"binary-expr","locations":[{"start":{"line":591,"column":42},"end":{"line":591,"column":53}},{"start":{"line":591,"column":57},"end":{"line":591,"column":76}}],"line":591},"60":{"loc":{"start":{"line":593,"column":66},"end":{"line":593,"column":121}},"type":"cond-expr","locations":[{"start":{"line":593,"column":95},"end":{"line":593,"column":109}},{"start":{"line":593,"column":112},"end":{"line":593,"column":121}}],"line":593},"61":{"loc":{"start":{"line":593,"column":66},"end":{"line":593,"column":92}},"type":"binary-expr","locations":[{"start":{"line":593,"column":66},"end":{"line":593,"column":74}},{"start":{"line":593,"column":78},"end":{"line":593,"column":92}}],"line":593},"62":{"loc":{"start":{"line":595,"column":55},"end":{"line":595,"column":94}},"type":"binary-expr","locations":[{"start":{"line":595,"column":55},"end":{"line":595,"column":63}},{"start":{"line":595,"column":67},"end":{"line":595,"column":94}}],"line":595},"63":{"loc":{"start":{"line":597,"column":74},"end":{"line":597,"column":129}},"type":"cond-expr","locations":[{"start":{"line":597,"column":103},"end":{"line":597,"column":117}},{"start":{"line":597,"column":120},"end":{"line":597,"column":129}}],"line":597},"64":{"loc":{"start":{"line":597,"column":74},"end":{"line":597,"column":100}},"type":"binary-expr","locations":[{"start":{"line":597,"column":74},"end":{"line":597,"column":82}},{"start":{"line":597,"column":86},"end":{"line":597,"column":100}}],"line":597},"65":{"loc":{"start":{"line":600,"column":69},"end":{"line":600,"column":128}},"type":"cond-expr","locations":[{"start":{"line":600,"column":97},"end":{"line":600,"column":110}},{"start":{"line":600,"column":113},"end":{"line":600,"column":128}}],"line":600},"66":{"loc":{"start":{"line":600,"column":69},"end":{"line":600,"column":94}},"type":"binary-expr","locations":[{"start":{"line":600,"column":69},"end":{"line":600,"column":77}},{"start":{"line":600,"column":81},"end":{"line":600,"column":94}}],"line":600},"67":{"loc":{"start":{"line":601,"column":53},"end":{"line":601,"column":119}},"type":"cond-expr","locations":[{"start":{"line":601,"column":81},"end":{"line":601,"column":94}},{"start":{"line":601,"column":97},"end":{"line":601,"column":119}}],"line":601},"68":{"loc":{"start":{"line":601,"column":53},"end":{"line":601,"column":78}},"type":"binary-expr","locations":[{"start":{"line":601,"column":53},"end":{"line":601,"column":61}},{"start":{"line":601,"column":65},"end":{"line":601,"column":78}}],"line":601},"69":{"loc":{"start":{"line":609,"column":56},"end":{"line":613,"column":57}},"type":"if","locations":[{"start":{"line":609,"column":56},"end":{"line":613,"column":57}},{"start":{"line":611,"column":63},"end":{"line":613,"column":57}}],"line":609},"70":{"loc":{"start":{"line":611,"column":63},"end":{"line":613,"column":57}},"type":"if","locations":[{"start":{"line":611,"column":63},"end":{"line":613,"column":57}},{"start":{},"end":{}}],"line":611},"71":{"loc":{"start":{"line":622,"column":70},"end":{"line":622,"column":158}},"type":"cond-expr","locations":[{"start":{"line":622,"column":105},"end":{"line":622,"column":125}},{"start":{"line":622,"column":128},"end":{"line":622,"column":158}}],"line":622},"72":{"loc":{"start":{"line":622,"column":70},"end":{"line":622,"column":102}},"type":"binary-expr","locations":[{"start":{"line":622,"column":70},"end":{"line":622,"column":78}},{"start":{"line":622,"column":82},"end":{"line":622,"column":102}}],"line":622},"73":{"loc":{"start":{"line":626,"column":29},"end":{"line":626,"column":95}},"type":"cond-expr","locations":[{"start":{"line":626,"column":55},"end":{"line":626,"column":91}},{"start":{"line":626,"column":94},"end":{"line":626,"column":95}}],"line":626},"74":{"loc":{"start":{"line":626,"column":29},"end":{"line":626,"column":52}},"type":"binary-expr","locations":[{"start":{"line":626,"column":29},"end":{"line":626,"column":37}},{"start":{"line":626,"column":41},"end":{"line":626,"column":52}}],"line":626},"75":{"loc":{"start":{"line":630,"column":53},"end":{"line":630,"column":112}},"type":"cond-expr","locations":[{"start":{"line":630,"column":83},"end":{"line":630,"column":98}},{"start":{"line":630,"column":101},"end":{"line":630,"column":112}}],"line":630},"76":{"loc":{"start":{"line":630,"column":53},"end":{"line":630,"column":80}},"type":"binary-expr","locations":[{"start":{"line":630,"column":53},"end":{"line":630,"column":61}},{"start":{"line":630,"column":65},"end":{"line":630,"column":80}}],"line":630},"77":{"loc":{"start":{"line":637,"column":63},"end":{"line":637,"column":155}},"type":"cond-expr","locations":[{"start":{"line":637,"column":94},"end":{"line":637,"column":141}},{"start":{"line":637,"column":144},"end":{"line":637,"column":155}}],"line":637},"78":{"loc":{"start":{"line":637,"column":63},"end":{"line":637,"column":91}},"type":"binary-expr","locations":[{"start":{"line":637,"column":63},"end":{"line":637,"column":71}},{"start":{"line":637,"column":75},"end":{"line":637,"column":91}}],"line":637},"79":{"loc":{"start":{"line":644,"column":60},"end":{"line":646,"column":61}},"type":"if","locations":[{"start":{"line":644,"column":60},"end":{"line":646,"column":61}},{"start":{},"end":{}}],"line":644},"80":{"loc":{"start":{"line":656,"column":60},"end":{"line":663,"column":61}},"type":"if","locations":[{"start":{"line":656,"column":60},"end":{"line":663,"column":61}},{"start":{},"end":{}}],"line":656},"81":{"loc":{"start":{"line":656,"column":64},"end":{"line":656,"column":87}},"type":"binary-expr","locations":[{"start":{"line":656,"column":64},"end":{"line":656,"column":72}},{"start":{"line":656,"column":76},"end":{"line":656,"column":87}}],"line":656},"82":{"loc":{"start":{"line":692,"column":49},"end":{"line":692,"column":141}},"type":"cond-expr","locations":[{"start":{"line":692,"column":99},"end":{"line":692,"column":123}},{"start":{"line":692,"column":126},"end":{"line":692,"column":141}}],"line":692},"83":{"loc":{"start":{"line":692,"column":49},"end":{"line":692,"column":96}},"type":"binary-expr","locations":[{"start":{"line":692,"column":49},"end":{"line":692,"column":68}},{"start":{"line":692,"column":72},"end":{"line":692,"column":96}}],"line":692},"84":{"loc":{"start":{"line":693,"column":33},"end":{"line":693,"column":121}},"type":"cond-expr","locations":[{"start":{"line":693,"column":83},"end":{"line":693,"column":107}},{"start":{"line":693,"column":110},"end":{"line":693,"column":121}}],"line":693},"85":{"loc":{"start":{"line":693,"column":33},"end":{"line":693,"column":80}},"type":"binary-expr","locations":[{"start":{"line":693,"column":33},"end":{"line":693,"column":52}},{"start":{"line":693,"column":56},"end":{"line":693,"column":80}}],"line":693},"86":{"loc":{"start":{"line":695,"column":60},"end":{"line":695,"column":181}},"type":"cond-expr","locations":[{"start":{"line":695,"column":117},"end":{"line":695,"column":148}},{"start":{"line":695,"column":151},"end":{"line":695,"column":181}}],"line":695},"87":{"loc":{"start":{"line":695,"column":60},"end":{"line":695,"column":114}},"type":"binary-expr","locations":[{"start":{"line":695,"column":60},"end":{"line":695,"column":79}},{"start":{"line":695,"column":83},"end":{"line":695,"column":114}}],"line":695},"88":{"loc":{"start":{"line":708,"column":36},"end":{"line":715,"column":37}},"type":"if","locations":[{"start":{"line":708,"column":36},"end":{"line":715,"column":37}},{"start":{},"end":{}}],"line":708},"89":{"loc":{"start":{"line":708,"column":40},"end":{"line":708,"column":85}},"type":"binary-expr","locations":[{"start":{"line":708,"column":40},"end":{"line":708,"column":59}},{"start":{"line":708,"column":63},"end":{"line":708,"column":85}}],"line":708},"90":{"loc":{"start":{"line":837,"column":29},"end":{"line":857,"column":29}},"type":"binary-expr","locations":[{"start":{"line":837,"column":29},"end":{"line":837,"column":66}},{"start":{"line":838,"column":32},"end":{"line":856,"column":38}}],"line":837},"91":{"loc":{"start":{"line":865,"column":47},"end":{"line":865,"column":135}},"type":"cond-expr","locations":[{"start":{"line":865,"column":97},"end":{"line":865,"column":121}},{"start":{"line":865,"column":124},"end":{"line":865,"column":135}}],"line":865},"92":{"loc":{"start":{"line":865,"column":47},"end":{"line":865,"column":94}},"type":"binary-expr","locations":[{"start":{"line":865,"column":47},"end":{"line":865,"column":66}},{"start":{"line":865,"column":70},"end":{"line":865,"column":94}}],"line":865},"93":{"loc":{"start":{"line":865,"column":148},"end":{"line":865,"column":203}},"type":"cond-expr","locations":[{"start":{"line":865,"column":179},"end":{"line":865,"column":199}},{"start":{"line":865,"column":202},"end":{"line":865,"column":203}}],"line":865},"94":{"loc":{"start":{"line":865,"column":210},"end":{"line":865,"column":309}},"type":"cond-expr","locations":[{"start":{"line":865,"column":258},"end":{"line":865,"column":305}},{"start":{"line":865,"column":308},"end":{"line":865,"column":309}}],"line":865},"95":{"loc":{"start":{"line":865,"column":210},"end":{"line":865,"column":255}},"type":"binary-expr","locations":[{"start":{"line":865,"column":210},"end":{"line":865,"column":229}},{"start":{"line":865,"column":233},"end":{"line":865,"column":255}}],"line":865},"96":{"loc":{"start":{"line":867,"column":69},"end":{"line":867,"column":119}},"type":"binary-expr","locations":[{"start":{"line":867,"column":69},"end":{"line":867,"column":111}},{"start":{"line":867,"column":115},"end":{"line":867,"column":119}}],"line":867},"97":{"loc":{"start":{"line":869,"column":36},"end":{"line":870,"column":104}},"type":"binary-expr","locations":[{"start":{"line":869,"column":36},"end":{"line":869,"column":71}},{"start":{"line":870,"column":37},"end":{"line":870,"column":57}},{"start":{"line":870,"column":61},"end":{"line":870,"column":103}}],"line":869},"98":{"loc":{"start":{"line":872,"column":39},"end":{"line":877,"column":40}},"type":"cond-expr","locations":[{"start":{"line":873,"column":36},"end":{"line":876,"column":43}},{"start":{"line":877,"column":36},"end":{"line":877,"column":40}}],"line":872},"99":{"loc":{"start":{"line":881,"column":40},"end":{"line":881,"column":128}},"type":"cond-expr","locations":[{"start":{"line":881,"column":90},"end":{"line":881,"column":114}},{"start":{"line":881,"column":117},"end":{"line":881,"column":128}}],"line":881},"100":{"loc":{"start":{"line":881,"column":40},"end":{"line":881,"column":87}},"type":"binary-expr","locations":[{"start":{"line":881,"column":40},"end":{"line":881,"column":59}},{"start":{"line":881,"column":63},"end":{"line":881,"column":87}}],"line":881},"101":{"loc":{"start":{"line":882,"column":36},"end":{"line":882,"column":128}},"type":"cond-expr","locations":[{"start":{"line":882,"column":88},"end":{"line":882,"column":114}},{"start":{"line":882,"column":117},"end":{"line":882,"column":128}}],"line":882},"102":{"loc":{"start":{"line":882,"column":36},"end":{"line":882,"column":85}},"type":"binary-expr","locations":[{"start":{"line":882,"column":36},"end":{"line":882,"column":55}},{"start":{"line":882,"column":59},"end":{"line":882,"column":85}}],"line":882},"103":{"loc":{"start":{"line":888,"column":25},"end":{"line":1094,"column":25}},"type":"cond-expr","locations":[{"start":{"line":889,"column":28},"end":{"line":897,"column":34}},{"start":{"line":899,"column":28},"end":{"line":1093,"column":30}}],"line":888},"104":{"loc":{"start":{"line":888,"column":25},"end":{"line":888,"column":84}},"type":"binary-expr","locations":[{"start":{"line":888,"column":25},"end":{"line":888,"column":54}},{"start":{"line":888,"column":58},"end":{"line":888,"column":84}}],"line":888},"105":{"loc":{"start":{"line":892,"column":37},"end":{"line":894,"column":97}},"type":"cond-expr","locations":[{"start":{"line":893,"column":40},"end":{"line":893,"column":116}},{"start":{"line":894,"column":40},"end":{"line":894,"column":97}}],"line":892},"106":{"loc":{"start":{"line":892,"column":37},"end":{"line":892,"column":141}},"type":"binary-expr","locations":[{"start":{"line":892,"column":37},"end":{"line":892,"column":57}},{"start":{"line":892,"column":61},"end":{"line":892,"column":84}},{"start":{"line":892,"column":88},"end":{"line":892,"column":141}}],"line":892},"107":{"loc":{"start":{"line":899,"column":28},"end":{"line":1093,"column":30}},"type":"binary-expr","locations":[{"start":{"line":899,"column":28},"end":{"line":899,"column":56}},{"start":{"line":899,"column":60},"end":{"line":1093,"column":30}}],"line":899},"108":{"loc":{"start":{"line":899,"column":95},"end":{"line":1093,"column":29}},"type":"binary-expr","locations":[{"start":{"line":899,"column":95},"end":{"line":899,"column":99}},{"start":{"line":900,"column":32},"end":{"line":1092,"column":38}}],"line":899},"109":{"loc":{"start":{"line":900,"column":42},"end":{"line":900,"column":68}},"type":"binary-expr","locations":[{"start":{"line":900,"column":42},"end":{"line":900,"column":49}},{"start":{"line":900,"column":53},"end":{"line":900,"column":68}}],"line":900},"110":{"loc":{"start":{"line":906,"column":57},"end":{"line":906,"column":87}},"type":"binary-expr","locations":[{"start":{"line":906,"column":57},"end":{"line":906,"column":70}},{"start":{"line":906,"column":74},"end":{"line":906,"column":87}}],"line":906},"111":{"loc":{"start":{"line":908,"column":97},"end":{"line":908,"column":147}},"type":"binary-expr","locations":[{"start":{"line":908,"column":97},"end":{"line":908,"column":139}},{"start":{"line":908,"column":143},"end":{"line":908,"column":147}}],"line":908},"112":{"loc":{"start":{"line":909,"column":67},"end":{"line":914,"column":68}},"type":"cond-expr","locations":[{"start":{"line":910,"column":64},"end":{
[...]
1},"end":{"line":135,"column":92}},"loc":{"start":{"line":135,"column":96},"end":{"line":135,"column":102}},"line":135},"5":{"name":"(anonymous_5)","decl":{"start":{"line":146,"column":4},"end":{"line":146,"column":5}},"loc":{"start":{"line":146,"column":57},"end":{"line":155,"column":5}},"line":146},"6":{"name":"(anonymous_6)","decl":{"start":{"line":165,"column":4},"end":{"line":165,"column":5}},"loc":{"start":{"line":165,"column":64},"end":{"line":224,"column":5}},"line":165},"7":{"name":"(anonymous_7)","decl":{"start":{"line":174,"column":26},"end":{"line":174,"column":27}},"loc":{"start":{"line":174,"column":37},"end":{"line":174,"column":84}},"line":174},"8":{"name":"(anonymous_8)","decl":{"start":{"line":233,"column":4},"end":{"line":233,"column":5}},"loc":{"start":{"line":233,"column":54},"end":{"line":239,"column":5}},"line":233},"9":{"name":"(anonymous_9)","decl":{"start":{"line":247,"column":4},"end":{"line":247,"column":5}},"loc":{"start":{"line":247,"column":39},"end":{"line":271,"column":5}},"line":247},"10":{"name":"(anonymous_10)","decl":{"start":{"line":258,"column":38},"end":{"line":258,"column":39}},"loc":{"start":{"line":258,"column":49},"end":{"line":261,"column":13}},"line":258},"11":{"name":"(anonymous_11)","decl":{"start":{"line":265,"column":31},"end":{"line":265,"column":32}},"loc":{"start":{"line":265,"column":41},"end":{"line":270,"column":9}},"line":265},"12":{"name":"(anonymous_12)","decl":{"start":{"line":280,"column":4},"end":{"line":280,"column":5}},"loc":{"start":{"line":280,"column":57},"end":{"line":315,"column":5}},"line":280},"13":{"name":"(anonymous_13)","decl":{"start":{"line":282,"column":61},"end":{"line":282,"column":62}},"loc":{"start":{"line":282,"column":66},"end":{"line":282,"column":97}},"line":282},"14":{"name":"(anonymous_14)","decl":{"start":{"line":284,"column":35},"end":{"line":284,"column":36}},"loc":{"start":{"line":284,"column":45},"end":{"line":312,"column":9}},"line":284},"15":{"name":"(anonymous_15)","decl":{"start":{"line":285,"column":52},"end":{"line":285,"column":53}},"loc":{"start":{"line":285,"column":57},"end":{"line":285,"column":81}},"line":285},"16":{"name":"(anonymous_16)","decl":{"start":{"line":323,"column":4},"end":{"line":323,"column":5}},"loc":{"start":{"line":323,"column":46},"end":{"line":349,"column":5}},"line":323},"17":{"name":"(anonymous_17)","decl":{"start":{"line":326,"column":30},"end":{"line":326,"column":31}},"loc":{"start":{"line":326,"column":40},"end":{"line":345,"column":9}},"line":326},"18":{"name":"(anonymous_18)","decl":{"start":{"line":327,"column":51},"end":{"line":327,"column":52}},"loc":{"start":{"line":327,"column":56},"end":{"line":327,"column":80}},"line":327},"19":{"name":"(anonymous_19)","decl":{"start":{"line":348,"column":28},"end":{"line":348,"column":29}},"loc":{"start":{"line":348,"column":38},"end":{"line":348,"column":69}},"line":348},"20":{"name":"(anonymous_20)","decl":{"start":{"line":357,"column":4},"end":{"line":357,"column":5}},"loc":{"start":{"line":357,"column":39},"end":{"line":366,"column":5}},"line":357},"21":{"name":"(anonymous_21)","decl":{"start":{"line":374,"column":4},"end":{"line":374,"column":5}},"loc":{"start":{"line":374,"column":40},"end":{"line":423,"column":5}},"line":374},"22":{"name":"(anonymous_22)","decl":{"start":{"line":376,"column":61},"end":{"line":376,"column":62}},"loc":{"start":{"line":376,"column":66},"end":{"line":376,"column":97}},"line":376},"23":{"name":"(anonymous_23)","decl":{"start":{"line":378,"column":35},"end":{"line":378,"column":36}},"loc":{"start":{"line":378,"column":45},"end":{"line":420,"column":9}},"line":378},"24":{"name":"(anonymous_24)","decl":{"start":{"line":379,"column":52},"end":{"line":379,"column":53}},"loc":{"start":{"line":379,"column":57},"end":{"line":379,"column":81}},"line":379},"25":{"name":"(anonymous_25)","decl":{"start":{"line":430,"column":4},"end":{"line":430,"column":5}},"loc":{"start":{"line":430,"column":12},"end":{"line":435,"column":5}},"line":430},"26":{"name":"(anonymous_26)","decl":{"start":{"line":442,"column":4},"end":{"line":442,"column":5}},"loc":{"start":{"line":442,"column":26},"end":{"line":454,"column":5}},"line":442},"27":{"name":"(anonymous_27)","decl":{"start":{"line":443,"column":38},"end":{"line":443,"column":39}},"loc":{"start":{"line":443,"column":49},"end":{"line":453,"column":9}},"line":443},"28":{"name":"(anonymous_28)","decl":{"start":{"line":461,"column":4},"end":{"line":461,"column":5}},"loc":{"start":{"line":461,"column":23},"end":{"line":471,"column":5}},"line":461},"29":{"name":"(anonymous_29)","decl":{"start":{"line":462,"column":38},"end":{"line":462,"column":39}},"loc":{"start":{"line":462,"column":49},"end":{"line":470,"column":9}},"line":462}},"branchMap":{"0":{"loc":{"start":{"line":119,"column":42},"end":{"line":119,"column":57}},"type":"default-arg","locations":[{"start":{"line":119,"column":56},"end":{"line":119,"column":57}}],"line":119},"1":{"loc":{"start":{"line":167,"column":25},"end":{"line":169,"column":35}},"type":"cond-expr","locations":[{"start":{"line":168,"column":12},"end":{"line":168,"column":34}},{"start":{"line":169,"column":12},"end":{"line":169,"column":35}}],"line":167},"2":{"loc":{"start":{"line":180,"column":8},"end":{"line":182,"column":9}},"type":"if","locations":[{"start":{"line":180,"column":8},"end":{"line":182,"column":9}},{"start":{},"end":{}}],"line":180},"3":{"loc":{"start":{"line":180,"column":12},"end":{"line":180,"column":79}},"type":"binary-expr","locations":[{"start":{"line":180,"column":12},"end":{"line":180,"column":29}},{"start":{"line":180,"column":33},"end":{"line":180,"column":79}}],"line":180},"4":{"loc":{"start":{"line":183,"column":8},"end":{"line":185,"column":9}},"type":"if","locations":[{"start":{"line":183,"column":8},"end":{"line":185,"column":9}},{"start":{},"end":{}}],"line":183},"5":{"loc":{"start":{"line":183,"column":12},"end":{"line":183,"column":78}},"type":"binary-expr","locations":[{"start":{"line":183,"column":12},"end":{"line":183,"column":29}},{"start":{"line":183,"column":33},"end":{"line":183,"column":78}}],"line":183},"6":{"loc":{"start":{"line":188,"column":8},"end":{"line":192,"column":9}},"type":"if","locations":[{"start":{"line":188,"column":8},"end":{"line":192,"column":9}},{"start":{"line":190,"column":15},"end":{"line":192,"column":9}}],"line":188},"7":{"loc":{"start":{"line":190,"column":15},"end":{"line":192,"column":9}},"type":"if","locations":[{"start":{"line":190,"column":15},"end":{"line":192,"column":9}},{"start":{},"end":{}}],"line":190},"8":{"loc":{"start":{"line":199,"column":31},"end":{"line":201,"column":86}},"type":"cond-expr","locations":[{"start":{"line":200,"column":12},"end":{"line":200,"column":34}},{"start":{"line":201,"column":12},"end":{"line":201,"column":86}}],"line":199},"9":{"loc":{"start":{"line":208,"column":8},"end":{"line":213,"column":9}},"type":"if","locations":[{"start":{"line":208,"column":8},"end":{"line":213,"column":9}},{"start":{},"end":{}}],"line":208},"10":{"loc":{"start":{"line":252,"column":23},"end":{"line":252,"column":45}},"type":"binary-expr","locations":[{"start":{"line":252,"column":23},"end":{"line":252,"column":40}},{"start":{"line":252,"column":44},"end":{"line":252,"column":45}}],"line":252},"11":{"loc":{"start":{"line":253,"column":32},"end":{"line":253,"column":63}},"type":"binary-expr","locations":[{"start":{"line":253,"column":32},"end":{"line":253,"column":58}},{"start":{"line":253,"column":62},"end":{"line":253,"column":63}}],"line":253},"12":{"loc":{"start":{"line":254,"column":29},"end":{"line":254,"column":57}},"type":"binary-expr","locations":[{"start":{"line":254,"column":29},"end":{"line":254,"column":52}},{"start":{"line":254,"column":56},"end":{"line":254,"column":57}}],"line":254},"13":{"loc":{"start":{"line":266,"column":12},"end":{"line":268,"column":13}},"type":"if","locations":[{"start":{"line":266,"column":12},"end":{"line":268,"column":13}},{"start":{},"end":{}}],"line":266},"14":{"loc":{"start":{"line":287,"column":12},"end":{"line":311,"column":13}},"type":"if","locations":[{"start":{"line":287,"column":12},"end":{"line":311,"column":13}},{"start":{},"end":{}}],"line":287},"15":{"loc":{"start":{"line":287,"column":16},"end":{"line":287,"column":51}},"type":"binary-expr","locations":[{"start":{"line":287,"column":16},"end":{"line":287,"column":28}},{"start":{"line":287,"column":32},"end":{"line":287,"column":51}}],"line":287},"16":{"loc":{"start":{"line":290,"column":35},"end":{"line":292,"column":53}},"type":"cond-expr","locations":[{"start":{"line":291,"column":22},"end":{"line":291,"column":67}},{"start":{"line":292,"column":22},"end":{"line":292,"column":53}}],"line":290},"17":{"loc":{"start":{"line":290,"column":35},"end":{"line":290,"column":112}},"type":"binary-expr","locations":[{"start":{"line":290,"column":35},"end":{"line":290,"column":43}},{"start":{"line":290,"column":47},"end":{"line":290,"column":63}},{"start":{"line":290,"column":67},"end":{"line":290,"column":112}}],"line":290},"18":{"loc":{"start":{"line":294,"column":41},"end":{"line":302,"column":17}},"type":"cond-expr","locations":[{"start":{"line":294,"column":66},"end":{"line":298,"column":17}},{"start":{"line":298,"column":20},"end":{"line":302,"column":17}}],"line":294},"19":{"loc":{"start":{"line":328,"column":12},"end":{"line":344,"column":13}},"type":"if","locations":[{"start":{"line":328,"column":12},"end":{"line":344,"column":13}},{"start":{},"end":{}}],"line":328},"20":{"loc":{"start":{"line":339,"column":35},"end":{"line":341,"column":55}},"type":"cond-expr","locations":[{"start":{"line":340,"column":24},"end":{"line":340,"column":57}},{"start":{"line":341,"column":24},"end":{"line":341,"column":55}}],"line":339},"21":{"loc":{"start":{"line":359,"column":28},"end":{"line":359,"column":95}},"type":"cond-expr","locations":[{"start":{"line":359,"column":55},"end":{"line":359,"column":56}},{"start":{"line":359,"column":60},"end":{"line":359,"column":94}}],"line":359},"22":{"loc":{"start":{"line":359,"column":60},"end":{"line":359,"column":94}},"type":"cond-expr","locations":[{"start":{"line":359,"column":87},"end":{"line":359,"column":90}},{"start":{"line":359,"column":93},"end":{"line":359,"column":94}}],"line":359},"23":{"loc":{"start":{"line":362,"column":8},"end":{"line":362,"column":53}},"type":"if","locations":[{"start":{"line":362,"column":8},"end":{"line":362,"column":53}},{"start":{},"end":{}}],"line":362},"24":{"loc":{"start":{"line":363,"column":8},"end":{"line":363,"column":48}},"type":"if","locations":[{"start":{"line":363,"column":8},"end":{"line":363,"column":48}},{"start":{},"end":{}}],"line":363},"25":{"loc":{"start":{"line":364,"column":8},"end":{"line":364,"column":51}},"type":"if","locations":[{"start":{"line":364,"column":8},"end":{"line":364,"column":51}},{"start":{},"end":{}}],"line":364},"26":{"loc":{"start":{"line":381,"column":12},"end":{"line":419,"column":13}},"type":"if","locations":[{"start":{"line":381,"column":12},"end":{"line":419,"column":13}},{"start":{},"end":{}}],"line":381},"27":{"loc":{"start":{"line":381,"column":16},"end":{"line":381,"column":52}},"type":"binary-expr","locations":[{"start":{"line":381,"column":16},"end":{"line":381,"column":28}},{"start":{"line":381,"column":32},"end":{"line":381,"column":52}}],"line":381},"28":{"loc":{"start":{"line":401,"column":16},"end":{"line":407,"column":17}},"type":"if","locations":[{"start":{"line":401,"column":16},"end":{"line":407,"column":17}},{"start":{"line":403,"column":23},"end":{"line":407,"column":17}}],"line":401},"29":{"loc":{"start":{"line":401,"column":20},"end":{"line":401,"column":74}},"type":"binary-expr","locations":[{"start":{"line":401,"column":20},"end":{"line":401,"column":42}},{"start":{"line":401,"column":46},"end":{"line":401,"column":74}}],"line":401},"30":{"loc":{"start":{"line":403,"column":23},"end":{"line":407,"column":17}},"type":"if","locations":[{"start":{"line":403,"column":23},"end":{"line":407,"column":17}},{"start":{"line":405,"column":23},"end":{"line":407,"column":17}}],"line":403},"31":{"loc":{"start":{"line":449,"column":22},"end":{"line":450,"column":88}},"type":"cond-expr","locations":[{"start":{"line":450,"column":16},"end":{"line":450,"column":84}},{"start":{"line":450,"column":87},"end":{"line":450,"column":88}}],"line":449}},"s":{"0":2,"1":2,"2":2,"3":2,"4":0,"5":0,"6":0,"7":0,"8":0,"9":0,"10":0,"11":0,"12":0,"13":0,"14":0,"15":0,"16":0,"17":0,"18":0,"19":0,"20":0,"21":0,"22":0,"23":0,"24":0,"25":0,"26":0,"27":0,"28":0,"29":0,"30":0,"31":0,"32":0,"33":0,"34":0,"35":0,"36":0,"37":0,"38":0,"39":0,"40":0,"41":0,"42":0,"43":0,"44":0,"45":0,"46":0,"47":0,"48":0,"49":0,"50":0,"51":0,"52":0,"53":0,"54":0,"55":0,"56":0,"57":0,"58":0,"59":0,"60":0,"61":0,"62":0,"63":0,"64":0,"65":0,"66":0,"67":0,"68":0,"69":0,"70":0,"71":0,"72":0,"73":0,"74":0,"75":0,"76":0,"77":0,"78":0,"79":0,"80":0,"81":0,"82":0,"83":0,"84":0,"85":0,"86":0,"87":0,"88":0,"89":0,"90":0,"91":0,"92":0,"93":0,"94":0,"95":0,"96":0,"97":0,"98":0,"99":0,"100":0,"101":0,"102":0,"103":0,"104":0,"105":2},"f":{"0":2,"1":0,"2":0,"3":0,"4":0,"5":0,"6":0,"7":0,"8":0,"9":0,"10":0,"11":0,"12":0,"13":0,"14":0,"15":0,"16":0,"17":0,"18":0,"19":0,"20":0,"21":0,"22":0,"23":0,"24":0,"25":0,"26":0,"27":0,"28":0,"29":0},"b":{"0":[0],"1":[0,0],"2":[0,0],"3":[0,0],"4":[0,0],"5":[0,0],"6":[0,0],"7":[0,0],"8":[0,0],"9":[0,0],"10":[0,0],"11":[0,0],"12":[0,0],"13":[0,0],"14":[0,0],"15":[0,0],"16":[0,0],"17":[0,0,0],"18":[0,0],"19":[0,0],"20":[0,0],"21":[0,0],"22":[0,0],"23":[0,0],"24":[0,0],"25":[0,0],"26":[0,0],"27":[0,0],"28":[0,0],"29":[0,0],"30":[0,0],"31":[0,0]},"_coverageSchema":"1a1c01bbd47fc00a2c39e90264f33305004495a9","hash":"4b88791d76305da07207fe4a103db5aeb6337777"}
,"C:\\Source\\iu_quiz_community\\src\\utils\\xssUtils.js": {"path":"C:\\Source\\iu_quiz_community\\src\\utils\\xssUtils.js","statementMap":{"0":{"start":{"line":22,"column":29},"end":{"line":33,"column":1}},"1":{"start":{"line":23,"column":2},"end":{"line":23,"column":53}},"2":{"start":{"line":23,"column":43},"end":{"line":23,"column":53}},"3":{"start":{"line":26,"column":2},"end":{"line":32,"column":30}},"4":{"start":{"line":44,"column":33},"end":{"line":53,"column":1}},"5":{"start":{"line":45,"column":2},"end":{"line":45,"column":53}},"6":{"start":{"line":45,"column":43},"end":{"line":45,"column":53}},"7":{"start":{"line":48,"column":2},"end":{"line":52,"column":27}},"8":{"start":{"line":64,"column":32},"end":{"line":69,"column":1}},"9":{"start":{"line":65,"column":2},"end":{"line":65,"column":53}},"10":{"start":{"line":65,"column":43},"end":{"line":65,"column":53}},"11":{"start":{"line":68,"column":2},"end":{"line":68,"column":35}},"12":{"start":{"line":80,"column":28},"end":{"line":115,"column":1}},"13":{"start":{"line":81,"column":2},"end":{"line":81,"column":51}},"14":{"start":{"line":81,"column":41},"end":{"line":81,"column":51}},"15":{"start":{"line":84,"column":22},"end":{"line":84,"column":59}},"16":{"start":{"line":87,"column":22},"end":{"line":87,"column":51}},"17":{"start":{"line":88,"column":2},"end":{"line":88,"column":31}},"18":{"start":{"line":91,"column":20},"end":{"line":111,"column":3}},"19":{"start":{"line":92,"column":4},"end":{"line":92,"column":36}},"20":{"start":{"line":92,"column":29},"end":{"line":92,"column":36}},"21":{"start":{"line":95,"column":4},"end":{"line":97,"column":5}},"22":{"start":{"line":96,"column":6},"end":{"line":96,"column":52}},"23":{"start":{"line":100,"column":4},"end":{"line":110,"column":7}},"24":{"start":{"line":101,"column":6},"end":{"line":109,"column":7}},"25":{"start":{"line":102,"column":8},"end":{"line":108,"column":9}},"26":{"start":{"line":104,"column":23},"end":{"line":104,"column":65}},"27":{"start":{"line":105,"column":10},"end":{"line":105,"column":41}},"28":{"start":{"line":107,"column":10},"end":{"line":107,"column":27}},"29":{"start":{"line":113,"column":2},"end":{"line":113,"column":25}},"30":{"start":{"line":114,"column":2},"end":{"line":114,"column":31}}},"fnMap":{"0":{"name":"(anonymous_0)","decl":{"start":{"line":22,"column":29},"end":{"line":22,"column":30}},"loc":{"start":{"line":22,"column":40},"end":{"line":33,"column":1}},"line":22},"1":{"name":"(anonymous_1)","decl":{"start":{"line":44,"column":33},"end":{"line":44,"column":34}},"loc":{"start":{"line":44,"column":44},"end":{"line":53,"column":1}},"line":44},"2":{"name":"(anonymous_2)","decl":{"start":{"line":64,"column":32},"end":{"line":64,"column":33}},"loc":{"start":{"line":64,"column":43},"end":{"line":69,"column":1}},"line":64},"3":{"name":"(anonymous_3)","decl":{"start":{"line":80,"column":28},"end":{"line":80,"column":29}},"loc":{"start":{"line":80,"column":38},"end":{"line":115,"column":1}},"line":80},"4":{"name":"(anonymous_4)","decl":{"start":{"line":91,"column":20},"end":{"line":91,"column":21}},"loc":{"start":{"line":91,"column":30},"end":{"line":111,"column":3}},"line":91},"5":{"name":"(anonymous_5)","decl":{"start":{"line":100,"column":40},"end":{"line":100,"column":41}},"loc":{"start":{"line":100,"column":49},"end":{"line":110,"column":5}},"line":100}},"branchMap":{"0":{"loc":{"start":{"line":23,"column":2},"end":{"line":23,"column":53}},"type":"if","locations":[{"start":{"line":23,"column":2},"end":{"line":23,"column":53}},{"start":{},"end":{}}],"line":23},"1":{"loc":{"start":{"line":23,"column":6},"end":{"line":23,"column":41}},"type":"binary-expr","locations":[{"start":{"line":23,"column":6},"end":{"line":23,"column":12}},{"start":{"line":23,"column":16},"end":{"line":23,"column":41}}],"line":23},"2":{"loc":{"start":{"line":45,"column":2},"end":{"line":45,"column":53}},"type":"if","locations":[{"start":{"line":45,"column":2},"end":{"line":45,"column":53}},{"start":{},"end":{}}],"line":45},"3":{"loc":{"start":{"line":45,"column":6},"end":{"line":45,"column":41}},"type":"binary-expr","locations":[{"start":{"line":45,"column":6},"end":{"line":45,"column":12}},{"start":{"line":45,"column":16},"end":{"line":45,"column":41}}],"line":45},"4":{"loc":{"start":{"line":65,"column":2},"end":{"line":65,"column":53}},"type":"if","locations":[{"start":{"line":65,"column":2},"end":{"line":65,"column":53}},{"start":{},"end":{}}],"line":65},"5":{"loc":{"start":{"line":65,"column":6},"end":{"line":65,"column":41}},"type":"binary-expr","locations":[{"start":{"line":65,"column":6},"end":{"line":65,"column":12}},{"start":{"line":65,"column":16},"end":{"line":65,"column":41}}],"line":65},"6":{"loc":{"start":{"line":81,"column":2},"end":{"line":81,"column":51}},"type":"if","locations":[{"start":{"line":81,"column":2},"end":{"line":81,"column":51}},{"start":{},"end":{}}],"line":81},"7":{"loc":{"start":{"line":81,"column":6},"end":{"line":81,"column":39}},"type":"binary-expr","locations":[{"start":{"line":81,"column":6},"end":{"line":81,"column":11}},{"start":{"line":81,"column":15},"end":{"line":81,"column":39}}],"line":81},"8":{"loc":{"start":{"line":92,"column":4},"end":{"line":92,"column":36}},"type":"if","locations":[{"start":{"line":92,"column":4},"end":{"line":92,"column":36}},{"start":{},"end":{}}],"line":92},"9":{"loc":{"start":{"line":101,"column":6},"end":{"line":109,"column":7}},"type":"if","locations":[{"start":{"line":101,"column":6},"end":{"line":109,"column":7}},{"start":{},"end":{}}],"line":101},"10":{"loc":{"start":{"line":102,"column":8},"end":{"line":108,"column":9}},"type":"if","locations":[{"start":{"line":102,"column":8},"end":{"line":108,"column":9}},{"start":{"line":106,"column":15},"end":{"line":108,"column":9}}],"line":102}},"s":{"0":2,"1":0,"2":0,"3":0,"4":2,"5":0,"6":0,"7":0,"8":2,"9":0,"10":0,"11":0,"12":2,"13":0,"14":0,"15":0,"16":0,"17":0,"18":0,"19":0,"20":0,"21":0,"22":0,"23":0,"24":0,"25":0,"26":0,"27":0,"28":0,"29":0,"30":0},"f":{"0":0,"1":0,"2":0,"3":0,"4":0,"5":0},"b":{"0":[0,0],"1":[0,0],"2":[0,0],"3":[0,0],"4":[0,0],"5":[0,0],"6":[0,0],"7":[0,0],"8":[0,0],"9":[0,0],"10":[0,0]},"_coverageSchema":"1a1c01bbd47fc00a2c39e90264f33305004495a9","hash":"ed4872333e112d691037ad8357c58e8c3013e52c"}
}
