{"C:\\Users\\Win 10 Pro x64\\IdeaProjects\\iu_quiz_community\\src\\App.js": {"path":"C:\\Users\\Win 10 Pro x64\\IdeaProjects\\iu_quiz_community\\src\\App.js","statementMap":{"0":{"start":{"line":46,"column":42},"end":{"line":46,"column":58}},"1":{"start":{"line":47,"column":28},"end":{"line":47,"column":42}},"2":{"start":{"line":48,"column":50},"end":{"line":48,"column":65}},"3":{"start":{"line":61,"column":4},"end":{"line":88,"column":11}},"4":{"start":{"line":62,"column":8},"end":{"line":62,"column":55}},"5":{"start":{"line":65,"column":27},"end":{"line":65,"column":63}},"6":{"start":{"line":66,"column":8},"end":{"line":76,"column":9}},"7":{"start":{"line":67,"column":12},"end":{"line":75,"column":13}},"8":{"start":{"line":68,"column":35},"end":{"line":68,"column":57}},"9":{"start":{"line":69,"column":16},"end":{"line":69,"column":80}},"10":{"start":{"line":70,"column":16},"end":{"line":70,"column":36}},"11":{"start":{"line":71,"column":16},"end":{"line":71,"column":41}},"12":{"start":{"line":73,"column":16},"end":{"line":73,"column":85}},"13":{"start":{"line":74,"column":16},"end":{"line":74,"column":56}},"14":{"start":{"line":79,"column":27},"end":{"line":79,"column":57}},"15":{"start":{"line":80,"column":22},"end":{"line":80,"column":47}},"16":{"start":{"line":81,"column":8},"end":{"line":81,"column":68}},"17":{"start":{"line":82,"column":8},"end":{"line":82,"column":59}},"18":{"start":{"line":84,"column":8},"end":{"line":87,"column":9}},"19":{"start":{"line":85,"column":12},"end":{"line":85,"column":55}},"20":{"start":{"line":86,"column":12},"end":{"line":86,"column":41}},"21":{"start":{"line":91,"column":4},"end":{"line":109,"column":28}},"22":{"start":{"line":92,"column":31},"end":{"line":100,"column":9}},"23":{"start":{"line":94,"column":12},"end":{"line":99,"column":13}},"24":{"start":{"line":95,"column":16},"end":{"line":95,"column":39}},"25":{"start":{"line":96,"column":19},"end":{"line":99,"column":13}},"26":{"start":{"line":98,"column":16},"end":{"line":98,"column":40}},"27":{"start":{"line":103,"column":8},"end":{"line":103,"column":60}},"28":{"start":{"line":106,"column":8},"end":{"line":108,"column":10}},"29":{"start":{"line":107,"column":12},"end":{"line":107,"column":67}},"30":{"start":{"line":112,"column":4},"end":{"line":117,"column":28}},"31":{"start":{"line":113,"column":8},"end":{"line":116,"column":9}},"32":{"start":{"line":115,"column":12},"end":{"line":115,"column":86}},"33":{"start":{"line":131,"column":24},"end":{"line":138,"column":5}},"34":{"start":{"line":132,"column":8},"end":{"line":132,"column":64}},"35":{"start":{"line":133,"column":8},"end":{"line":133,"column":26}},"36":{"start":{"line":134,"column":8},"end":{"line":134,"column":33}},"37":{"start":{"line":137,"column":8},"end":{"line":137,"column":71}},"38":{"start":{"line":151,"column":25},"end":{"line":159,"column":5}},"39":{"start":{"line":152,"column":8},"end":{"line":152,"column":48}},"40":{"start":{"line":153,"column":8},"end":{"line":153,"column":22}},"41":{"start":{"line":154,"column":8},"end":{"line":154,"column":34}},"42":{"start":{"line":155,"column":8},"end":{"line":155,"column":31}},"43":{"start":{"line":158,"column":8},"end":{"line":158,"column":48}},"44":{"start":{"line":165,"column":32},"end":{"line":167,"column":5}},"45":{"start":{"line":166,"column":8},"end":{"line":166,"column":62}},"46":{"start":{"line":173,"column":32},"end":{"line":175,"column":5}},"47":{"start":{"line":174,"column":8},"end":{"line":174,"column":66}},"48":{"start":{"line":186,"column":30},"end":{"line":207,"column":5}},"49":{"start":{"line":187,"column":8},"end":{"line":206,"column":9}},"50":{"start":{"line":189,"column":16},"end":{"line":189,"column":76}},"51":{"start":{"line":191,"column":16},"end":{"line":191,"column":48}},"52":{"start":{"line":193,"column":16},"end":{"line":199,"column":18}},"53":{"start":{"line":201,"column":16},"end":{"line":201,"column":75}},"54":{"start":{"line":203,"column":16},"end":{"line":203,"column":49}},"55":{"start":{"line":205,"column":16},"end":{"line":205,"column":76}},"56":{"start":{"line":210,"column":4},"end":{"line":212,"column":5}},"57":{"start":{"line":211,"column":8},"end":{"line":211,"column":51}},"58":{"start":{"line":215,"column":4},"end":{"line":235,"column":6}}},"fnMap":{"0":{"name":"App","decl":{"start":{"line":45,"column":9},"end":{"line":45,"column":12}},"loc":{"start":{"line":45,"column":15},"end":{"line":236,"column":1}},"line":45},"1":{"name":"(anonymous_1)","decl":{"start":{"line":61,"column":14},"end":{"line":61,"column":15}},"loc":{"start":{"line":61,"column":20},"end":{"line":88,"column":5}},"line":61},"2":{"name":"(anonymous_2)","decl":{"start":{"line":91,"column":14},"end":{"line":91,"column":15}},"loc":{"start":{"line":91,"column":20},"end":{"line":109,"column":5}},"line":91},"3":{"name":"(anonymous_3)","decl":{"start":{"line":92,"column":31},"end":{"line":92,"column":32}},"loc":{"start":{"line":92,"column":37},"end":{"line":100,"column":9}},"line":92},"4":{"name":"(anonymous_4)","decl":{"start":{"line":106,"column":15},"end":{"line":106,"column":16}},"loc":{"start":{"line":106,"column":21},"end":{"line":108,"column":9}},"line":106},"5":{"name":"(anonymous_5)","decl":{"start":{"line":112,"column":14},"end":{"line":112,"column":15}},"loc":{"start":{"line":112,"column":20},"end":{"line":117,"column":5}},"line":112},"6":{"name":"(anonymous_6)","decl":{"start":{"line":131,"column":24},"end":{"line":131,"column":25}},"loc":{"start":{"line":131,"column":38},"end":{"line":138,"column":5}},"line":131},"7":{"name":"(anonymous_7)","decl":{"start":{"line":151,"column":25},"end":{"line":151,"column":26}},"loc":{"start":{"line":151,"column":31},"end":{"line":159,"column":5}},"line":151},"8":{"name":"(anonymous_8)","decl":{"start":{"line":165,"column":32},"end":{"line":165,"column":33}},"loc":{"start":{"line":165,"column":46},"end":{"line":167,"column":5}},"line":165},"9":{"name":"(anonymous_9)","decl":{"start":{"line":173,"column":32},"end":{"line":173,"column":33}},"loc":{"start":{"line":173,"column":46},"end":{"line":175,"column":5}},"line":173},"10":{"name":"(anonymous_10)","decl":{"start":{"line":186,"column":30},"end":{"line":186,"column":31}},"loc":{"start":{"line":186,"column":36},"end":{"line":207,"column":5}},"line":186}},"branchMap":{"0":{"loc":{"start":{"line":66,"column":8},"end":{"line":76,"column":9}},"type":"if","locations":[{"start":{"line":66,"column":8},"end":{"line":76,"column":9}},{"start":{},"end":{}}],"line":66},"1":{"loc":{"start":{"line":84,"column":8},"end":{"line":87,"column":9}},"type":"if","locations":[{"start":{"line":84,"column":8},"end":{"line":87,"column":9}},{"start":{},"end":{}}],"line":84},"2":{"loc":{"start":{"line":84,"column":12},"end":{"line":84,"column":57}},"type":"binary-expr","locations":[{"start":{"line":84,"column":12},"end":{"line":84,"column":35}},{"start":{"line":84,"column":39},"end":{"line":84,"column":57}}],"line":84},"3":{"loc":{"start":{"line":94,"column":12},"end":{"line":99,"column":13}},"type":"if","locations":[{"start":{"line":94,"column":12},"end":{"line":99,"column":13}},{"start":{"line":96,"column":19},"end":{"line":99,"column":13}}],"line":94},"4":{"loc":{"start":{"line":94,"column":16},"end":{"line":94,"column":46}},"type":"binary-expr","locations":[{"start":{"line":94,"column":16},"end":{"line":94,"column":38}},{"start":{"line":94,"column":42},"end":{"line":94,"column":46}}],"line":94},"5":{"loc":{"start":{"line":96,"column":19},"end":{"line":99,"column":13}},"type":"if","locations":[{"start":{"line":96,"column":19},"end":{"line":99,"column":13}},{"start":{},"end":{}}],"line":96},"6":{"loc":{"start":{"line":113,"column":8},"end":{"line":116,"column":9}},"type":"if","locations":[{"start":{"line":113,"column":8},"end":{"line":116,"column":9}},{"start":{},"end":{}}],"line":113},"7":{"loc":{"start":{"line":113,"column":12},"end":{"line":113,"column":31}},"type":"binary-expr","locations":[{"start":{"line":113,"column":12},"end":{"line":113,"column":23}},{"start":{"line":113,"column":27},"end":{"line":113,"column":31}}],"line":113},"8":{"loc":{"start":{"line":187,"column":8},"end":{"line":206,"column":9}},"type":"switch","locations":[{"start":{"line":188,"column":12},"end":{"line":189,"column":76}},{"start":{"line":190,"column":12},"end":{"line":191,"column":48}},{"start":{"line":192,"column":12},"end":{"line":199,"column":18}},{"start":{"line":200,"column":12},"end":{"line":201,"column":75}},{"start":{"line":202,"column":12},"end":{"line":203,"column":49}},{"start":{"line":204,"column":12},"end":{"line":205,"column":76}}],"line":187},"9":{"loc":{"start":{"line":210,"column":4},"end":{"line":212,"column":5}},"type":"if","locations":[{"start":{"line":210,"column":4},"end":{"line":212,"column":5}},{"start":{},"end":{}}],"line":210},"10":{"loc":{"start":{"line":210,"column":8},"end":{"line":210,"column":33}},"type":"binary-expr","locations":[{"start":{"line":210,"column":8},"end":{"line":210,"column":24}},{"start":{"line":210,"column":28},"end":{"line":210,"column":33}}],"line":210}},"s":{"0":2,"1":2,"2":2,"3":2,"4":2,"5":2,"6":2,"7":0,"8":0,"9":0,"10":0,"11":0,"12":0,"13":0,"14":2,"15":2,"16":2,"17":2,"18":2,"19":0,"20":0,"21":2,"22":2,"23":0,"24":0,"25":0,"26":0,"27":2,"28":2,"29":2,"30":2,"31":2,"32":0,"33":2,"34":0,"35":0,"36":0,"37":0,"38":2,"39":0,"40":0,"41":0,"42":0,"43":0,"44":2,"45":0,"46":2,"47":0,"48":2,"49":0,"50":0,"51":0,"52":0,"53":0,"54":0,"55":0,"56":2,"57":2,"58":0},"f":{"0":2,"1":2,"2":2,"3":0,"4":2,"5":2,"6":0,"7":0,"8":0,"9":0,"10":0},"b":{"0":[0,2],"1":[0,2],"2":[2,2],"3":[0,0],"4":[0,0],"5":[0,0],"6":[0,2],"7":[2,2],"8":[0,0,0,0,0,0],"9":[2,0],"10":[2,0]},"_coverageSchema":"1a1c01bbd47fc00a2c39e90264f33305004495a9","hash":"e8a447224830c70717a929a031eaaedb33e75fd4"}
,"C:\\Users\\Win 10 Pro x64\\IdeaProjects\\iu_quiz_community\\src\\index.js": {"path":"C:\\Users\\Win 10 Pro x64\\IdeaProjects\\iu_quiz_community\\src\\index.js","statementMap":{"0":{"start":{"line":49,"column":13},"end":{"line":49,"column":65}},"1":{"start":{"line":60,"column":0},"end":{"line":64,"column":2}}},"fnMap":{},"branchMap":{},"s":{"0":0,"1":0},"f":{},"b":{}}
,"C:\\Users\\Win 10 Pro x64\\IdeaProjects\\iu_quiz_community\\src\\reportWebVitals.js": {"path":"C:\\Users\\Win 10 Pro x64\\IdeaProjects\\iu_quiz_community\\src\\reportWebVitals.js","statementMap":{"0":{"start":{"line":1,"column":24},"end":{"line":11,"column":1}},"1":{"start":{"line":2,"column":2},"end":{"line":10,"column":3}},"2":{"start":{"line":3,"column":4},"end":{"line":9,"column":7}},"3":{"start":{"line":4,"column":6},"end":{"line":4,"column":26}},"4":{"start":{"line":5,"column":6},"end":{"line":5,"column":26}},"5":{"start":{"line":6,"column":6},"end":{"line":6,"column":26}},"6":{"start":{"line":7,"column":6},"end":{"line":7,"column":26}},"7":{"start":{"line":8,"column":6},"end":{"line":8,"column":27}}},"fnMap":{"0":{"name":"(anonymous_0)","decl":{"start":{"line":1,"column":24},"end":{"line":1,"column":25}},"loc":{"start":{"line":1,"column":39},"end":{"line":11,"column":1}},"line":1},"1":{"name":"(anonymous_1)","decl":{"start":{"line":3,"column":30},"end":{"line":3,"column":31}},"loc":{"start":{"line":3,"column":79},"end":{"line":9,"column":5}},"line":3}},"branchMap":{"0":{"loc":{"start":{"line":2,"column":2},"end":{"line":10,"column":3}},"type":"if","locations":[{"start":{"line":2,"column":2},"end":{"line":10,"column":3}},{"start":{},"end":{}}],"line":2},"1":{"loc":{"start":{"line":2,"column":6},"end":{"line":2,"column":52}},"type":"binary-expr","locations":[{"start":{"line":2,"column":6},"end":{"line":2,"column":17}},{"start":{"line":2,"column":21},"end":{"line":2,"column":52}}],"line":2}},"s":{"0":0,"1":0,"2":0,"3":0,"4":0,"5":0,"6":0,"7":0},"f":{"0":0,"1":0},"b":{"0":[0,0],"1":[0,0]}}
,"C:\\Users\\Win 10 Pro x64\\IdeaProjects\\iu_quiz_community\\src\\components\\admin\\CardManager.js": {"path":"C:\\Users\\Win 10 Pro x64\\IdeaProjects\\iu_quiz_community\\src\\components\\admin\\CardManager.js","statementMap":{"0":{"start":{"line":52,"column":40},"end":{"line":52,"column":52}},"1":{"start":{"line":53,"column":30},"end":{"line":53,"column":42}},"2":{"start":{"line":54,"column":46},"end":{"line":54,"column":58}},"3":{"start":{"line":55,"column":42},"end":{"line":55,"column":62}},"4":{"start":{"line":56,"column":40},"end":{"line":56,"column":52}},"5":{"start":{"line":57,"column":44},"end":{"line":57,"column":59}},"6":{"start":{"line":58,"column":52},"end":{"line":58,"column":67}},"7":{"start":{"line":59,"column":48},"end":{"line":59,"column":63}},"8":{"start":{"line":60,"column":44},"end":{"line":60,"column":59}},"9":{"start":{"line":63,"column":42},"end":{"line":63,"column":84}},"10":{"start":{"line":66,"column":36},"end":{"line":66,"column":58}},"11":{"start":{"line":67,"column":58},"end":{"line":67,"column":72}},"12":{"start":{"line":74,"column":42},"end":{"line":74,"column":56}},"13":{"start":{"line":77,"column":42},"end":{"line":84,"column":6}},"14":{"start":{"line":102,"column":34},"end":{"line":111,"column":6}},"15":{"start":{"line":113,"column":32},"end":{"line":113,"column":44}},"16":{"start":{"line":116,"column":26},"end":{"line":129,"column":5}},"17":{"start":{"line":131,"column":27},"end":{"line":138,"column":5}},"18":{"start":{"line":144,"column":4},"end":{"line":146,"column":11}},"19":{"start":{"line":145,"column":8},"end":{"line":145,"column":19}},"20":{"start":{"line":154,"column":4},"end":{"line":201,"column":111}},"21":{"start":{"line":155,"column":23},"end":{"line":155,"column":28}},"22":{"start":{"line":158,"column":8},"end":{"line":160,"column":9}},"23":{"start":{"line":159,"column":12},"end":{"line":159,"column":91}},"24":{"start":{"line":159,"column":47},"end":{"line":159,"column":89}},"25":{"start":{"line":163,"column":8},"end":{"line":170,"column":9}},"26":{"start":{"line":164,"column":12},"end":{"line":169,"column":14}},"27":{"start":{"line":165,"column":16},"end":{"line":168,"column":18}},"28":{"start":{"line":167,"column":20},"end":{"line":167,"column":99}},"29":{"start":{"line":173,"column":8},"end":{"line":175,"column":9}},"30":{"start":{"line":174,"column":12},"end":{"line":174,"column":77}},"31":{"start":{"line":174,"column":47},"end":{"line":174,"column":75}},"32":{"start":{"line":178,"column":8},"end":{"line":180,"column":9}},"33":{"start":{"line":179,"column":12},"end":{"line":179,"column":85}},"34":{"start":{"line":179,"column":47},"end":{"line":179,"column":83}},"35":{"start":{"line":183,"column":8},"end":{"line":190,"column":9}},"36":{"start":{"line":184,"column":38},"end":{"line":184,"column":100}},"37":{"start":{"line":185,"column":12},"end":{"line":189,"column":13}},"38":{"start":{"line":186,"column":16},"end":{"line":186,"column":88}},"39":{"start":{"line":186,"column":51},"end":{"line":186,"column":86}},"40":{"start":{"line":187,"column":19},"end":{"line":189,"column":13}},"41":{"start":{"line":188,"column":16},"end":{"line":188,"column":89}},"42":{"start":{"line":188,"column":51},"end":{"line":188,"column":87}},"43":{"start":{"line":193,"column":8},"end":{"line":198,"column":9}},"44":{"start":{"line":194,"column":12},"end":{"line":197,"column":15}},"45":{"start":{"line":195,"column":31},"end":{"line":195,"column":65}},"46":{"start":{"line":196,"column":16},"end":{"line":196,"column":47}},"47":{"start":{"line":200,"column":8},"end":{"line":200,"column":35}},"48":{"start":{"line":207,"column":21},"end":{"line":225,"column":5}},"49":{"start":{"line":209,"column":35},"end":{"line":209,"column":74}},"50":{"start":{"line":210,"column":30},"end":{"line":210,"column":64}},"51":{"start":{"line":213,"column":8},"end":{"line":217,"column":9}},"52":{"start":{"line":216,"column":12},"end":{"line":216,"column":41}},"53":{"start":{"line":220,"column":33},"end":{"line":220,"column":63}},"54":{"start":{"line":221,"column":28},"end":{"line":221,"column":53}},"55":{"start":{"line":223,"column":8},"end":{"line":223,"column":40}},"56":{"start":{"line":224,"column":8},"end":{"line":224,"column":30}},"57":{"start":{"line":231,"column":30},"end":{"line":235,"column":5}},"58":{"start":{"line":232,"column":8},"end":{"line":232,"column":41}},"59":{"start":{"line":233,"column":8},"end":{"line":233,"column":39}},"60":{"start":{"line":234,"column":8},"end":{"line":234,"column":26}},"61":{"start":{"line":241,"column":29},"end":{"line":245,"column":5}},"62":{"start":{"line":242,"column":8},"end":{"line":242,"column":37}},"63":{"start":{"line":243,"column":8},"end":{"line":243,"column":34}},"64":{"start":{"line":244,"column":8},"end":{"line":244,"column":26}},"65":{"start":{"line":251,"column":36},"end":{"line":254,"column":5}},"66":{"start":{"line":252,"column":8},"end":{"line":252,"column":59}},"67":{"start":{"line":252,"column":50},"end":{"line":252,"column":59}},"68":{"start":{"line":253,"column":8},"end":{"line":253,"column":83}},"69":{"start":{"line":253,"column":36},"end":{"line":253,"column":74}},"70":{"start":{"line":260,"column":29},"end":{"line":282,"column":5}},"71":{"start":{"line":261,"column":26},"end":{"line":261,"column":28}},"72":{"start":{"line":264,"column":8},"end":{"line":266,"column":9}},"73":{"start":{"line":265,"column":12},"end":{"line":265,"column":70}},"74":{"start":{"line":269,"column":8},"end":{"line":273,"column":9}},"75":{"start":{"line":270,"column":35},"end":{"line":271,"column":73}},"76":{"start":{"line":272,"column":12},"end":{"line":272,"column":67}},"77":{"start":{"line":276,"column":8},"end":{"line":278,"column":9}},"78":{"start":{"line":277,"column":12},"end":{"line":277,"column":76}},"79":{"start":{"line":280,"column":8},"end":{"line":280,"column":29}},"80":{"start":{"line":281,"column":8},"end":{"line":281,"column":51}},"81":{"start":{"line":288,"column":25},"end":{"line":320,"column":5}},"82":{"start":{"line":289,"column":26},"end":{"line":289,"column":28}},"83":{"start":{"line":292,"column":8},"end":{"line":294,"column":9}},"84":{"start":{"line":293,"column":12},"end":{"line":293,"column":58}},"85":{"start":{"line":297,"column":8},"end":{"line":299,"column":9}},"86":{"start":{"line":298,"column":12},"end":{"line":298,"column":70}},"87":{"start":{"line":302,"column":8},"end":{"line":311,"column":9}},"88":{"start":{"line":303,"column":34},"end":{"line":305,"column":13}},"89":{"start":{"line":304,"column":16},"end":{"line":304,"column":59}},"90":{"start":{"line":306,"column":12},"end":{"line":308,"column":13}},"91":{"start":{"line":307,"column":16},"end":{"line":307,"column":79}},"92":{"start":{"line":310,"column":12},"end":{"line":310,"column":68}},"93":{"start":{"line":314,"column":8},"end":{"line":316,"column":9}},"94":{"start":{"line":315,"column":12},"end":{"line":315,"column":80}},"95":{"start":{"line":318,"column":8},"end":{"line":318,"column":29}},"96":{"start":{"line":319,"column":8},"end":{"line":319,"column":51}},"97":{"start":{"line":326,"column":27},"end":{"line":360,"column":5}},"98":{"start":{"line":327,"column":8},"end":{"line":327,"column":40}},"99":{"start":{"line":327,"column":33},"end":{"line":327,"column":40}},"100":{"start":{"line":330,"column":29},"end":{"line":334,"column":9}},"101":{"start":{"line":336,"column":30},"end":{"line":336,"column":68}},"102":{"start":{"line":339,"column":8},"end":{"line":339,"column":19}},"103":{"start":{"line":342,"column":8},"end":{"line":344,"column":9}},"104":{"start":{"line":343,"column":12},"end":{"line":343,"column":43}},"105":{"start":{"line":347,"column":8},"end":{"line":354,"column":11}},"106":{"start":{"line":356,"column":8},"end":{"line":356,"column":35}},"107":{"start":{"line":357,"column":8},"end":{"line":357,"column":22}},"108":{"start":{"line":359,"column":8},"end":{"line":359,"column":79}},"109":{"start":{"line":366,"column":23},"end":{"line":402,"column":5}},"110":{"start":{"line":367,"column":8},"end":{"line":367,"column":36}},"111":{"start":{"line":367,"column":29},"end":{"line":367,"column":36}},"112":{"start":{"line":370,"column":25},"end":{"line":374,"column":9}},"113":{"start":{"line":376,"column":26},"end":{"line":376,"column":56}},"114":{"start":{"line":379,"column":8},"end":{"line":379,"column":19}},"115":{"start":{"line":382,"column":8},"end":{"line":384,"column":9}},"116":{"start":{"line":383,"column":12},"end":{"line":383,"column":39}},"117":{"start":{"line":387,"column":8},"end":{"line":396,"column":11}},"118":{"start":{"line":398,"column":8},"end":{"line":398,"column":35}},"119":{"start":{"line":399,"column":8},"end":{"line":399,"column":22}},"120":{"start":{"line":401,"column":8},"end":{"line":401,"column":51}},"121":{"start":{"line":408,"column":23},"end":{"line":414,"column":5}},"122":{"start":{"line":409,"column":8},"end":{"line":413,"column":9}},"123":{"start":{"line":410,"column":12},"end":{"line":410,"column":43}},"124":{"start":{"line":411,"column":12},"end":{"line":411,"column":23}},"125":{"start":{"line":412,"column":12},"end":{"line":412,"column":43}},"126":{"start":{"line":420,"column":27},"end":{"line":430,"column":5}},"127":{"start":{"line":421,"column":8},"end":{"line":429,"column":9}},"128":{"start":{"line":422,"column":12},"end":{"line":426,"column":13}},"129":{"start":{"line":423,"column":16},"end":{"line":423,"column":55}},"130":{"start":{"line":424,"column":16},"end":{"line":424,"column":27}},"131":{"start":{"line":425,"column":16},"end":{"line":425,"column":51}},"132":{"start":{"line":428,"column":12},"end":{"line":428,"column":33}},"133":{"start":{"line":436,"column":30},"end":{"line":447,"column":5}},"134":{"start":{"line":437,"column":8},"end":{"line":445,"column":11}},"135":{"start":{"line":446,"column":8},"end":{"line":446,"column":40}},"136":{"start":{"line":453,"column":31},"end":{"line":478,"column":5}},"137":{"start":{"line":454,"column":8},"end":{"line":454,"column":40}},"138":{"start":{"line":454,"column":33},"end":{"line":454,"column":40}},"139":{"start":{"line":456,"column":32},"end":{"line":460,"column":9}},"140":{"start":{"line":462,"column":8},"end":{"line":462,"column":68}},"141":{"start":{"line":463,"column":8},"end":{"line":463,"column":19}},"142":{"start":{"line":466,"column":8},"end":{"line":473,"column":11}},"143":{"start":{"line":475,"column":8},"end":{"line":475,"column":35}},"144":{"start":{"line":476,"column":8},"end":{"line":476,"column":22}},"145":{"start":{"line":477,"column":8},"end":{"line":477,"column":47}},"146":{"start":{"line":484,"column":26},"end":{"line":490,"column":5}},"147":{"start":{"line":485,"column":8},"end":{"line":488,"column":11}},"148":{"start":{"line":489,"column":8},"end":{"line":489,"column":36}},"149":{"start":{"line":496,"column":27},"end":{"line":515,"column":5}},"150":{"start":{"line":497,"column":8},"end":{"line":500,"column":9}},"151":{"start":{"line":498,"column":12},"end":{"line":498,"column":44}},"152":{"start":{"line":499,"column":12},"end":{"line":499,"column":19}},"153":{"start":{"line":503,"column":28},"end":{"line":508,"column":9}},"154":{"start":{"line":506,"column":53},"end":{"line":506,"column":61}},"155":{"start":{"line":506,"column":75},"end":{"line":506,"column":76}},"156":{"start":{"line":510,"column":8},"end":{"line":510,"column":60}},"157":{"start":{"line":511,"column":8},"end":{"line":511,"column":19}},"158":{"start":{"line":512,"column":8},"end":{"line":512,"column":29}},"159":{"start":{"line":513,"column":8},"end":{"line":513,"column":35}},"160":{"start":{"line":514,"column":8},"end":{"line":514,"column":43}},"161":{"start":{"line":521,"column":29},"end":{"line":532,"column":5}},"162":{"start":{"line":522,"column":8},"end":{"line":522,"column":64}},"163":{"start":{"line":522,"column":57},"end":{"line":522,"column":64}},"164":{"start":{"line":524,"column":27},"end":{"line":524,"column":47}},"165":{"start":{"line":525,"column":8},"end":{"line":525,"column":40}},"166":{"start":{"line":528,"column":8},"end":{"line":531,"column":11}},"167":{"start":{"line":538,"column":33},"end":{"line":549,"column":5}},"168":{"start":{"line":539,"column":8},"end":{"line":539,"column":72}},"169":{"start":{"line":539,"column":65},"end":{"line":539,"column":72}},"170":{"start":{"line":541,"column":27},"end":{"line":541,"column":51}},"171":{"start":{"line":542,"column":8},"end":{"line":542,"column":40}},"172":{"start":{"line":545,"column":8},"end":{"line":548,"column":11}},"173":{"start":{"line":555,"column":29},"end":{"line":563,"column":5}},"174":{"start":{"line":556,"column":8},"end":{"line":562,"column":9}},"175":{"start":{"line":557,"column":28},"end":{"line":557,"column":58}},"176":{"start":{"line":558,"column":12},"end":{"line":558,"column":57}},"177":{"start":{"line":560,"column":12},"end":{"line":560,"column":69}},"178":{"start":{"line":561,"column":12},"end":{"line":561,"column":22}},"179":{"start":{"line":570,"column":29},"end":{"line":574,"column":5}},"180":{"start":{"line":571,"column":8},"end":{"line":571,"column":48}},"181":{"start":{"line":572,"column":8},"end":{"line":572,"column":32}},"182":{"start":{"line":573,"column":8},"end":{"line":573,"column":192}},"183":{"start":{"line":580,"column":37},"end":{"line":722,"column":5}},"184":{"start":{"line":581,"column":8},"end":{"line":721,"column":14}},"185":{"start":{"line":593,"column":36},"end":{"line":593,"column":65}},"186":{"start":{"line":594,"column":36},"end":{"line":594,"column":47}},"187":{"start":{"line":603,"column":47},"end":{"line":603,"column":77}},"188":{"start":{"line":632,"column":93},"end":{"line":716,"column":29}},"189":{"start":{"line":637,"column":55},"end":{"line":637,"column":94}},"190":{"start":{"line":649,"column":56},"end":{"line":649,"column":76}},"191":{"start":{"line":650,"column":75},"end":{"line":650,"column":132}},"192":{"start":{"line":651,"column":56},"end":{"line":655,"column":57}},"193":{"start":{"line":652,"column":60},"end":{"line":652,"column":88}},"194":{"start":{"line":653,"column":63},"end":{"line":655,"column":57}},"195":{"start":{"line":654,"column":60},"end":{"line":654,"column":88}},"196":{"start":{"line":685,"column":60},"end":{"line":685,"column":80}},"197":{"start":{"line":686,"column":60},"end":{"line":688,"column":61}},"198":{"start":{"line":687,"column":64},"end":{"line":687,"column":92}},"199":{"start":{"line":697,"column":60},"end":{"line":697,"column":80}},"200":{"start":{"line":698,"column":60},"end":{"line":705,"column":61}},"201":{"start":{"line":700,"column":64},"end":{"line":703,"column":67}},"202":{"start":{"line":704,"column":64},"end":{"line":704,"column":91}},"203":{"start":{"line":728,"column":33},"end":{"line":1142,"column":5}},"204":{"start":{"line":729,"column":8},"end":{"line":1141,"column":14}},"205":{"start":{"line":751,"column":36},"end":{"line":758,"column":37}},"206":{"start":{"line":753,"column":40},"end":{"line":756,"column":43}},"207":{"start":{"line":757,"column":40},"end":{"line":757,"column":67}},"208":{"start":{"line":794,"column":53},"end":{"line":794,"column":85}},"209":{"start":{"line":797,"column":40},"end":{"line":799,"column":49}},"210":{"start":{"line":825,"column":57},"end":{"line":825,"column":86}},"211":{"start":{"line":837,"column":57},"end":{"line":837,"column":88}},"212":{"start":{"line":841,"column":44},"end":{"line":843,"column":53}},"213":{"start":{"line":855,"column":57},"end":{"line":855,"column":92}},"214":{"start":{"line":871,"column":57},"end":{"line":871,"column":90}},"215":{"start":{"line":891,"column":61},"end":{"line":891,"column":92}},"216":{"start":{"line":910,"column":58},"end":{"line":910,"column":120}},"217":{"start":{"line":911,"column":59},"end":{"line":914,"column":40}},"218":{"start":{"line":912,"column":36},"end":{"line":913,"column":104}},"219":{"start":{"line":915,"column":32},"end":{"line":920,"column":41}},"220":{"start":{"line":942,"column":95},"end":{"line":1136,"column":29}},"221":{"start":{"line":951,"column":86},"end":{"line":951,"column":148}},"222":{"start":{"line":952,"column":60},"end":{"line":957,"column":69}},"223":{"start":{"line":960,"column":79},"end":{"line":960,"column":113}},"224":{"start":{"line":961,"column":60},"end":{"line":975,"column":61}},"225":{"start":{"line":962,"column":64},"end":{"line":967,"column":66}},"226":{"start":{"line":968,"column":67},"end":{"line":975,"column":61}},"227":{"start":{"line":969,"column":64},"end":{"line":974,"column":66}},"228":{"start":{"line":976,"column":60},"end":{"line":976,"column":72}},"229":{"start":{"line":991,"column":64},"end":{"line":991,"column":84}},"230":{"start":{"line":992,"column":64},"end":{"line":992,"column":84}},"231":{"start":{"line":1003,"column":64},"end":{"line":1003,"column":84}},"232":{"start":{"line":1004,"column":64},"end":{"line":1004,"column":84}},"233":{"start":{"line":1014,"column":60},"end":{"line":1014,"column":80}},"234":{"start":{"line":1015,"column":86},"end":{"line":1015,"column":148}},"235":{"start":{"line":1016,"column":60},"end":{"line":1025,"column":61}},"236":{"start":{"line":1017,"column":64},"end":{"line":1022,"column":65}},"237":{"start":{"line":1018,"column":68},"end":{"line":1018,"column":100}},"238":{"start":{"line":1019,"column":68},"end":{"line":1019,"column":146}},"239":{"start":{"line":1020,"column":68},"end":{"line":1020,"column":99}},"240":{"start":{"line":1021,"column":68},"end":{"line":1021,"column":79}},"241":{"start":{"line":1024,"column":64},"end":{"line":1024,"column":109}},"242":{"start":{"line":1038,"column":56},"end":{"line":1052,"column":62}},"243":{"start":{"line":1083,"column":75},"end":{"line":1083,"column":109}},"244":{"start":{"line":1084,"column":56},"end":{"line":1122,"column":58}},"245":{"start":{"line":1089,"column":72},"end":{"line":1089,"column":108}},"246":{"start":{"line":1090,"column":72},"end":{"line":1090,"column":83}},"247":{"start":{"line":1100,"column":87},"end":{"line":1100,"column":134}},"248":{"start":{"line":1101,"column":72},"end":{"line":1101,"column":149}},"249":{"start":{"line":1102,"column":72},"end":{"line":1102,"column":83}},"250":{"start":{"line":1112,"column":87},"end":{"line":1112,"column":135}},"251":{"start":{"line":1113,"column":72},"end":{"line":1113,"column":129}},"252":{"start":{"line":1114,"column":72},"end":{"line":1114,"column":83}},"253":{"start":{"line":1148,"column":30},"end":{"line":1285,"column":5}},"254":{"start":{"line":1149,"column":8},"end":{"line":1284,"column":14}},"255":{"start":{"line":1161,"column":51},"end":{"line":1161,"column":77}},"256":{"start":{"line":1179,"column":57},"end":{"line":1179,"column":113}},"257":{"start":{"line":1198,"column":57},"end":{"line":1198,"column":120}},"258":{"start":{"line":1218,"column":65},"end":{"line":1218,"column":121}},"259":{"start":{"line":1221,"column":52},"end":{"line":1223,"column":61}},"260":{"start":{"line":1237,"column":65},"end":{"line":1237,"column":122}},"261":{"start":{"line":1240,"column":52},"end":{"line":1242,"column":61}},"262":{"start":{"line":1255,"column":57},"end":{"line":1255,"column":119}},"263":{"start":{"line":1266,"column":55},"end":{"line":1266,"column":81}},"264":{"start":{"line":1291,"column":31},"end":{"line":1448,"column":5}},"265":{"start":{"line":1292,"column":8},"end":{"line":1447,"column":14}},"266":{"start":{"line":1305,"column":40},"end":{"line":1312,"column":43}},"267":{"start":{"line":1313,"column":40},"end":{"line":1313,"column":67}},"268":{"start":{"line":1332,"column":57},"end":{"line":1332,"column":113}},"269":{"start":{"line":1351,"column":57},"end":{"line":1351,"column":120}},"270":{"start":{"line":1371,"column":65},"end":{"line":1371,"column":121}},"271":{"start":{"line":1374,"column":52},"end":{"line":1376,"column":61}},"272":{"start":{"line":1390,"column":65},"end":{"line":1390,"column":122}},"273":{"start":{"line":1393,"column":52},"end":{"line":1395,"column":61}},"274":{"start":{"line":1408,"column":57},"end":{"line":1408,"column":119}},"275":{"start":{"line":1420,"column":44},"end":{"line":1427,"column":47}},"276":{"start":{"line":1428,"column":44},"end":{"line":1428,"column":71}},"277":{"start":{"line":1454,"column":26},"end":{"line":1645,"column":5}},"278":{"start":{"line":1455,"column":8},"end":{"line":1644,"column":14}},"279":{"start":{"line":1467,"column":51},"end":{"line":1467,"column":77}},"280":{"start":{"line":1484,"column":57},"end":{"line":1484,"column":111}},"281":{"start":{"line":1488,"column":44},"end":{"line":1490,"column":53}},"282":{"start":{"line":1509,"column":57},"end":{"line":1509,"column":109}},"283":{"start":{"line":1524,"column":40},"end":{"line":1546,"column":46}},"284":{"start":{"line":1532,"column":38},"end":{"line":1535,"column":42}},"285":{"start":{"line":1532,"column":62},"end":{"line":1535,"column":39}},"286":{"start":{"line":1543,"column":65},"end":{"line":1543,"column":104}},"287":{"start":{"line":1570,"column":65},"end":{"line":1570,"column":119}},"288":{"start":{"line":1588,"column":65},"end":{"line":1588,"column":113}},"289":{"start":{"line":1604,"column":57},"end":{"line":1604,"column":112}},"290":{"start":{"line":1615,"column":57},"end":{"line":1615,"column":111}},"291":{"start":{"line":1626,"column":55},"end":{"line":1626,"column":81}},"292":{"start":{"line":1651,"column":27},"end":{"line":1796,"column":5}},"293":{"start":{"line":1652,"column":8},"end":{"line":1795,"column":14}},"294":{"start":{"line":1665,"column":40},"end":{"line":1665,"column":61}},"295":{"start":{"line":1666,"column":40},"end":{"line":1666,"column":67}},"296":{"start":{"line":1686,"column":61},"end":{"line":1686,"column":121}},"297":{"start":{"line":1695,"column":44},"end":{"line":1718,"column":50}},"298":{"start":{"line":1704,"column":62},"end":{"line":1707,"column":43}},"299":{"start":{"line":1708,"column":42},"end":{"line":1708,"column":70}},"300":{"start":{"line":1716,"column":69},"end":{"line":1716,"column":112}},"301":{"start":{"line":1732,"column":69},"end":{"line":1732,"column":131}},"302":{"start":{"line":1750,"column":69},"end":{"line":1750,"column":125}},"303":{"start":{"line":1765,"column":61},"end":{"line":1765,"column":124}},"304":{"start":{"line":1774,"column":48},"end":{"line":1774,"column":69}},"305":{"start":{"line":1775,"column":48},"end":{"line":1775,"column":75}},"306":{"start":{"line":1799,"column":4},"end":{"line":1810,"column":5}},"307":{"start":{"line":1801,"column":12},"end":{"line":1801,"column":39}},"308":{"start":{"line":1803,"column":12},"end":{"line":1803,"column":40}},"309":{"start":{"line":1805,"column":12},"end":{"line":1805,"column":35}},"310":{"start":{"line":1807,"column":12},"end":{"line":1807,"column":36}},"311":{"start":{"line":1809,"column":12},"end":{"line":1809,"column":104}}},"fnMap":{"0":{"name":"CardManager","decl":{"start":{"line":50,"column":9},"end":{"line":50,"column":20}},"loc":{"start":{"line":50,"column":65},"end":{"line":1811,"column":1}},"line":50},"1":{"name":"(anonymous_1)","decl":{"start":{"line":144,"column":14},"end":{"line":144,"column":15}},"loc":{"start":{"line":144,"column":20},"end":{"line":146,"column":5}},"line":144},"2":{"name":"(anonymous_2)","decl":{"start":{"line":154,"column":14},"end":{"line":154,"column":15}},"loc":{"start":{"line":154,"column":20},"end":{"line":201,"column":5}},"line":154},"3":{"name":"(anonymous_3)","decl":{"start":{"line":159,"column":39},"end":{"line":159,"column":40}},"loc":{"start":{"line":159,"column":47},"end":{"line":159,"column":89}},"line":159},"4":{"name":"(anonymous_4)","decl":{"start":{"line":164,"column":39},"end":{"line":164,"column":40}},"loc":{"start":{"line":165,"column":16},"end":{"line":168,"column":18}},"line":165},"5":{"name":"(anonymous_5)","decl":{"start":{"line":166,"column":73},"end":{"line":166,"column":74}},"loc":{"start":{"line":167,"column":20},"end":{"line":167,"column":99}},"line":167},"6":{"name":"(anonymous_6)","decl":{"start":{"line":174,"column":39},"end":{"line":174,"column":40}},"loc":{"start":{"line":174,"column":47},"end":{"line":174,"column":75}},"line":174},"7":{"name":"(anonymous_7)","decl":{"start":{"line":179,"column":39},"end":{"line":179,"column":40}},"loc":{"start":{"line":179,"column":47},"end":{"line":179,"column":83}},"line":179},"8":{"name":"(anonymous_8)","decl":{"start":{"line":186,"column":43},"end":{"line":186,"column":44}},"loc":{"start":{"line":186,"column":51},"end":{"line":186,"column":86}},"line":186},"9":{"name":"(anonymous_9)","decl":{"start":{"line":188,"column":43},"end":{"line":188,"column":44}},"loc":{"start":{"line":188,"column":51},"end":{"line":188,"column":87}},"line":188},"10":{"name":"(anonymous_10)","decl":{"start":{"line":194,"column":39},"end":{"line":194,"column":40}},"loc":{"start":{"line":194,"column":47},"end":{"line":197,"column":13}},"line":194},"11":{"name":"(anonymous_11)","decl":{"start":{"line":207,"column":21},"end":{"line":207,"column":22}},"loc":{"start":{"line":207,"column":27},"end":{"line":225,"column":5}},"line":207},"12":{"name":"(anonymous_12)","decl":{"start":{"line":231,"column":30},"end":{"line":231,"column":31}},"loc":{"start":{"line":231,"column":44},"end":{"line":235,"column":5}},"line":231},"13":{"name":"(anonymous_13)","decl":{"start":{"line":241,"column":29},"end":{"line":241,"column":30}},"loc":{"start":{"line":241,"column":35},"end":{"line":245,"column":5}},"line":241},"14":{"name":"(anonymous_14)","decl":{"start":{"line":251,"column":36},"end":{"line":251,"column":37}},"loc":{"start":{"line":251,"column":52},"end":{"line":254,"column":5}},"line":251},"15":{"name":"(anonymous_15)","decl":{"start":{"line":253,"column":28},"end":{"line":253,"column":29}},"loc":{"start":{"line":253,"column":36},"end":{"line":253,"column":74}},"line":253},"16":{"name":"(anonymous_16)","decl":{"start":{"line":260,"column":29},"end":{"line":260,"column":30}},"loc":{"start":{"line":260,"column":35},"end":{"line":282,"column":5}},"line":260},"17":{"name":"(anonymous_17)","decl":{"start":{"line":270,"column":28},"end":{"line":270,"column":29}},"loc":{"start":{"line":270,"column":35},"end":{"line":271,"column":73}},"line":270},"18":{"name":"(anonymous_18)","decl":{"start":{"line":288,"column":25},"end":{"line":288,"column":26}},"loc":{"start":{"line":288,"column":31},"end":{"line":320,"column":5}},"line":288},"19":{"name":"(anonymous_19)","decl":{"start":{"line":303,"column":57},"end":{"line":303,"column":58}},"loc":{"start":{"line":304,"column":16},"end":{"line":304,"column":59}},"line":304},"20":{"name":"(anonymous_20)","decl":{"start":{"line":326,"column":27},"end":{"line":326,"column":28}},"loc":{"start":{"line":326,"column":33},"end":{"line":360,"column":5}},"line":326},"21":{"name":"(anonymous_21)","decl":{"start":{"line":366,"column":23},"end":{"line":366,"column":24}},"loc":{"start":{"line":366,"column":29},"end":{"line":402,"column":5}},"line":366},"22":{"name":"(anonymous_22)","decl":{"start":{"line":408,"column":23},"end":{"line":408,"column":24}},"loc":{"start":{"line":408,"column":35},"end":{"line":414,"column":5}},"line":408},"23":{"name":"(anonymous_23)","decl":{"start":{"line":420,"column":27},"end":{"line":420,"column":28}},"loc":{"start":{"line":420,"column":43},"end":{"line":430,"column":5}},"line":420},"24":{"name":"(anonymous_24)","decl":{"start":{"line":436,"column":30},"end":{"line":436,"column":31}},"loc":{"start":{"line":436,"column":44},"end":{"line":447,"column":5}},"line":436},"25":{"name":"(anonymous_25)","decl":{"start":{"line":453,"column":31},"end":{"line":453,"column":32}},"loc":{"start":{"line":453,"column":37},"end":{"line":478,"column":5}},"line":453},"26":{"name":"(anonymous_26)","decl":{"start":{"line":484,"column":26},"end":{"line":484,"column":27}},"loc":{"start":{"line":484,"column":36},"end":{"line":490,"column":5}},"line":484},"27":{"name":"(anonymous_27)","decl":{"start":{"line":496,"column":27},"end":{"line":496,"column":28}},"loc":{"start":{"line":496,"column":33},"end":{"line":515,"column":5}},"line":496},"28":{"name":"(anonymous_28)","decl":{"start":{"line":506,"column":48},"end":{"line":506,"column":49}},"loc":{"start":{"line":506,"column":53},"end":{"line":506,"column":61}},"line":506},"29":{"name":"(anonymous_29)","decl":{"start":{"line":506,"column":70},"end":{"line":506,"column":71}},"loc":{"start":{"line":506,"column":75},"end":{"line":506,"column":76}},"line":506},"30":{"name":"(anonymous_30)","decl":{"start":{"line":521,"column":29},"end":{"line":521,"column":30}},"loc":{"start":{"line":521,"column":47},"end":{"line":532,"column":5}},"line":521},"31":{"name":"(anonymous_31)","decl":{"start":{"line":538,"column":33},"end":{"line":538,"column":34}},"loc":{"start":{"line":538,"column":51},"end":{"line":549,"column":5}},"line":538},"32":{"name":"(anonymous_32)","decl":{"start":{"line":555,"column":29},"end":{"line":555,"column":30}},"loc":{"start":{"line":555,"column":35},"end":{"line":563,"column":5}},"line":555},"33":{"name":"(anonymous_33)","decl":{"start":{"line":570,"column":29},"end":{"line":570,"column":30}},"loc":{"start":{"line":570,"column":42},"end":{"line":574,"column":5}},"line":570},"34":{"name":"(anonymous_34)","decl":{"start":{"line":580,"column":37},"end":{"line":580,"column":38}},"loc":{"start":{"line":581,"column":8},"end":{"line":721,"column":14}},"line":581},"35":{"name":"(anonymous_35)","decl":{"start":{"line":592,"column":41},"end":{"line":592,"column":42}},"loc":{"start":{"line":592,"column":47},"end":{"line":595,"column":33}},"line":592},"36":{"name":"(anonymous_36)","decl":{"start":{"line":603,"column":41},"end":{"line":603,"column":42}},"loc":{"start":{"line":603,"column":47},"end":{"line":603,"column":77}},"line":603},"37":{"name":"(anonymous_37)","decl":{"start":{"line":632,"column":72},"end":{"line":632,"column":73}},"loc":{"start":{"line":632,"column":93},"end":{"line":716,"column":29}},"line":632},"38":{"name":"(anonymous_38)","decl":{"start":{"line":637,"column":49},"end":{"line":637,"column":50}},"loc":{"start":{"line":637,"column":55},"end":{"line":637,"column":94}},"line":637},"39":{"name":"(anonymous_39)","decl":{"start":{"line":648,"column":61},"end":{"line":648,"column":62}},"loc":{"start":{"line":648,"column":68},"end":{"line":656,"column":53}},"line":648},"40":{"name":"(anonymous_40)","decl":{"start":{"line":684,"column":65},"end":{"line":684,"column":66}},"loc":{"start":{"line":684,"column":72},"end":{"line":689,"column":57}},"line":684},"41":{"name":"(anonymous_41)","decl":{"start":{"line":696,"column":65},"end":{"line":696,"column":66}},"loc":{"start":{"line":696,"column":72},"end":{"line":706,"column":57}},"line":696},"42":{"name":"(anonymous_42)","decl":{"start":{"line":728,"column":33},"end":{"line":728,"column":34}},"loc":{"start":{"line":729,"column":8},"end":{"line":1141,"column":14}},"line":729},"43":{"name":"(anonymous_43)","decl":{"start":{"line":750,"column":41},"end":{"line":750,"column":42}},"loc":{"start":{"line":750,"column":47},"end":{"line":759,"column":33}},"line":750},"44":{"name":"(anonymous_44)","decl":{"start":{"line":794,"column":46},"end":{"line":794,"column":47}},"loc":{"start":{"line":794,"column":53},"end":{"line":794,"column":85}},"line":794},"45":{"name":"(anonymous_45)","decl":{"start":{"line":796,"column":73},"end":{"line":796,"column":74}},"loc":{"start":{"line":797,"column":40},"end":{"line":799,"column":49}},"line":797},"46":{"name":"(anonymous_46)","decl":{"start":{"line":825,"column":50},"end":{"line":825,"column":51}},"loc":{"start":{"line":825,"column":57},"end":{"line":825,"column":86}},"line":825},"47":{"name":"(anonymous_47)","decl":{"start":{"line":837,"column":50},"end":{"line":837,"column":51}},"loc":{"start":{"line":837,"column":57},"end":{"line":837,"column":88}},"line":837},"48":{"name":"(anonymous_48)","decl":{"start":{"line":840,"column":64},"end":{"line":840,"column":65}},"loc":{"start":{"line":841,"column":44},"end":{"line":843,"column":53}},"line":841},"49":{"name":"(anonymous_49)","decl":{"start":{"line":855,"column":50},"end":{"line":855,"column":51}},"loc":{"start":{"line":855,"column":57},"end":{"line":855,"column":92}},"line":855},"50":{"name":"(anonymous_50)","decl":{"start":{"line":871,"column":50},"end":{"line":871,"column":51}},"loc":{"start":{"line":871,"column":57},"end":{"line":871,"column":90}},"line":871},"51":{"name":"(anonymous_51)","decl":{"start":{"line":891,"column":54},"end":{"line":891,"column":55}},"loc":{"start":{"line":891,"column":61},"end":{"line":891,"column":92}},"line":891},"52":{"name":"(anonymous_52)","decl":{"start":{"line":909,"column":30},"end":{"line":909,"column":31}},"loc":{"start":{"line":909,"column":36},"end":{"line":921,"column":29}},"line":909},"53":{"name":"(anonymous_53)","decl":{"start":{"line":911,"column":72},"end":{"line":911,"column":73}},"loc":{"start":{"line":912,"column":36},"end":{"line":913,"column":104}},"line":912},"54":{"name":"(anonymous_54)","decl":{"start":{"line":942,"column":78},"end":{"line":942,"column":79}},"loc":{"start":{"line":942,"column":95},"end":{"line":1136,"column":29}},"line":942},"55":{"name":"(anonymous_55)","decl":{"start":{"line":950,"column":58},"end":{"line":950,"column":59}},"loc":{"start":{"line":950,"column":64},"end":{"line":958,"column":57}},"line":950},"56":{"name":"(anonymous_56)","decl":{"start":{"line":959,"column":58},"end":{"line":959,"column":59}},"loc":{"start":{"line":959,"column":64},"end":{"line":977,"column":57}},"line":959},"57":{"name":"(anonymous_57)","decl":{"start":{"line":990,"column":69},"end":{"line":990,"column":70}},"loc":{"start":{"line":990,"column":76},"end":{"line":993,"column":61}},"line":990},"58":{"name":"(anonymous_58)","decl":{"start":{"line":1002,"column":69},"end":{"line":1002,"column":70}},"loc":{"start":{"line":1002,"column":76},"end":{"line":1005,"column":61}},"line":1002},"59":{"name":"(anonymous_59)","decl":{"start":{"line":1013,"column":65},"end":{"line":1013,"column":66}},"loc":{"start":{"line":1013,"column":72},"end":{"line":1026,"column":57}},"line":1013},"60":{"name":"(anonymous_60)","decl":{"start":{"line":1037,"column":69},"end":{"line":1037,"column":70}},"loc":{"start":{"line":1038,"column":56},"end":{"line":1052,"column":62}},"line":1038},"61":{"name":"(anonymous_61)","decl":{"start":{"line":1082,"column":54},"end":{"line":1082,"column":55}},"loc":{"start":{"line":1082,"column":60},"end":{"line":1123,"column":53}},"line":1082},"62":{"name":"(anonymous_62)","decl":{"start":{"line":1088,"column":77},"end":{"line":1088,"column":78}},"loc":{"start":{"line":1088,"column":83},"end":{"line":1091,"column":69}},"line":1088},"63":{"name":"(anonymous_63)","decl":{"start":{"line":1099,"column":77},"end":{"line":1099,"column":78}},"loc":{"start":{"line":1099,"column":83},"end":{"line":1103,"column":69}},"line":1099},"64":{"name":"(anonymous_64)","decl":{"start":{"line":1111,"column":77},"end":{"line":1111,"column":78}},"loc":{"start":{"line":1111,"column":83},"end":{"line":1115,"column":69}},"line":1111},"65":{"name":"(anonymous_65)","decl":{"start":{"line":1148,"column":30},"end":{"line":1148,"column":31}},"loc":{"start":{"line":1149,"column":8},"end":{"line":1284,"column":14}},"line":1149},"66":{"name":"(anonymous_66)","decl":{"start":{"line":1161,"column":45},"end":{"line":1161,"column":46}},"loc":{"start":{"line":1161,"column":51},"end":{"line":1161,"column":77}},"line":1161},"67":{"name":"(anonymous_67)","decl":{"start":{"line":1179,"column":50},"end":{"line":1179,"column":51}},"loc":{"start":{"line":1179,"column":57},"end":{"line":1179,"column":113}},"line":1179},"68":{"name":"(anonymous_68)","decl":{"start":{"line":1198,"column":50},"end":{"line":1198,"column":51}},"loc":{"start":{"line":1198,"column":57},"end":{"line":1198,"column":120}},"line":1198},"69":{"name":"(anonymous_69)","decl":{"start":{"line":1218,"column":58},"end":{"line":1218,"column":59}},"loc":{"start":{"line":1218,"column":65},"end":{"line":1218,"column":121}},"line":1218},"70":{"name":"(anonymous_70)","decl":{"start":{"line":1220,"column":67},"end":{"line":1220,"column":68}},"loc":{"start":{"line":1221,"column":52},"end":{"line":1223,"column":61}},"line":1221},"71":{"name":"(anonymous_71)","decl":{"start":{"line":1237,"column":58},"end":{"line":1237,"column":59}},"loc":{"start":{"line":1237,"column":65},"end":{"line":1237,"column":122}},"line":1237},"72":{"name":"(anonymous_72)","decl":{"start":{"line":1239,"column":68},"end":{"line":1239,"column":69}},"loc":{"start":{"line":1240,"column":52},"end":{"line":1242,"column":61}},"line":1240},"73":{"name":"(anonymous_73)","decl":{"start":{"line":1255,"column":50},"end":{"line":1255,"column":51}},"loc":{"start":{"line":1255,"column":57},"end":{"line":1255,"column":119}},"line":1255},"74":{"name":"(anonymous_74)","decl":{"start":{"line":1266,"column":49},"end":{"line":1266,"column":50}},"loc":{"start":{"line":1266,"column":55},"end":{"line":1266,"column":81}},"line":1266},"75":{"name":"(anonymous_75)","decl":{"start":{"line":1291,"column":31},"end":{"line":1291,"column":32}},"loc":{"start":{"line":1292,"column":8},"end":{"line":1447,"column":14}},"line":1292},"76":{"name":"(anonymous_76)","decl":{"start":{"line":1304,"column":45},"end":{"line":1304,"column":46}},"loc":{"start":{"line":1304,"column":51},"end":{"line":1314,"column":37}},"line":1304},"77":{"name":"(anonymous_77)","decl":{"start":{"line":1332,"column":50},"end":{"line":1332,"column":51}},"loc":{"start":{"line":1332,"column":57},"end":{"line":1332,"column":113}},"line":1332},"78":{"name":"(anonymous_78)","decl":{"start":{"line":1351,"column":50},"end":{"line":1351,"column":51}},"loc":{"start":{"line":1351,"column":57},"end":{"line":1351,"column":120}},"line":1351},"79":{"name":"(anonymous_79)","decl":{"start":{"line":1371,"column":58},"end":{"line":1371,"column":59}},"loc":{"start":{"line":1371,"column":65},"end":{"line":1371,"column":121}},"line":1371},"80":{"name":"(anonymous_80)","decl":{"start":{"line":1373,"column":67},"end":{"line":1373,"column":68}},"loc":{"start":{"line":1374,"column":52},"end":{"line":1376,"column":61}},"line":1374},"81":{"name":"(anonymous_81)","decl":{"start":{"line":1390,"column":58},"end":{"line":1390,"column":59}},"loc":{"start":{"line":1390,"column":65},"end":{"line":1390,"column":122}},"line":1390},"82":{"name":"(anonymous_82)","decl":{"start":{"line":1392,"column":68},"end":{"line":1392,"column":69}},"loc":{"start":{"line":1393,"column":52},"end":{"line":1395,"column":61}},"line":1393},"83":{"name":"(anonymous_83)","decl":{"start":{"line":1408,"column":50},"end":{"line":1408,"column":51}},"loc":{"start":{"line":1408,"column":57},"end":{"line":1408,"column":119}},"line":1408},"84":{"name":"(anonymous_84)","decl":{"start":{"line":1419,"column":49},"end":{"line":1419,"column":50}},"loc":{"start":{"line":1419,"column":55},"end":{"line":1429,"column":41}},"line":1419},"85":{"name":"(anonymous_85)","decl":{"start":{"line":1454,"column":26},"end":{"line":1454,"column":27}},"loc":{"start":{"line":1455,"column":8},"end":{"line":1644,"column":14}},"line":1455},"86":{"name":"(anonymous_86)","decl":{"start":{"line":1467,"column":45},"end":{"line":1467,"column":46}},"loc":{"start":{"line":1467,"column":51},"end":{"line":1467,"column":77}},"line":1467},"87":{"name":"(anonymous_87)","decl":{"start":{"line":1484,"column":50},"end":{"line":1484,"column":51}},"loc":{"start":{"line":1484,"column":57},"end":{"line":1484,"column":111}},"line":1484},"88":{"name":"(anonymous_88)","decl":{"start":{"line":1487,"column":56},"end":{"line":1487,"column":57}},"loc":{"start":{"line":1488,"column":44},"end":{"line":1490,"column":53}},"line":1488},"89":{"name":"(anonymous_89)","decl":{"start":{"line":1509,"column":50},"end":{"line":1509,"column":51}},"loc":{"start":{"line":1509,"column":57},"end":{"line":1509,"column":109}},"line":1509},"90":{"name":"(anonymous_90)","decl":{"start":{"line":1523,"column":57},"end":{"line":1523,"column":58}},"loc":{"start":{"line":1524,"column":40},"end":{"line":1546,"column":46}},"line":1524},"91":{"name":"(anonymous_91)","decl":{"start":{"line":1531,"column":44},"end":{"line":1531,"column":45}},"loc":{"start":{"line":1531,"column":50},"end":{"line":1536,"column":35}},"line":1531},"92":{"name":"(anonymous_92)","decl":{"start":{"line":1532,"column":49},"end":{"line":1532,"column":50}},"loc":{"start":{"line":1532,"column":62},"end":{"line":1535,"column":39}},"line":1532},"93":{"name":"(anonymous_93)","decl":{"start":{"line":1543,"column":58},"end":{"line":1543,"column":59}},"loc":{"start":{"line":1543,"column":65},"end":{"line":1543,"column":104}},"line":1543},"94":{"name":"(anonymous_94)","decl":{"start":{"line":1570,"column":58},"end":{"line":1570,"column":59}},"loc":{"start":{"line":1570,"column":65},"end":{"line":1570,"column":119}},"line":1570},"95":{"name":"(anonymous_95)","decl":{"start":{"line":1588,"column":58},"end":{"line":1588,"column":59}},"loc":{"start":{"line":1588,"column":65},"end":{"line":1588,"column":113}},"line":1588},"96":{"name":"(anonymous_96)","decl":{"start":{"line":1604,"column":50},"end":{"line":1604,"column":51}},"loc":{"start":{"line":1604,"column":57},"end":{"line":1604,"column":112}},"line":1604},"97":{"name":"(anonymous_97)","decl":{"start":{"line":1615,"column":50},"end":{"line":1615,"column":51}},"loc":{"start":{"line":1615,"column":57},"end":{"line":1615,"column":111}},"line":1615},"98":{"name":"(anonymous_98)","decl":{"start":{"line":1626,"column":49},"end":{"line":1626,"column":50}},"loc":{"start":{"line":1626,"column":55},"end":{"line":1626,"column":81}},"line":1626},"99":{"name":"(anonymous_99)","decl":{"start":{"line":1651,"column":27},"end":{"line":1651,"column":28}},"loc":{"start":{"line":1652,"column":8},"end":{"line":1795,"column":14}},"line":1652},"100":{"name":"(anonymous_100)","decl":{"start":{"line":1664,"column":45},"end":{"line":1664,"column":46}},"loc":{"start":{"line":1664,"column":51},"end":{"line":1667,"column":37}},"line":1664},"101":{"name":"(anonymous_101)","decl":{"start":{"line":1686,"column":54},"end":{"line":1686,"column":55}},"loc":{"start":{"line":1686,"column":61},"end":{"line":1686,"column":121}},"line":1686},"102":{"name":"(anonymous_102)","decl":{"start":{"line":1694,"column":65},"end":{"line":1694,"column":66}},"loc":{"start":{"line":1695,"column":44},"end":{"line":1718,"column":50}},"line":1695},"103":{"name":"(anonymous_103)","decl":{"start":{"line":1702,"column":48},"end":{"line":1702,"column":49}},"loc":{"start":{"line":1702,"column":54},"end":{"line":1709,"column":39}},"line":1702},"104":{"name":"(anonymous_104)","decl":{"start":{"line":1716,"column":62},"end":{"line":1716,"column":63}},"loc":{"start":{"line":1716,"column":69},"end":{"line":1716,"column":112}},"line":1716},"105":{"name":"(anonymous_105)","decl":{"start":{"line":1732,"column":62},"end":{"line":1732,"column":63}},"loc":{"start":{"line":1732,"column":69},"end":{"line":1732,"column":131}},"line":1732},"106":{"name":"(anonymous_106)","decl":{"start":{"line":1750,"column":62},"end":{"line":1750,"column":63}},"loc":{"start":{"line":1750,"column":69},"end":{"line":1750,"column":125}},"line":1750},"107":{"name":"(anonymous_107)","decl":{"start":{"line":1765,"column":54},"end":{"line":1765,"column":55}},"loc":{"start":{"line":1765,"column":61},"end":{"line":1765,"column":124}},"line":1765},"108":{"name":"(anonymous_108)","decl":{"start":{"line":1773,"column":53},"end":{"line":1773,"column":54}},"loc":{"start":{"line":1773,"column":59},"end":{"line":1776,"column":45}},"line":1773}},"branchMap":{"0":{"loc":{"start":{"line":158,"column":8},"end":{"line":160,"column":9}},"type":"if","locations":[{"start":{"line":158,"column":8},"end":{"line":160,"column":9}},{"start":{},"end":{}}],"line":158},"1":{"loc":{"start":{"line":163,"column":8},"end":{"line":170,"column":9}},"type":"if","locations":[{"start":{"line":163,"column":8},"end":{"line":170,"column":9}},{"start":{},"end":{}}],"line":163},"2":{"loc":{"start":{"line":165,"column":16},"end":{"line":168,"column":18}},"type":"binary-expr","locations":[{"start":{"line":165,"column":16},"end":{"line":165,"column":78}},{"start":{"line":166,"column":17},"end":{"line":166,"column":26}},{"start":{"line":166,"column":30},"end":{"line":166,"column":54}},{"start":{"line":166,"column":58},"end":{"line":168,"column":17}}],"line":165},"3":{"loc":{"start":{"line":167,"column":20},"end":{"line":167,"column":99}},"type":"binary-expr","locations":[{"start":{"line":167,"column":20},"end":{"line":167,"column":43}},{"start":{"line":167,"column":47},"end":{"line":167,"column":99}}],"line":167},"4":{"loc":{"start":{"line":173,"column":8},"end":{"line":175,"column":9}},"type":"if","locations":[{"start":{"line":173,"column":8},"end":{"line":175,"column":9}},{"start":{},"end":{}}],"line":173},"5":{"loc":{"start":{"line":178,"column":8},"end":{"line":180,"column":9}},"type":"if","locations":[{"start":{"line":178,"column":8},"end":{"line":180,"column":9}},{"start":{},"end":{}}],"line":178},"6":{"loc":{"start":{"line":183,"column":8},"end":{"line":190,"column":9}},"type":"if","locations":[{"start":{"line":183,"column":8},"end":{"line":190,"column":9}},{"start":{},"end":{}}],"line":183},"7":{"loc":{"start":{"line":184,"column":49},"end":{"line":184,"column":99}},"type":"binary-expr","locations":[{"start":{"line":184,"column":49},"end":{"line":184,"column":91}},{"start":{"line":184,"column":95},"end":{"line":184,"column":99}}],"line":184},"8":{"loc":{"start":{"line":185,"column":12},"end":{"line":189,"column":13}},"type":"if","locations":[{"start":{"line":185,"column":12},"end":{"line":189,"column":13}},{"start":{"line":187,"column":19},"end":{"line":189,"column":13}}],"line":185},"9":{"loc":{"start":{"line":187,"column":19},"end":{"line":189,"column":13}},"type":"if","locations":[{"start":{"line":187,"column":19},"end":{"line":189,"column":13}},{"start":{},"end":{}}],"line":187},"10":{"loc":{"start":{"line":193,"column":8},"end":{"line":198,"column":9}},"type":"if","locations":[{"start":{"line":193,"column":8},"end":{"line":198,"column":9}},{"start":{},"end":{}}],"line":193},"11":{"loc":{"start":{"line":213,"column":8},"end":{"line":217,"column":9}},"type":"if","locations":[{"start":{"line":213,"column":8},"end":{"line":217,"column":9}},{"start":{},"end":{}}],"line":213},"12":{"loc":{"start":{"line":213,"column":12},"end":{"line":215,"column":58}},"type":"binary-expr","locations":[{"start":{"line":213,"column":12},"end":{"line":213,"column":31}},{"start":{"line":213,"column":35},"end":{"line":213,"column":49}},{"start":{"line":214,"column":12},"end":{"line":214,"column":63}},{"start":{"line":215,"column":12},"end":{"line":215,"column":58}}],"line":213},"13":{"loc":{"start":{"line":214,"column":23},"end":{"line":214,"column":49}},"type":"binary-expr","locations":[{"start":{"line":214,"column":23},"end":{"line":214,"column":41}},{"start":{"line":214,"column":45},"end":{"line":214,"column":49}}],"line":214},"14":{"loc":{"start":{"line":215,"column":23},"end":{"line":215,"column":44}},"type":"binary-expr","locations":[{"start":{"line":215,"column":23},"end":{"line":215,"column":36}},{"start":{"line":215,"column":40},"end":{"line":215,"column":44}}],"line":215},"15":{"loc":{"start":{"line":252,"column":8},"end":{"line":252,"column":59}},"type":"if","locations":[{"start":{"line":252,"column":8},"end":{"line":252,"column":59}},{"start":{},"end":{}}],"line":252},"16":{"loc":{"start":{"line":252,"column":12},"end":{"line":252,"column":48}},"type":"binary-expr","locations":[{"start":{"line":252,"column":12},"end":{"line":252,"column":23}},{"start":{"line":252,"column":27},"end":{"line":252,"column":48}}],"line":252},"17":{"loc":{"start":{"line":253,"column":36},"end":{"line":253,"column":74}},"type":"binary-expr","locations":[{"start":{"line":253,"column":36},"end":{"line":253,"column":40}},{"start":{"line":253,"column":44},"end":{"line":253,"column":74}}],"line":253},"18":{"loc":{"start":{"line":264,"column":8},"end":{"line":266,"column":9}},"type":"if","locations":[{"start":{"line":264,"column":8},"end":{"line":266,"column":9}},{"start":{},"end":{}}],"line":264},"19":{"loc":{"start":{"line":264,"column":12},"end":{"line":264,"column":73}},"type":"binary-expr","locations":[{"start":{"line":264,"column":12},"end":{"line":264,"column":24}},{"start":{"line":264,"column":28},"end":{"line":264,"column":45}},{"start":{"line":264,"column":49},"end":{"line":264,"column":73}}],"line":264},"20":{"loc":{"start":{"line":269,"column":8},"end":{"line":273,"column":9}},"type":"if","locations":[{"start":{"line":269,"column":8},"end":{"line":273,"column":9}},{"start":{},"end":{}}],"line":269},"21":{"loc":{"start":{"line":269,"column":12},"end":{"line":271,"column":74}},"type":"binary-expr","locations":[{"start":{"line":269,"column":12},"end":{"line":269,"column":37}},{"start":{"line":269,"column":41},"end":{"line":269,"column":52}},{"start":{"line":269,"column":56},"end":{"line":269,"column":72}},{"start":{"line":270,"column":12},"end":{"line":271,"column":74}}],"line":269},"22":{"loc":{"start":{"line":270,"column":35},"end":{"line":271,"column":73}},"type":"binary-expr","locations":[{"start":{"line":270,"column":35},"end":{"line":270,"column":38}},{"start":{"line":270,"column":42},"end":{"line":270,"column":50}},{"start":{"line":271,"column":16},"end":{"line":271,"column":73}}],"line":270},"23":{"loc":{"start":{"line":276,"column":8},"end":{"line":278,"column":9}},"type":"if","locations":[{"start":{"line":276,"column":8},"end":{"line":278,"column":9}},{"start":{},"end":{}}],"line":276},"24":{"loc":{"start":{"line":276,"column":12},"end":{"line":276,"column":87}},"type":"binary-expr","locations":[{"start":{"line":276,"column":12},"end":{"line":276,"column":24}},{"start":{"line":276,"column":28},"end":{"line":276,"column":52}},{"start":{"line":276,"column":56},"end":{"line":276,"column":87}}],"line":276},"25":{"loc":{"start":{"line":292,"column":8},"end":{"line":294,"column":9}},"type":"if","locations":[{"start":{"line":292,"column":8},"end":{"line":294,"column":9}},{"start":{},"end":{}}],"line":292},"26":{"loc":{"start":{"line":292,"column":12},"end":{"line":292,"column":69}},"type":"binary-expr","locations":[{"start":{"line":292,"column":12},"end":{"line":292,"column":20}},{"start":{"line":292,"column":24},"end":{"line":292,"column":41}},{"start":{"line":292,"column":45},"end":{"line":292,"column":69}}],"line":292},"27":{"loc":{"start":{"line":297,"column":8},"end":{"line":299,"column":9}},"type":"if","locations":[{"start":{"line":297,"column":8},"end":{"line":299,"column":9}},{"start":{},"end":{}}],"line":297},"28":{"loc":{"start":{"line":297,"column":12},"end":{"line":297,"column":43}},"type":"binary-expr","locations":[{"start":{"line":297,"column":12},"end":{"line":297,"column":20}},{"start":{"line":297,"column":24},"end":{"line":297,"column":43}}],"line":297},"29":{"loc":{"start":{"line":302,"column":8},"end":{"line":311,"column":9}},"type":"if","locations":[{"start":{"line":302,"column":8},"end":{"line":311,"column":9}},{"start":{"line":309,"column":15},"end":{"line":311,"column":9}}],"line":302},"30":{"loc":{"start":{"line":302,"column":12},"end":{"line":302,"column":53}},"type":"binary-expr","locations":[{"start":{"line":302,"column":12},"end":{"line":302,"column":19}},{"start":{"line":302,"column":23},"end":{"line":302,"column":53}}],"line":302},"31":{"loc":{"start":{"line":304,"column":16},"end":{"line":304,"column":59}},"type":"binary-expr","locations":[{"start":{"line":304,"column":16},"end":{"line":304,"column":42}},{"start":{"line":304,"column":46},"end":{"line":304,"column":59}}],"line":304},"32":{"loc":{"start":{"line":306,"column":12},"end":{"line":308,"column":13}},"type":"if","locations":[{"start":{"line":306,"column":12},"end":{"line":308,"column":13}},{"start":{},"end":{}}],"line":306},"33":{"loc":{"start":{"line":314,"column":8},"end":{"line":316,"column":9}},"type":"if","locations":[{"start":{"line":314,"column":8},"end":{"line":316,"column":9}},{"start":{},"end":{}}],"line":314},"34":{"loc":{"start":{"line":314,"column":12},"end":{"line":314,"column":93}},"type":"binary-expr","locations":[{"start":{"line":314,"column":12},"end":{"line":314,"column":20}},{"start":{"line":314,"column":24},"end":{"line":314,"column":54}},{"start":{"line":314,"column":58},"end":{"line":314,"column":93}}],"line":314},"35":{"loc":{"start":{"line":327,"column":8},"end":{"line":327,"column":40}},"type":"if","locations":[{"start":{"line":327,"column":8},"end":{"line":327,"column":40}},{"start":{},"end":{}}],"line":327},"36":{"loc":{"start":{"line":342,"column":8},"end":{"line":344,"column":9}},"type":"if","locations":[{"start":{"line":342,"column":8},"end":{"line":344,"column":9}},{"start":{},"end":{}}],"line":342},"37":{"loc":{"start":{"line":367,"column":8},"end":{"line":367,"column":36}},"type":"if","locations":[{"start":{"line":367,"column":8},"end":{"line":367,"column":36}},{"start":{},"end":{}}],"line":367},"38":{"loc":{"start":{"line":382,"column":8},"end":{"line":384,"column":9}},"type":"if","locations":[{"start":{"line":382,"column":8},"end":{"line":384,"column":9}},{"start":{},"end":{}}],"line":382},"39":{"loc":{"start":{"line":409,"column":8},"end":{"line":413,"column":9}},"type":"if","locations":[{"start":{"line":409,"column":8},"end":{"line":413,"column":9}},{"start":{},"end":{}}],"line":409},"40":{"loc":{"start":{"line":422,"column":12},"end":{"line":426,"column":13}},"type":"if","locations":[{"start":{"line":422,"column":12},"end":{"line":426,"column":13}},{"start":{},"end":{}}],"line":422},"41":{"loc":{"start":{"line":441,"column":18},"end":{"line":441,"column":50}},"type":"binary-expr","locations":[{"start":{"line":441,"column":18},"end":{"line":441,"column":31}},{"start":{"line":441,"column":35},"end":{"line":441,"column":50}}],"line":441},"42":{"loc":{"start":{"line":442,"column":19},"end":{"line":442,"column":46}},"type":"binary-expr","locations":[{"start":{"line":442,"column":19},"end":{"line":442,"column":33}},{"start":{"line":442,"column":37},"end":{"line":442,"column":46}}],"line":442},"43":{"loc":{"start":{"line":443,"column":22},"end":{"line":443,"column":47}},"type":"binary-expr","locations":[{"start":{"line":443,"column":22},"end":{"line":443,"column":39}},{"start":{"line":443,"column":43},"end":{"line":443,"column":47}}],"line":443},"44":{"loc":{"start":{"line":444,"column":27},"end":{"line":444,"column":55}},"type":"binary-expr","locations":[{"start":{"line":444,"column":27},"end":{"line":444,"column":49}},{"start":{"line":444,"column":53},"end":{"line":444,"column":55}}],"line":444},"45":{"loc":{"start":{"line":454,"column":8},"end":{"line":454,"column":40}},"type":"if","locations":[{"start":{"line":454,"column":8},"end":{"line":454,"column":40}},{"start":{},"end":{}}],"line":454},"46":{"loc":{"start":{"line":487,"column":18},"end":{"line":487,"column":77}},"type":"cond-expr","locations":[{"start":{"line":487,"column":45},"end":{"line":487,"column":65}},{"start":{"line":487,"column":68},"end":{"line":487,"column":77}}],"line":487},"47":{"loc":{"start":{"line":497,"column":8},"end":{"line":500,"column":9}},"type":"if","locations":[{"start":{"line":497,"column":8},"end":{"line":500,"column":9}},{"start":{},"end":{}}],"line":497},"48":{"loc":{"start":{"line":505,"column":18},"end":{"line":507,"column":32}},"type":"cond-expr","locations":[{"start":{"line":506,"column":16},"end":{"line":506,"column":77}},{"start":{"line":507,"column":16},"end":{"line":507,"column":32}}],"line":505},"49":{"loc":{"start":{"line":522,"column":8},"end":{"line":522,"column":64}},"type":"if","locations":[{"start":{"line":522,"column":8},"end":{"line":522,"column":64}},{"start":{},"end":{}}],"line":522},"50":{"loc":{"start":{"line":522,"column":12},"end":{"line":522,"column":55}},"type":"binary-expr","locations":[{"start":{"line":522,"column":12},"end":{"line":522,"column":20}},{"start":{"line":522,"column":24},"end":{"line":522,"column":55}}],"line":522},"51":{"loc":{"start":{"line":525,"column":28},"end":{"line":525,"column":39}},"type":"binary-expr","locations":[{"start":{"line":525,"column":28},"end":{"line":525,"column":33}},{"start":{"line":525,"column":37},"end":{"line":525,"column":39}}],"line":525},"52":{"loc":{"start":{"line":539,"column":8},"end":{"line":539,"column":72}},"type":"if","locations":[{"start":{"line":539,"column":8},"end":{"line":539,"column":72}},{"start":{},"end":{}}],"line":539},"53":{"loc":{"start":{"line":539,"column":12},"end":{"line":539,"column":63}},"type":"binary-expr","locations":[{"start":{"line":539,"column":12},"end":{"line":539,"column":24}},{"start":{"line":539,"column":28},"end":{"line":539,"column":63}}],"line":539},"54":{"loc":{"start":{"line":542,"column":28},"end":{"line":542,"column":39}},"type":"binary-expr","locations":[{"start":{"line":542,"column":28},"end":{"line":542,"column":33}},{"start":{"line":542,"column":37},"end":{"line":542,"column":39}}],"line":542},"55":{"loc":{"start":{"line":558,"column":19},"end":{"line":558,"column":56}},"type":"cond-expr","locations":[{"start":{"line":558,"column":44},"end":{"line":558,"column":51}},{"start":{"line":558,"column":54},"end":{"line":558,"column":56}}],"line":558},"56":{"loc":{"start":{"line":624,"column":25},"end":{"line":717,"column":25}},"type":"cond-expr","locations":[{"start":{"line":625,"column":28},"end":{"line":630,"column":34}},{"start":{"line":632,"column":28},"end":{"line":716,"column":30}}],"line":624},"57":{"loc":{"start":{"line":632,"column":28},"end":{"line":716,"column":30}},"type":"binary-expr","locations":[{"start":{"line":632,"column":28},"end":{"line":632,"column":53}},{"start":{"line":632,"column":57},"end":{"line":716,"column":30}}],"line":632},"58":{"loc":{"start":{"line":632,"column":93},"end":{"line":716,"column":29}},"type":"binary-expr","locations":[{"start":{"line":632,"column":93},"end":{"line":632,"column":101}},{"start":{"line":633,"column":32},"end":{"line":715,"column":38}}],"line":632},"59":{"loc":{"start":{"line":633,"column":42},"end":{"line":633,"column":76}},"type":"binary-expr","locations":[{"start":{"line":633,"column":42},"end":{"line":633,"column":53}},{"start":{"line":633,"column":57},"end":{"line":633,"column":76}}],"line":633},"60":{"loc":{"start":{"line":635,"column":66},"end":{"line":635,"column":121}},"type":"cond-expr","locations":[{"start":{"line":635,"column":95},"end":{"line":635,"column":109}},{"start":{"line":635,"column":112},"end":{"line":635,"column":121}}],"line":635},"61":{"loc":{"start":{"line":635,"column":66},"end":{"line":635,"column":92}},"type":"binary-expr","locations":[{"start":{"line":635,"column":66},"end":{"line":635,"column":74}},{"start":{"line":635,"column":78},"end":{"line":635,"column":92}}],"line":635},"62":{"loc":{"start":{"line":637,"column":55},"end":{"line":637,"column":94}},"type":"binary-expr","locations":[{"start":{"line":637,"column":55},"end":{"line":637,"column":63}},{"start":{"line":637,"column":67},"end":{"line":637,"column":94}}],"line":637},"63":{"loc":{"start":{"line":639,"column":74},"end":{"line":639,"column":129}},"type":"cond-expr","locations":[{"start":{"line":639,"column":103},"end":{"line":639,"column":117}},{"start":{"line":639,"column":120},"end":{"line":639,"column":129}}],"line":639},"64":{"loc":{"start":{"line":639,"column":74},"end":{"line":639,"column":100}},"type":"binary-expr","locations":[{"start":{"line":639,"column":74},"end":{"line":639,"column":82}},{"start":{"line":639,"column":86},"end":{"line":639,"column":100}}],"line":639},"65":{"loc":{"start":{"line":642,"column":69},"end":{"line":642,"column":128}},"type":"cond-expr","locations":[{"start":{"line":642,"column":97},"end":{"line":642,"column":110}},{"start":{"line":642,"column":113},"end":{"line":642,"column":128}}],"line":642},"66":{"loc":{"start":{"line":642,"column":69},"end":{"line":642,"column":94}},"type":"binary-expr","locations":[{"start":{"line":642,"column":69},"end":{"line":642,"column":77}},{"start":{"line":642,"column":81},"end":{"line":642,"column":94}}],"line":642},"67":{"loc":{"start":{"line":643,"column":53},"end":{"line":643,"column":119}},"type":"cond-expr","locations":[{"start":{"line":643,"column":81},"end":{"line":643,"column":94}},{"start":{"line":643,"column":97},"end":{"line":643,"column":119}}],"line":643},"68":{"loc":{"start":{"line":643,"column":53},"end":{"line":643,"column":78}},"type":"binary-expr","locations":[{"start":{"line":643,"column":53},"end":{"line":643,"column":61}},{"start":{"line":643,"column":65},"end":{"line":643,"column":78}}],"line":643},"69":{"loc":{"start":{"line":651,"column":56},"end":{"line":655,"column":57}},"type":"if","locations":[{"start":{"line":651,"column":56},"end":{"line":655,"column":57}},{"start":{"line":653,"column":63},"end":{"line":655,"column":57}}],"line":651},"70":{"loc":{"start":{"line":653,"column":63},"end":{"line":655,"column":57}},"type":"if","locations":[{"start":{"line":653,"column":63},"end":{"line":655,"column":57}},{"start":{},"end":{}}],"line":653},"71":{"loc":{"start":{"line":664,"column":70},"end":{"line":664,"column":158}},"type":"cond-expr","locations":[{"start":{"line":664,"column":105},"end":{"line":664,"column":125}},{"start":{"line":664,"column":128},"end":{"line":664,"column":158}}],"line":664},"72":{"loc":{"start":{"line":664,"column":70},"end":{"line":664,"column":102}},"type":"binary-expr","locations":[{"start":{"line":664,"column":70},"end":{"line":664,"column":78}},{"start":{"line":664,"column":82},"end":{"line":664,"column":102}}],"line":664},"73":{"loc":{"start":{"line":668,"column":29},"end":{"line":668,"column":95}},"type":"cond-expr","locations":[{"start":{"line":668,"column":55},"end":{"line":668,"column":91}},{"start":{"line":668,"column":94},"end":{"line":668,"column":95}}],"line":668},"74":{"loc":{"start":{"line":668,"column":29},"end":{"line":668,"column":52}},"type":"binary-expr","locations":[{"start":{"line":668,"column":29},"end":{"line":668,"column":37}},{"start":{"line":668,"column":41},"end":{"line":668,"column":52}}],"line":668},"75":{"loc":{"start":{"line":672,"column":53},"end":{"line":672,"column":112}},"type":"cond-expr","locations":[{"start":{"line":672,"column":83},"end":{"line":672,"column":98}},{"start":{"line":672,"column":101},"end":{"line":672,"column":112}}],"line":672},"76":{"loc":{"start":{"line":672,"column":53},"end":{"line":672,"column":80}},"type":"binary-expr","locations":[{"start":{"line":672,"column":53},"end":{"line":672,"column":61}},{"start":{"line":672,"column":65},"end":{"line":672,"column":80}}],"line":672},"77":{"loc":{"start":{"line":679,"column":63},"end":{"line":679,"column":155}},"type":"cond-expr","locations":[{"start":{"line":679,"column":94},"end":{"line":679,"column":141}},{"start":{"line":679,"column":144},"end":{"line":679,"column":155}}],"line":679},"78":{"loc":{"start":{"line":679,"column":63},"end":{"line":679,"column":91}},"type":"binary-expr","locations":[{"start":{"line":679,"column":63},"end":{"line":679,"column":71}},{"start":{"line":679,"column":75},"end":{"line":679,"column":91}}],"line":679},"79":{"loc":{"start":{"line":686,"column":60},"end":{"line":688,"column":61}},"type":"if","locations":[{"start":{"line":686,"column":60},"end":{"line":688,"column":61}},{"start":{},"end":{}}],"line":686},"80":{"loc":{"start":{"line":698,"column":60},"end":{"line":705,"column":61}},"type":"if","locations":[{"start":{"line":698,"column":60},"end":{"line":705,"column":61}},{"start":{},"end":{}}],"line":698},"81":{"loc":{"start":{"line":698,"column":64},"end":{"line":698,"column":87}},"type":"binary-expr","locations":[{"start":{"line":698,"column":64},"end":{"line":698,"column":72}},{"start":{"line":698,"column":76},"end":{"line":698,"column":87}}],"line":698},"82":{"loc":{"start":{"line":735,"column":49},"end":{"line":735,"column":141}},"type":"cond-expr","locations":[{"start":{"line":735,"column":99},"end":{"line":735,"column":123}},{"start":{"line":735,"column":126},"end":{"line":735,"column":141}}],"line":735},"83":{"loc":{"start":{"line":735,"column":49},"end":{"line":735,"column":96}},"type":"binary-expr","locations":[{"start":{"line":735,"column":49},"end":{"line":735,"column":68}},{"start":{"line":735,"column":72},"end":{"line":735,"column":96}}],"line":735},"84":{"loc":{"start":{"line":736,"column":33},"end":{"line":736,"column":121}},"type":"cond-expr","locations":[{"start":{"line":736,"column":83},"end":{"line":736,"column":107}},{"start":{"line":736,"column":110},"end":{"line":736,"column":121}}],"line":736},"85":{"loc":{"start":{"line":736,"column":33},"end":{"line":736,"column":80}},"type":"binary-expr","locations":[{"start":{"line":736,"column":33},"end":{"line":736,"column":52}},{"start":{"line":736,"column":56},"end":{"line":736,"column":80}}],"line":736},"86":{"loc":{"start":{"line":738,"column":60},"end":{"line":738,"column":181}},"type":"cond-expr","locations":[{"start":{"line":738,"column":117},"end":{"line":738,"column":148}},{"start":{"line":738,"column":151},"end":{"line":738,"column":181}}],"line":738},"87":{"loc":{"start":{"line":738,"column":60},"end":{"line":738,"column":114}},"type":"binary-expr","locations":[{"start":{"line":738,"column":60},"end":{"line":738,"column":79}},{"start":{"line":738,"column":83},"end":{"line":738,"column":114}}],"line":738},"88":{"loc":{"start":{"line":751,"column":36},"end":{"line":758,"column":37}},"type":"if","locations":[{"start":{"line":751,"column":36},"end":{"line":758,"column":37}},{"start":{},"end":{}}],"line":751},"89":{"loc":{"start":{"line":751,"column":40},"end":{"line":751,"column":85}},"type":"binary-expr","locations":[{"start":{"line":751,"column":40},"end":{"line":751,"column":59}},{"start":{"line":751,"column":63},"end":{"line":751,"column":85}}],"line":751},"90":{"loc":{"start":{"line":880,"column":29},"end":{"line":900,"column":29}},"type":"binary-expr","locations":[{"start":{"line":880,"column":29},"end":{"line":880,"column":66}},{"start":{"line":881,"column":32},"end":{"line":899,"column":38}}],"line":880},"91":{"loc":{"start":{"line":908,"column":47},"end":{"line":908,"column":135}},"type":"cond-expr","locations":[{"start":{"line":908,"column":97},"end":{"line":908,"column":121}},{"start":{"line":908,"column":124},"end":{"line":908,"column":135}}],"line":908},"92":{"loc":{"start":{"line":908,"column":47},"end":{"line":908,"column":94}},"type":"binary-expr","locations":[{"start":{"line":908,"column":47},"end":{"line":908,"column":66}},{"start":{"line":908,"column":70},"end":{"line":908,"column":94}}],"line":908},"93":{"loc":{"start":{"line":908,"column":148},"end":{"line":908,"column":203}},"type":"cond-expr","locations":[{"start":{"line":908,"column":179},"end":{"line":908,"column":199}},{"start":{"line":908,"column":202},"end":{"line":908,"column":203}}],"line":908},"94":{"loc":{"start":{"line":908,"column":210},"end":{"line":908,"column":309}},"type":"cond-expr","locations":[{"start":{"line":908,"column":258},"end":{"line":908,"column":305}},{"start":{"line":908,"column":308},"end":{"line":908,"column":309}}],"line":908},"95":{"loc":{"start":{"line":908,"column":210},"end":{"line":908,"column":255}},"type":"binary-expr","locations":[{"start":{"line":908,"column":210},"end":{"line":908,"column":229}},{"start":{"line":908,"column":233},"end":{"line":908,"column":255}}],"line":908},"96":{"loc":{"start":{"line":910,"column":69},"end":{"line":910,"column":119}},"type":"binary-expr","locations":[{"start":{"line":910,"column":69},"end":{"line":910,"column":111}},{"start":{"line":910,"column":115},"end":{"line":910,"column":119}}],"line":910},"97":{"loc":{"start":{"line":912,"column":36},"end":{"line":913,"column":104}},"type":"binary-expr","locations":[{"start":{"line":912,"column":36},"end":{"line":912,"column":71}},{"start":{"line":913,"column":37},"end":{"line":913,"column":57}},{"start":{"line":913,"column":61},"end":{"line":913,"column":103}}],"line":912},"98":{"loc":{"start":{"line":915,"column":39},"end":{"line":920,"column":40}},"type":"cond-expr","locations":[{"start":{"line":916,"column":36},"end":{"line":919,"column":43}},{"start":{"line":920,"column":36},"end":{"line":920,"column":40}}],"line":915},"99":{"loc":{"start":{"line":924,"column":40},"end":{"line":924,"column":128}},"type":"cond-expr","locations":[{"start":{"line":924,"column":90},"end":{"line":924,"column":114}},{"start":{"line":924,"column":117},"end":{"line":924,"column":128}}],"line":924},"100":{"loc":{"start":{"line":924,"column":40},"end":{"line":924,"column":87}},"type":"binary-expr","locations":[{"start":{"line":924,"column":40},"end":{"line
[...]
02}},"line":146},"5":{"name":"(anonymous_5)","decl":{"start":{"line":166,"column":4},"end":{"line":166,"column":5}},"loc":{"start":{"line":166,"column":57},"end":{"line":175,"column":5}},"line":166},"6":{"name":"(anonymous_6)","decl":{"start":{"line":195,"column":4},"end":{"line":195,"column":5}},"loc":{"start":{"line":195,"column":64},"end":{"line":254,"column":5}},"line":195},"7":{"name":"(anonymous_7)","decl":{"start":{"line":204,"column":26},"end":{"line":204,"column":27}},"loc":{"start":{"line":204,"column":37},"end":{"line":204,"column":84}},"line":204},"8":{"name":"(anonymous_8)","decl":{"start":{"line":271,"column":4},"end":{"line":271,"column":5}},"loc":{"start":{"line":271,"column":54},"end":{"line":277,"column":5}},"line":271},"9":{"name":"(anonymous_9)","decl":{"start":{"line":294,"column":4},"end":{"line":294,"column":5}},"loc":{"start":{"line":294,"column":39},"end":{"line":318,"column":5}},"line":294},"10":{"name":"(anonymous_10)","decl":{"start":{"line":305,"column":38},"end":{"line":305,"column":39}},"loc":{"start":{"line":305,"column":49},"end":{"line":308,"column":13}},"line":305},"11":{"name":"(anonymous_11)","decl":{"start":{"line":312,"column":31},"end":{"line":312,"column":32}},"loc":{"start":{"line":312,"column":41},"end":{"line":317,"column":9}},"line":312},"12":{"name":"(anonymous_12)","decl":{"start":{"line":336,"column":4},"end":{"line":336,"column":5}},"loc":{"start":{"line":336,"column":57},"end":{"line":371,"column":5}},"line":336},"13":{"name":"(anonymous_13)","decl":{"start":{"line":338,"column":61},"end":{"line":338,"column":62}},"loc":{"start":{"line":338,"column":66},"end":{"line":338,"column":97}},"line":338},"14":{"name":"(anonymous_14)","decl":{"start":{"line":340,"column":35},"end":{"line":340,"column":36}},"loc":{"start":{"line":340,"column":45},"end":{"line":368,"column":9}},"line":340},"15":{"name":"(anonymous_15)","decl":{"start":{"line":341,"column":52},"end":{"line":341,"column":53}},"loc":{"start":{"line":341,"column":57},"end":{"line":341,"column":81}},"line":341},"16":{"name":"(anonymous_16)","decl":{"start":{"line":388,"column":4},"end":{"line":388,"column":5}},"loc":{"start":{"line":388,"column":46},"end":{"line":414,"column":5}},"line":388},"17":{"name":"(anonymous_17)","decl":{"start":{"line":391,"column":30},"end":{"line":391,"column":31}},"loc":{"start":{"line":391,"column":40},"end":{"line":410,"column":9}},"line":391},"18":{"name":"(anonymous_18)","decl":{"start":{"line":392,"column":51},"end":{"line":392,"column":52}},"loc":{"start":{"line":392,"column":56},"end":{"line":392,"column":80}},"line":392},"19":{"name":"(anonymous_19)","decl":{"start":{"line":413,"column":28},"end":{"line":413,"column":29}},"loc":{"start":{"line":413,"column":38},"end":{"line":413,"column":69}},"line":413},"20":{"name":"(anonymous_20)","decl":{"start":{"line":430,"column":4},"end":{"line":430,"column":5}},"loc":{"start":{"line":430,"column":39},"end":{"line":439,"column":5}},"line":430},"21":{"name":"(anonymous_21)","decl":{"start":{"line":456,"column":4},"end":{"line":456,"column":5}},"loc":{"start":{"line":456,"column":40},"end":{"line":505,"column":5}},"line":456},"22":{"name":"(anonymous_22)","decl":{"start":{"line":458,"column":61},"end":{"line":458,"column":62}},"loc":{"start":{"line":458,"column":66},"end":{"line":458,"column":97}},"line":458},"23":{"name":"(anonymous_23)","decl":{"start":{"line":460,"column":35},"end":{"line":460,"column":36}},"loc":{"start":{"line":460,"column":45},"end":{"line":502,"column":9}},"line":460},"24":{"name":"(anonymous_24)","decl":{"start":{"line":461,"column":52},"end":{"line":461,"column":53}},"loc":{"start":{"line":461,"column":57},"end":{"line":461,"column":81}},"line":461},"25":{"name":"(anonymous_25)","decl":{"start":{"line":520,"column":4},"end":{"line":520,"column":5}},"loc":{"start":{"line":520,"column":12},"end":{"line":525,"column":5}},"line":520},"26":{"name":"(anonymous_26)","decl":{"start":{"line":540,"column":4},"end":{"line":540,"column":5}},"loc":{"start":{"line":540,"column":26},"end":{"line":552,"column":5}},"line":540},"27":{"name":"(anonymous_27)","decl":{"start":{"line":541,"column":38},"end":{"line":541,"column":39}},"loc":{"start":{"line":541,"column":49},"end":{"line":551,"column":9}},"line":541},"28":{"name":"(anonymous_28)","decl":{"start":{"line":567,"column":4},"end":{"line":567,"column":5}},"loc":{"start":{"line":567,"column":23},"end":{"line":577,"column":5}},"line":567},"29":{"name":"(anonymous_29)","decl":{"start":{"line":568,"column":38},"end":{"line":568,"column":39}},"loc":{"start":{"line":568,"column":49},"end":{"line":576,"column":9}},"line":568}},"branchMap":{"0":{"loc":{"start":{"line":130,"column":42},"end":{"line":130,"column":57}},"type":"default-arg","locations":[{"start":{"line":130,"column":56},"end":{"line":130,"column":57}}],"line":130},"1":{"loc":{"start":{"line":197,"column":25},"end":{"line":199,"column":35}},"type":"cond-expr","locations":[{"start":{"line":198,"column":12},"end":{"line":198,"column":34}},{"start":{"line":199,"column":12},"end":{"line":199,"column":35}}],"line":197},"2":{"loc":{"start":{"line":210,"column":8},"end":{"line":212,"column":9}},"type":"if","locations":[{"start":{"line":210,"column":8},"end":{"line":212,"column":9}},{"start":{},"end":{}}],"line":210},"3":{"loc":{"start":{"line":210,"column":12},"end":{"line":210,"column":79}},"type":"binary-expr","locations":[{"start":{"line":210,"column":12},"end":{"line":210,"column":29}},{"start":{"line":210,"column":33},"end":{"line":210,"column":79}}],"line":210},"4":{"loc":{"start":{"line":213,"column":8},"end":{"line":215,"column":9}},"type":"if","locations":[{"start":{"line":213,"column":8},"end":{"line":215,"column":9}},{"start":{},"end":{}}],"line":213},"5":{"loc":{"start":{"line":213,"column":12},"end":{"line":213,"column":78}},"type":"binary-expr","locations":[{"start":{"line":213,"column":12},"end":{"line":213,"column":29}},{"start":{"line":213,"column":33},"end":{"line":213,"column":78}}],"line":213},"6":{"loc":{"start":{"line":218,"column":8},"end":{"line":222,"column":9}},"type":"if","locations":[{"start":{"line":218,"column":8},"end":{"line":222,"column":9}},{"start":{"line":220,"column":15},"end":{"line":222,"column":9}}],"line":218},"7":{"loc":{"start":{"line":220,"column":15},"end":{"line":222,"column":9}},"type":"if","locations":[{"start":{"line":220,"column":15},"end":{"line":222,"column":9}},{"start":{},"end":{}}],"line":220},"8":{"loc":{"start":{"line":229,"column":31},"end":{"line":231,"column":86}},"type":"cond-expr","locations":[{"start":{"line":230,"column":12},"end":{"line":230,"column":34}},{"start":{"line":231,"column":12},"end":{"line":231,"column":86}}],"line":229},"9":{"loc":{"start":{"line":238,"column":8},"end":{"line":243,"column":9}},"type":"if","locations":[{"start":{"line":238,"column":8},"end":{"line":243,"column":9}},{"start":{},"end":{}}],"line":238},"10":{"loc":{"start":{"line":299,"column":23},"end":{"line":299,"column":45}},"type":"binary-expr","locations":[{"start":{"line":299,"column":23},"end":{"line":299,"column":40}},{"start":{"line":299,"column":44},"end":{"line":299,"column":45}}],"line":299},"11":{"loc":{"start":{"line":300,"column":32},"end":{"line":300,"column":63}},"type":"binary-expr","locations":[{"start":{"line":300,"column":32},"end":{"line":300,"column":58}},{"start":{"line":300,"column":62},"end":{"line":300,"column":63}}],"line":300},"12":{"loc":{"start":{"line":301,"column":29},"end":{"line":301,"column":57}},"type":"binary-expr","locations":[{"start":{"line":301,"column":29},"end":{"line":301,"column":52}},{"start":{"line":301,"column":56},"end":{"line":301,"column":57}}],"line":301},"13":{"loc":{"start":{"line":313,"column":12},"end":{"line":315,"column":13}},"type":"if","locations":[{"start":{"line":313,"column":12},"end":{"line":315,"column":13}},{"start":{},"end":{}}],"line":313},"14":{"loc":{"start":{"line":343,"column":12},"end":{"line":367,"column":13}},"type":"if","locations":[{"start":{"line":343,"column":12},"end":{"line":367,"column":13}},{"start":{},"end":{}}],"line":343},"15":{"loc":{"start":{"line":343,"column":16},"end":{"line":343,"column":51}},"type":"binary-expr","locations":[{"start":{"line":343,"column":16},"end":{"line":343,"column":28}},{"start":{"line":343,"column":32},"end":{"line":343,"column":51}}],"line":343},"16":{"loc":{"start":{"line":346,"column":35},"end":{"line":348,"column":53}},"type":"cond-expr","locations":[{"start":{"line":347,"column":22},"end":{"line":347,"column":67}},{"start":{"line":348,"column":22},"end":{"line":348,"column":53}}],"line":346},"17":{"loc":{"start":{"line":346,"column":35},"end":{"line":346,"column":112}},"type":"binary-expr","locations":[{"start":{"line":346,"column":35},"end":{"line":346,"column":43}},{"start":{"line":346,"column":47},"end":{"line":346,"column":63}},{"start":{"line":346,"column":67},"end":{"line":346,"column":112}}],"line":346},"18":{"loc":{"start":{"line":350,"column":41},"end":{"line":358,"column":17}},"type":"cond-expr","locations":[{"start":{"line":350,"column":66},"end":{"line":354,"column":17}},{"start":{"line":354,"column":20},"end":{"line":358,"column":17}}],"line":350},"19":{"loc":{"start":{"line":393,"column":12},"end":{"line":409,"column":13}},"type":"if","locations":[{"start":{"line":393,"column":12},"end":{"line":409,"column":13}},{"start":{},"end":{}}],"line":393},"20":{"loc":{"start":{"line":404,"column":35},"end":{"line":406,"column":55}},"type":"cond-expr","locations":[{"start":{"line":405,"column":24},"end":{"line":405,"column":57}},{"start":{"line":406,"column":24},"end":{"line":406,"column":55}}],"line":404},"21":{"loc":{"start":{"line":432,"column":28},"end":{"line":432,"column":95}},"type":"cond-expr","locations":[{"start":{"line":432,"column":55},"end":{"line":432,"column":56}},{"start":{"line":432,"column":60},"end":{"line":432,"column":94}}],"line":432},"22":{"loc":{"start":{"line":432,"column":60},"end":{"line":432,"column":94}},"type":"cond-expr","locations":[{"start":{"line":432,"column":87},"end":{"line":432,"column":90}},{"start":{"line":432,"column":93},"end":{"line":432,"column":94}}],"line":432},"23":{"loc":{"start":{"line":435,"column":8},"end":{"line":435,"column":53}},"type":"if","locations":[{"start":{"line":435,"column":8},"end":{"line":435,"column":53}},{"start":{},"end":{}}],"line":435},"24":{"loc":{"start":{"line":436,"column":8},"end":{"line":436,"column":48}},"type":"if","locations":[{"start":{"line":436,"column":8},"end":{"line":436,"column":48}},{"start":{},"end":{}}],"line":436},"25":{"loc":{"start":{"line":437,"column":8},"end":{"line":437,"column":51}},"type":"if","locations":[{"start":{"line":437,"column":8},"end":{"line":437,"column":51}},{"start":{},"end":{}}],"line":437},"26":{"loc":{"start":{"line":463,"column":12},"end":{"line":501,"column":13}},"type":"if","locations":[{"start":{"line":463,"column":12},"end":{"line":501,"column":13}},{"start":{},"end":{}}],"line":463},"27":{"loc":{"start":{"line":463,"column":16},"end":{"line":463,"column":52}},"type":"binary-expr","locations":[{"start":{"line":463,"column":16},"end":{"line":463,"column":28}},{"start":{"line":463,"column":32},"end":{"line":463,"column":52}}],"line":463},"28":{"loc":{"start":{"line":483,"column":16},"end":{"line":489,"column":17}},"type":"if","locations":[{"start":{"line":483,"column":16},"end":{"line":489,"column":17}},{"start":{"line":485,"column":23},"end":{"line":489,"column":17}}],"line":483},"29":{"loc":{"start":{"line":483,"column":20},"end":{"line":483,"column":74}},"type":"binary-expr","locations":[{"start":{"line":483,"column":20},"end":{"line":483,"column":42}},{"start":{"line":483,"column":46},"end":{"line":483,"column":74}}],"line":483},"30":{"loc":{"start":{"line":485,"column":23},"end":{"line":489,"column":17}},"type":"if","locations":[{"start":{"line":485,"column":23},"end":{"line":489,"column":17}},{"start":{"line":487,"column":23},"end":{"line":489,"column":17}}],"line":485},"31":{"loc":{"start":{"line":547,"column":22},"end":{"line":548,"column":88}},"type":"cond-expr","locations":[{"start":{"line":548,"column":16},"end":{"line":548,"column":84}},{"start":{"line":548,"column":87},"end":{"line":548,"column":88}}],"line":547}},"s":{"0":2,"1":2,"2":2,"3":2,"4":0,"5":0,"6":0,"7":0,"8":0,"9":0,"10":0,"11":0,"12":0,"13":0,"14":0,"15":0,"16":0,"17":0,"18":0,"19":0,"20":0,"21":0,"22":0,"23":0,"24":0,"25":0,"26":0,"27":0,"28":0,"29":0,"30":0,"31":0,"32":0,"33":0,"34":0,"35":0,"36":0,"37":0,"38":0,"39":0,"40":0,"41":0,"42":0,"43":0,"44":0,"45":0,"46":0,"47":0,"48":0,"49":0,"50":0,"51":0,"52":0,"53":0,"54":0,"55":0,"56":0,"57":0,"58":0,"59":0,"60":0,"61":0,"62":0,"63":0,"64":0,"65":0,"66":0,"67":0,"68":0,"69":0,"70":0,"71":0,"72":0,"73":0,"74":0,"75":0,"76":0,"77":0,"78":0,"79":0,"80":0,"81":0,"82":0,"83":0,"84":0,"85":0,"86":0,"87":0,"88":0,"89":0,"90":0,"91":0,"92":0,"93":0,"94":0,"95":0,"96":0,"97":0,"98":0,"99":0,"100":0,"101":0,"102":0,"103":0,"104":0,"105":2},"f":{"0":2,"1":0,"2":0,"3":0,"4":0,"5":0,"6":0,"7":0,"8":0,"9":0,"10":0,"11":0,"12":0,"13":0,"14":0,"15":0,"16":0,"17":0,"18":0,"19":0,"20":0,"21":0,"22":0,"23":0,"24":0,"25":0,"26":0,"27":0,"28":0,"29":0},"b":{"0":[0],"1":[0,0],"2":[0,0],"3":[0,0],"4":[0,0],"5":[0,0],"6":[0,0],"7":[0,0],"8":[0,0],"9":[0,0],"10":[0,0],"11":[0,0],"12":[0,0],"13":[0,0],"14":[0,0],"15":[0,0],"16":[0,0],"17":[0,0,0],"18":[0,0],"19":[0,0],"20":[0,0],"21":[0,0],"22":[0,0],"23":[0,0],"24":[0,0],"25":[0,0],"26":[0,0],"27":[0,0],"28":[0,0],"29":[0,0],"30":[0,0],"31":[0,0]},"_coverageSchema":"1a1c01bbd47fc00a2c39e90264f33305004495a9","hash":"2717eef8a6ea2242f2a9f9d3f45dc08d3b158b44"}
,"C:\\Users\\Win 10 Pro x64\\IdeaProjects\\iu_quiz_community\\src\\utils\\xssUtils.js": {"path":"C:\\Users\\Win 10 Pro x64\\IdeaProjects\\iu_quiz_community\\src\\utils\\xssUtils.js","statementMap":{"0":{"start":{"line":33,"column":29},"end":{"line":44,"column":1}},"1":{"start":{"line":34,"column":2},"end":{"line":34,"column":53}},"2":{"start":{"line":34,"column":43},"end":{"line":34,"column":53}},"3":{"start":{"line":37,"column":2},"end":{"line":43,"column":30}},"4":{"start":{"line":60,"column":33},"end":{"line":69,"column":1}},"5":{"start":{"line":61,"column":2},"end":{"line":61,"column":53}},"6":{"start":{"line":61,"column":43},"end":{"line":61,"column":53}},"7":{"start":{"line":64,"column":2},"end":{"line":68,"column":27}},"8":{"start":{"line":85,"column":32},"end":{"line":90,"column":1}},"9":{"start":{"line":86,"column":2},"end":{"line":86,"column":53}},"10":{"start":{"line":86,"column":43},"end":{"line":86,"column":53}},"11":{"start":{"line":89,"column":2},"end":{"line":89,"column":35}},"12":{"start":{"line":107,"column":28},"end":{"line":142,"column":1}},"13":{"start":{"line":108,"column":2},"end":{"line":108,"column":51}},"14":{"start":{"line":108,"column":41},"end":{"line":108,"column":51}},"15":{"start":{"line":111,"column":22},"end":{"line":111,"column":59}},"16":{"start":{"line":114,"column":22},"end":{"line":114,"column":51}},"17":{"start":{"line":115,"column":2},"end":{"line":115,"column":31}},"18":{"start":{"line":118,"column":20},"end":{"line":138,"column":3}},"19":{"start":{"line":119,"column":4},"end":{"line":119,"column":36}},"20":{"start":{"line":119,"column":29},"end":{"line":119,"column":36}},"21":{"start":{"line":122,"column":4},"end":{"line":124,"column":5}},"22":{"start":{"line":123,"column":6},"end":{"line":123,"column":52}},"23":{"start":{"line":127,"column":4},"end":{"line":137,"column":7}},"24":{"start":{"line":128,"column":6},"end":{"line":136,"column":7}},"25":{"start":{"line":129,"column":8},"end":{"line":135,"column":9}},"26":{"start":{"line":131,"column":23},"end":{"line":131,"column":65}},"27":{"start":{"line":132,"column":10},"end":{"line":132,"column":41}},"28":{"start":{"line":134,"column":10},"end":{"line":134,"column":27}},"29":{"start":{"line":140,"column":2},"end":{"line":140,"column":25}},"30":{"start":{"line":141,"column":2},"end":{"line":141,"column":31}}},"fnMap":{"0":{"name":"(anonymous_0)","decl":{"start":{"line":33,"column":29},"end":{"line":33,"column":30}},"loc":{"start":{"line":33,"column":40},"end":{"line":44,"column":1}},"line":33},"1":{"name":"(anonymous_1)","decl":{"start":{"line":60,"column":33},"end":{"line":60,"column":34}},"loc":{"start":{"line":60,"column":44},"end":{"line":69,"column":1}},"line":60},"2":{"name":"(anonymous_2)","decl":{"start":{"line":85,"column":32},"end":{"line":85,"column":33}},"loc":{"start":{"line":85,"column":43},"end":{"line":90,"column":1}},"line":85},"3":{"name":"(anonymous_3)","decl":{"start":{"line":107,"column":28},"end":{"line":107,"column":29}},"loc":{"start":{"line":107,"column":38},"end":{"line":142,"column":1}},"line":107},"4":{"name":"(anonymous_4)","decl":{"start":{"line":118,"column":20},"end":{"line":118,"column":21}},"loc":{"start":{"line":118,"column":30},"end":{"line":138,"column":3}},"line":118},"5":{"name":"(anonymous_5)","decl":{"start":{"line":127,"column":40},"end":{"line":127,"column":41}},"loc":{"start":{"line":127,"column":49},"end":{"line":137,"column":5}},"line":127}},"branchMap":{"0":{"loc":{"start":{"line":34,"column":2},"end":{"line":34,"column":53}},"type":"if","locations":[{"start":{"line":34,"column":2},"end":{"line":34,"column":53}},{"start":{},"end":{}}],"line":34},"1":{"loc":{"start":{"line":34,"column":6},"end":{"line":34,"column":41}},"type":"binary-expr","locations":[{"start":{"line":34,"column":6},"end":{"line":34,"column":12}},{"start":{"line":34,"column":16},"end":{"line":34,"column":41}}],"line":34},"2":{"loc":{"start":{"line":61,"column":2},"end":{"line":61,"column":53}},"type":"if","locations":[{"start":{"line":61,"column":2},"end":{"line":61,"column":53}},{"start":{},"end":{}}],"line":61},"3":{"loc":{"start":{"line":61,"column":6},"end":{"line":61,"column":41}},"type":"binary-expr","locations":[{"start":{"line":61,"column":6},"end":{"line":61,"column":12}},{"start":{"line":61,"column":16},"end":{"line":61,"column":41}}],"line":61},"4":{"loc":{"start":{"line":86,"column":2},"end":{"line":86,"column":53}},"type":"if","locations":[{"start":{"line":86,"column":2},"end":{"line":86,"column":53}},{"start":{},"end":{}}],"line":86},"5":{"loc":{"start":{"line":86,"column":6},"end":{"line":86,"column":41}},"type":"binary-expr","locations":[{"start":{"line":86,"column":6},"end":{"line":86,"column":12}},{"start":{"line":86,"column":16},"end":{"line":86,"column":41}}],"line":86},"6":{"loc":{"start":{"line":108,"column":2},"end":{"line":108,"column":51}},"type":"if","locations":[{"start":{"line":108,"column":2},"end":{"line":108,"column":51}},{"start":{},"end":{}}],"line":108},"7":{"loc":{"start":{"line":108,"column":6},"end":{"line":108,"column":39}},"type":"binary-expr","locations":[{"start":{"line":108,"column":6},"end":{"line":108,"column":11}},{"start":{"line":108,"column":15},"end":{"line":108,"column":39}}],"line":108},"8":{"loc":{"start":{"line":119,"column":4},"end":{"line":119,"column":36}},"type":"if","locations":[{"start":{"line":119,"column":4},"end":{"line":119,"column":36}},{"start":{},"end":{}}],"line":119},"9":{"loc":{"start":{"line":128,"column":6},"end":{"line":136,"column":7}},"type":"if","locations":[{"start":{"line":128,"column":6},"end":{"line":136,"column":7}},{"start":{},"end":{}}],"line":128},"10":{"loc":{"start":{"line":129,"column":8},"end":{"line":135,"column":9}},"type":"if","locations":[{"start":{"line":129,"column":8},"end":{"line":135,"column":9}},{"start":{"line":133,"column":15},"end":{"line":135,"column":9}}],"line":129}},"s":{"0":2,"1":0,"2":0,"3":0,"4":2,"5":0,"6":0,"7":0,"8":2,"9":0,"10":0,"11":0,"12":2,"13":0,"14":0,"15":0,"16":0,"17":0,"18":0,"19":0,"20":0,"21":0,"22":0,"23":0,"24":0,"25":0,"26":0,"27":0,"28":0,"29":0,"30":0},"f":{"0":0,"1":0,"2":0,"3":0,"4":0,"5":0},"b":{"0":[0,0],"1":[0,0],"2":[0,0],"3":[0,0],"4":[0,0],"5":[0,0],"6":[0,0],"7":[0,0],"8":[0,0],"9":[0,0],"10":[0,0]},"_coverageSchema":"1a1c01bbd47fc00a2c39e90264f33305004495a9","hash":"8ffb582572c2dd48a5b6cf3d485a6aab40183f30"}
}
