TN:
SF:src\App.js
FN:44,App
FN:52,(anonymous_1)
FN:85,(anonymous_2)
FN:97,(anonymous_3)
FN:110,(anonymous_4)
FN:117,(anonymous_5)
FN:129,(anonymous_6)
FNF:7
FNH:2
FNDA:2,App
FNDA:2,(anonymous_1)
FNDA:0,(anonymous_2)
FNDA:0,(anonymous_3)
FNDA:0,(anonymous_4)
FNDA:0,(anonymous_5)
FNDA:0,(anonymous_6)
DA:45,2
DA:46,2
DA:47,2
DA:52,2
DA:53,2
DA:56,2
DA:57,2
DA:58,0
DA:59,0
DA:60,0
DA:61,0
DA:62,0
DA:64,0
DA:65,0
DA:70,2
DA:71,2
DA:72,2
DA:73,2
DA:75,2
DA:76,0
DA:77,0
DA:85,2
DA:86,0
DA:87,0
DA:88,0
DA:91,0
DA:97,2
DA:98,0
DA:99,0
DA:100,0
DA:101,0
DA:104,0
DA:110,2
DA:111,0
DA:117,2
DA:118,0
DA:129,2
DA:130,0
DA:132,0
DA:134,0
DA:136,0
DA:144,0
DA:146,0
DA:148,0
DA:153,2
DA:154,2
DA:158,0
LF:47
LH:19
BRDA:57,0,0,0
BRDA:57,0,1,2
BRDA:75,1,0,0
BRDA:75,1,1,2
BRDA:75,2,0,2
BRDA:75,2,1,2
BRDA:130,3,0,0
BRDA:130,3,1,0
BRDA:130,3,2,0
BRDA:130,3,3,0
BRDA:130,3,4,0
BRDA:130,3,5,0
BRDA:153,4,0,2
BRDA:153,4,1,0
BRDA:153,5,0,2
BRDA:153,5,1,0
BRF:16
BRH:6
end_of_record
TN:
SF:src\index.js
FNF:0
FNH:0
DA:26,0
DA:27,0
LF:2
LH:0
BRF:0
BRH:0
end_of_record
TN:
SF:src\reportWebVitals.js
FN:1,(anonymous_0)
FN:3,(anonymous_1)
FNF:2
FNH:0
FNDA:0,(anonymous_0)
FNDA:0,(anonymous_1)
DA:1,0
DA:2,0
DA:3,0
DA:4,0
DA:5,0
DA:6,0
DA:7,0
DA:8,0
LF:8
LH:0
BRDA:2,0,0,0
BRDA:2,0,1,0
BRDA:2,1,0,0
BRDA:2,1,1,0
BRF:4
BRH:0
end_of_record
TN:
SF:src\components\admin\CardManager.js
FN:30,CardManager
FN:122,(anonymous_1)
FN:131,(anonymous_2)
FN:136,(anonymous_3)
FN:141,(anonymous_4)
FN:143,(anonymous_5)
FN:151,(anonymous_6)
FN:156,(anonymous_7)
FN:163,(anonymous_8)
FN:165,(anonymous_9)
FN:171,(anonymous_10)
FN:183,(anonymous_11)
FN:206,(anonymous_12)
FN:215,(anonymous_13)
FN:224,(anonymous_14)
FN:226,(anonymous_15)
FN:232,(anonymous_16)
FN:242,(anonymous_17)
FN:259,(anonymous_18)
FN:274,(anonymous_19)
FN:296,(anonymous_20)
FN:335,(anonymous_21)
FN:376,(anonymous_22)
FN:387,(anonymous_23)
FN:402,(anonymous_24)
FN:418,(anonymous_25)
FN:448,(anonymous_26)
FN:459,(anonymous_27)
FN:469,(anonymous_28)
FN:469,(anonymous_29)
FN:483,(anonymous_30)
FN:499,(anonymous_31)
FN:515,(anonymous_32)
FN:529,(anonymous_33)
FN:538,(anonymous_34)
FN:550,(anonymous_35)
FN:561,(anonymous_36)
FN:590,(anonymous_37)
FN:595,(anonymous_38)
FN:606,(anonymous_39)
FN:642,(anonymous_40)
FN:654,(anonymous_41)
FN:685,(anonymous_42)
FN:707,(anonymous_43)
FN:751,(anonymous_44)
FN:753,(anonymous_45)
FN:782,(anonymous_46)
FN:794,(anonymous_47)
FN:797,(anonymous_48)
FN:812,(anonymous_49)
FN:828,(anonymous_50)
FN:848,(anonymous_51)
FN:866,(anonymous_52)
FN:868,(anonymous_53)
FN:899,(anonymous_54)
FN:907,(anonymous_55)
FN:916,(anonymous_56)
FN:947,(anonymous_57)
FN:959,(anonymous_58)
FN:970,(anonymous_59)
FN:994,(anonymous_60)
FN:1039,(anonymous_61)
FN:1045,(anonymous_62)
FN:1056,(anonymous_63)
FN:1068,(anonymous_64)
FN:1104,(anonymous_65)
FN:1117,(anonymous_66)
FN:1135,(anonymous_67)
FN:1154,(anonymous_68)
FN:1174,(anonymous_69)
FN:1176,(anonymous_70)
FN:1193,(anonymous_71)
FN:1195,(anonymous_72)
FN:1211,(anonymous_73)
FN:1222,(anonymous_74)
FN:1246,(anonymous_75)
FN:1259,(anonymous_76)
FN:1287,(anonymous_77)
FN:1306,(anonymous_78)
FN:1326,(anonymous_79)
FN:1328,(anonymous_80)
FN:1345,(anonymous_81)
FN:1347,(anonymous_82)
FN:1363,(anonymous_83)
FN:1374,(anonymous_84)
FN:1408,(anonymous_85)
FN:1421,(anonymous_86)
FN:1438,(anonymous_87)
FN:1441,(anonymous_88)
FN:1463,(anonymous_89)
FN:1477,(anonymous_90)
FN:1485,(anonymous_91)
FN:1486,(anonymous_92)
FN:1497,(anonymous_93)
FN:1524,(anonymous_94)
FN:1542,(anonymous_95)
FN:1558,(anonymous_96)
FN:1569,(anonymous_97)
FN:1580,(anonymous_98)
FN:1604,(anonymous_99)
FN:1617,(anonymous_100)
FN:1639,(anonymous_101)
FN:1647,(anonymous_102)
FN:1655,(anonymous_103)
FN:1669,(anonymous_104)
FN:1685,(anonymous_105)
FN:1703,(anonymous_106)
FN:1718,(anonymous_107)
FN:1726,(anonymous_108)
FNF:109
FNH:0
FNDA:0,CardManager
FNDA:0,(anonymous_1)
FNDA:0,(anonymous_2)
FNDA:0,(anonymous_3)
FNDA:0,(anonymous_4)
FNDA:0,(anonymous_5)
FNDA:0,(anonymous_6)
FNDA:0,(anonymous_7)
FNDA:0,(anonymous_8)
FNDA:0,(anonymous_9)
FNDA:0,(anonymous_10)
FNDA:0,(anonymous_11)
FNDA:0,(anonymous_12)
FNDA:0,(anonymous_13)
FNDA:0,(anonymous_14)
FNDA:0,(anonymous_15)
FNDA:0,(anonymous_16)
FNDA:0,(anonymous_17)
FNDA:0,(anonymous_18)
FNDA:0,(anonymous_19)
FNDA:0,(anonymous_20)
FNDA:0,(anonymous_21)
FNDA:0,(anonymous_22)
FNDA:0,(anonymous_23)
FNDA:0,(anonymous_24)
FNDA:0,(anonymous_25)
FNDA:0,(anonymous_26)
FNDA:0,(anonymous_27)
FNDA:0,(anonymous_28)
FNDA:0,(anonymous_29)
FNDA:0,(anonymous_30)
FNDA:0,(anonymous_31)
FNDA:0,(anonymous_32)
FNDA:0,(anonymous_33)
FNDA:0,(anonymous_34)
FNDA:0,(anonymous_35)
FNDA:0,(anonymous_36)
FNDA:0,(anonymous_37)
FNDA:0,(anonymous_38)
FNDA:0,(anonymous_39)
FNDA:0,(anonymous_40)
FNDA:0,(anonymous_41)
FNDA:0,(anonymous_42)
FNDA:0,(anonymous_43)
FNDA:0,(anonymous_44)
FNDA:0,(anonymous_45)
FNDA:0,(anonymous_46)
FNDA:0,(anonymous_47)
FNDA:0,(anonymous_48)
FNDA:0,(anonymous_49)
FNDA:0,(anonymous_50)
FNDA:0,(anonymous_51)
FNDA:0,(anonymous_52)
FNDA:0,(anonymous_53)
FNDA:0,(anonymous_54)
FNDA:0,(anonymous_55)
FNDA:0,(anonymous_56)
FNDA:0,(anonymous_57)
FNDA:0,(anonymous_58)
FNDA:0,(anonymous_59)
FNDA:0,(anonymous_60)
FNDA:0,(anonymous_61)
FNDA:0,(anonymous_62)
FNDA:0,(anonymous_63)
FNDA:0,(anonymous_64)
FNDA:0,(anonymous_65)
FNDA:0,(anonymous_66)
FNDA:0,(anonymous_67)
FNDA:0,(anonymous_68)
FNDA:0,(anonymous_69)
FNDA:0,(anonymous_70)
FNDA:0,(anonymous_71)
FNDA:0,(anonymous_72)
FNDA:0,(anonymous_73)
FNDA:0,(anonymous_74)
FNDA:0,(anonymous_75)
FNDA:0,(anonymous_76)
FNDA:0,(anonymous_77)
FNDA:0,(anonymous_78)
FNDA:0,(anonymous_79)
FNDA:0,(anonymous_80)
FNDA:0,(anonymous_81)
FNDA:0,(anonymous_82)
FNDA:0,(anonymous_83)
FNDA:0,(anonymous_84)
FNDA:0,(anonymous_85)
FNDA:0,(anonymous_86)
FNDA:0,(anonymous_87)
FNDA:0,(anonymous_88)
FNDA:0,(anonymous_89)
FNDA:0,(anonymous_90)
FNDA:0,(anonymous_91)
FNDA:0,(anonymous_92)
FNDA:0,(anonymous_93)
FNDA:0,(anonymous_94)
FNDA:0,(anonymous_95)
FNDA:0,(anonymous_96)
FNDA:0,(anonymous_97)
FNDA:0,(anonymous_98)
FNDA:0,(anonymous_99)
FNDA:0,(anonymous_100)
FNDA:0,(anonymous_101)
FNDA:0,(anonymous_102)
FNDA:0,(anonymous_103)
FNDA:0,(anonymous_104)
FNDA:0,(anonymous_105)
FNDA:0,(anonymous_106)
FNDA:0,(anonymous_107)
FNDA:0,(anonymous_108)
DA:32,0
DA:33,0
DA:34,0
DA:35,0
DA:36,0
DA:37,0
DA:38,0
DA:39,0
DA:40,0
DA:43,0
DA:46,0
DA:47,0
DA:53,0
DA:56,0
DA:81,0
DA:92,0
DA:95,0
DA:110,0
DA:122,0
DA:123,0
DA:131,0
DA:132,0
DA:135,0
DA:136,0
DA:140,0
DA:141,0
DA:142,0
DA:144,0
DA:150,0
DA:151,0
DA:155,0
DA:156,0
DA:160,0
DA:161,0
DA:162,0
DA:163,0
DA:164,0
DA:165,0
DA:170,0
DA:171,0
DA:172,0
DA:173,0
DA:177,0
DA:183,0
DA:185,0
DA:186,0
DA:189,0
DA:192,0
DA:196,0
DA:197,0
DA:199,0
DA:200,0
DA:206,0
DA:207,0
DA:208,0
DA:209,0
DA:215,0
DA:216,0
DA:217,0
DA:218,0
DA:224,0
DA:225,0
DA:226,0
DA:232,0
DA:233,0
DA:236,0
DA:237,0
DA:241,0
DA:242,0
DA:244,0
DA:248,0
DA:249,0
DA:252,0
DA:253,0
DA:259,0
DA:260,0
DA:263,0
DA:264,0
DA:268,0
DA:269,0
DA:273,0
DA:274,0
DA:275,0
DA:277,0
DA:278,0
DA:281,0
DA:285,0
DA:286,0
DA:289,0
DA:290,0
DA:296,0
DA:297,0
DA:300,0
DA:306,0
DA:309,0
DA:312,0
DA:313,0
DA:317,0
DA:326,0
DA:327,0
DA:329,0
DA:335,0
DA:336,0
DA:339,0
DA:345,0
DA:348,0
DA:351,0
DA:352,0
DA:356,0
DA:367,0
DA:368,0
DA:370,0
DA:376,0
DA:377,0
DA:378,0
DA:379,0
DA:380,0
DA:387,0
DA:388,0
DA:389,0
DA:390,0
DA:391,0
DA:392,0
DA:395,0
DA:402,0
DA:403,0
DA:412,0
DA:418,0
DA:419,0
DA:421,0
DA:427,0
DA:428,0
DA:431,0
DA:440,0
DA:441,0
DA:442,0
DA:448,0
DA:449,0
DA:453,0
DA:459,0
DA:460,0
DA:461,0
DA:462,0
DA:466,0
DA:469,0
DA:473,0
DA:474,0
DA:475,0
DA:476,0
DA:477,0
DA:483,0
DA:484,0
DA:486,0
DA:487,0
DA:490,0
DA:499,0
DA:500,0
DA:502,0
DA:503,0
DA:506,0
DA:515,0
DA:516,0
DA:517,0
DA:518,0
DA:520,0
DA:521,0
DA:529,0
DA:530,0
DA:531,0
DA:532,0
DA:538,0
DA:539,0
DA:551,0
DA:552,0
DA:561,0
DA:590,0
DA:595,0
DA:607,0
DA:608,0
DA:609,0
DA:610,0
DA:611,0
DA:612,0
DA:643,0
DA:644,0
DA:645,0
DA:655,0
DA:656,0
DA:658,0
DA:662,0
DA:685,0
DA:686,0
DA:708,0
DA:710,0
DA:714,0
DA:751,0
DA:754,0
DA:782,0
DA:794,0
DA:798,0
DA:812,0
DA:828,0
DA:848,0
DA:867,0
DA:868,0
DA:869,0
DA:872,0
DA:899,0
DA:908,0
DA:909,0
DA:917,0
DA:918,0
DA:919,0
DA:925,0
DA:926,0
DA:933,0
DA:948,0
DA:949,0
DA:960,0
DA:961,0
DA:971,0
DA:972,0
DA:973,0
DA:974,0
DA:975,0
DA:976,0
DA:977,0
DA:978,0
DA:981,0
DA:995,0
DA:1040,0
DA:1041,0
DA:1046,0
DA:1047,0
DA:1057,0
DA:1058,0
DA:1059,0
DA:1069,0
DA:1070,0
DA:1071,0
DA:1104,0
DA:1105,0
DA:1117,0
DA:1135,0
DA:1154,0
DA:1174,0
DA:1177,0
DA:1193,0
DA:1196,0
DA:1211,0
DA:1222,0
DA:1246,0
DA:1247,0
DA:1260,0
DA:1268,0
DA:1287,0
DA:1306,0
DA:1326,0
DA:1329,0
DA:1345,0
DA:1348,0
DA:1363,0
DA:1375,0
DA:1383,0
DA:1408,0
DA:1409,0
DA:1421,0
DA:1438,0
DA:1442,0
DA:1463,0
DA:1478,0
DA:1486,0
DA:1497,0
DA:1524,0
DA:1542,0
DA:1558,0
DA:1569,0
DA:1580,0
DA:1604,0
DA:1605,0
DA:1618,0
DA:1619,0
DA:1639,0
DA:1648,0
DA:1657,0
DA:1661,0
DA:1669,0
DA:1685,0
DA:1703,0
DA:1718,0
DA:1727,0
DA:1728,0
DA:1752,0
DA:1754,0
DA:1756,0
DA:1758,0
DA:1760,0
DA:1762,0
LF:298
LH:0
BRDA:135,0,0,0
BRDA:135,0,1,0
BRDA:140,1,0,0
BRDA:140,1,1,0
BRDA:142,2,0,0
BRDA:142,2,1,0
BRDA:142,2,2,0
BRDA:142,2,3,0
BRDA:144,3,0,0
BRDA:144,3,1,0
BRDA:150,4,0,0
BRDA:150,4,1,0
BRDA:155,5,0,0
BRDA:155,5,1,0
BRDA:160,6,0,0
BRDA:160,6,1,0
BRDA:161,7,0,0
BRDA:161,7,1,0
BRDA:162,8,0,0
BRDA:162,8,1,0
BRDA:164,9,0,0
BRDA:164,9,1,0
BRDA:170,10,0,0
BRDA:170,10,1,0
BRDA:189,11,0,0
BRDA:189,11,1,0
BRDA:189,12,0,0
BRDA:189,12,1,0
BRDA:189,12,2,0
BRDA:189,12,3,0
BRDA:190,13,0,0
BRDA:190,13,1,0
BRDA:191,14,0,0
BRDA:191,14,1,0
BRDA:225,15,0,0
BRDA:225,15,1,0
BRDA:225,16,0,0
BRDA:225,16,1,0
BRDA:226,17,0,0
BRDA:226,17,1,0
BRDA:236,18,0,0
BRDA:236,18,1,0
BRDA:236,19,0,0
BRDA:236,19,1,0
BRDA:236,19,2,0
BRDA:241,20,0,0
BRDA:241,20,1,0
BRDA:241,21,0,0
BRDA:241,21,1,0
BRDA:241,21,2,0
BRDA:241,21,3,0
BRDA:242,22,0,0
BRDA:242,22,1,0
BRDA:242,22,2,0
BRDA:248,23,0,0
BRDA:248,23,1,0
BRDA:248,24,0,0
BRDA:248,24,1,0
BRDA:248,24,2,0
BRDA:263,25,0,0
BRDA:263,25,1,0
BRDA:263,26,0,0
BRDA:263,26,1,0
BRDA:263,26,2,0
BRDA:268,27,0,0
BRDA:268,27,1,0
BRDA:268,28,0,0
BRDA:268,28,1,0
BRDA:273,29,0,0
BRDA:273,29,1,0
BRDA:273,30,0,0
BRDA:273,30,1,0
BRDA:275,31,0,0
BRDA:275,31,1,0
BRDA:277,32,0,0
BRDA:277,32,1,0
BRDA:285,33,0,0
BRDA:285,33,1,0
BRDA:285,34,0,0
BRDA:285,34,1,0
BRDA:285,34,2,0
BRDA:297,35,0,0
BRDA:297,35,1,0
BRDA:312,36,0,0
BRDA:312,36,1,0
BRDA:336,37,0,0
BRDA:336,37,1,0
BRDA:351,38,0,0
BRDA:351,38,1,0
BRDA:377,39,0,0
BRDA:377,39,1,0
BRDA:389,40,0,0
BRDA:389,40,1,0
BRDA:407,41,0,0
BRDA:407,41,1,0
BRDA:408,42,0,0
BRDA:408,42,1,0
BRDA:409,43,0,0
BRDA:409,43,1,0
BRDA:410,44,0,0
BRDA:410,44,1,0
BRDA:419,45,0,0
BRDA:419,45,1,0
BRDA:451,46,0,0
BRDA:451,46,1,0
BRDA:460,47,0,0
BRDA:460,47,1,0
BRDA:468,48,0,0
BRDA:468,48,1,0
BRDA:484,49,0,0
BRDA:484,49,1,0
BRDA:484,50,0,0
BRDA:484,50,1,0
BRDA:487,51,0,0
BRDA:487,51,1,0
BRDA:500,52,0,0
BRDA:500,52,1,0
BRDA:500,53,0,0
BRDA:500,53,1,0
BRDA:503,54,0,0
BRDA:503,54,1,0
BRDA:518,55,0,0
BRDA:518,55,1,0
BRDA:582,56,0,0
BRDA:582,56,1,0
BRDA:590,57,0,0
BRDA:590,57,1,0
BRDA:590,58,0,0
BRDA:590,58,1,0
BRDA:591,59,0,0
BRDA:591,59,1,0
BRDA:593,60,0,0
BRDA:593,60,1,0
BRDA:593,61,0,0
BRDA:593,61,1,0
BRDA:595,62,0,0
BRDA:595,62,1,0
BRDA:597,63,0,0
BRDA:597,63,1,0
BRDA:597,64,0,0
BRDA:597,64,1,0
BRDA:600,65,0,0
BRDA:600,65,1,0
BRDA:600,66,0,0
BRDA:600,66,1,0
BRDA:601,67,0,0
BRDA:601,67,1,0
BRDA:601,68,0,0
BRDA:601,68,1,0
BRDA:609,69,0,0
BRDA:609,69,1,0
BRDA:611,70,0,0
BRDA:611,70,1,0
BRDA:622,71,0,0
BRDA:622,71,1,0
BRDA:622,72,0,0
BRDA:622,72,1,0
BRDA:626,73,0,0
BRDA:626,73,1,0
BRDA:626,74,0,0
BRDA:626,74,1,0
BRDA:630,75,0,0
BRDA:630,75,1,0
BRDA:630,76,0,0
BRDA:630,76,1,0
BRDA:637,77,0,0
BRDA:637,77,1,0
BRDA:637,78,0,0
BRDA:637,78,1,0
BRDA:644,79,0,0
BRDA:644,79,1,0
BRDA:656,80,0,0
BRDA:656,80,1,0
BRDA:656,81,0,0
BRDA:656,81,1,0
BRDA:692,82,0,0
BRDA:692,82,1,0
BRDA:692,83,0,0
BRDA:692,83,1,0
BRDA:693,84,0,0
BRDA:693,84,1,0
BRDA:693,85,0,0
BRDA:693,85,1,0
BRDA:695,86,0,0
BRDA:695,86,1,0
BRDA:695,87,0,0
BRDA:695,87,1,0
BRDA:708,88,0,0
BRDA:708,88,1,0
BRDA:708,89,0,0
BRDA:708,89,1,0
BRDA:837,90,0,0
BRDA:837,90,1,0
BRDA:865,91,0,0
BRDA:865,91,1,0
BRDA:865,92,0,0
BRDA:865,92,1,0
BRDA:865,93,0,0
BRDA:865,93,1,0
BRDA:865,94,0,0
BRDA:865,94,1,0
BRDA:865,95,0,0
BRDA:865,95,1,0
BRDA:867,96,0,0
BRDA:867,96,1,0
BRDA:869,97,0,0
BRDA:869,97,1,0
BRDA:869,97,2,0
BRDA:872,98,0,0
BRDA:872,98,1,0
BRDA:881,99,0,0
BRDA:881,99,1,0
BRDA:881,100,0,0
BRDA:881,100,1,0
BRDA:882,101,0,0
BRDA:882,101,1,0
BRDA:882,102,0,0
BRDA:882,102,1,0
BRDA:888,103,0,0
BRDA:888,103,1,0
BRDA:888,104,0,0
BRDA:888,104,1,0
BRDA:892,105,0,0
BRDA:892,105,1,0
BRDA:892,106,0,0
BRDA:892,106,1,0
BRDA:892,106,2,0
BRDA:899,107,0,0
BRDA:899,107,1,0
BRDA:899,108,0,0
BRDA:899,108,1,0
BRDA:900,109,0,0
BRDA:900,109,1,0
BRDA:906,110,0,0
BRDA:906,110,1,0
BRDA:908,111,0,0
BRDA:908,111,1,0
BRDA:909,112,0,0
BRDA:909,112,1,0
BRDA:918,113,0,0
BRDA:918,113,1,0
BRDA:925,114,0,0
BRDA:925,114,1,0
BRDA:938,115,0,0
BRDA:938,115,1,0
BRDA:938,116,0,0
BRDA:938,116,1,0
BRDA:938,116,2,0
BRDA:944,117,0,0
BRDA:944,117,1,0
BRDA:944,117,2,0
BRDA:956,118,0,0
BRDA:956,118,1,0
BRDA:956,118,2,0
BRDA:972,119,0,0
BRDA:972,119,1,0
BRDA:973,120,0,0
BRDA:973,120,1,0
BRDA:974,121,0,0
BRDA:974,121,1,0
BRDA:993,122,0,0
BRDA:993,122,1,0
BRDA:993,123,0,0
BRDA:993,123,1,0
BRDA:993,123,2,0
BRDA:995,124,0,0
BRDA:995,124,1,0
BRDA:1005,125,0,0
BRDA:1005,125,1,0
BRDA:1014,126,0,0
BRDA:1014,126,1,0
BRDA:1026,127,0,0
BRDA:1026,127,1,0
BRDA:1029,128,0,0
BRDA:1029,128,1,0
BRDA:1030,129,0,0
BRDA:1030,129,1,0
BRDA:1033,130,0,0
BRDA:1033,130,1,0
BRDA:1037,131,0,0
BRDA:1037,131,1,0
BRDA:1044,132,0,0
BRDA:1044,132,1,0
BRDA:1055,133,0,0
BRDA:1055,133,1,0
BRDA:1058,134,0,0
BRDA:1058,134,1,0
BRDA:1067,135,0,0
BRDA:1067,135,1,0
BRDA:1070,136,0,0
BRDA:1070,136,1,0
BRDA:1133,137,0,0
BRDA:1133,137,1,0
BRDA:1138,138,0,0
BRDA:1138,138,1,0
BRDA:1151,139,0,0
BRDA:1151,139,1,0
BRDA:1157,140,0,0
BRDA:1157,140,1,0
BRDA:1285,141,0,0
BRDA:1285,141,1,0
BRDA:1290,142,0,0
BRDA:1290,142,1,0
BRDA:1303,143,0,0
BRDA:1303,143,1,0
BRDA:1309,144,0,0
BRDA:1309,144,1,0
BRDA:1436,145,0,0
BRDA:1436,145,1,0
BRDA:1447,146,0,0
BRDA:1447,146,1,0
BRDA:1460,147,0,0
BRDA:1460,147,1,0
BRDA:1466,148,0,0
BRDA:1466,148,1,0
BRDA:1502,149,0,0
BRDA:1502,149,1,0
BRDA:1507,150,0,0
BRDA:1507,150,1,0
BRDA:1628,151,0,0
BRDA:1628,151,1,0
BRDA:1717,152,0,0
BRDA:1717,152,1,0
BRDA:1752,153,0,0
BRDA:1752,153,1,0
BRDA:1752,153,2,0
BRDA:1752,153,3,0
BRDA:1752,153,4,0
BRDA:1762,154,0,0
BRDA:1762,154,1,0
BRF:330
BRH:0
end_of_record
TN:
SF:src\components\admin\QuestionEditor.js
FN:50,QuestionEditor
FN:73,(anonymous_1)
FN:80,(anonymous_2)
FN:88,(anonymous_3)
FN:90,(anonymous_4)
FN:96,(anonymous_5)
FN:98,(anonymous_6)
FN:110,(anonymous_7)
FN:114,(anonymous_8)
FN:121,(anonymous_9)
FN:137,(anonymous_10)
FN:151,(anonymous_11)
FN:160,(anonymous_12)
FN:182,(anonymous_13)
FN:193,(anonymous_14)
FN:193,(anonymous_15)
FN:196,(anonymous_16)
FN:223,(anonymous_17)
FN:233,(anonymous_18)
FN:252,(anonymous_19)
FN:263,(anonymous_20)
FN:272,(anonymous_21)
FN:280,(anonymous_22)
FN:304,(anonymous_23)
FN:307,(anonymous_24)
FN:325,(anonymous_25)
FN:344,(anonymous_26)
FN:359,(anonymous_27)
FN:377,(anonymous_28)
FN:391,(anonymous_29)
FN:460,(anonymous_30)
FN:490,(anonymous_31)
FNF:32
FNH:0
FNDA:0,QuestionEditor
FNDA:0,(anonymous_1)
FNDA:0,(anonymous_2)
FNDA:0,(anonymous_3)
FNDA:0,(anonymous_4)
FNDA:0,(anonymous_5)
FNDA:0,(anonymous_6)
FNDA:0,(anonymous_7)
FNDA:0,(anonymous_8)
FNDA:0,(anonymous_9)
FNDA:0,(anonymous_10)
FNDA:0,(anonymous_11)
FNDA:0,(anonymous_12)
FNDA:0,(anonymous_13)
FNDA:0,(anonymous_14)
FNDA:0,(anonymous_15)
FNDA:0,(anonymous_16)
FNDA:0,(anonymous_17)
FNDA:0,(anonymous_18)
FNDA:0,(anonymous_19)
FNDA:0,(anonymous_20)
FNDA:0,(anonymous_21)
FNDA:0,(anonymous_22)
FNDA:0,(anonymous_23)
FNDA:0,(anonymous_24)
FNDA:0,(anonymous_25)
FNDA:0,(anonymous_26)
FNDA:0,(anonymous_27)
FNDA:0,(anonymous_28)
FNDA:0,(anonymous_29)
FNDA:0,(anonymous_30)
FNDA:0,(anonymous_31)
DA:52,0
DA:55,0
DA:65,0
DA:66,0
DA:67,0
DA:68,0
DA:73,0
DA:74,0
DA:80,0
DA:81,0
DA:82,0
DA:88,0
DA:89,0
DA:90,0
DA:96,0
DA:97,0
DA:98,0
DA:110,0
DA:112,0
DA:114,0
DA:120,0
DA:121,0
DA:137,0
DA:139,0
DA:141,0
DA:142,0
DA:143,0
DA:151,0
DA:152,0
DA:155,0
DA:156,0
DA:160,0
DA:161,0
DA:162,0
DA:166,0
DA:167,0
DA:171,0
DA:172,0
DA:175,0
DA:176,0
DA:182,0
DA:183,0
DA:184,0
DA:187,0
DA:193,0
DA:196,0
DA:199,0
DA:200,0
DA:201,0
DA:204,0
DA:214,0
DA:217,0
DA:223,0
DA:224,0
DA:233,0
DA:252,0
DA:264,0
DA:272,0
DA:280,0
DA:304,0
DA:308,0
DA:325,0
DA:344,0
DA:359,0
DA:377,0
DA:391,0
DA:392,0
DA:437,0
DA:460,0
DA:491,0
LF:70
LH:0
BRDA:81,0,0,0
BRDA:81,0,1,0
BRDA:112,1,0,0
BRDA:112,1,1,0
BRDA:120,2,0,0
BRDA:120,2,1,0
BRDA:155,3,0,0
BRDA:155,3,1,0
BRDA:161,4,0,0
BRDA:161,4,1,0
BRDA:166,5,0,0
BRDA:166,5,1,0
BRDA:171,6,0,0
BRDA:171,6,1,0
BRDA:183,7,0,0
BRDA:183,7,1,0
BRDA:199,8,0,0
BRDA:199,8,1,0
BRDA:249,9,0,0
BRDA:249,9,1,0
BRDA:255,10,0,0
BRDA:255,10,1,0
BRDA:286,11,0,0
BRDA:286,11,1,0
BRDA:289,12,0,0
BRDA:289,12,1,0
BRDA:302,13,0,0
BRDA:302,13,1,0
BRDA:313,14,0,0
BRDA:313,14,1,0
BRDA:380,15,0,0
BRDA:380,15,1,0
BRDA:439,16,0,0
BRDA:439,16,1,0
BRDA:474,17,0,0
BRDA:474,17,1,0
BRDA:482,18,0,0
BRDA:482,18,1,0
BRDA:482,18,2,0
BRDA:491,19,0,0
BRDA:491,19,1,0
BRDA:507,20,0,0
BRDA:507,20,1,0
BRDA:516,21,0,0
BRDA:516,21,1,0
BRF:45
BRH:0
end_of_record
TN:
SF:src\components\auth\LoginForm.js
FN:84,(anonymous_0)
FN:102,(anonymous_1)
FN:112,(anonymous_2)
FN:126,LoginForm
FN:138,(anonymous_4)
FN:142,(anonymous_5)
FN:149,(anonymous_6)
FN:159,(anonymous_7)
FN:183,(anonymous_8)
FN:185,(anonymous_9)
FN:187,(anonymous_10)
FN:210,(anonymous_11)
FN:238,(anonymous_12)
FN:343,(anonymous_13)
FN:353,(anonymous_14)
FN:358,(anonymous_15)
FNF:16
FNH:1
FNDA:0,(anonymous_0)
FNDA:0,(anonymous_1)
FNDA:0,(anonymous_2)
FNDA:2,LoginForm
FNDA:0,(anonymous_4)
FNDA:0,(anonymous_5)
FNDA:0,(anonymous_6)
FNDA:0,(anonymous_7)
FNDA:0,(anonymous_8)
FNDA:0,(anonymous_9)
FNDA:0,(anonymous_10)
FNDA:0,(anonymous_11)
FNDA:0,(anonymous_12)
FNDA:0,(anonymous_13)
FNDA:0,(anonymous_14)
FNDA:0,(anonymous_15)
DA:28,2
DA:74,2
DA:85,0
DA:88,0
DA:91,0
DA:103,0
DA:104,0
DA:113,0
DA:127,2
DA:131,2
DA:132,2
DA:133,2
DA:138,2
DA:139,0
DA:140,0
DA:142,0
DA:148,0
DA:149,0
DA:159,2
DA:160,0
DA:163,0
DA:164,0
DA:165,0
DA:166,0
DA:170,0
DA:171,0
DA:172,0
DA:173,0
DA:176,0
DA:177,0
DA:183,2
DA:185,0
DA:187,0
DA:188,0
DA:192,0
DA:194,0
DA:195,0
DA:201,0
DA:210,2
DA:211,0
DA:213,0
DA:215,0
DA:216,0
DA:218,0
DA:219,0
DA:221,0
DA:222,0
DA:223,0
DA:225,0
DA:228,0
DA:229,0
DA:231,0
DA:238,2
DA:239,0
DA:240,0
DA:244,0
DA:247,2
DA:343,0
DA:354,0
DA:358,0
LF:60
LH:12
BRDA:85,0,0,0
BRDA:85,0,1,0
BRDA:85,1,0,0
BRDA:85,1,1,0
BRDA:104,2,0,0
BRDA:104,2,1,0
BRDA:148,3,0,0
BRDA:148,3,1,0
BRDA:163,4,0,0
BRDA:163,4,1,0
BRDA:165,5,0,0
BRDA:165,5,1,0
BRDA:170,6,0,0
BRDA:170,6,1,0
BRDA:172,7,0,0
BRDA:172,7,1,0
BRDA:188,8,0,0
BRDA:188,8,1,0
BRDA:192,9,0,0
BRDA:192,9,1,0
BRDA:213,10,0,0
BRDA:213,10,1,0
BRDA:221,11,0,0
BRDA:221,11,1,0
BRDA:238,12,0,0
BRDA:272,13,0,0
BRDA:272,13,1,2
BRDA:279,14,0,2
BRDA:279,14,1,0
BRDA:296,15,0,0
BRDA:296,15,1,2
BRDA:303,16,0,2
BRDA:303,16,1,0
BRDA:311,17,0,2
BRDA:311,17,1,0
BRDA:324,18,0,0
BRDA:324,18,1,2
BRDA:349,19,0,2
BRDA:349,19,1,0
BRF:39
BRH:7
end_of_record
TN:
SF:src\components\common\Footer.js
FN:24,Footer
FN:33,(anonymous_1)
FN:38,(anonymous_2)
FN:43,(anonymous_3)
FN:48,(anonymous_4)
FN:53,(anonymous_5)
FN:58,(anonymous_6)
FN:63,(anonymous_7)
FN:68,(anonymous_8)
FNF:9
FNH:0
FNDA:0,Footer
FNDA:0,(anonymous_1)
FNDA:0,(anonymous_2)
FNDA:0,(anonymous_3)
FNDA:0,(anonymous_4)
FNDA:0,(anonymous_5)
FNDA:0,(anonymous_6)
FNDA:0,(anonymous_7)
FNDA:0,(anonymous_8)
DA:25,0
DA:26,0
DA:27,0
DA:28,0
DA:33,0
DA:38,0
DA:43,0
DA:48,0
DA:53,0
DA:58,0
DA:63,0
DA:68,0
DA:70,0
LF:13
LH:0
BRDA:236,0,0,0
BRDA:236,0,1,0
BRDA:237,1,0,0
BRDA:237,1,1,0
BRDA:523,2,0,0
BRDA:523,2,1,0
BRDA:524,3,0,0
BRDA:524,3,1,0
BRDA:682,4,0,0
BRDA:682,4,1,0
BRDA:683,5,0,0
BRDA:683,5,1,0
BRDA:722,6,0,0
BRDA:722,6,1,0
BRDA:723,7,0,0
BRDA:723,7,1,0
BRF:16
BRH:0
end_of_record
TN:
SF:src\components\common\Header.js
FN:33,Header
FN:41,(anonymous_1)
FN:70,(anonymous_2)
FN:79,(anonymous_3)
FN:88,(anonymous_4)
FN:97,(anonymous_5)
FN:106,(anonymous_6)
FNF:7
FNH:0
FNDA:0,Header
FNDA:0,(anonymous_1)
FNDA:0,(anonymous_2)
FNDA:0,(anonymous_3)
FNDA:0,(anonymous_4)
FNDA:0,(anonymous_5)
FNDA:0,(anonymous_6)
DA:34,0
DA:42,0
DA:70,0
DA:79,0
DA:88,0
DA:97,0
DA:106,0
LF:7
LH:0
BRDA:69,0,0,0
BRDA:69,0,1,0
BRDA:78,1,0,0
BRDA:78,1,1,0
BRDA:87,2,0,0
BRDA:87,2,1,0
BRDA:96,3,0,0
BRDA:96,3,1,0
BRDA:105,4,0,0
BRDA:105,4,1,0
BRF:10
BRH:0
end_of_record
TN:
SF:src\components\common\Imprint.js
FN:22,Imprint
FNF:1
FNH:0
FNDA:0,Imprint
DA:23,0
LF:1
LH:0
BRF:0
BRH:0
end_of_record
TN:
SF:src\components\common\PrivacyPolicy.js
FN:22,PrivacyPolicy
FNF:1
FNH:0
FNDA:0,PrivacyPolicy
DA:23,0
LF:1
LH:0
BRF:0
BRH:0
end_of_record
TN:
SF:src\components\community\Community.js
FN:27,Community
FN:72,(anonymous_1)
FN:87,(anonymous_2)
FN:94,(anonymous_3)
FN:104,(anonymous_4)
FN:182,(anonymous_5)
FN:246,(anonymous_6)
FN:251,(anonymous_7)
FN:293,(anonymous_8)
FNF:9
FNH:0
FNDA:0,Community
FNDA:0,(anonymous_1)
FNDA:0,(anonymous_2)
FNDA:0,(anonymous_3)
FNDA:0,(anonymous_4)
FNDA:0,(anonymous_5)
FNDA:0,(anonymous_6)
FNDA:0,(anonymous_7)
FNDA:0,(anonymous_8)
DA:29,0
DA:64,0
DA:65,0
DA:72,0
DA:73,0
DA:74,0
DA:87,0
DA:88,0
DA:94,0
DA:95,0
DA:96,0
DA:97,0
DA:104,0
DA:105,0
DA:106,0
DA:110,0
DA:111,0
DA:182,0
DA:213,0
DA:247,0
DA:251,0
DA:293,0
LF:22
LH:0
BRDA:95,0,0,0
BRDA:95,0,1,0
BRDA:110,1,0,0
BRDA:110,1,1,0
BRF:4
BRH:0
end_of_record
TN:
SF:src\components\home\HomePage.js
FN:28,HomePage
FN:36,(anonymous_1)
FN:39,(anonymous_2)
FN:66,(anonymous_3)
FN:73,(anonymous_4)
FN:139,(anonymous_5)
FN:170,(anonymous_6)
FN:201,(anonymous_7)
FN:233,(anonymous_8)
FNF:9
FNH:0
FNDA:0,HomePage
FNDA:0,(anonymous_1)
FNDA:0,(anonymous_2)
FNDA:0,(anonymous_3)
FNDA:0,(anonymous_4)
FNDA:0,(anonymous_5)
FNDA:0,(anonymous_6)
FNDA:0,(anonymous_7)
FNDA:0,(anonymous_8)
DA:29,0
DA:36,0
DA:37,0
DA:38,0
DA:39,0
DA:41,0
DA:48,0
DA:66,0
DA:73,0
DA:139,0
DA:170,0
DA:201,0
DA:233,0
LF:13
LH:0
BRF:0
BRH:0
end_of_record
TN:
SF:src\components\quiz\CooperativeLobby.js
FN:19,CooperativeLobby
FN:26,(anonymous_1)
FN:28,(anonymous_2)
FN:29,(anonymous_3)
FN:33,(anonymous_4)
FN:40,(anonymous_5)
FN:77,(anonymous_6)
FNF:7
FNH:0
FNDA:0,CooperativeLobby
FNDA:0,(anonymous_1)
FNDA:0,(anonymous_2)
FNDA:0,(anonymous_3)
FNDA:0,(anonymous_4)
FNDA:0,(anonymous_5)
FNDA:0,(anonymous_6)
DA:20,0
DA:21,0
DA:26,0
DA:27,0
DA:28,0
DA:29,0
DA:30,0
DA:31,0
DA:32,0
DA:33,0
DA:34,0
DA:36,0
DA:40,0
DA:44,0
DA:78,0
LF:15
LH:0
BRDA:27,0,0,0
BRDA:27,0,1,0
BRDA:30,1,0,0
BRDA:30,1,1,0
BRDA:91,2,0,0
BRDA:91,2,1,0
BRDA:91,2,2,0
BRDA:100,3,0,0
BRDA:100,3,1,0
BRF:9
BRH:0
end_of_record
TN:
SF:src\components\quiz\LiveChat.js
FN:25,LiveChat
FN:33,(anonymous_1)
FN:41,(anonymous_2)
FN:64,(anonymous_3)
FN:74,(anonymous_4)
FN:76,(anonymous_5)
FN:85,(anonymous_6)
FN:87,(anonymous_7)
FN:96,(anonymous_8)
FN:123,(anonymous_9)
FNF:10
FNH:0
FNDA:0,LiveChat
FNDA:0,(anonymous_1)
FNDA:0,(anonymous_2)
FNDA:0,(anonymous_3)
FNDA:0,(anonymous_4)
FNDA:0,(anonymous_5)
FNDA:0,(anonymous_6)
FNDA:0,(anonymous_7)
FNDA:0,(anonymous_8)
FNDA:0,(anonymous_9)
DA:26,0
DA:27,0
DA:28,0
DA:33,0
DA:34,0
DA:41,0
DA:42,0
DA:43,0
DA:44,0
DA:54,0
DA:55,0
DA:56,0
DA:64,0
DA:65,0
DA:66,0
DA:74,0
DA:75,0
DA:76,0
DA:77,0
DA:85,0
DA:86,0
DA:87,0
DA:88,0
DA:96,0
DA:97,0
DA:103,0
DA:124,0
LF:27
LH:0
BRDA:43,0,0,0
BRDA:43,0,1,0
BRDA:43,1,0,0
BRDA:43,1,1,0
BRDA:46,2,0,0
BRDA:46,2,1,0
BRDA:75,3,0,0
BRDA:75,3,1,0
BRDA:77,4,0,0
BRDA:77,4,1,0
BRDA:86,5,0,0
BRDA:86,5,1,0
BRDA:88,6,0,0
BRDA:88,6,1,0
BRDA:105,7,0,0
BRDA:105,7,1,0
BRDA:113,8,0,0
BRDA:113,8,1,0
BRDA:124,9,0,0
BRDA:124,9,1,0
BRDA:124,10,0,0
BRDA:124,10,1,0
BRDA:125,11,0,0
BRDA:125,11,1,0
BRDA:128,12,0,0
BRDA:128,12,1,0
BRDA:130,13,0,0
BRDA:130,13,1,0
BRDA:155,14,0,0
BRDA:155,14,1,0
BRDA:164,15,0,0
BRDA:164,15,1,0
BRF:32
BRH:0
end_of_record
TN:
SF:src\components\quiz\PointsInfo.js
FN:17,PointsInfo
FNF:1
FNH:0
FNDA:0,PointsInfo
DA:18,0
LF:1
LH:0
BRDA:26,0,0,0
BRDA:26,0,1,0
BRDA:31,1,0,0
BRDA:31,1,1,0
BRF:4
BRH:0
end_of_record
TN:
SF:src\components\quiz\QuizCategorySelector.js
FN:39,QuizCategorySelector
FN:49,(anonymous_1)
FN:51,(anonymous_2)
FN:52,(anonymous_3)
FN:61,(anonymous_4)
FN:63,(anonymous_5)
FN:69,(anonymous_6)
FN:77,(anonymous_7)
FN:85,(anonymous_8)
FN:93,(anonymous_9)
FN:106,getEstimatedTime
FN:149,(anonymous_11)
FN:163,(anonymous_12)
FN:168,(anonymous_13)
FN:193,(anonymous_14)
FNF:15
FNH:0
FNDA:0,QuizCategorySelector
FNDA:0,(anonymous_1)
FNDA:0,(anonymous_2)
FNDA:0,(anonymous_3)
FNDA:0,(anonymous_4)
FNDA:0,(anonymous_5)
FNDA:0,(anonymous_6)
FNDA:0,(anonymous_7)
FNDA:0,(anonymous_8)
FNDA:0,(anonymous_9)
FNDA:0,getEstimatedTime
FNDA:0,(anonymous_11)
FNDA:0,(anonymous_12)
FNDA:0,(anonymous_13)
FNDA:0,(anonymous_14)
DA:47,0
DA:49,0
DA:50,0
DA:51,0
DA:52,0
DA:53,0
DA:61,0
DA:62,0
DA:63,0
DA:64,0
DA:69,0
DA:70,0
DA:71,0
DA:72,0
DA:73,0
DA:77,0
DA:78,0
DA:79,0
DA:80,0
DA:81,0
DA:85,0
DA:86,0
DA:87,0
DA:88,0
DA:89,0
DA:93,0
DA:94,0
DA:95,0
DA:107,0
DA:108,0
DA:109,0
DA:110,0
DA:111,0
DA:112,0
DA:114,0
DA:115,0
DA:119,0
DA:120,0
DA:123,0
DA:149,0
DA:164,0
DA:168,0
DA:193,0
LF:43
LH:0
BRDA:62,0,0,0
BRDA:62,0,1,0
BRDA:64,1,0,0
BRDA:64,1,1,0
BRDA:64,1,2,0
BRDA:70,2,0,0
BRDA:70,2,1,0
BRDA:70,2,2,0
BRDA:78,3,0,0
BRDA:78,3,1,0
BRDA:78,3,2,0
BRDA:86,4,0,0
BRDA:86,4,1,0
BRDA:86,4,2,0
BRDA:94,5,0,0
BRDA:94,5,1,0
BRDA:108,6,0,0
BRDA:108,6,1,0
BRDA:108,6,2,0
BRDA:108,6,3,0
BRDA:119,7,0,0
BRDA:119,7,1,0
BRDA:155,8,0,0
BRDA:155,8,1,0
BRDA:166,9,0,0
BRDA:166,9,1,0
BRDA:167,10,0,0
BRDA:167,10,1,0
BRDA:167,11,0,0
BRDA:167,11,1,0
BRDA:176,12,0,0
BRDA:176,12,1,0
BRDA:177,13,0,0
BRDA:177,13,1,0
BRF:34
BRH:0
end_of_record
TN:
SF:src\components\quiz\QuizMain.js
FN:49,QuizMain
FN:67,(anonymous_1)
FN:76,(anonymous_2)
FN:87,(anonymous_3)
FN:96,(anonymous_4)
FN:98,(anonymous_5)
FN:99,(anonymous_6)
FN:118,(anonymous_7)
FN:120,(anonymous_8)
FN:121,(anonymous_9)
FN:124,(anonymous_10)
FN:130,(anonymous_11)
FN:132,(anonymous_12)
FN:134,(anonymous_13)
FN:138,(anonymous_14)
FN:143,(anonymous_15)
FN:152,(anonymous_16)
FN:162,(anonymous_17)
FN:168,(anonymous_18)
FN:169,(anonymous_19)
FN:172,(anonymous_20)
FN:177,(anonymous_21)
FN:179,(anonymous_22)
FN:186,(anonymous_23)
FN:194,(anonymous_24)
FN:202,(anonymous_25)
FN:203,(anonymous_26)
FN:260,(anonymous_27)
FN:294,(anonymous_28)
FN:304,(anonymous_29)
FN:305,(anonymous_30)
FN:306,(anonymous_31)
FN:307,(anonymous_32)
FN:325,(anonymous_33)
FN:367,(anonymous_34)
FN:389,(anonymous_35)
FN:411,(anonymous_36)
FNF:37
FNH:0
FNDA:0,QuizMain
FNDA:0,(anonymous_1)
FNDA:0,(anonymous_2)
FNDA:0,(anonymous_3)
FNDA:0,(anonymous_4)
FNDA:0,(anonymous_5)
FNDA:0,(anonymous_6)
FNDA:0,(anonymous_7)
FNDA:0,(anonymous_8)
FNDA:0,(anonymous_9)
FNDA:0,(anonymous_10)
FNDA:0,(anonymous_11)
FNDA:0,(anonymous_12)
FNDA:0,(anonymous_13)
FNDA:0,(anonymous_14)
FNDA:0,(anonymous_15)
FNDA:0,(anonymous_16)
FNDA:0,(anonymous_17)
FNDA:0,(anonymous_18)
FNDA:0,(anonymous_19)
FNDA:0,(anonymous_20)
FNDA:0,(anonymous_21)
FNDA:0,(anonymous_22)
FNDA:0,(anonymous_23)
FNDA:0,(anonymous_24)
FNDA:0,(anonymous_25)
FNDA:0,(anonymous_26)
FNDA:0,(anonymous_27)
FNDA:0,(anonymous_28)
FNDA:0,(anonymous_29)
FNDA:0,(anonymous_30)
FNDA:0,(anonymous_31)
FNDA:0,(anonymous_32)
FNDA:0,(anonymous_33)
FNDA:0,(anonymous_34)
FNDA:0,(anonymous_35)
FNDA:0,(anonymous_36)
DA:50,0
DA:51,0
DA:52,0
DA:53,0
DA:54,0
DA:55,0
DA:56,0
DA:57,0
DA:58,0
DA:59,0
DA:60,0
DA:65,0
DA:67,0
DA:68,0
DA:69,0
DA:70,0
DA:71,0
DA:73,0
DA:76,0
DA:77,0
DA:78,0
DA:79,0
DA:80,0
DA:81,0
DA:82,0
DA:84,0
DA:87,0
DA:88,0
DA:89,0
DA:93,0
DA:96,0
DA:97,0
DA:98,0
DA:99,0
DA:100,0
DA:101,0
DA:102,0
DA:103,0
DA:104,0
DA:105,0
DA:106,0
DA:107,0
DA:111,0
DA:112,0
DA:115,0
DA:118,0
DA:119,0
DA:120,0
DA:121,0
DA:122,0
DA:123,0
DA:124,0
DA:127,0
DA:130,0
DA:131,0
DA:132,0
DA:133,0
DA:134,0
DA:135,0
DA:136,0
DA:137,0
DA:138,0
DA:143,0
DA:144,0
DA:145,0
DA:146,0
DA:147,0
DA:148,0
DA:149,0
DA:152,0
DA:153,0
DA:154,0
DA:155,0
DA:156,0
DA:157,0
DA:158,0
DA:159,0
DA:162,0
DA:163,0
DA:164,0
DA:165,0
DA:168,0
DA:169,0
DA:170,0
DA:171,0
DA:172,0
DA:177,0
DA:178,0
DA:179,0
DA:181,0
DA:186,0
DA:187,0
DA:188,0
DA:189,0
DA:190,0
DA:194,0
DA:195,0
DA:196,0
DA:197,0
DA:198,0
DA:202,0
DA:203,0
DA:204,0
DA:208,0
DA:209,0
DA:219,0
DA:220,0
DA:236,0
DA:237,0
DA:255,0
DA:256,0
DA:260,0
DA:269,0
DA:270,0
DA:294,0
DA:304,0
DA:305,0
DA:306,0
DA:307,0
DA:325,0
DA:338,0
DA:367,0
DA:389,0
DA:411,0
LF:124
LH:0
BRDA:70,0,0,0
BRDA:70,0,1,0
BRDA:70,1,0,0
BRDA:70,1,1,0
BRDA:78,2,0,0
BRDA:78,2,1,0
BRDA:78,2,2,0
BRDA:78,2,3,0
BRDA:105,3,0,0
BRDA:105,3,1,0
BRDA:111,4,0,0
BRDA:111,4,1,0
BRDA:131,5,0,0
BRDA:131,5,1,0
BRDA:133,6,0,0
BRDA:133,6,1,0
BRDA:133,7,0,0
BRDA:133,7,1,0
BRDA:170,8,0,0
BRDA:170,8,1,0
BRDA:178,9,0,0
BRDA:178,9,1,0
BRDA:187,10,0,0
BRDA:187,10,1,0
BRDA:187,10,2,0
BRDA:195,11,0,0
BRDA:195,11,1,0
BRDA:195,11,2,0
BRDA:204,12,0,0
BRDA:204,12,1,0
BRDA:208,13,0,0
BRDA:208,13,1,0
BRDA:219,14,0,0
BRDA:219,14,1,0
BRDA:236,15,0,0
BRDA:236,15,1,0
BRDA:236,16,0,0
BRDA:236,16,1,0
BRDA:255,17,0,0
BRDA:255,17,1,0
BRDA:269,18,0,0
BRDA:269,18,1,0
BRDA:285,19,0,0
BRDA:285,19,1,0
BRDA:285,20,0,0
BRDA:285,20,1,0
BRDA:304,21,0,0
BRDA:304,21,1,0
BRDA:305,22,0,0
BRDA:305,22,1,0
BRDA:306,23,0,0
BRDA:306,23,1,0
BRDA:307,24,0,0
BRDA:307,24,1,0
BRF:54
BRH:0
end_of_record
TN:
SF:src\components\quiz\QuizQuestion.js
FN:63,QuizQuestion
FN:112,(anonymous_1)
FN:113,(anonymous_2)
FN:126,(anonymous_3)
FN:127,(anonymous_4)
FN:134,(anonymous_5)
FN:136,(anonymous_6)
FN:144,(anonymous_7)
FN:146,(anonymous_8)
FN:154,(anonymous_9)
FN:178,(anonymous_10)
FN:186,(anonymous_11)
FN:206,(anonymous_12)
FN:224,(anonymous_13)
FN:225,(anonymous_14)
FN:236,(anonymous_15)
FN:247,(anonymous_16)
FN:279,(anonymous_17)
FN:280,(anonymous_18)
FN:284,(anonymous_19)
FN:285,(anonymous_20)
FN:310,(anonymous_21)
FN:321,(anonymous_22)
FN:343,(anonymous_23)
FN:354,(anonymous_24)
FN:384,(anonymous_25)
FN:410,(anonymous_26)
FN:422,(anonymous_27)
FN:446,(anonymous_28)
FN:455,(anonymous_29)
FN:471,(anonymous_30)
FN:491,(anonymous_31)
FN:523,(anonymous_32)
FN:559,(anonymous_33)
FN:586,(anonymous_34)
FN:612,(anonymous_35)
FN:633,(anonymous_36)
FN:656,(anonymous_37)
FN:718,(anonymous_38)
FN:747,(anonymous_39)
FN:818,(anonymous_40)
FN:855,(anonymous_41)
FN:859,(anonymous_42)
FNF:43
FNH:0
FNDA:0,QuizQuestion
FNDA:0,(anonymous_1)
FNDA:0,(anonymous_2)
FNDA:0,(anonymous_3)
FNDA:0,(anonymous_4)
FNDA:0,(anonymous_5)
FNDA:0,(anonymous_6)
FNDA:0,(anonymous_7)
FNDA:0,(anonymous_8)
FNDA:0,(anonymous_9)
FNDA:0,(anonymous_10)
FNDA:0,(anonymous_11)
FNDA:0,(anonymous_12)
FNDA:0,(anonymous_13)
FNDA:0,(anonymous_14)
FNDA:0,(anonymous_15)
FNDA:0,(anonymous_16)
FNDA:0,(anonymous_17)
FNDA:0,(anonymous_18)
FNDA:0,(anonymous_19)
FNDA:0,(anonymous_20)
FNDA:0,(anonymous_21)
FNDA:0,(anonymous_22)
FNDA:0,(anonymous_23)
FNDA:0,(anonymous_24)
FNDA:0,(anonymous_25)
FNDA:0,(anonymous_26)
FNDA:0,(anonymous_27)
FNDA:0,(anonymous_28)
FNDA:0,(anonymous_29)
FNDA:0,(anonymous_30)
FNDA:0,(anonymous_31)
FNDA:0,(anonymous_32)
FNDA:0,(anonymous_33)
FNDA:0,(anonymous_34)
FNDA:0,(anonymous_35)
FNDA:0,(anonymous_36)
FNDA:0,(anonymous_37)
FNDA:0,(anonymous_38)
FNDA:0,(anonymous_39)
FNDA:0,(anonymous_40)
FNDA:0,(anonymous_41)
FNDA:0,(anonymous_42)
DA:77,0
DA:78,0
DA:79,0
DA:80,0
DA:81,0
DA:86,0
DA:87,0
DA:88,0
DA:89,0
DA:92,0
DA:97,0
DA:100,0
DA:101,0
DA:104,0
DA:106,0
DA:112,0
DA:113,0
DA:114,0
DA:115,0
DA:116,0
DA:118,0
DA:126,0
DA:127,0
DA:134,0
DA:135,0
DA:136,0
DA:137,0
DA:144,0
DA:145,0
DA:146,0
DA:147,0
DA:154,0
DA:155,0
DA:156,0
DA:157,0
DA:158,0
DA:160,0
DA:175,0
DA:178,0
DA:186,0
DA:187,0
DA:188,0
DA:189,0
DA:190,0
DA:191,0
DA:206,0
DA:207,0
DA:208,0
DA:209,0
DA:210,0
DA:211,0
DA:216,0
DA:218,0
DA:224,0
DA:225,0
DA:226,0
DA:227,0
DA:228,0
DA:229,0
DA:231,0
DA:233,0
DA:234,0
DA:235,0
DA:236,0
DA:247,0
DA:249,0
DA:250,0
DA:254,0
DA:255,0
DA:256,0
DA:257,0
DA:258,0
DA:259,0
DA:262,0
DA:263,0
DA:264,0
DA:265,0
DA:268,0
DA:269,0
DA:270,0
DA:271,0
DA:272,0
DA:275,0
DA:276,0
DA:279,0
DA:280,0
DA:281,0
DA:282,0
DA:284,0
DA:285,0
DA:286,0
DA:287,0
DA:289,0
DA:290,0
DA:297,0
DA:299,0
DA:302,0
DA:304,0
DA:310,0
DA:311,0
DA:312,0
DA:321,0
DA:322,0
DA:323,0
DA:324,0
DA:328,0
DA:329,0
DA:330,0
DA:333,0
DA:336,0
DA:339,0
DA:343,0
DA:344,0
DA:354,0
DA:355,0
DA:358,0
DA:359,0
DA:362,0
DA:363,0
DA:364,0
DA:366,0
DA:367,0
DA:369,0
DA:384,0
DA:385,0
DA:387,0
DA:389,0
DA:399,0
DA:400,0
DA:410,0
DA:411,0
DA:412,0
DA:422,0
DA:423,0
DA:424,0
DA:425,0
DA:427,0
DA:430,0
DA:431,0
DA:434,0
DA:435,0
DA:438,0
DA:446,0
DA:447,0
DA:455,0
DA:456,0
DA:458,0
DA:460,0
DA:462,0
DA:471,0
DA:472,0
DA:474,0
DA:476,0
DA:478,0
DA:491,0
DA:492,0
DA:494,0
DA:524,0
DA:552,0
DA:553,0
DA:559,0
DA:560,0
DA:562,0
DA:587,0
DA:612,0
DA:633,0
DA:634,0
DA:636,0
DA:657,0
DA:658,0
DA:660,0
DA:718,0
DA:735,0
DA:736,0
DA:747,0
DA:748,0
DA:749,0
DA:752,0
DA:753,0
DA:754,0
DA:755,0
DA:758,0
DA:761,0
DA:763,0
DA:819,0
DA:821,0
DA:822,0
DA:823,0
DA:824,0
DA:825,0
DA:827,0
DA:856,0
DA:859,0
LF:193
LH:0
BRDA:72,0,0,0
BRDA:74,1,0,0
BRDA:114,2,0,0
BRDA:114,2,1,0
BRDA:135,3,0,0
BRDA:135,3,1,0
BRDA:145,4,0,0
BRDA:145,4,1,0
BRDA:187,5,0,0
BRDA:187,5,1,0
BRDA:187,5,2,0
BRDA:187,5,3,0
BRDA:207,6,0,0
BRDA:207,6,1,0
BRDA:207,6,2,0
BRDA:207,6,3,0
BRDA:216,7,0,0
BRDA:216,7,1,0
BRDA:218,8,0,0
BRDA:218,8,1,0
BRDA:218,8,2,0
BRDA:218,8,3,0
BRDA:218,8,4,0
BRDA:218,8,5,0
BRDA:226,9,0,0
BRDA:226,9,1,0
BRDA:227,10,0,0
BRDA:227,10,1,0
BRDA:228,11,0,0
BRDA:228,11,1,0
BRDA:233,12,0,0
BRDA:233,12,1,0
BRDA:249,13,0,0
BRDA:249,13,1,0
BRDA:269,14,0,0
BRDA:269,14,1,0
BRDA:271,15,0,0
BRDA:271,15,1,0
BRDA:275,16,0,0
BRDA:275,16,1,0
BRDA:281,17,0,0
BRDA:281,17,1,0
BRDA:286,18,0,0
BRDA:286,18,1,0
BRDA:311,19,0,0
BRDA:311,19,1,0
BRDA:322,20,0,0
BRDA:322,20,1,0
BRDA:322,21,0,0
BRDA:322,21,1,0
BRDA:323,22,0,0
BRDA:323,22,1,0
BRDA:329,23,0,0
BRDA:329,23,1,0
BRDA:355,24,0,0
BRDA:355,24,1,0
BRDA:358,25,0,0
BRDA:358,25,1,0
BRDA:385,26,0,0
BRDA:385,26,1,0
BRDA:385,27,0,0
BRDA:385,27,1,0
BRDA:411,28,0,0
BRDA:411,28,1,0
BRDA:423,29,0,0
BRDA:423,29,1,0
BRDA:424,30,0,0
BRDA:424,30,1,0
BRDA:430,31,0,0
BRDA:430,31,1,0
BRDA:434,32,0,0
BRDA:434,32,1,0
BRDA:434,33,0,0
BRDA:434,33,1,0
BRDA:456,34,0,0
BRDA:456,34,1,0
BRDA:456,34,2,0
BRDA:472,35,0,0
BRDA:472,35,1,0
BRDA:472,35,2,0
BRDA:511,36,0,0
BRDA:511,36,1,0
BRDA:535,37,0,0
BRDA:535,37,1,0
BRDA:538,38,0,0
BRDA:538,38,1,0
BRDA:552,39,0,0
BRDA:552,39,1,0
BRDA:560,40,0,0
BRDA:560,40,1,0
BRDA:568,41,0,0
BRDA:568,41,1,0
BRDA:575,42,0,0
BRDA:575,42,1,0
BRDA:587,43,0,0
BRDA:587,43,1,0
BRDA:589,44,0,0
BRDA:589,44,1,0
BRDA:591,45,0,0
BRDA:591,45,1,0
BRDA:646,46,0,0
BRDA:646,46,1,0
BRDA:664,47,0,0
BRDA:664,47,1,0
BRDA:678,48,0,0
BRDA:678,48,1,0
BRDA:686,49,0,0
BRDA:686,49,1,0
BRDA:693,50,0,0
BRDA:693,50,1,0
BRDA:699,51,0,0
BRDA:699,51,1,0
BRDA:700,52,0,0
BRDA:700,52,1,0
BRDA:735,53,0,0
BRDA:735,53,1,0
BRDA:748,54,0,0
BRDA:748,54,1,0
BRDA:752,55,0,0
BRDA:752,55,1,0
BRDA:754,56,0,0
BRDA:754,56,1,0
BRDA:777,57,0,0
BRDA:777,57,1,0
BRDA:778,58,0,0
BRDA:778,58,1,0
BRDA:785,59,0,0
BRDA:785,59,1,0
BRDA:788,60,0,0
BRDA:788,60,1,0
BRDA:819,61,0,0
BRDA:819,61,1,0
BRDA:821,62,0,0
BRDA:821,62,1,0
BRDA:822,63,0,0
BRDA:822,63,1,0
BRDA:838,64,0,0
BRDA:838,64,1,0
BRDA:844,65,0,0
BRDA:844,65,1,0
BRDA:867,66,0,0
BRDA:867,66,1,0
BRDA:867,66,2,0
BRDA:870,67,0,0
BRDA:870,67,1,0
BRDA:870,67,2,0
BRDA:870,67,3,0
BRDA:879,68,0,0
BRDA:879,68,1,0
BRDA:879,68,2,0
BRDA:890,69,0,0
BRDA:890,69,1,0
BRDA:890,69,2,0
BRDA:901,70,0,0
BRDA:901,70,1,0
BRDA:901,70,2,0
BRDA:901,70,3,0
BRDA:927,71,0,0
BRDA:927,71,1,0
BRDA:929,72,0,0
BRDA:929,72,1,0
BRDA:939,73,0,0
BRDA:939,73,1,0
BRDA:946,74,0,0
BRDA:946,74,1,0
BRF:165
BRH:0
end_of_record
TN:
SF:src\components\quiz\QuizResults.js
FN:40,QuizResults
FN:57,(anonymous_1)
FN:61,(anonymous_2)
FN:65,(anonymous_3)
FN:67,(anonymous_4)
FN:96,(anonymous_5)
FN:98,(anonymous_6)
FN:110,(anonymous_7)
FN:114,(anonymous_8)
FN:120,(anonymous_9)
FN:127,(anonymous_10)
FN:164,(anonymous_11)
FN:173,(anonymous_12)
FN:185,(anonymous_13)
FN:199,(anonymous_14)
FN:298,(anonymous_15)
FN:309,(anonymous_16)
FN:427,(anonymous_17)
FNF:18
FNH:0
FNDA:0,QuizResults
FNDA:0,(anonymous_1)
FNDA:0,(anonymous_2)
FNDA:0,(anonymous_3)
FNDA:0,(anonymous_4)
FNDA:0,(anonymous_5)
FNDA:0,(anonymous_6)
FNDA:0,(anonymous_7)
FNDA:0,(anonymous_8)
FNDA:0,(anonymous_9)
FNDA:0,(anonymous_10)
FNDA:0,(anonymous_11)
FNDA:0,(anonymous_12)
FNDA:0,(anonymous_13)
FNDA:0,(anonymous_14)
FNDA:0,(anonymous_15)
FNDA:0,(anonymous_16)
FNDA:0,(anonymous_17)
DA:51,0
DA:52,0
DA:53,0
DA:57,0
DA:58,0
DA:59,0
DA:61,0
DA:62,0
DA:65,0
DA:66,0
DA:67,0
DA:68,0
DA:69,0
DA:70,0
DA:73,0
DA:81,0
DA:82,0
DA:85,0
DA:86,0
DA:88,0
DA:89,0
DA:96,0
DA:97,0
DA:98,0
DA:99,0
DA:100,0
DA:101,0
DA:104,0
DA:110,0
DA:111,0
DA:114,0
DA:115,0
DA:116,0
DA:119,0
DA:120,0
DA:121,0
DA:126,0
DA:127,0
DA:128,0
DA:129,0
DA:130,0
DA:132,0
DA:133,0
DA:134,0
DA:137,0
DA:138,0
DA:139,0
DA:140,0
DA:142,0
DA:143,0
DA:144,0
DA:148,0
DA:164,0
DA:165,0
DA:166,0
DA:167,0
DA:173,0
DA:174,0
DA:175,0
DA:176,0
DA:177,0
DA:178,0
DA:179,0
DA:185,0
DA:186,0
DA:188,0
DA:190,0
DA:192,0
DA:199,0
DA:200,0
DA:202,0
DA:204,0
DA:206,0
DA:210,0
DA:212,0
DA:298,0
DA:310,0
DA:312,0
DA:313,0
DA:428,0
LF:80
LH:0
BRDA:57,0,0,0
BRDA:57,0,1,0
BRDA:61,1,0,0
BRDA:61,1,1,0
BRDA:61,2,0,0
BRDA:61,2,1,0
BRDA:66,3,0,0
BRDA:66,3,1,0
BRDA:68,4,0,0
BRDA:68,4,1,0
BRDA:68,5,0,0
BRDA:68,5,1,0
BRDA:69,6,0,0
BRDA:69,6,1,0
BRDA:99,7,0,0
BRDA:99,7,1,0
BRDA:111,8,0,0
BRDA:111,8,1,0
BRDA:111,9,0,0
BRDA:111,9,1,0
BRDA:126,10,0,0
BRDA:126,10,1,0
BRDA:127,11,0,0
BRDA:127,11,1,0
BRDA:129,12,0,0
BRDA:129,12,1,0
BRDA:137,13,0,0
BRDA:137,13,1,0
BRDA:144,14,0,0
BRDA:144,14,1,0
BRDA:165,15,0,0
BRDA:165,15,1,0
BRDA:166,16,0,0
BRDA:166,16,1,0
BRDA:174,17,0,0
BRDA:174,17,1,0
BRDA:175,18,0,0
BRDA:175,18,1,0
BRDA:176,19,0,0
BRDA:176,19,1,0
BRDA:177,20,0,0
BRDA:177,20,1,0
BRDA:178,21,0,0
BRDA:178,21,1,0
BRDA:186,22,0,0
BRDA:186,22,1,0
BRDA:186,22,2,0
BRDA:200,23,0,0
BRDA:200,23,1,0
BRDA:200,23,2,0
BRDA:226,24,0,0
BRDA:226,24,1,0
BRDA:226,24,2,0
BRDA:229,25,0,0
BRDA:229,25,1,0
BRDA:229,26,0,0
BRDA:229,26,1,0
BRDA:232,27,0,0
BRDA:232,27,1,0
BRDA:233,28,0,0
BRDA:233,28,1,0
BRDA:290,29,0,0
BRDA:290,29,1,0
BRDA:290,30,0,0
BRDA:290,30,1,0
BRDA:300,31,0,0
BRDA:300,31,1,0
BRDA:301,32,0,0
BRDA:301,32,1,0
BRDA:306,33,0,0
BRDA:306,33,1,0
BRDA:312,34,0,0
BRDA:312,34,1,0
BRDA:318,35,0,0
BRDA:318,35,1,0
BRDA:319,36,0,0
BRDA:319,36,1,0
BRDA:326,37,0,0
BRDA:326,37,1,0
BRDA:327,38,0,0
BRDA:327,38,1,0
BRDA:327,39,0,0
BRDA:327,39,1,0
BRDA:327,39,2,0
BRDA:335,40,0,0
BRDA:335,40,1,0
BRDA:335,41,0,0
BRDA:335,41,1,0
BRDA:342,42,0,0
BRDA:342,42,1,0
BRDA:342,43,0,0
BRDA:342,43,1,0
BRDA:343,44,0,0
BRDA:343,44,1,0
BRDA:345,45,0,0
BRDA:345,45,1,0
BRDA:399,46,0,0
BRDA:399,46,1,0
BRDA:402,47,0,0
BRDA:402,47,1,0
BRDA:402,48,0,0
BRDA:402,48,1,0
BRDA:417,49,0,0
BRDA:417,49,1,0
BRDA:417,49,2,0
BRDA:428,50,0,0
BRDA:428,50,1,0
BRDA:428,51,0,0
BRDA:428,51,1,0
BRDA:436,52,0,0
BRDA:436,52,1,0
BRDA:436,53,0,0
BRDA:436,53,1,0
BRDA:437,54,0,0
BRDA:437,54,1,0
BRDA:439,55,0,0
BRDA:439,55,1,0
BRDA:451,56,0,0
BRDA:451,56,1,0
BRDA:462,57,0,0
BRDA:462,57,1,0
BRDA:465,58,0,0
BRDA:465,58,1,0
BRDA:466,59,0,0
BRDA:466,59,1,0
BRF:125
BRH:0
end_of_record
TN:
SF:src\components\user\UserProfile.js
FN:30,UserProfile
FN:47,(anonymous_1)
FN:49,(anonymous_2)
FN:61,(anonymous_3)
FN:68,(anonymous_4)
FN:76,(anonymous_5)
FN:117,(anonymous_6)
FN:141,(anonymous_7)
FN:150,(anonymous_8)
FN:159,(anonymous_9)
FN:177,(anonymous_10)
FNF:11
FNH:0
FNDA:0,UserProfile
FNDA:0,(anonymous_1)
FNDA:0,(anonymous_2)
FNDA:0,(anonymous_3)
FNDA:0,(anonymous_4)
FNDA:0,(anonymous_5)
FNDA:0,(anonymous_6)
FNDA:0,(anonymous_7)
FNDA:0,(anonymous_8)
FNDA:0,(anonymous_9)
FNDA:0,(anonymous_10)
DA:31,0
DA:40,0
DA:41,0
DA:47,0
DA:49,0
DA:51,0
DA:61,0
DA:62,0
DA:68,0
DA:70,0
DA:76,0
DA:77,0
DA:78,0
DA:82,0
DA:117,0
DA:141,0
DA:150,0
DA:161,0
DA:162,0
DA:163,0
DA:178,0
DA:179,0
LF:22
LH:0
BRDA:57,0,0,0
BRDA:57,0,1,0
BRDA:77,1,0,0
BRDA:77,1,1,0
BRDA:95,2,0,0
BRDA:95,2,1,0
BRDA:162,3,0,0
BRDA:162,3,1,0
BRF:8
BRH:0
end_of_record
TN:
SF:src\data\dataManager.js
FN:20,(anonymous_0)
FN:28,(anonymous_1)
FN:54,(anonymous_2)
FN:58,(anonymous_3)
FN:84,(anonymous_4)
FN:89,(anonymous_5)
FN:91,(anonymous_6)
FN:124,(anonymous_7)
FN:128,(anonymous_8)
FN:141,(anonymous_9)
FN:142,(anonymous_10)
FN:158,(anonymous_11)
FN:162,(anonymous_12)
FN:163,(anonymous_13)
FN:180,(anonymous_14)
FN:194,(anonymous_15)
FN:209,(anonymous_16)
FN:211,(anonymous_17)
FN:225,(anonymous_18)
FN:228,(anonymous_19)
FN:232,(anonymous_20)
FN:252,(anonymous_21)
FN:288,(anonymous_22)
FN:295,(anonymous_23)
FN:295,(anonymous_24)
FN:311,(anonymous_25)
FN:317,(anonymous_26)
FN:318,(anonymous_27)
FN:337,(anonymous_28)
FN:341,(anonymous_29)
FN:359,(anonymous_30)
FN:363,(anonymous_31)
FN:364,(anonymous_32)
FN:380,(anonymous_33)
FN:383,(anonymous_34)
FN:386,(anonymous_35)
FN:409,(anonymous_36)
FN:411,(anonymous_37)
FN:416,(anonymous_38)
FN:440,(anonymous_39)
FN:442,(anonymous_40)
FN:448,(anonymous_41)
FN:462,(anonymous_42)
FN:467,(anonymous_43)
FN:471,(anonymous_44)
FN:487,(anonymous_45)
FN:489,(anonymous_46)
FN:498,(anonymous_47)
FN:507,(anonymous_48)
FN:516,(anonymous_49)
FN:527,(anonymous_50)
FN:544,(anonymous_51)
FN:559,(anonymous_52)
FN:579,(anonymous_53)
FN:584,(anonymous_54)
FN:597,(anonymous_55)
FN:610,(anonymous_56)
FN:621,(anonymous_57)
FN:631,(anonymous_58)
FN:652,(anonymous_59)
FN:664,(anonymous_60)
FN:686,(anonymous_61)
FN:703,(anonymous_62)
FN:732,(anonymous_63)
FN:734,(anonymous_64)
FN:742,(anonymous_65)
FN:752,(anonymous_66)
FNF:67
FNH:16
FNDA:2,(anonymous_0)
FNDA:2,(anonymous_1)
FNDA:3,(anonymous_2)
FNDA:18,(anonymous_3)
FNDA:3,(anonymous_4)
FNDA:18,(anonymous_5)
FNDA:258,(anonymous_6)
FNDA:258,(anonymous_7)
FNDA:4128,(anonymous_8)
FNDA:258,(anonymous_9)
FNDA:867,(anonymous_10)
FNDA:3,(anonymous_11)
FNDA:18,(anonymous_12)
FNDA:1548,(anonymous_13)
FNDA:11,(anonymous_14)
FNDA:8,(anonymous_15)
FNDA:0,(anonymous_16)
FNDA:0,(anonymous_17)
FNDA:0,(anonymous_18)
FNDA:0,(anonymous_19)
FNDA:0,(anonymous_20)
FNDA:0,(anonymous_21)
FNDA:0,(anonymous_22)
FNDA:0,(anonymous_23)
FNDA:0,(anonymous_24)
FNDA:0,(anonymous_25)
FNDA:0,(anonymous_26)
FNDA:0,(anonymous_27)
FNDA:0,(anonymous_28)
FNDA:0,(anonymous_29)
FNDA:0,(anonymous_30)
FNDA:0,(anonymous_31)
FNDA:0,(anonymous_32)
FNDA:0,(anonymous_33)
FNDA:0,(anonymous_34)
FNDA:0,(anonymous_35)
FNDA:0,(anonymous_36)
FNDA:0,(anonymous_37)
FNDA:0,(anonymous_38)
FNDA:0,(anonymous_39)
FNDA:0,(anonymous_40)
FNDA:0,(anonymous_41)
FNDA:0,(anonymous_42)
FNDA:0,(anonymous_43)
FNDA:0,(anonymous_44)
FNDA:0,(anonymous_45)
FNDA:0,(anonymous_46)
FNDA:0,(anonymous_47)
FNDA:0,(anonymous_48)
FNDA:0,(anonymous_49)
FNDA:0,(anonymous_50)
FNDA:0,(anonymous_51)
FNDA:0,(anonymous_52)
FNDA:0,(anonymous_53)
FNDA:0,(anonymous_54)
FNDA:0,(anonymous_55)
FNDA:0,(anonymous_56)
FNDA:0,(anonymous_57)
FNDA:0,(anonymous_58)
FNDA:0,(anonymous_59)
FNDA:0,(anonymous_60)
FNDA:0,(anonymous_61)
FNDA:0,(anonymous_62)
FNDA:0,(anonymous_63)
FNDA:0,(anonymous_64)
FNDA:0,(anonymous_65)
FNDA:0,(anonymous_66)
DA:21,2
DA:29,2
DA:30,2
DA:33,2
DA:34,2
DA:35,2
DA:38,2
DA:39,2
DA:40,2
DA:44,2
DA:45,2
DA:46,2
DA:47,2
DA:55,3
DA:56,3
DA:58,18
DA:71,3
DA:72,3
DA:73,3
DA:75,0
DA:76,0
DA:85,3
DA:86,3
DA:88,3
DA:89,18
DA:91,3
DA:92,258
DA:93,258
DA:109,3
DA:110,3
DA:113,3
DA:114,3
DA:116,0
DA:117,0
DA:125,258
DA:126,258
DA:128,258
DA:129,4128
DA:130,24
DA:134,258
DA:142,258
DA:143,867
DA:146,258
DA:147,258
DA:148,258
DA:151,0
DA:152,0
DA:159,3
DA:160,3
DA:162,3
DA:163,1548
DA:164,18
DA:167,3
DA:168,3
DA:181,11
DA:182,11
DA:195,8
DA:196,8
DA:210,0
DA:211,0
DA:226,0
DA:227,0
DA:228,0
DA:230,0
DA:232,0
DA:253,0
DA:254,0
DA:261,0
DA:262,0
DA:264,0
DA:289,0
DA:290,0
DA:295,0
DA:298,0
DA:299,0
DA:302,0
DA:304,0
DA:312,0
DA:313,0
DA:315,0
DA:317,0
DA:318,0
DA:319,0
DA:328,0
DA:329,0
DA:338,0
DA:339,0
DA:341,0
DA:360,0
DA:361,0
DA:363,0
DA:364,0
DA:366,0
DA:381,0
DA:383,0
DA:384,0
DA:386,0
DA:387,0
DA:388,0
DA:410,0
DA:411,0
DA:412,0
DA:415,0
DA:416,0
DA:441,0
DA:442,0
DA:443,0
DA:446,0
DA:447,0
DA:448,0
DA:463,0
DA:464,0
DA:467,0
DA:468,0
DA:471,0
DA:472,0
DA:474,0
DA:488,0
DA:489,0
DA:490,0
DA:491,0
DA:492,0
DA:499,0
DA:500,0
DA:501,0
DA:508,0
DA:509,0
DA:510,0
DA:517,0
DA:528,0
DA:529,0
DA:531,0
DA:532,0
DA:534,0
DA:545,0
DA:546,0
DA:547,0
DA:548,0
DA:560,0
DA:561,0
DA:563,0
DA:569,0
DA:570,0
DA:580,0
DA:581,0
DA:582,0
DA:584,0
DA:585,0
DA:586,0
DA:587,0
DA:598,0
DA:599,0
DA:600,0
DA:611,0
DA:622,0
DA:632,0
DA:653,0
DA:654,0
DA:665,0
DA:666,0
DA:667,0
DA:668,0
DA:670,0
DA:671,0
DA:687,0
DA:689,0
DA:695,0
DA:704,0
DA:733,0
DA:734,0
DA:743,0
DA:744,0
DA:753,0
DA:758,2
LF:174
LH:53
BRDA:33,0,0,2
BRDA:33,0,1,0
BRDA:33,1,0,2
BRDA:33,1,1,0
BRDA:33,2,0,0
BRDA:33,2,1,0
BRDA:38,3,0,2
BRDA:38,3,1,0
BRDA:38,4,0,2
BRDA:38,4,1,0
BRDA:38,5,0,0
BRDA:38,5,1,0
BRDA:62,6,0,18
BRDA:62,6,1,0
BRDA:100,7,0,258
BRDA:100,7,1,0
BRDA:129,8,0,24
BRDA:129,8,1,4104
BRDA:146,9,0,258
BRDA:146,9,1,0
BRDA:152,10,0,0
BRDA:152,10,1,0
BRDA:182,11,0,11
BRDA:182,11,1,0
BRDA:196,12,0,8
BRDA:196,12,1,0
BRDA:230,13,0,0
BRDA:230,13,1,0
BRDA:255,14,0,0
BRDA:255,14,1,0
BRDA:291,15,0,0
BRDA:291,15,1,0
BRDA:294,16,0,0
BRDA:294,16,1,0
BRDA:295,17,0,0
BRDA:295,17,1,0
BRDA:324,18,0,0
BRDA:324,18,1,0
BRDA:380,19,0,0
BRDA:384,20,0,0
BRDA:384,20,1,0
BRDA:384,20,2,0
BRDA:387,21,0,0
BRDA:387,21,1,0
BRDA:388,22,0,0
BRDA:388,22,1,0
BRDA:412,23,0,0
BRDA:412,23,1,0
BRDA:443,24,0,0
BRDA:443,24,1,0
BRDA:528,25,0,0
BRDA:528,25,1,0
BRDA:531,26,0,0
BRDA:531,26,1,0
BRDA:546,27,0,0
BRDA:546,27,1,0
BRDA:548,28,0,0
BRDA:548,28,1,0
BRDA:559,29,0,0
BRDA:561,30,0,0
BRDA:561,30,1,0
BRDA:582,31,0,0
BRDA:582,31,1,0
BRDA:586,32,0,0
BRDA:586,32,1,0
BRDA:599,33,0,0
BRDA:599,33,1,0
BRDA:600,34,0,0
BRDA:600,34,1,0
BRDA:610,35,0,0
BRDA:621,36,0,0
BRDA:654,37,0,0
BRDA:654,37,1,0
BRDA:666,38,0,0
BRDA:666,38,1,0
BRDA:695,39,0,0
BRDA:695,39,1,0
BRDA:734,40,0,0
BRDA:734,40,1,0
BRDA:744,41,0,0
BRDA:744,41,1,0
BRF:81
BRH:11
end_of_record
TN:
SF:src\data\mockData.js
FN:1690,(anonymous_0)
FN:1691,(anonymous_1)
FN:1693,(anonymous_2)
FN:1697,(anonymous_3)
FN:1698,(anonymous_4)
FN:1701,(anonymous_5)
FN:1702,(anonymous_6)
FN:1705,(anonymous_7)
FN:1706,(anonymous_8)
FNF:9
FNH:9
FNDA:1,(anonymous_0)
FNDA:6,(anonymous_1)
FNDA:516,(anonymous_2)
FNDA:2,(anonymous_3)
FNDA:172,(anonymous_4)
FNDA:2,(anonymous_5)
FNDA:87,(anonymous_6)
FNDA:2,(anonymous_7)
FNDA:7,(anonymous_8)
DA:21,3
DA:96,3
DA:1690,3
DA:1691,6
DA:1693,516
DA:1697,3
DA:1698,172
DA:1701,3
DA:1702,87
DA:1705,3
DA:1706,7
LF:11
LH:11
BRF:0
BRH:0
end_of_record
TN:
SF:src\services\SimulatedPlayersService.js
FN:105,(anonymous_0)
FN:119,(anonymous_1)
FN:124,(anonymous_2)
FN:125,(anonymous_3)
FN:135,(anonymous_4)
FN:146,(anonymous_5)
FN:165,(anonymous_6)
FN:174,(anonymous_7)
FN:233,(anonymous_8)
FN:247,(anonymous_9)
FN:258,(anonymous_10)
FN:265,(anonymous_11)
FN:280,(anonymous_12)
FN:282,(anonymous_13)
FN:284,(anonymous_14)
FN:285,(anonymous_15)
FN:323,(anonymous_16)
FN:326,(anonymous_17)
FN:327,(anonymous_18)
FN:348,(anonymous_19)
FN:357,(anonymous_20)
FN:374,(anonymous_21)
FN:376,(anonymous_22)
FN:378,(anonymous_23)
FN:379,(anonymous_24)
FN:430,(anonymous_25)
FN:442,(anonymous_26)
FN:443,(anonymous_27)
FN:461,(anonymous_28)
FN:462,(anonymous_29)
FNF:30
FNH:1
FNDA:2,(anonymous_0)
FNDA:0,(anonymous_1)
FNDA:0,(anonymous_2)
FNDA:0,(anonymous_3)
FNDA:0,(anonymous_4)
FNDA:0,(anonymous_5)
FNDA:0,(anonymous_6)
FNDA:0,(anonymous_7)
FNDA:0,(anonymous_8)
FNDA:0,(anonymous_9)
FNDA:0,(anonymous_10)
FNDA:0,(anonymous_11)
FNDA:0,(anonymous_12)
FNDA:0,(anonymous_13)
FNDA:0,(anonymous_14)
FNDA:0,(anonymous_15)
FNDA:0,(anonymous_16)
FNDA:0,(anonymous_17)
FNDA:0,(anonymous_18)
FNDA:0,(anonymous_19)
FNDA:0,(anonymous_20)
FNDA:0,(anonymous_21)
FNDA:0,(anonymous_22)
FNDA:0,(anonymous_23)
FNDA:0,(anonymous_24)
FNDA:0,(anonymous_25)
FNDA:0,(anonymous_26)
FNDA:0,(anonymous_27)
FNDA:0,(anonymous_28)
FNDA:0,(anonymous_29)
DA:27,2
DA:106,2
DA:107,2
DA:108,2
DA:120,0
DA:121,0
DA:124,0
DA:125,0
DA:135,0
DA:136,0
DA:147,0
DA:149,0
DA:150,0
DA:151,0
DA:154,0
DA:167,0
DA:171,0
DA:174,0
DA:177,0
DA:180,0
DA:181,0
DA:183,0
DA:184,0
DA:188,0
DA:189,0
DA:190,0
DA:191,0
DA:195,0
DA:198,0
DA:199,0
DA:204,0
DA:205,0
DA:206,0
DA:208,0
DA:209,0
DA:211,0
DA:212,0
DA:215,0
DA:235,0
DA:236,0
DA:238,0
DA:248,0
DA:258,0
DA:265,0
DA:266,0
DA:267,0
DA:269,0
DA:281,0
DA:282,0
DA:284,0
DA:285,0
DA:287,0
DA:290,0
DA:294,0
DA:304,0
DA:314,0
DA:324,0
DA:326,0
DA:327,0
DA:328,0
DA:329,0
DA:348,0
DA:358,0
DA:359,0
DA:360,0
DA:362,0
DA:363,0
DA:364,0
DA:365,0
DA:375,0
DA:376,0
DA:378,0
DA:379,0
DA:381,0
DA:382,0
DA:401,0
DA:402,0
DA:403,0
DA:404,0
DA:406,0
DA:409,0
DA:410,0
DA:412,0
DA:422,0
DA:431,0
DA:432,0
DA:433,0
DA:434,0
DA:443,0
DA:462,0
DA:475,2
LF:91
LH:5
BRDA:119,0,0,0
BRDA:167,1,0,0
BRDA:167,1,1,0
BRDA:180,2,0,0
BRDA:180,2,1,0
BRDA:180,3,0,0
BRDA:180,3,1,0
BRDA:183,4,0,0
BRDA:183,4,1,0
BRDA:183,5,0,0
BRDA:183,5,1,0
BRDA:188,6,0,0
BRDA:188,6,1,0
BRDA:190,7,0,0
BRDA:190,7,1,0
BRDA:199,8,0,0
BRDA:199,8,1,0
BRDA:208,9,0,0
BRDA:208,9,1,0
BRDA:252,10,0,0
BRDA:252,10,1,0
BRDA:253,11,0,0
BRDA:253,11,1,0
BRDA:254,12,0,0
BRDA:254,12,1,0
BRDA:266,13,0,0
BRDA:266,13,1,0
BRDA:287,14,0,0
BRDA:287,14,1,0
BRDA:287,15,0,0
BRDA:287,15,1,0
BRDA:290,16,0,0
BRDA:290,16,1,0
BRDA:290,17,0,0
BRDA:290,17,1,0
BRDA:290,17,2,0
BRDA:294,18,0,0
BRDA:294,18,1,0
BRDA:328,19,0,0
BRDA:328,19,1,0
BRDA:339,20,0,0
BRDA:339,20,1,0
BRDA:359,21,0,0
BRDA:359,21,1,0
BRDA:359,22,0,0
BRDA:359,22,1,0
BRDA:362,23,0,0
BRDA:362,23,1,0
BRDA:363,24,0,0
BRDA:363,24,1,0
BRDA:364,25,0,0
BRDA:364,25,1,0
BRDA:381,26,0,0
BRDA:381,26,1,0
BRDA:381,27,0,0
BRDA:381,27,1,0
BRDA:401,28,0,0
BRDA:401,28,1,0
BRDA:401,29,0,0
BRDA:401,29,1,0
BRDA:403,30,0,0
BRDA:403,30,1,0
BRDA:449,31,0,0
BRDA:449,31,1,0
BRF:64
BRH:0
end_of_record
TN:
SF:src\utils\xssUtils.js
FN:22,(anonymous_0)
FN:44,(anonymous_1)
FN:64,(anonymous_2)
FN:80,(anonymous_3)
FN:91,(anonymous_4)
FN:100,(anonymous_5)
FNF:6
FNH:0
FNDA:0,(anonymous_0)
FNDA:0,(anonymous_1)
FNDA:0,(anonymous_2)
FNDA:0,(anonymous_3)
FNDA:0,(anonymous_4)
FNDA:0,(anonymous_5)
DA:22,2
DA:23,0
DA:26,0
DA:44,2
DA:45,0
DA:48,0
DA:64,2
DA:65,0
DA:68,0
DA:80,2
DA:81,0
DA:84,0
DA:87,0
DA:88,0
DA:91,0
DA:92,0
DA:95,0
DA:96,0
DA:100,0
DA:101,0
DA:102,0
DA:104,0
DA:105,0
DA:107,0
DA:113,0
DA:114,0
LF:26
LH:4
BRDA:23,0,0,0
BRDA:23,0,1,0
BRDA:23,1,0,0
BRDA:23,1,1,0
BRDA:45,2,0,0
BRDA:45,2,1,0
BRDA:45,3,0,0
BRDA:45,3,1,0
BRDA:65,4,0,0
BRDA:65,4,1,0
BRDA:65,5,0,0
BRDA:65,5,1,0
BRDA:81,6,0,0
BRDA:81,6,1,0
BRDA:81,7,0,0
BRDA:81,7,1,0
BRDA:92,8,0,0
BRDA:92,8,1,0
BRDA:101,9,0,0
BRDA:101,9,1,0
BRDA:102,10,0,0
BRDA:102,10,1,0
BRF:22
BRH:0
end_of_record
